Started by upstream project "Lucene-Solr-trunk-Windows" build number 3142
originally caused by:
 [ScriptTrigger] Groovy Expression evaluation to true. (log)
[EnvInject] - Loading node environment variables.
[EnvInject] - Preparing an environment for the build.
[EnvInject] - Keeping Jenkins system variables.
[EnvInject] - Keeping Jenkins build variables.
[EnvInject] - Evaluation the following Groovy script content: 
return evaluate(new java.io.File(JENKINS_HOME, "scripts/windows-random-java.groovy"))

Using Java: 32bit/jdk1.8.0-ea-b102 -server -XX:+UseG1GC
[EnvInject] - Injecting contributions.
Building remotely on Windows VBOX in workspace C:\Users\JenkinsSlave\workspace\Lucene-Solr-4.x-Windows
Cleaning up C:\Users\JenkinsSlave\workspace\Lucene-Solr-4.x-Windows\.
Deleting C:\Users\JenkinsSlave\workspace\Lucene-Solr-4.x-Windows\.caches
Deleting C:\Users\JenkinsSlave\workspace\Lucene-Solr-4.x-Windows\lucene\build
Deleting C:\Users\JenkinsSlave\workspace\Lucene-Solr-4.x-Windows\lucene\test-framework\lib\ant-1.8.2.jar
Deleting C:\Users\JenkinsSlave\workspace\Lucene-Solr-4.x-Windows\lucene\test-framework\lib\junit-4.10.jar
Deleting C:\Users\JenkinsSlave\workspace\Lucene-Solr-4.x-Windows\lucene\test-framework\lib\junit4-ant-2.0.10.jar
Deleting C:\Users\JenkinsSlave\workspace\Lucene-Solr-4.x-Windows\lucene\test-framework\lib\randomizedtesting-runner-2.0.10.jar
Deleting C:\Users\JenkinsSlave\workspace\Lucene-Solr-4.x-Windows\lucene\spatial\lib\spatial4j-0.3.jar
Deleting C:\Users\JenkinsSlave\workspace\Lucene-Solr-4.x-Windows\lucene\sandbox\lib\jakarta-regexp-1.4.jar
Deleting C:\Users\JenkinsSlave\workspace\Lucene-Solr-4.x-Windows\lucene\analysis\phonetic\lib\commons-codec-1.7.jar
Deleting C:\Users\JenkinsSlave\workspace\Lucene-Solr-4.x-Windows\lucene\analysis\uima\lib\Tagger-2.3.1.jar
Deleting C:\Users\JenkinsSlave\workspace\Lucene-Solr-4.x-Windows\lucene\analysis\uima\lib\WhitespaceTokenizer-2.3.1.jar
Deleting C:\Users\JenkinsSlave\workspace\Lucene-Solr-4.x-Windows\lucene\analysis\uima\lib\uimaj-core-2.3.1.jar
Deleting C:\Users\JenkinsSlave\workspace\Lucene-Solr-4.x-Windows\lucene\analysis\icu\lib\icu4j-49.1.jar
Deleting C:\Users\JenkinsSlave\workspace\Lucene-Solr-4.x-Windows\lucene\analysis\morfologik\lib\morfologik-fsa-1.7.1.jar
Deleting C:\Users\JenkinsSlave\workspace\Lucene-Solr-4.x-Windows\lucene\analysis\morfologik\lib\morfologik-polish-1.7.1.jar
Deleting C:\Users\JenkinsSlave\workspace\Lucene-Solr-4.x-Windows\lucene\analysis\morfologik\lib\morfologik-stemming-1.7.1.jar
Deleting C:\Users\JenkinsSlave\workspace\Lucene-Solr-4.x-Windows\lucene\replicator\lib\commons-logging-1.1.1.jar
Deleting C:\Users\JenkinsSlave\workspace\Lucene-Solr-4.x-Windows\lucene\replicator\lib\httpclient-4.2.3.jar
Deleting C:\Users\JenkinsSlave\workspace\Lucene-Solr-4.x-Windows\lucene\replicator\lib\httpcore-4.2.2.jar
Deleting C:\Users\JenkinsSlave\workspace\Lucene-Solr-4.x-Windows\lucene\replicator\lib\javax.servlet-3.0.0.v201112011016.jar
Deleting C:\Users\JenkinsSlave\workspace\Lucene-Solr-4.x-Windows\lucene\replicator\lib\jetty-continuation-8.1.10.v20130312.jar
Deleting C:\Users\JenkinsSlave\workspace\Lucene-Solr-4.x-Windows\lucene\replicator\lib\jetty-http-8.1.10.v20130312.jar
Deleting C:\Users\JenkinsSlave\workspace\Lucene-Solr-4.x-Windows\lucene\replicator\lib\jetty-io-8.1.10.v20130312.jar
Deleting C:\Users\JenkinsSlave\workspace\Lucene-Solr-4.x-Windows\lucene\replicator\lib\jetty-server-8.1.10.v20130312.jar
Deleting C:\Users\JenkinsSlave\workspace\Lucene-Solr-4.x-Windows\lucene\replicator\lib\jetty-servlet-8.1.10.v20130312.jar
Deleting C:\Users\JenkinsSlave\workspace\Lucene-Solr-4.x-Windows\lucene\replicator\lib\jetty-util-8.1.10.v20130312.jar
Deleting C:\Users\JenkinsSlave\workspace\Lucene-Solr-4.x-Windows\lucene\demo\lib\servlet-api-2.4.jar
Deleting C:\Users\JenkinsSlave\workspace\Lucene-Solr-4.x-Windows\lucene\benchmark\lib\commons-compress-1.4.1.jar
Deleting C:\Users\JenkinsSlave\workspace\Lucene-Solr-4.x-Windows\lucene\benchmark\lib\nekohtml-1.9.17.jar
Deleting C:\Users\JenkinsSlave\workspace\Lucene-Solr-4.x-Windows\lucene\benchmark\lib\xercesImpl-2.9.1.jar
Deleting C:\Users\JenkinsSlave\workspace\Lucene-Solr-4.x-Windows\solr\build
Deleting C:\Users\JenkinsSlave\workspace\Lucene-Solr-4.x-Windows\solr\test-framework\lib\ant-1.8.2.jar
Deleting C:\Users\JenkinsSlave\workspace\Lucene-Solr-4.x-Windows\solr\test-framework\lib\junit-4.10.jar
Deleting C:\Users\JenkinsSlave\workspace\Lucene-Solr-4.x-Windows\solr\test-framework\lib\junit4-ant-2.0.10.jar
Deleting C:\Users\JenkinsSlave\workspace\Lucene-Solr-4.x-Windows\solr\test-framework\lib\randomizedtesting-runner-2.0.10.jar
Deleting C:\Users\JenkinsSlave\workspace\Lucene-Solr-4.x-Windows\solr\solrj\lib\commons-io-2.1.jar
Deleting C:\Users\JenkinsSlave\workspace\Lucene-Solr-4.x-Windows\solr\solrj\lib\httpclient-4.2.3.jar
Deleting C:\Users\JenkinsSlave\workspace\Lucene-Solr-4.x-Windows\solr\solrj\lib\httpcore-4.2.2.jar
Deleting C:\Users\JenkinsSlave\workspace\Lucene-Solr-4.x-Windows\solr\solrj\lib\httpmime-4.2.3.jar
Deleting C:\Users\JenkinsSlave\workspace\Lucene-Solr-4.x-Windows\solr\solrj\lib\jcl-over-slf4j-1.6.6.jar
Deleting C:\Users\JenkinsSlave\workspace\Lucene-Solr-4.x-Windows\solr\solrj\lib\jul-to-slf4j-1.6.6.jar
Deleting C:\Users\JenkinsSlave\workspace\Lucene-Solr-4.x-Windows\solr\solrj\lib\log4j-1.2.16.jar
Deleting C:\Users\JenkinsSlave\workspace\Lucene-Solr-4.x-Windows\solr\solrj\lib\noggit-0.5.jar
Deleting C:\Users\JenkinsSlave\workspace\Lucene-Solr-4.x-Windows\solr\solrj\lib\slf4j-api-1.6.6.jar
Deleting C:\Users\JenkinsSlave\workspace\Lucene-Solr-4.x-Windows\solr\solrj\lib\slf4j-log4j12-1.6.6.jar
Deleting C:\Users\JenkinsSlave\workspace\Lucene-Solr-4.x-Windows\solr\solrj\lib\wstx-asl-3.2.7.jar
Deleting C:\Users\JenkinsSlave\workspace\Lucene-Solr-4.x-Windows\solr\solrj\lib\zookeeper-3.4.5.jar
Deleting C:\Users\JenkinsSlave\workspace\Lucene-Solr-4.x-Windows\solr\example\start.jar
Deleting C:\Users\JenkinsSlave\workspace\Lucene-Solr-4.x-Windows\solr\example\example-DIH\solr\db\lib\derby-10.9.1.0.jar
Deleting C:\Users\JenkinsSlave\workspace\Lucene-Solr-4.x-Windows\solr\example\example-DIH\solr\db\lib\hsqldb-1.8.0.10.jar
Deleting C:\Users\JenkinsSlave\workspace\Lucene-Solr-4.x-Windows\solr\example\lib\ext
Deleting C:\Users\JenkinsSlave\workspace\Lucene-Solr-4.x-Windows\solr\example\lib\jetty-continuation-8.1.10.v20130312.jar
Deleting C:\Users\JenkinsSlave\workspace\Lucene-Solr-4.x-Windows\solr\example\lib\jetty-deploy-8.1.10.v20130312.jar
Deleting C:\Users\JenkinsSlave\workspace\Lucene-Solr-4.x-Windows\solr\example\lib\jetty-http-8.1.10.v20130312.jar
Deleting C:\Users\JenkinsSlave\workspace\Lucene-Solr-4.x-Windows\solr\example\lib\jetty-io-8.1.10.v20130312.jar
Deleting C:\Users\JenkinsSlave\workspace\Lucene-Solr-4.x-Windows\solr\example\lib\jetty-jmx-8.1.10.v20130312.jar
Deleting C:\Users\JenkinsSlave\workspace\Lucene-Solr-4.x-Windows\solr\example\lib\jetty-security-8.1.10.v20130312.jar
Deleting C:\Users\JenkinsSlave\workspace\Lucene-Solr-4.x-Windows\solr\example\lib\jetty-server-8.1.10.v20130312.jar
Deleting C:\Users\JenkinsSlave\workspace\Lucene-Solr-4.x-Windows\solr\example\lib\jetty-servlet-8.1.10.v20130312.jar
Deleting C:\Users\JenkinsSlave\workspace\Lucene-Solr-4.x-Windows\solr\example\lib\jetty-util-8.1.10.v20130312.jar
Deleting C:\Users\JenkinsSlave\workspace\Lucene-Solr-4.x-Windows\solr\example\lib\jetty-webapp-8.1.10.v20130312.jar
Deleting C:\Users\JenkinsSlave\workspace\Lucene-Solr-4.x-Windows\solr\example\lib\jetty-xml-8.1.10.v20130312.jar
Deleting C:\Users\JenkinsSlave\workspace\Lucene-Solr-4.x-Windows\solr\example\lib\servlet-api-3.0.jar
Deleting C:\Users\JenkinsSlave\workspace\Lucene-Solr-4.x-Windows\solr\contrib\analysis-extras\lib\icu4j-49.1.jar
Deleting C:\Users\JenkinsSlave\workspace\Lucene-Solr-4.x-Windows\solr\contrib\analysis-extras\lib\morfologik-fsa-1.7.1.jar
Deleting C:\Users\JenkinsSlave\workspace\Lucene-Solr-4.x-Windows\solr\contrib\analysis-extras\lib\morfologik-polish-1.7.1.jar
Deleting C:\Users\JenkinsSlave\workspace\Lucene-Solr-4.x-Windows\solr\contrib\analysis-extras\lib\morfologik-stemming-1.7.1.jar
Deleting C:\Users\JenkinsSlave\workspace\Lucene-Solr-4.x-Windows\solr\contrib\extraction\lib\apache-mime4j-core-0.7.2.jar
Deleting C:\Users\JenkinsSlave\workspace\Lucene-Solr-4.x-Windows\solr\contrib\extraction\lib\apache-mime4j-dom-0.7.2.jar
Deleting C:\Users\JenkinsSlave\workspace\Lucene-Solr-4.x-Windows\solr\contrib\extraction\lib\bcmail-jdk15-1.45.jar
Deleting C:\Users\JenkinsSlave\workspace\Lucene-Solr-4.x-Windows\solr\contrib\extraction\lib\bcprov-jdk15-1.45.jar
Deleting C:\Users\JenkinsSlave\workspace\Lucene-Solr-4.x-Windows\solr\contrib\extraction\lib\boilerpipe-1.1.0.jar
Deleting C:\Users\JenkinsSlave\workspace\Lucene-Solr-4.x-Windows\solr\contrib\extraction\lib\commons-compress-1.4.1.jar
Deleting C:\Users\JenkinsSlave\workspace\Lucene-Solr-4.x-Windows\solr\contrib\extraction\lib\dom4j-1.6.1.jar
Deleting C:\Users\JenkinsSlave\workspace\Lucene-Solr-4.x-Windows\solr\contrib\extraction\lib\fontbox-1.8.1.jar
Deleting C:\Users\JenkinsSlave\workspace\Lucene-Solr-4.x-Windows\solr\contrib\extraction\lib\icu4j-49.1.jar
Deleting C:\Users\JenkinsSlave\workspace\Lucene-Solr-4.x-Windows\solr\contrib\extraction\lib\isoparser-1.0-RC-1.jar
Deleting C:\Users\JenkinsSlave\workspace\Lucene-Solr-4.x-Windows\solr\contrib\extraction\lib\jdom-1.0.jar
Deleting C:\Users\JenkinsSlave\workspace\Lucene-Solr-4.x-Windows\solr\contrib\extraction\lib\jempbox-1.8.1.jar
Deleting C:\Users\JenkinsSlave\workspace\Lucene-Solr-4.x-Windows\solr\contrib\extraction\lib\juniversalchardet-1.0.3.jar
Deleting C:\Users\JenkinsSlave\workspace\Lucene-Solr-4.x-Windows\solr\contrib\extraction\lib\metadata-extractor-2.6.2.jar
Deleting C:\Users\JenkinsSlave\workspace\Lucene-Solr-4.x-Windows\solr\contrib\extraction\lib\netcdf-4.2-min.jar
Deleting C:\Users\JenkinsSlave\workspace\Lucene-Solr-4.x-Windows\solr\contrib\extraction\lib\pdfbox-1.8.1.jar
Deleting C:\Users\JenkinsSlave\workspace\Lucene-Solr-4.x-Windows\solr\contrib\extraction\lib\poi-3.9.jar
Deleting C:\Users\JenkinsSlave\workspace\Lucene-Solr-4.x-Windows\solr\contrib\extraction\lib\poi-ooxml-3.9.jar
Deleting C:\Users\JenkinsSlave\workspace\Lucene-Solr-4.x-Windows\solr\contrib\extraction\lib\poi-ooxml-schemas-3.9.jar
Deleting C:\Users\JenkinsSlave\workspace\Lucene-Solr-4.x-Windows\solr\contrib\extraction\lib\poi-scratchpad-3.9.jar
Deleting C:\Users\JenkinsSlave\workspace\Lucene-Solr-4.x-Windows\solr\contrib\extraction\lib\rome-0.9.jar
Deleting C:\Users\JenkinsSlave\workspace\Lucene-Solr-4.x-Windows\solr\contrib\extraction\lib\tagsoup-1.2.1.jar
Deleting C:\Users\JenkinsSlave\workspace\Lucene-Solr-4.x-Windows\solr\contrib\extraction\lib\tika-core-1.4.jar
Deleting C:\Users\JenkinsSlave\workspace\Lucene-Solr-4.x-Windows\solr\contrib\extraction\lib\tika-parsers-1.4.jar
Deleting C:\Users\JenkinsSlave\workspace\Lucene-Solr-4.x-Windows\solr\contrib\extraction\lib\vorbis-java-core-0.1.jar
Deleting C:\Users\JenkinsSlave\workspace\Lucene-Solr-4.x-Windows\solr\contrib\extraction\lib\vorbis-java-tika-0.1.jar
Deleting C:\Users\JenkinsSlave\workspace\Lucene-Solr-4.x-Windows\solr\contrib\extraction\lib\xercesImpl-2.9.1.jar
Deleting C:\Users\JenkinsSlave\workspace\Lucene-Solr-4.x-Windows\solr\contrib\extraction\lib\xmlbeans-2.3.0.jar
Deleting C:\Users\JenkinsSlave\workspace\Lucene-Solr-4.x-Windows\solr\contrib\extraction\lib\xz-1.0.jar
Deleting C:\Users\JenkinsSlave\workspace\Lucene-Solr-4.x-Windows\solr\contrib\clustering\lib\attributes-binder-1.2.0.jar
Deleting C:\Users\JenkinsSlave\workspace\Lucene-Solr-4.x-Windows\solr\contrib\clustering\lib\carrot2-mini-3.8.0.jar
Deleting C:\Users\JenkinsSlave\workspace\Lucene-Solr-4.x-Windows\solr\contrib\clustering\lib\hppc-0.5.2.jar
Deleting C:\Users\JenkinsSlave\workspace\Lucene-Solr-4.x-Windows\solr\contrib\clustering\lib\jackson-core-asl-1.7.4.jar
Deleting C:\Users\JenkinsSlave\workspace\Lucene-Solr-4.x-Windows\solr\contrib\clustering\lib\jackson-mapper-asl-1.7.4.jar
Deleting C:\Users\JenkinsSlave\workspace\Lucene-Solr-4.x-Windows\solr\contrib\clustering\lib\mahout-collections-1.0.jar
Deleting C:\Users\JenkinsSlave\workspace\Lucene-Solr-4.x-Windows\solr\contrib\clustering\lib\mahout-math-0.6.jar
Deleting C:\Users\JenkinsSlave\workspace\Lucene-Solr-4.x-Windows\solr\contrib\clustering\lib\simple-xml-2.7.jar
Deleting C:\Users\JenkinsSlave\workspace\Lucene-Solr-4.x-Windows\solr\contrib\uima\lib\AlchemyAPIAnnotator-2.3.1.jar
Deleting C:\Users\JenkinsSlave\workspace\Lucene-Solr-4.x-Windows\solr\contrib\uima\lib\OpenCalaisAnnotator-2.3.1.jar
Deleting C:\Users\JenkinsSlave\workspace\Lucene-Solr-4.x-Windows\solr\contrib\uima\lib\Tagger-2.3.1.jar
Deleting C:\Users\JenkinsSlave\workspace\Lucene-Solr-4.x-Windows\solr\contrib\uima\lib\WhitespaceTokenizer-2.3.1.jar
Deleting C:\Users\JenkinsSlave\workspace\Lucene-Solr-4.x-Windows\solr\contrib\uima\lib\commons-digester-2.0.jar
Deleting C:\Users\JenkinsSlave\workspace\Lucene-Solr-4.x-Windows\solr\contrib\uima\lib\uimaj-core-2.3.1.jar
Deleting C:\Users\JenkinsSlave\workspace\Lucene-Solr-4.x-Windows\solr\contrib\langid\lib\jsonic-1.2.7.jar
Deleting C:\Users\JenkinsSlave\workspace\Lucene-Solr-4.x-Windows\solr\contrib\langid\lib\langdetect-1.1-20120112.jar
Deleting C:\Users\JenkinsSlave\workspace\Lucene-Solr-4.x-Windows\solr\contrib\dataimporthandler\lib\activation-1.1.jar
Deleting C:\Users\JenkinsSlave\workspace\Lucene-Solr-4.x-Windows\solr\contrib\dataimporthandler\lib\mail-1.4.1.jar
Deleting C:\Users\JenkinsSlave\workspace\Lucene-Solr-4.x-Windows\solr\contrib\dataimporthandler\test-lib\easymock-3.0.jar
Deleting C:\Users\JenkinsSlave\workspace\Lucene-Solr-4.x-Windows\solr\contrib\velocity\lib\commons-beanutils-1.7.0.jar
Deleting C:\Users\JenkinsSlave\workspace\Lucene-Solr-4.x-Windows\solr\contrib\velocity\lib\commons-collections-3.2.1.jar
Deleting C:\Users\JenkinsSlave\workspace\Lucene-Solr-4.x-Windows\solr\contrib\velocity\lib\velocity-1.7.jar
Deleting C:\Users\JenkinsSlave\workspace\Lucene-Solr-4.x-Windows\solr\contrib\velocity\lib\velocity-tools-2.0.jar
Deleting C:\Users\JenkinsSlave\workspace\Lucene-Solr-4.x-Windows\solr\core\lib\commons-cli-1.2.jar
Deleting C:\Users\JenkinsSlave\workspace\Lucene-Solr-4.x-Windows\solr\core\lib\commons-codec-1.7.jar
Deleting C:\Users\JenkinsSlave\workspace\Lucene-Solr-4.x-Windows\solr\core\lib\commons-configuration-1.6.jar
Deleting C:\Users\JenkinsSlave\workspace\Lucene-Solr-4.x-Windows\solr\core\lib\commons-fileupload-1.2.1.jar
Deleting C:\Users\JenkinsSlave\workspace\Lucene-Solr-4.x-Windows\solr\core\lib\commons-lang-2.6.jar
Deleting C:\Users\JenkinsSlave\workspace\Lucene-Solr-4.x-Windows\solr\core\lib\concurrentlinkedhashmap-lru-1.2.jar
Deleting C:\Users\JenkinsSlave\workspace\Lucene-Solr-4.x-Windows\solr\core\lib\dom4j-1.6.1.jar
Deleting C:\Users\JenkinsSlave\workspace\Lucene-Solr-4.x-Windows\solr\core\lib\guava-14.0.1.jar
Deleting C:\Users\JenkinsSlave\workspace\Lucene-Solr-4.x-Windows\solr\core\lib\hadoop-annotations-2.0.5-alpha.jar
Deleting C:\Users\JenkinsSlave\workspace\Lucene-Solr-4.x-Windows\solr\core\lib\hadoop-auth-2.0.5-alpha.jar
Deleting C:\Users\JenkinsSlave\workspace\Lucene-Solr-4.x-Windows\solr\core\lib\hadoop-common-2.0.5-alpha.jar
Deleting C:\Users\JenkinsSlave\workspace\Lucene-Solr-4.x-Windows\solr\core\lib\hadoop-hdfs-2.0.5-alpha.jar
Deleting C:\Users\JenkinsSlave\workspace\Lucene-Solr-4.x-Windows\solr\core\lib\joda-time-2.2.jar
Deleting C:\Users\JenkinsSlave\workspace\Lucene-Solr-4.x-Windows\solr\core\lib\org.restlet-2.1.1.jar
Deleting C:\Users\JenkinsSlave\workspace\Lucene-Solr-4.x-Windows\solr\core\lib\org.restlet.ext.servlet-2.1.1.jar
Deleting C:\Users\JenkinsSlave\workspace\Lucene-Solr-4.x-Windows\solr\core\lib\protobuf-java-2.4.0a.jar
Deleting C:\Users\JenkinsSlave\workspace\Lucene-Solr-4.x-Windows\solr\core\lib\spatial4j-0.3.jar
Deleting C:\Users\JenkinsSlave\workspace\Lucene-Solr-4.x-Windows\solr\core\test-lib\cglib-nodep-2.2.jar
Deleting C:\Users\JenkinsSlave\workspace\Lucene-Solr-4.x-Windows\solr\core\test-lib\commons-collections-3.2.1.jar
Deleting C:\Users\JenkinsSlave\workspace\Lucene-Solr-4.x-Windows\solr\core\test-lib\dom4j-1.6.1.jar
Deleting C:\Users\JenkinsSlave\workspace\Lucene-Solr-4.x-Windows\solr\core\test-lib\easymock-3.0.jar
Deleting C:\Users\JenkinsSlave\workspace\Lucene-Solr-4.x-Windows\solr\core\test-lib\hadoop-common-2.0.5-alpha-tests.jar
Deleting C:\Users\JenkinsSlave\workspace\Lucene-Solr-4.x-Windows\solr\core\test-lib\hadoop-hdfs-2.0.5-alpha-tests.jar
Deleting C:\Users\JenkinsSlave\workspace\Lucene-Solr-4.x-Windows\solr\core\test-lib\javax.servlet-api-3.0.1.jar
Deleting C:\Users\JenkinsSlave\workspace\Lucene-Solr-4.x-Windows\solr\core\test-lib\jersey-core-1.16.jar
Deleting C:\Users\JenkinsSlave\workspace\Lucene-Solr-4.x-Windows\solr\core\test-lib\jetty-6.1.26.jar
Deleting C:\Users\JenkinsSlave\workspace\Lucene-Solr-4.x-Windows\solr\core\test-lib\jetty-util-6.1.26.jar
Deleting C:\Users\JenkinsSlave\workspace\Lucene-Solr-4.x-Windows\solr\core\test-lib\objenesis-1.2.jar
Updating http://svn.apache.org/repos/asf/lucene/dev/branches/branch_4x at revision '2013-08-14T01:08:53.854 +0000'
 U        lucene\replicator
 U        lucene\site
 U        lucene\SYSTEM_REQUIREMENTS.txt
 U        lucene\licenses
 U        lucene\MIGRATE.txt
 U        lucene\memory
 U        lucene\queries\src\test\org\apache\lucene\queries\function\TestFunctionQuerySort.java
 U        lucene\queries
 U        lucene\queryparser
 U        lucene\facet
 U        lucene\analysis\icu\src\java\org\apache\lucene\collation\ICUCollationKeyFilterFactory.java
 U        lucene\analysis
 U        lucene\grouping
 U        lucene\benchmark
 U        lucene\misc
 U        lucene\classification\ivy.xml
 U        lucene\classification\src
 U        lucene\classification\build.xml
 U        lucene\classification
 U        lucene\spatial
 U        lucene\build.xml
 U        lucene\NOTICE.txt
 U        lucene\codecs
 U        lucene\tools
 U        lucene\backwards
 U        lucene\ivy-settings.xml
 U        lucene\test-framework
 U        lucene\README.txt
 U        lucene\JRE_VERSION_MIGRATION.txt
 U        lucene\BUILD.txt
 U        lucene\suggest
 U        lucene\module-build.xml
 U        lucene\common-build.xml
 U        lucene\demo
 U        lucene\CHANGES.txt
 U        lucene\core\src\test\org\apache\lucene\search\TestSort.java
 U        lucene\core\src\test\org\apache\lucene\search\TestSortDocValues.java
 U        lucene\core\src\test\org\apache\lucene\search\TestTotalHitCountCollector.java
 U        lucene\core\src\test\org\apache\lucene\search\TestTopFieldCollector.java
 U        lucene\core\src\test\org\apache\lucene\search\TestSortRandom.java
 U        lucene\core\src\test\org\apache\lucene\index\index.40.cfs.zip
 U        lucene\core\src\test\org\apache\lucene\index\index.40.optimized.nocfs.zip
 U        lucene\core\src\test\org\apache\lucene\index\index.40.optimized.cfs.zip
 U        lucene\core\src\test\org\apache\lucene\index\index.40.nocfs.zip
 U        lucene\core\src\test\org\apache\lucene\index\TestBackwardsCompatibility.java
 U        lucene\core
 U        lucene\highlighter
 U        lucene\sandbox
 U        lucene\join
 U        lucene\LICENSE.txt
 U        lucene
U         dev-tools\idea\solr\contrib\velocity\velocity.iml
 U        dev-tools
 U        solr\solrj
 U        solr\example
 U        solr\build.xml
 U        solr\NOTICE.txt
 U        solr\LICENSE.txt
 U        solr\contrib
 U        solr\site
 U        solr\SYSTEM_REQUIREMENTS.txt
 U        solr\licenses\httpmime-LICENSE-ASL.txt
 U        solr\licenses\httpcore-NOTICE.txt
 U        solr\licenses\httpcore-LICENSE-ASL.txt
 U        solr\licenses\httpmime-NOTICE.txt
 U        solr\licenses\httpclient-LICENSE-ASL.txt
 U        solr\licenses\httpclient-NOTICE.txt
 U        solr\licenses
 U        solr\test-framework
 U        solr\README.txt
 U        solr\webapp
 U        solr\cloud-dev
 U        solr\common-build.xml
 U        solr\CHANGES.txt
 U        solr\scripts
D         solr\core\src\test\org\apache\solr\TestPluginEnable.java
U         solr\core\src\test\org\apache\solr\schema\TestCloudManagedSchema.java
U         solr\core\src\test\org\apache\solr\schema\TestManagedSchema.java
U         solr\core\src\test\org\apache\solr\schema\TestCloudManagedSchemaAddField.java
U         solr\core\src\test\org\apache\solr\cloud\FullSolrCloudDistribCmdsTest.java
UU        solr\core\src\test\org\apache\solr\core\TestConfig.java
U         solr\core\src\test\org\apache\solr\search\TestAddFieldRealTimeGet.java
U         solr\core\src\test\org\apache\solr\rest\schema\TestManagedSchemaFieldResource.java
U         solr\core\src\test\org\apache\solr\update\AddBlockUpdateTest.java
D         solr\core\src\test-files\solr\collection1\conf\solrconfig-tlog-managed-schema.xml
D         solr\core\src\test-files\solr\collection1\conf\solrconfig-enableplugin.xml
D         solr\core\src\test-files\solr\collection1\conf\solrconfig-tlog-mutable-managed-schema.xml
D         solr\core\src\test-files\solr\collection1\conf\solrconfig-mutable-managed-schema.xml
U         solr\core\src\test-files\solr\collection1\conf\solrconfig-test-misc.xml
U         solr\core\src\test-files\solr\collection1\conf\solrconfig-warmer.xml
U         solr\core\src\test-files\solr\collection1\conf\solrconfig-managed-schema.xml
U         solr\core\src\test-files\solr\collection1\conf\solrconfig-tlog.xml
A         solr\core\src\java\org\apache\solr\search\join\package.html
 U        solr\core
 U        solr
 U        .
At revision 1513704
No emails were triggered.
[Lucene-Solr-4.x-Windows] $ cmd /c call C:\Users\JENKIN~2\AppData\Local\Temp\hudson2377308670390159474.bat
Using JDK: 32bit/jdk1.8.0-ea-b102 -server -XX:+UseG1GC
java version "1.8.0-ea"
Java(TM) SE Runtime Environment (build 1.8.0-ea-b102)
Java HotSpot(TM) Server VM (build 25.0-b44, mixed mode)
[Lucene-Solr-4.x-Windows] $ cmd.exe /C '"C:\Users\JenkinsSlave\tools\hudson.tasks.Ant_AntInstallation\ANT_1.8.2\bin\ant.bat -Dpython32.exe=C:\Python32\python.exe -Dperl.exe=C:\Perl\bin\perl.exe "-Dargs=-server -XX:+UseG1GC" -Dtests.jvms=1 -Dpython.exe=C:\Python27\python.exe jenkins-hourly && exit %%ERRORLEVEL%%"'
Buildfile: C:\Users\JenkinsSlave\workspace\Lucene-Solr-4.x-Windows\build.xml

jenkins-hourly:

clean:

clean:
     [echo] Building solr...

clean:

-test-with-heapdumps-enabled:
     [echo] Java HotSpot(TM) Client VM: Enabling heap dumps on OutOfMemoryError to dir 'C:\Users\JenkinsSlave\workspace\Lucene-Solr-4.x-Windows\heapdumps'.
    [mkdir] Created dir: C:\Users\JenkinsSlave\workspace\Lucene-Solr-4.x-Windows\heapdumps

test:

-clover.load:

test-core:

-clover.disable:

-clover.load:

-clover.classpath:

-clover.setup:

clover:

ivy-availability-check:

ivy-fail:

ivy-configure:
[ivy:configure] :: Apache Ivy 2.3.0 - 20130110142753 :: http://ant.apache.org/ivy/ ::
[ivy:configure] :: loading settings :: file = C:\Users\JenkinsSlave\workspace\Lucene-Solr-4.x-Windows\lucene\ivy-settings.xml

resolve:

init:

compile-core:
    [mkdir] Created dir: C:\Users\JenkinsSlave\workspace\Lucene-Solr-4.x-Windows\lucene\build\core\classes\java
    [javac] Compiling 686 source files to C:\Users\JenkinsSlave\workspace\Lucene-Solr-4.x-Windows\lucene\build\core\classes\java
    [javac] Note: Some input files use or override a deprecated API.
    [javac] Note: Recompile with -Xlint:deprecation for details.
     [copy] Copying 3 files to C:\Users\JenkinsSlave\workspace\Lucene-Solr-4.x-Windows\lucene\build\core\classes\java

compile-test-framework:

ivy-availability-check:

ivy-fail:

ivy-configure:
[ivy:configure] :: loading settings :: file = C:\Users\JenkinsSlave\workspace\Lucene-Solr-4.x-Windows\lucene\ivy-settings.xml

resolve:

init:

compile-lucene-core:

ivy-availability-check:

ivy-fail:

ivy-configure:
[ivy:configure] :: loading settings :: file = C:\Users\JenkinsSlave\workspace\Lucene-Solr-4.x-Windows\lucene\ivy-settings.xml

resolve:

init:

-clover.disable:

-clover.load:

-clover.classpath:

-clover.setup:

clover:

compile-core:

compile-codecs:
     [echo] Building codecs...

ivy-availability-check:
     [echo] Building codecs...

ivy-fail:

ivy-configure:
[ivy:configure] :: loading settings :: file = C:\Users\JenkinsSlave\workspace\Lucene-Solr-4.x-Windows\lucene\ivy-settings.xml

resolve:

common.init:

compile-lucene-core:

init:

-clover.disable:

-clover.load:

-clover.classpath:

-clover.setup:

clover:

compile-core:
    [mkdir] Created dir: C:\Users\JenkinsSlave\workspace\Lucene-Solr-4.x-Windows\lucene\build\codecs\classes\java
    [javac] Compiling 59 source files to C:\Users\JenkinsSlave\workspace\Lucene-Solr-4.x-Windows\lucene\build\codecs\classes\java
    [javac] Note: Some input files use or override a deprecated API.
    [javac] Note: Recompile with -Xlint:deprecation for details.
     [copy] Copying 3 files to C:\Users\JenkinsSlave\workspace\Lucene-Solr-4.x-Windows\lucene\build\codecs\classes\java

-clover.disable:

-clover.load:

-clover.classpath:

-clover.setup:

clover:

common.compile-core:
    [mkdir] Created dir: C:\Users\JenkinsSlave\workspace\Lucene-Solr-4.x-Windows\lucene\build\test-framework\classes\java
    [javac] Compiling 139 source files to C:\Users\JenkinsSlave\workspace\Lucene-Solr-4.x-Windows\lucene\build\test-framework\classes\java
    [javac] Note: Some input files use or override a deprecated API.
    [javac] Note: Recompile with -Xlint:deprecation for details.
     [copy] Copying 4 files to C:\Users\JenkinsSlave\workspace\Lucene-Solr-4.x-Windows\lucene\build\test-framework\classes\java

compile-core:

compile-test:
    [mkdir] Created dir: C:\Users\JenkinsSlave\workspace\Lucene-Solr-4.x-Windows\lucene\build\core\classes\test
    [javac] Compiling 386 source files to C:\Users\JenkinsSlave\workspace\Lucene-Solr-4.x-Windows\lucene\build\core\classes\test
    [javac] Note: Some input files use or override a deprecated API.
    [javac] Note: Recompile with -Xlint:deprecation for details.
     [copy] Copying 38 files to C:\Users\JenkinsSlave\workspace\Lucene-Solr-4.x-Windows\lucene\build\core\classes\test

install-junit4-taskdef:

validate:

test:
    [mkdir] Created dir: C:\Users\JenkinsSlave\workspace\Lucene-Solr-4.x-Windows\lucene\build\core\test
    [mkdir] Created dir: C:\Users\JenkinsSlave\workspace\Lucene-Solr-4.x-Windows\lucene\build\core\test\temp
    [mkdir] Created dir: C:\Users\JenkinsSlave\workspace\Lucene-Solr-4.x-Windows\.caches\test-stats\core
   [junit4] <JUnit4> says g'day! Master seed: 2026960B41EC1A80
   [junit4] Your default console's encoding may not display certain unicode glyphs: windows-1252
   [junit4] Executing 371 suites with 1 JVM.
   [junit4] 
   [junit4] Started J0 PID(3692@JenkinsSlave-PC).
   [junit4] Suite: org.apache.lucene.search.TestMultiPhraseQuery
   [junit4] Completed in 2.91s, 16 tests, 1 skipped
   [junit4] 
   [junit4] Suite: org.apache.lucene.search.TestNumericRangeQuery32
   [junit4] Completed in 6.26s, 27 tests
   [junit4] 
   [junit4] Suite: org.apache.lucene.index.TestCodecHoldsOpenFiles
   [junit4] Completed in 0.21s, 1 test
   [junit4] 
   [junit4] Suite: org.apache.lucene.index.TestIndexWriterCommit
   [junit4] Completed in 2.88s, 12 tests
   [junit4] 
   [junit4] Suite: org.apache.lucene.index.TestMultiLevelSkipList
   [junit4] Completed in 0.39s, 1 test
   [junit4] 
   [junit4] Suite: org.apache.lucene.index.TestTermVectorsFormat
   [junit4] Completed in 4.67s, 7 tests
   [junit4] 
   [junit4] Suite: org.apache.lucene.search.payloads.TestPayloadExplanations
   [junit4] Completed in 0.66s, 5 tests
   [junit4] 
   [junit4] Suite: org.apache.lucene.index.TestSameTokenSamePosition
   [junit4] Completed in 0.08s, 2 tests
   [junit4] 
   [junit4] Suite: org.apache.lucene.index.TestSizeBoundedForceMerge
   [junit4] Completed in 0.30s, 11 tests
   [junit4] 
   [junit4] Suite: org.apache.lucene.util.TestIOUtils
   [junit4] Completed in 0.03s, 1 test
   [junit4] 
   [junit4] Suite: org.apache.lucene.index.TestParallelReaderEmptyIndex
   [junit4] Completed in 0.12s, 2 tests
   [junit4] 
   [junit4] Suite: org.apache.lucene.index.TestParallelTermEnum
   [junit4] Completed in 0.06s, 1 test
   [junit4] 
   [junit4] Suite: org.apache.lucene.util.junitcompat.TestSystemPropertiesInvariantRule
   [junit4] Completed in 0.30s, 5 tests
   [junit4] 
   [junit4] Suite: org.apache.lucene.search.TestFieldCache
   [junit4] Completed in 1.41s, 10 tests
   [junit4] 
   [junit4] Suite: org.apache.lucene.analysis.TestMockCharFilter
   [junit4] Completed in 0.02s, 1 test
   [junit4] 
   [junit4] Suite: org.apache.lucene.codecs.compressing.TestFastDecompressionMode
   [junit4] Completed in 0.61s, 8 tests
   [junit4] 
   [junit4] Suite: org.apache.lucene.util.TestIntroSorter
   [junit4] Completed in 0.34s, 9 tests
   [junit4] 
   [junit4] Suite: org.apache.lucene.index.TestBagOfPositions
   [junit4] Completed in 1.25s, 1 test
   [junit4] 
   [junit4] Suite: org.apache.lucene.util.TestDoubleBarrelLRUCache
   [junit4] Completed in 1.07s, 2 tests
   [junit4] 
   [junit4] Suite: org.apache.lucene.search.TestTermVectors
   [junit4] Completed in 0.30s, 4 tests
   [junit4] 
   [junit4] Suite: org.apache.lucene.search.TestAutomatonQueryUnicode
   [junit4] Completed in 0.16s, 1 test
   [junit4] 
   [junit4] Suite: org.apache.lucene.codecs.lucene3x.TestImpersonation
   [junit4] Completed in 0.05s, 1 test
   [junit4] 
   [junit4] Suite: org.apache.lucene.util.junitcompat.TestSeedFromUncaught
   [junit4] Completed in 0.07s, 1 test
   [junit4] 
   [junit4] Suite: org.apache.lucene.search.TestPrefixFilter
   [junit4] Completed in 0.03s, 1 test
   [junit4] 
   [junit4] Suite: org.apache.lucene.util.junitcompat.TestReproduceMessageWithRepeated
   [junit4] Completed in 0.08s, 1 test
   [junit4] 
   [junit4] Suite: org.apache.lucene.util.fst.TestBytesStore
   [junit4] Completed in 3.18s, 1 test
   [junit4] 
   [junit4] Suite: org.apache.lucene.index.TestIntBlockPool
   [junit4] Completed in 0.31s, 2 tests
   [junit4] 
   [junit4] Suite: org.apache.lucene.search.TestScorerPerf
   [junit4] Completed in 3.55s, 1 test
   [junit4] 
   [junit4] Suite: org.apache.lucene.index.TestPrefixCodedTerms
   [junit4] Completed in 0.27s, 6 tests
   [junit4] 
   [junit4] Suite: org.apache.lucene.index.TestNeverDelete
   [junit4] Completed in 1.32s, 1 test
   [junit4] 
   [junit4] Suite: org.apache.lucene.util.junitcompat.TestFailOnFieldCacheInsanity
   [junit4] Completed in 0.07s, 1 test
   [junit4] 
   [junit4] Suite: org.apache.lucene.codecs.lucene40.TestLucene40PostingsReader
   [junit4] Completed in 2.58s, 1 test
   [junit4] 
   [junit4] Suite: org.apache.lucene.store.TestNRTCachingDirectory
   [junit4] Completed in 1.29s, 5 tests
   [junit4] 
   [junit4] Suite: org.apache.lucene.search.TestTermRangeQuery
   [junit4] Completed in 0.37s, 7 tests
   [junit4] 
   [junit4] Suite: org.apache.lucene.codecs.perfield.TestPerFieldPostingsFormat2
   [junit4] Completed in 0.85s, 5 tests
   [junit4] 
   [junit4] Suite: org.apache.lucene.search.TestWildcard
   [junit4] Completed in 0.30s, 8 tests
   [junit4] 
   [junit4] Suite: org.apache.lucene.index.TestIndexWriterOutOfFileDescriptors
   [junit4] Completed in 5.74s, 1 test
   [junit4] 
   [junit4] Suite: org.apache.lucene.analysis.TestGraphTokenizers
   [junit4] Completed in 14.59s, 21 tests
   [junit4] 
   [junit4] Suite: org.apache.lucene.util.TestTimSorter
   [junit4] Completed in 0.22s, 9 tests
   [junit4] 
   [junit4] Suite: org.apache.lucene.index.TestFieldsReader
   [junit4] Completed in 0.75s, 2 tests
   [junit4] 
   [junit4] Suite: org.apache.lucene.util.TestCharsRef
   [junit4] Completed in 0.07s, 8 tests
   [junit4] 
   [junit4] Suite: org.apache.lucene.search.TestDocIdSet
   [junit4] Completed in 0.04s, 3 tests
   [junit4] 
   [junit4] Suite: org.apache.lucene.codecs.lucene41.TestBlockPostingsFormat2
   [junit4] Completed in 3.64s, 4 tests
   [junit4] 
   [junit4] Suite: org.apache.lucene.index.TestIndexWriterNRTIsCurrent
   [junit4] Completed in 6.62s, 1 test
   [junit4] 
   [junit4] Suite: org.apache.lucene.search.TestMatchAllDocsQuery
   [junit4] Completed in 0.03s, 2 tests
   [junit4] 
   [junit4] Suite: org.apache.lucene.index.TestForceMergeForever
   [junit4] Completed in 1.23s, 1 test
   [junit4] 
   [junit4] Suite: org.apache.lucene.index.TestDocTermOrds
   [junit4] Completed in 0.24s, 5 tests
   [junit4] 
   [junit4] Suite: org.apache.lucene.util.TestPriorityQueue
   [junit4] Completed in 0.05s, 4 tests
   [junit4] 
   [junit4] Suite: org.apache.lucene.search.TestPrefixRandom
   [junit4] Completed in 0.27s, 1 test
   [junit4] 
   [junit4] Suite: org.apache.lucene.search.TestSimpleExplanations
   [junit4] Completed in 2.01s, 69 tests
   [junit4] 
   [junit4] Suite: org.apache.lucene.search.TestRegexpQuery
   [junit4] Completed in 0.12s, 7 tests
   [junit4] 
   [junit4] Suite: org.apache.lucene.search.TestPhraseQuery
   [junit4] Completed in 0.95s, 17 tests
   [junit4] 
   [junit4] Suite: org.apache.lucene.codecs.lucene42.TestLucene42DocValuesFormat
   [junit4] Completed in 4.58s, 62 tests
   [junit4] 
   [junit4] Suite: org.apache.lucene.index.TestSegmentTermEnum
   [junit4] Completed in 0.11s, 2 tests
   [junit4] 
   [junit4] Suite: org.apache.lucene.util.TestBroadWord
   [junit4] Completed in 0.72s, 11 tests
   [junit4] 
   [junit4] Suite: org.apache.lucene.search.TestDocTermOrdsRewriteMethod
   [junit4] Completed in 1.89s, 2 tests
   [junit4] 
   [junit4] Suite: org.apache.lucene.index.Test2BPostings
   [junit4] IGNOR/A 0.15s | Test2BPostings.test
   [junit4]    > Assumption #1: 'nightly' test group is disabled (@Nightly)
   [junit4] Completed in 0.16s, 1 test, 1 skipped
   [junit4] 
   [junit4] Suite: org.apache.lucene.search.TestFilteredSearch
   [junit4] Completed in 0.03s, 1 test
   [junit4] 
   [junit4] Suite: org.apache.lucene.TestExternalCodecs
   [junit4] Completed in 0.19s, 1 test
   [junit4] 
   [junit4] Suite: org.apache.lucene.index.TestThreadedForceMerge
   [junit4] Completed in 0.82s, 1 test
   [junit4] 
   [junit4] Suite: org.apache.lucene.index.TestOmitTf
   [junit4] Completed in 0.53s, 6 tests
   [junit4] 
   [junit4] Suite: org.apache.lucene.analysis.TestCharFilter
   [junit4] Completed in 0.02s, 4 tests
   [junit4] 
   [junit4] Suite: org.apache.lucene.index.TestNRTThreads
   [junit4] Completed in 3.16s, 1 test
   [junit4] 
   [junit4] Suite: org.apache.lucene.search.TestMultiTermQueryRewrites
   [junit4] Completed in 0.13s, 3 tests
   [junit4] 
   [junit4] Suite: org.apache.lucene.search.MultiCollectorTest
   [junit4] Completed in 0.03s, 3 tests
   [junit4] 
   [junit4] Suite: org.apache.lucene.index.TestTransactions
   [junit4] Completed in 0.86s, 1 test
   [junit4] 
   [junit4] Suite: org.apache.lucene.codecs.lucene3x.TestSurrogates
   [junit4] Completed in 0.33s, 1 test
   [junit4] 
   [junit4] Suite: org.apache.lucene.util.automaton.TestDeterminism
   [junit4] Completed in 0.38s, 2 tests
   [junit4] 
   [junit4] Suite: org.apache.lucene.util.junitcompat.TestJUnitRuleOrder
   [junit4] Completed in 0.04s, 1 test
   [junit4] 
   [junit4] Suite: org.apache.lucene.search.TestFieldCacheRewriteMethod
   [junit4] Completed in 0.91s, 2 tests
   [junit4] 
   [junit4] Suite: org.apache.lucene.search.TestDocBoost
   [junit4] Completed in 0.02s, 1 test
   [junit4] 
   [junit4] Suite: org.apache.lucene.index.TestDirectoryReaderReopen
   [junit4] Completed in 1.83s, 6 tests
   [junit4] 
   [junit4] Suite: org.apache.lucene.index.TestMultiFields
   [junit4] Completed in 0.90s, 3 tests
   [junit4] 
   [junit4] Suite: org.apache.lucene.analysis.TestReusableStringReader
   [junit4] Completed in 0.01s, 1 test
   [junit4] 
   [junit4] Suite: org.apache.lucene.search.spans.TestSpans
   [junit4] Completed in 0.83s, 26 tests
   [junit4] 
   [junit4] Suite: org.apache.lucene.store.TestFileSwitchDirectory
   [junit4] Completed in 0.10s, 4 tests
   [junit4] 
   [junit4] Suite: org.apache.lucene.search.TestBooleanQuery
   [junit4] Completed in 0.18s, 6 tests
   [junit4] 
   [junit4] Suite: org.apache.lucene.index.TestDocumentWriter
   [junit4] Completed in 0.23s, 7 tests
   [junit4] 
   [junit4] Suite: org.apache.lucene.index.TestCustomNorms
   [junit4] Completed in 0.56s, 1 test
   [junit4] 
   [junit4] Suite: org.apache.lucene.index.TestTwoPhaseCommitTool
   [junit4] Completed in 0.03s, 3 tests
   [junit4] 
   [junit4] Suite: org.apache.lucene.index.TestNoMergeScheduler
   [junit4] Completed in 0.02s, 3 tests
   [junit4] 
   [junit4] Suite: org.apache.lucene.index.TestStressAdvance
   [junit4] Completed in 0.65s, 1 test
   [junit4] 
   [junit4] Suite: org.apache.lucene.search.TestSort
   [junit4] Completed in 1.09s, 49 tests
   [junit4] 
   [junit4] Suite: org.apache.lucene.store.TestWindowsMMap
   [junit4] Completed in 0.16s, 1 test
   [junit4] 
   [junit4] Suite: org.apache.lucene.search.TestPrefixInBooleanQuery
   [junit4] Completed in 0.17s, 4 tests
   [junit4] 
   [junit4] Suite: org.apache.lucene.index.TestDocsAndPositions
   [junit4] Completed in 0.20s, 6 tests
   [junit4] 
   [junit4] Suite: org.apache.lucene.search.TestMultiValuedNumericRangeQuery
   [junit4] Completed in 0.36s, 1 test
   [junit4] 
   [junit4] Suite: org.apache.lucene.util.TestRollingBuffer
   [junit4] Completed in 0.16s, 1 test
   [junit4] 
   [junit4] Suite: org.apache.lucene.index.TestTieredMergePolicy
   [junit4] Completed in 1.12s, 4 tests
   [junit4] 
   [junit4] Suite: org.apache.lucene.search.TestFilteredQuery
   [junit4] Completed in 0.34s, 12 tests
   [junit4] 
   [junit4] Suite: org.apache.lucene.codecs.lucene40.TestReuseDocsEnum
   [junit4] Completed in 0.35s, 3 tests
   [junit4] 
   [junit4] Suite: org.apache.lucene.util.junitcompat.TestSetupTeardownChaining
   [junit4] Completed in 0.05s, 2 tests
   [junit4] 
   [junit4] Suite: org.apache.lucene.util.TestRecyclingByteBlockAllocator
   [junit4] Completed in 0.04s, 3 tests
   [junit4] 
   [junit4] Suite: org.apache.lucene.search.similarities.TestSimilarityBase
   [junit4] Completed in 0.73s, 29 tests
   [junit4] 
   [junit4] Suite: org.apache.lucene.index.TestBackwardsCompatibility3x
   [junit4] Completed in 8.72s, 16 tests
   [junit4] 
   [junit4] Suite: org.apache.lucene.util.automaton.TestCompiledAutomaton
   [junit4] Completed in 0.17s, 2 tests
   [junit4] 
   [junit4] Suite: org.apache.lucene.index.TestIndexWriterUnicode
   [junit4] Completed in 2.29s, 5 tests
   [junit4] 
   [junit4] Suite: org.apache.lucene.search.spans.TestNearSpansOrdered
   [junit4] Completed in 0.23s, 10 tests
   [junit4] 
   [junit4] Suite: org.apache.lucene.search.TestFieldCacheRangeFilter
   [junit4] Completed in 0.34s, 9 tests
   [junit4] 
   [junit4] Suite: org.apache.lucene.index.TestNRTReaderWithThreads
   [junit4] Completed in 14.23s, 1 test
   [junit4] 
   [junit4] Suite: org.apache.lucene.index.TestParallelCompositeReader
   [junit4] Completed in 1.27s, 13 tests
   [junit4] 
   [junit4] Suite: org.apache.lucene.util.TestCloseableThreadLocal
   [junit4] Completed in 0.03s, 3 tests
   [junit4] 
   [junit4] Suite: org.apache.lucene.index.TestPerSegmentDeletes
   [junit4] Completed in 0.12s, 1 test
   [junit4] 
   [junit4] Suite: org.apache.lucene.index.TestTermsEnum
   [junit4] Completed in 1.22s, 7 tests
   [junit4] 
   [junit4] Suite: org.apache.lucene.util.TestFixedBitSet
   [junit4] Completed in 2.87s, 10 tests
   [junit4] 
   [junit4] Suite: org.apache.lucene.index.Test4GBStoredFields
   [junit4] IGNOR/A 0.00s | Test4GBStoredFields.test
   [junit4]    > Assumption #1: 'nightly' test group is disabled (@Nightly)
   [junit4] Completed in 0.03s, 1 test, 1 skipped
   [junit4] 
   [junit4] Suite: org.apache.lucene.util.automaton.TestMinimize
   [junit4] Completed in 2.41s, 3 tests
   [junit4] 
   [junit4] Suite: org.apache.lucene.TestWorstCaseTestBehavior
   [junit4] Completed in 0.12s, 6 tests, 6 skipped
   [junit4] 
   [junit4] Suite: org.apache.lucene.index.TestIndexWriter
   [junit4] Completed in 15.23s, 55 tests
   [junit4] 
   [junit4] Suite: org.apache.lucene.index.TestSnapshotDeletionPolicy
   [junit4] Completed in 2.17s, 7 tests
   [junit4] 
   [junit4] Suite: org.apache.lucene.search.TestTopDocsMerge
   [junit4] Completed in 4.28s, 1 test
   [junit4] 
   [junit4] Suite: org.apache.lucene.search.TestDateSort
   [junit4] Completed in 0.03s, 1 test
   [junit4] 
   [junit4] Suite: org.apache.lucene.store.TestLockFactory
   [junit4] IGNOR/A 0.01s | TestLockFactory.testStressLocksNativeFSLockFactory
   [junit4]    > Assumption #1: 'nightly' test group is disabled (@Nightly)
   [junit4] IGNOR/A 0.00s | TestLockFactory.testStressLocks
   [junit4]    > Assumption #1: 'nightly' test group is disabled (@Nightly)
   [junit4] Completed in 0.97s, 11 tests, 2 skipped
   [junit4] 
   [junit4] Suite: org.apache.lucene.codecs.lucene40.TestLucene40StoredFieldsFormat
   [junit4] IGNOR/A 0.02s | TestLucene40StoredFieldsFormat.testBigDocuments
   [junit4]    > Assumption #1: 'nightly' test group is disabled (@Nightly)
   [junit4] Completed in 1.49s, 10 tests, 1 skipped
   [junit4] 
   [junit4] Suite: org.apache.lucene.util.junitcompat.TestFailIfUnreferencedFiles
   [junit4] Completed in 0.04s, 1 test
   [junit4] 
   [junit4] Suite: org.apache.lucene.util.automaton.TestLevenshteinAutomata
   [junit4] Completed in 1.14s, 4 tests
   [junit4] 
   [junit4] Suite: org.apache.lucene.util.junitcompat.TestBeforeAfterOverrides
   [junit4] Completed in 0.04s, 2 tests
   [junit4] 
   [junit4] Suite: org.apache.lucene.document.TestDocument
   [junit4] Completed in 0.16s, 10 tests
   [junit4] 
   [junit4] Suite: org.apache.lucene.search.TestRegexpRandom2
   [junit4] Completed in 1.05s, 1 test
   [junit4] 
   [junit4] Suite: org.apache.lucene.store.TestCopyBytes
   [junit4] Completed in 0.56s, 2 tests
   [junit4] 
   [junit4] Suite: org.apache.lucene.search.TestDisjunctionMaxQuery
   [junit4] Completed in 0.48s, 11 tests
   [junit4] 
   [junit4] Suite: org.apache.lucene.index.TestDirectoryReader
   [junit4] IGNOR/A 0.07s | TestDirectoryReader.testGetSumDocFreq
   [junit4]    > Assumption #1: got: <false>, expected: is <true>
   [junit4] IGNOR/A 0.02s | TestDirectoryReader.testGetDocCount
   [junit4]    > Assumption #1: got: <false>, expected: is <true>
   [junit4] IGNOR/A 0.03s | TestDirectoryReader.testTotalTermFreqCached
   [junit4]    > Assumption #1: got: <false>, expected: is <true>
   [junit4] IGNOR/A 0.04s | TestDirectoryReader.testGetSumTotalTermFreq
   [junit4]    > Assumption #1: got: <false>, expected: is <true>
   [junit4] Completed in 1.42s, 27 tests, 4 skipped
   [junit4] 
   [junit4] Suite: org.apache.lucene.codecs.lucene40.TestBitVector
   [junit4] Completed in 1.00s, 9 tests
   [junit4] 
   [junit4] Suite: org.apache.lucene.TestMergeSchedulerExternal
   [junit4] Completed in 0.65s, 2 tests
   [junit4] 
   [junit4] Suite: org.apache.lucene.store.TestLock
   [junit4] Completed in 0.02s, 1 test
   [junit4] 
   [junit4] Suite: org.apache.lucene.index.TestTermVectorsWriter
   [junit4] Completed in 0.32s, 13 tests
   [junit4] 
   [junit4] Suite: org.apache.lucene.util.junitcompat.TestFailIfDirectoryNotClosed
   [junit4] Completed in 0.02s, 1 test
   [junit4] 
   [junit4] Suite: org.apache.lucene.index.TestPostingsOffsets
   [junit4] Completed in 0.57s, 11 tests
   [junit4] 
   [junit4] Suite: org.apache.lucene.search.spans.TestSpansAdvanced
   [junit4] Completed in 0.03s, 1 test
   [junit4] 
   [junit4] Suite: org.apache.lucene.search.TestShardSearching
   [junit4] Completed in 4.99s, 1 test
   [junit4] 
   [junit4] Suite: org.apache.lucene.index.TestIndexCommit
   [junit4] Completed in 0.01s, 1 test
   [junit4] 
   [junit4] Suite: org.apache.lucene.util.fst.Test2BFST
   [junit4] Completed in 0.00s, 0 tests
   [junit4] 
   [junit4] Suite: org.apache.lucene.index.TestPostingsFormat
   [junit4] Completed in 2.67s, 7 tests
   [junit4] 
   [junit4] Suite: org.apache.lucene.search.TestSearchWithThreads
   [junit4] Completed in 1.66s, 1 test
   [junit4] 
   [junit4] Suite: org.apache.lucene.index.TestAllFilesHaveCodecHeader
   [junit4] Completed in 0.20s, 1 test
   [junit4] 
   [junit4] Suite: org.apache.lucene.search.TestCustomSearcherSort
   [junit4] Completed in 0.51s, 2 tests
   [junit4] 
   [junit4] Suite: org.apache.lucene.search.TestTermRangeFilter
   [junit4] Completed in 0.19s, 3 tests
   [junit4] 
   [junit4] Suite: org.apache.lucene.index.TestDocValuesFormat
   [junit4] IGNOR/A 0.01s | TestDocValuesFormat.testSortedSetVariableLengthVsStoredFields
   [junit4]    > Assumption #1: Codec does not support SORTED_SET
   [junit4] IGNOR/A 0.00s | TestDocValuesFormat.testSortedSetFixedLengthVsUninvertedField
   [junit4]    > Assumption #1: Codec does not support SORTED_SET
   [junit4] IGNOR/A 0.01s | TestDocValuesFormat.testSortedSetTwoDocumentsMerged
   [junit4]    > Assumption #1: Codec does not support SORTED_SET
   [junit4] IGNOR/A 0.01s | TestDocValuesFormat.testSortedSetTwoValuesUnordered
   [junit4]    > Assumption #1: Codec does not support SORTED_SET
   [junit4] IGNOR/A 0.01s | TestDocValuesFormat.testSortedSetTwoDocumentsFirstMissing
   [junit4]    > Assumption #1: Codec does not support SORTED_SET
   [junit4] IGNOR/A 0.01s | TestDocValuesFormat.testSortedSetOneValue
   [junit4]    > Assumption #1: Codec does not support SORTED_SET
   [junit4] IGNOR/A 0.01s | TestDocValuesFormat.testSortedSetTwoDocumentsLastMissing
   [junit4]    > Assumption #1: Codec does not support SORTED_SET
   [junit4] IGNOR/A 0.00s | TestDocValuesFormat.testSortedSetTwoValues
   [junit4]    > Assumption #1: Codec does not support SORTED_SET
   [junit4] IGNOR/A 0.01s | TestDocValuesFormat.testSortedSetVariableLengthVsUninvertedField
   [junit4]    > Assumption #1: Codec does not support SORTED_SET
   [junit4] IGNOR/A 0.00s | TestDocValuesFormat.testSortedSetTwoDocumentsFirstMissingMerge
   [junit4]    > Assumption #1: Codec does not support SORTED_SET
   [junit4] IGNOR/A 0.00s | TestDocValuesFormat.testSortedSetThreeValuesTwoDocs
   [junit4]    > Assumption #1: Codec does not support SORTED_SET
   [junit4] IGNOR/A 0.01s | TestDocValuesFormat.testSortedSetTwoFields
   [junit4]    > Assumption #1: Codec does not support SORTED_SET
   [junit4] IGNOR/A 0.00s | TestDocValuesFormat.testSortedSetMergeAwayAllValues
   [junit4]    > Assumption #1: Codec does not support SORTED_SET
   [junit4] IGNOR/A 0.01s | TestDocValuesFormat.testSortedSetTermsEnum
   [junit4]    > Assumption #1: Codec does not support SORTED_SET
   [junit4] IGNOR/A 0.01s | TestDocValuesFormat.testSortedSetTwoDocumentsLastMissingMerge
   [junit4]    > Assumption #1: Codec does not support SORTED_SET
   [junit4] IGNOR/A 0.01s | TestDocValuesFormat.testSortedSetFixedLengthVsStoredFields
   [junit4]    > Assumption #1: Codec does not support SORTED_SET
   [junit4] Completed in 2.08s, 59 tests, 16 skipped
   [junit4] 
   [junit4] Suite: org.apache.lucene.search.similarities.TestSimilarity2
   [junit4] Completed in 0.17s, 7 tests
   [junit4] 
   [junit4] Suite: org.apache.lucene.util.TestDocIdBitSet
   [junit4] Completed in 0.76s, 4 tests
   [junit4] 
   [junit4] Suite: org.apache.lucene.analysis.TestNumericTokenStream
   [junit4] Completed in 0.02s, 4 tests
   [junit4] 
   [junit4] Suite: org.apache.lucene.index.TestBinaryTerms
   [junit4] Completed in 0.16s, 2 tests
   [junit4] 
   [junit4] Suite: org.apache.lucene.store.TestRAMDirectory
   [junit4] Completed in 0.59s, 4 tests
   [junit4] 
   [junit4] Suite: org.apache.lucene.search.TestTopScoreDocCollector
   [junit4] Completed in 0.02s, 1 test
   [junit4] 
   [junit4] Suite: org.apache.lucene.TestAssertions
   [junit4] Completed in 0.02s, 1 test
   [junit4] 
   [junit4] Suite: org.apache.lucene.search.TestBooleanMinShouldMatch
   [junit4] Completed in 1.03s, 17 tests
   [junit4] 
   [junit4] Suite: org.apache.lucene.search.TestNot
   [junit4] Completed in 0.07s, 1 test
   [junit4] 
   [junit4] Suite: org.apache.lucene.index.TestOmitPositions
   [junit4] Completed in 0.32s, 4 tests
   [junit4] 
   [junit4] Suite: org.apache.lucene.index.Test2BBinaryDocValues
   [junit4] Completed in 0.00s, 0 tests
   [junit4] 
   [junit4] Suite: org.apache.lucene.util.TestWeakIdentityMap
   [junit4] Completed in 2.82s, 2 tests
   [junit4] 
   [junit4] Suite: org.apache.lucene.util.TestRamUsageEstimator
   [junit4] Completed in 0.03s, 3 tests
   [junit4] 
   [junit4] Suite: org.apache.lucene.index.TestOmitNorms
   [junit4] Completed in 0.51s, 5 tests
   [junit4] 
   [junit4] Suite: org.apache.lucene.search.TestIndexSearcher
   [junit4] Completed in 0.14s, 2 tests
   [junit4] 
   [junit4] Suite: org.apache.lucene.store.TestByteArrayDataInput
   [junit4] Completed in 0.01s, 1 test
   [junit4] 
   [junit4] Suite: org.apache.lucene.search.TestCachingCollector
   [junit4] Completed in 0.05s, 5 tests
   [junit4] 
   [junit4] Suite: org.apache.lucene.index.TestTryDelete
   [junit4] Completed in 0.06s, 3 tests
   [junit4] 
   [junit4] Suite: org.apache.lucene.index.TestFlushByRamOrCountsPolicy
   [junit4] Completed in 1.89s, 5 tests
   [junit4] 
   [junit4] Suite: org.apache.lucene.index.TestSegmentTermDocs
   [junit4] Completed in 0.69s, 5 tests
   [junit4] 
   [junit4] Suite: org.apache.lucene.util.TestVersionComparator
   [junit4] Completed in 0.03s, 1 test
   [junit4] 
   [junit4] Suite: org.apache.lucene.index.TestTransactionRollback
   [junit4] Completed in 0.29s, 2 tests
   [junit4] 
   [junit4] Suite: org.apache.lucene.search.TestBoolean2
   [junit4] Completed in 5.19s, 11 tests
   [junit4] 
   [junit4] Suite: org.apache.lucene.analysis.TestMockAnalyzer
   [junit4] Completed in 2.31s, 10 tests
   [junit4] 
   [junit4] Suite: org.apache.lucene.index.TestStressIndexing
   [junit4] Completed in 1.51s, 1 test
   [junit4] 
   [junit4] Suite: org.apache.lucene.search.spans.TestSpanExplanations
   [junit4] Completed in 0.71s, 31 tests
   [junit4] 
   [junit4] Suite: org.apache.lucene.util.TestVirtualMethod
   [junit4] Completed in 0.02s, 2 tests
   [junit4] 
   [junit4] Suite: org.apache.lucene.store.TestDirectory
   [junit4] IGNOR/A 0.00s | TestDirectory.testThreadSafety
   [junit4]    > Assumption #1: 'nightly' test group is disabled (@Nightly)
   [junit4] Completed in 1.51s, 8 tests, 1 skipped
   [junit4] 
   [junit4] Suite: org.apache.lucene.store.TestHugeRamFile
   [junit4] Completed in 5.40s, 1 test
   [junit4] 
   [junit4] Suite: org.apache.lucene.codecs.lucene40.TestLucene40PostingsFormat
   [junit4] Completed in 7.55s, 7 tests
   [junit4] 
   [junit4] Suite: org.apache.lucene.util.TestWAH8DocIdSet
   [junit4] Completed in 1.15s, 6 tests
   [junit4] 
   [junit4] Suite: org.apache.lucene.index.TestCrash
   [junit4] Completed in 1.22s, 5 tests
   [junit4] 
   [junit4] Suite: org.apache.lucene.util.junitcompat.TestReproduceMessage
   [junit4] Completed in 0.52s, 21 tests
   [junit4] 
   [junit4] Suite: org.apache.lucene.util.TestRecyclingIntBlockAllocator
   [junit4] Completed in 0.04s, 3 tests
   [junit4] 
   [junit4] Suite: org.apache.lucene.util.TestFilterIterator
   [junit4] Completed in 0.07s, 8 tests
   [junit4] 
   [junit4] Suite: org.apache.lucene.analysis.TestToken
   [junit4] Completed in 1.02s, 10 tests
   [junit4] 
   [junit4] Suite: org.apache.lucene.TestSearchForDuplicates
   [junit4] Completed in 0.12s, 1 test
   [junit4] 
   [junit4] Suite: org.apache.lucene.index.TestPayloads
   [junit4] Completed in 0.28s, 7 tests
   [junit4] 
   [junit4] Suite: org.apache.lucene.util.TestBytesRef
   [junit4] Completed in 0.02s, 5 tests
   [junit4] 
   [junit4] Suite: org.apache.lucene.search.TestWildcardRandom
   [junit4] Completed in 0.05s, 1 test
   [junit4] 
   [junit4] Suite: org.apache.lucene.index.TestBackwardsCompatibility
   [junit4] Completed in 10.96s, 14 tests
   [junit4] 
   [junit4] Suite: org.apache.lucene.index.TestStressIndexing2
   [junit4] Completed in 0.46s, 3 tests
   [junit4] 
   [junit4] Suite: org.apache.lucene.index.TestUniqueTermCount
   [junit4] Completed in 0.10s, 1 test
   [junit4] 
   [junit4] Suite: org.apache.lucene.search.TestFieldCacheTermsFilter
   [junit4] Completed in 0.08s, 1 test
   [junit4] 
   [junit4] Suite: org.apache.lucene.index.TestIndexWriterOnDiskFull
   [junit4] Completed in 1.03s, 4 tests
   [junit4] 
   [junit4] Suite: org.apache.lucene.analysis.tokenattributes.TestCharTermAttributeImpl
   [junit4] Completed in 0.71s, 12 tests
   [junit4] 
   [junit4] Suite: org.apache.lucene.util.TestAttributeSource
   [junit4] Completed in 0.03s, 5 tests
   [junit4] 
   [junit4] Suite: org.apache.lucene.search.TestNumericRangeQuery64
   [junit4] Completed in 8.76s, 34 tests
   [junit4] 
   [junit4] Suite: org.apache.lucene.codecs.perfield.TestPerFieldDocValuesFormat
   [junit4] Completed in 3.27s, 60 tests
   [junit4] 
   [junit4] Suite: org.apache.lucene.index.TestIndexWriterReader
   [junit4] Completed in 16.23s, 21 tests
   [junit4] 
   [junit4] Suite: org.apache.lucene.codecs.compressing.TestCompressingTermVectorsFormat
   [junit4] Completed in 3.89s, 8 tests
   [junit4] 
   [junit4] Suite: org.apache.lucene.codecs.lucene40.TestLucene40TermVectorsFormat
   [junit4] Completed in 3.60s, 7 tests
   [junit4] 
   [junit4] Suite: org.apache.lucene.index.TestIndexWriterMerging
   [junit4] Completed in 9.34s, 6 tests
   [junit4] 
   [junit4] Suite: org.apache.lucene.util.fst.TestFSTs
   [junit4] IGNOR/A 0.00s | TestFSTs.testBigSet
   [junit4]    > Assumption #1: 'nightly' test group is disabled (@Nightly)
   [junit4]   2> NOTE: reproduce with: ant test  -Dtestcase=TestFSTs -Dtests.method=testRealTerms -Dtests.seed=2026960B41EC1A80 -Dtests.slow=true -Dtests.locale=cs -Dtests.timezone=Antarctica/Vostok -Dtests.file.encoding=ISO-8859-1
   [junit4] FAILURE 0.78s | TestFSTs.testRealTerms <<<
   [junit4]    > Throwable #1: java.lang.AssertionError
   [junit4]    > 	at __randomizedtesting.SeedInfo.seed([2026960B41EC1A80:3E00A486A63CEFB2]:0)
   [junit4]    > 	at org.apache.lucene.index.ByteSliceReader.readByte(ByteSliceReader.java:73)
   [junit4]    > 	at org.apache.lucene.store.DataInput.readVInt(DataInput.java:108)
   [junit4]    > 	at org.apache.lucene.index.FreqProxTermsWriterPerField.flush(FreqProxTermsWriterPerField.java:505)
   [junit4]    > 	at org.apache.lucene.index.FreqProxTermsWriter.flush(FreqProxTermsWriter.java:85)
   [junit4]    > 	at org.apache.lucene.index.TermsHash.flush(TermsHash.java:116)
   [junit4]    > 	at org.apache.lucene.index.DocInverter.flush(DocInverter.java:53)
   [junit4]    > 	at org.apache.lucene.index.DocFieldProcessor.flush(DocFieldProcessor.java:81)
   [junit4]    > 	at org.apache.lucene.index.DocumentsWriterPerThread.flush(DocumentsWriterPerThread.java:501)
   [junit4]    > 	at org.apache.lucene.index.DocumentsWriter.doFlush(DocumentsWriter.java:478)
   [junit4]    > 	at org.apache.lucene.index.DocumentsWriter.flushAllThreads(DocumentsWriter.java:615)
   [junit4]    > 	at org.apache.lucene.index.IndexWriter.getReader(IndexWriter.java:365)
   [junit4]    > 	at org.apache.lucene.index.DirectoryReader.open(DirectoryReader.java:111)
   [junit4]    > 	at org.apache.lucene.util.fst.TestFSTs.testRealTerms(TestFSTs.java:306)
   [junit4]    > 	at java.lang.Thread.run(Thread.java:724)
   [junit4]   2> NOTE: test params are: codec=Lucene42: {id=MockVariableIntBlock(baseBlockSize=78), field=MockFixedIntBlock(blockSize=1276), body=MockFixedIntBlock(blockSize=1276)}, docValues:{titleDV=DocValuesFormat(name=Disk)}, sim=DefaultSimilarity, locale=cs, timezone=Antarctica/Vostok
   [junit4]   2> NOTE: Windows 7 6.1 x86/Oracle Corporation 1.8.0-ea (32-bit)/cpus=2,threads=1,free=346050016,total=450887680
   [junit4]   2> NOTE: All tests run in this JVM: [TestMultiPhraseQuery, TestNumericRangeQuery32, TestCodecHoldsOpenFiles, TestIndexWriterCommit, TestMultiLevelSkipList, TestTermVectorsFormat, TestPayloadExplanations, TestSameTokenSamePosition, TestSizeBoundedForceMerge, TestIOUtils, TestParallelReaderEmptyIndex, TestParallelTermEnum, NonStringProperties, InBeforeClass, InAfterClass, InTestMethod, TestFieldCache, TestMockCharFilter, TestFastDecompressionMode, TestIntroSorter, TestBagOfPositions, TestDoubleBarrelLRUCache, TestTermVectors, TestAutomatonQueryUnicode, TestImpersonation, ThrowInUncaught, TestPrefixFilter, Nested, TestBytesStore, TestIntBlockPool, TestScorerPerf, TestPrefixCodedTerms, TestNeverDelete, Nested1, TestLucene40PostingsReader, TestNRTCachingDirectory, TestTermRangeQuery, TestPerFieldPostingsFormat2, TestWildcard, TestIndexWriterOutOfFileDescriptors, TestGraphTokenizers, TestTimSorter, TestFieldsReader, TestCharsRef, TestDocIdSet, TestBlockPostingsFormat2, TestIndexWriterNRTIsCurrent, TestMatchAllDocsQuery, TestForceMergeForever, TestDocTermOrds, TestPriorityQueue, TestPrefixRandom, TestSimpleExplanations, TestRegexpQuery, TestPhraseQuery, TestLucene42DocValuesFormat, TestSegmentTermEnum, TestBroadWord, TestDocTermOrdsRewriteMethod, Test2BPostings, TestFilteredSearch, TestExternalCodecs, TestThreadedForceMerge, TestOmitTf, TestCharFilter, TestNRTThreads, TestMultiTermQueryRewrites, MultiCollectorTest, TestTransactions, TestSurrogates, TestDeterminism, Nested, TestFieldCacheRewriteMethod, TestDocBoost, TestDirectoryReaderReopen, TestMultiFields, TestReusableStringReader, TestSpans, TestFileSwitchDirectory, TestBooleanQuery, TestDocumentWriter, TestCustomNorms, TestTwoPhaseCommitTool, TestNoMergeScheduler, TestStressAdvance, TestSort, TestWindowsMMap, TestPrefixInBooleanQuery, TestDocsAndPositions, TestMultiValuedNumericRangeQuery, TestRollingBuffer, TestTieredMergePolicy, TestFilteredQuery, TestReuseDocsEnum, NestedSetupChain, NestedTeardownChain, TestRecyclingByteBlockAllocator, TestSimilarityBase, TestBackwardsCompatibility3x, TestCompiledAutomaton, TestIndexWriterUnicode, TestNearSpansOrdered, TestFieldCacheRangeFilter, TestNRTReaderWithThreads, TestParallelCompositeReader, TestCloseableThreadLocal, TestPerSegmentDeletes, TestTermsEnum, TestFixedBitSet, Test4GBStoredFields, TestMinimize, TestWorstCaseTestBehavior, TestIndexWriter, TestSnapshotDeletionPolicy, TestTopDocsMerge, TestDateSort, TestLockFactory, TestLucene40StoredFieldsFormat, Nested1, TestLevenshteinAutomata, Before3, Before3, TestDocument, TestRegexpRandom2, TestCopyBytes, TestDisjunctionMaxQuery, TestDirectoryReader, TestBitVector, TestMergeSchedulerExternal, TestLock, TestTermVectorsWriter, Nested1, TestPostingsOffsets, TestSpansAdvanced, TestShardSearching, TestIndexCommit, TestPostingsFormat, TestSearchWithThreads, TestAllFilesHaveCodecHeader, TestCustomSearcherSort, TestTermRangeFilter, TestDocValuesFormat, TestSimilarity2, TestDocIdBitSet, TestNumericTokenStream, TestBinaryTerms, TestRAMDirectory, TestTopScoreDocCollector, TestAssertions, TestBooleanMinShouldMatch, TestNot, TestOmitPositions, TestWeakIdentityMap, TestRamUsageEstimator, TestOmitNorms, TestIndexSearcher, TestByteArrayDataInput, TestCachingCollector, TestTryDelete, TestFlushByRamOrCountsPolicy, TestSegmentTermDocs, TestVersionComparator, TestTransactionRollback, TestBoolean2, TestMockAnalyzer, TestStressIndexing, TestSpanExplanations, TestVirtualMethod, TestDirectory, TestHugeRamFile, TestLucene40PostingsFormat, TestWAH8DocIdSet, TestCrash, Nested, Nested, Nested, Nested, Nested, Nested, Nested, Nested, Nested, Nested, Nested, Nested, Nested, Nested, Nested, Nested, Nested, Nested, Nested, Nested, Nested, TestRecyclingIntBlockAllocator, TestFilterIterator, TestToken, TestSearchForDuplicates, TestPayloads, TestBytesRef, TestWildcardRandom, TestBackwardsCompatibility, TestStressIndexing2, TestUniqueTermCount, TestFieldCacheTermsFilter, TestIndexWriterOnDiskFull, TestCharTermAttributeImpl, TestAttributeSource, TestNumericRangeQuery64, TestPerFieldDocValuesFormat, TestIndexWriterReader, TestCompressingTermVectorsFormat, TestLucene40TermVectorsFormat, TestIndexWriterMerging, TestFSTs]
   [junit4] Completed in 6.21s, 18 tests, 1 failure, 1 skipped <<< FAILURES!
   [junit4] 
   [junit4] Suite: org.apache.lucene.util.packed.TestPackedInts
   [junit4] IGNOR/A 0.00s | TestPackedInts.testBlockReaderOverflow
   [junit4]    > Assumption #1: 'nightly' test group is disabled (@Nightly)
   [junit4] Completed in 19.68s, 27 tests, 3 skipped
   [junit4] 
   [junit4] Suite: org.apache.lucene.index.TestIndexWriterWithThreads
   [junit4] Completed in 6.54s, 12 tests
   [junit4] 
   [junit4] Suite: org.apache.lucene.analysis.TestLookaheadTokenFilter
   [junit4] Completed in 4.91s, 2 tests
   [junit4] 
   [junit4] Suite: org.apache.lucene.index.TestAddIndexes
   [junit4] Completed in 3.74s, 22 tests
   [junit4] 
   [junit4] Suite: org.apache.lucene.index.TestIndexWriterExceptions
   [junit4] Completed in 6.43s, 26 tests
   [junit4] 
   [junit4] Suite: org.apache.lucene.codecs.lucene41.TestBlockPostingsFormat3
   [junit4] Completed in 8.39s, 1 test
   [junit4] 
   [junit4] Suite: org.apache.lucene.store.TestMultiMMap
   [junit4] Completed in 8.13s, 11 tests
   [junit4] 
   [junit4] Suite: org.apache.lucene.search.TestSearcherManager
   [junit4] Completed in 2.69s, 7 tests
   [junit4] 
   [junit4] Suite: org.apache.lucene.index.TestDeletionPolicy
   [junit4] Completed in 3.80s, 6 tests
   [junit4] 
   [junit4] Suite: org.apache.lucene.search.TestBooleanOr
   [junit4] Completed in 0.40s, 6 tests
   [junit4] 
   [junit4] Suite: org.apache.lucene.search.spans.TestBasics
   [junit4] Completed in 21.43s, 28 tests
   [junit4] 
   [junit4] Suite: org.apache.lucene.search.TestSloppyPhraseQuery
   [junit4] Completed in 3.59s, 9 tests
   [junit4] 
   [junit4] Suite: org.apache.lucene.index.TestIndexWriterDelete
   [junit4] IGNOR/A 0.01s | TestIndexWriterDelete.testApplyDeletesOnFlush
   [junit4]    > Assumption #1: 'nightly' test group is disabled (@Nightly)
   [junit4] Completed in 3.14s, 22 tests, 1 skipped
   [junit4] 
   [junit4] Suite: org.apache.lucene.codecs.lucene40.TestLucene40DocValuesFormat
   [junit4] IGNOR/A 0.00s | TestLucene40DocValuesFormat.testSortedSetVariableLengthVsStoredFields
   [junit4]    > Assumption #1: Codec does not support SORTED_SET
   [junit4] IGNOR/A 0.00s | TestLucene40DocValuesFormat.testSortedSetFixedLengthVsUninvertedField
   [junit4]    > Assumption #1: Codec does not support SORTED_SET
   [junit4] IGNOR/A 0.01s | TestLucene40DocValuesFormat.testSortedSetTwoDocumentsMerged
   [junit4]    > Assumption #1: Codec does not support SORTED_SET
   [junit4] IGNOR/A 0.00s | TestLucene40DocValuesFormat.testSortedSetTwoValuesUnordered
   [junit4]    > Assumption #1: Codec does not support SORTED_SET
   [junit4] IGNOR/A 0.00s | TestLucene40DocValuesFormat.testSortedSetTwoDocumentsFirstMissing
   [junit4]    > Assumption #1: Codec does not support SORTED_SET
   [junit4] IGNOR/A 0.00s | TestLucene40DocValuesFormat.testSortedSetOneValue
   [junit4]    > Assumption #1: Codec does not support SORTED_SET
   [junit4] IGNOR/A 0.01s | TestLucene40DocValuesFormat.testSortedSetTwoDocumentsLastMissing
   [junit4]    > Assumption #1: Codec does not support SORTED_SET
   [junit4] IGNOR/A 0.00s | TestLucene40DocValuesFormat.testSortedSetTwoValues
   [junit4]    > Assumption #1: Codec does not support SORTED_SET
   [junit4] IGNOR/A 0.00s | TestLucene40DocValuesFormat.testSortedSetVariableLengthVsUninvertedField
   [junit4]    > Assumption #1: Codec does not support SORTED_SET
   [junit4] IGNOR/A 0.01s | TestLucene40DocValuesFormat.testSortedSetTwoDocumentsFirstMissingMerge
   [junit4]    > Assumption #1: Codec does not support SORTED_SET
   [junit4] IGNOR/A 0.01s | TestLucene40DocValuesFormat.testSortedSetThreeValuesTwoDocs
   [junit4]    > Assumption #1: Codec does not support SORTED_SET
   [junit4] IGNOR/A 0.00s | TestLucene40DocValuesFormat.testSortedSetTwoFields
   [junit4]    > Assumption #1: Codec does not support SORTED_SET
   [junit4] IGNOR/A 0.01s | TestLucene40DocValuesFormat.testSortedSetMergeAwayAllValues
   [junit4]    > Assumption #1: Codec does not support SORTED_SET
   [junit4] IGNOR/A 0.00s | TestLucene40DocValuesFormat.testSortedSetTermsEnum
   [junit4]    > Assumption #1: Codec does not support SORTED_SET
   [junit4] IGNOR/A 0.01s | TestLucene40DocValuesFormat.testSortedSetTwoDocumentsLastMissingMerge
   [junit4]    > Assumption #1: Codec does not support SORTED_SET
   [junit4] IGNOR/A 0.00s | TestLucene40DocValuesFormat.testSortedSetFixedLengthVsStoredFields
   [junit4]    > Assumption #1: Codec does not support SORTED_SET
   [junit4] Completed in 1.94s, 59 tests, 16 skipped
   [junit4] 
   [junit4] Suite: org.apache.lucene.index.TestIndexWriterMergePolicy
   [junit4] Completed in 3.66s, 7 tests
   [junit4] 
   [junit4] Suite: org.apache.lucene.index.TestDuelingCodecs
   [junit4] Completed in 5.15s, 1 test
   [junit4] 
   [junit4] Suite: org.apache.lucene.index.TestPersistentSnapshotDeletionPolicy
   [junit4] Completed in 1.66s, 13 tests
   [junit4] 
   [junit4] Suite: org.apache.lucene.index.TestAtomicUpdate
   [junit4] Completed in 3.25s, 1 test
   [junit4] 
   [junit4] Suite: org.apache.lucene.index.TestNorms
   [junit4] Completed in 0.79s, 2 tests
   [junit4] 
   [junit4] Suite: org.apache.lucene.search.TestTimeLimitingCollector
   [junit4] Completed in 3.93s, 6 tests
   [junit4] 
   [junit4] Suite: org.apache.lucene.search.TestSearchAfter
   [junit4] Completed in 4.85s, 1 test
   [junit4] 
   [junit4] Suite: org.apache.lucene.index.TestConcurrentMergeScheduler
   [junit4] Completed in 3.97s, 6 tests
   [junit4] 
   [junit4] Suite: org.apache.lucene.codecs.compressing.TestHighCompressionMode
   [junit4] Completed in 0.51s, 5 tests
   [junit4] 
   [junit4] Suite: org.apache.lucene.util.TestOpenBitSet
   [junit4] Completed in 4.81s, 8 tests
   [junit4] 
   [junit4] Suite: org.apache.lucene.index.TestDocumentsWriterStallControl
   [junit4] Completed in 1.43s, 3 tests
   [junit4] 
   [junit4] Suite: org.apache.lucene.index.TestCompoundFile
   [junit4] Completed in 2.78s, 18 tests
   [junit4] 
   [junit4] Suite: org.apache.lucene.index.TestLongPostings
   [junit4] Completed in 2.31s, 2 tests
   [junit4] 
   [junit4] Suite: org.apache.lucene.index.TestRollingUpdates
   [junit4] Completed in 0.80s, 2 tests
   [junit4] 
   [junit4] Suite: org.apache.lucene.index.TestIndexWriterForceMerge
   [junit4] Completed in 1.72s, 4 tests
   [junit4] 
   [junit4] Suite: org.apache.lucene.codecs.perfield.TestPerFieldPostingsFormat
   [junit4] Completed in 3.63s, 7 tests
   [junit4] 
   [junit4] Suite: org.apache.lucene.util.TestArrayUtil
   [junit4] Completed in 1.45s, 11 tests
   [junit4] 
   [junit4] Suite: org.apache.lucene.index.TestByteSlices
   [junit4] Completed in 2.19s, 1 test
   [junit4] 
   [junit4] Suite: org.apache.lucene.store.TestBufferedIndexInput
   [junit4] Completed in 0.38s, 4 tests
   [junit4] 
   [junit4] Suite: org.apache.lucene.index.TestConsistentFieldNumbers
   [junit4] Completed in 1.05s, 4 tests
   [junit4] 
   [junit4] Suite: org.apache.lucene.search.TestDocTermOrdsRangeFilter
   [junit4] Completed in 0.66s, 1 test
   [junit4] 
   [junit4] Suite: org.apache.lucene.codecs.compressing.TestCompressingStoredFieldsFormat
   [junit4] IGNOR/A 0.00s | TestCompressingStoredFieldsFormat.testBigDocuments
   [junit4]    > Assumption #1: 'nightly' test group is disabled (@Nightly)
   [junit4] Completed in 2.03s, 11 tests, 1 skipped
   [junit4] 
   [junit4] Suite: org.apache.lucene.index.TestSegmentMerger
   [junit4] Completed in 0.75s, 3 tests
   [junit4] 
   [junit4] Suite: org.apache.lucene.util.TestCollectionUtil
   [junit4] Completed in 4.65s, 4 tests
   [junit4] 
   [junit4] Suite: org.apache.lucene.search.TestComplexExplanations
   [junit4] Completed in 1.08s, 22 tests
   [junit4] 
   [junit4] Suite: org.apache.lucene.index.TestSegmentReader
   [junit4] Completed in 0.95s, 7 tests
   [junit4] 
   [junit4] Suite: org.apache.lucene.util.TestPagedBytes
   [junit4] Completed in 4.45s, 2 tests, 1 skipped
   [junit4] 
   [junit4] Suite: org.apache.lucene.search.TestMultiThreadTermVectors
   [junit4] Completed in 0.48s, 1 test
   [junit4] 
   [junit4] Suite: org.apache.lucene.codecs.lucene41.TestBlockPostingsFormat
   [junit4] Completed in 0.96s, 7 tests
   [junit4] 
   [junit4] Suite: org.apache.lucene.index.TestMultiDocValues
   [junit4] IGNOR/A 0.00s | TestMultiDocValues.testSortedSet
   [junit4]    > Assumption #1: codec does not support SORTED_SET
   [junit4] IGNOR/A 0.00s | TestMultiDocValues.testSortedSetWithDups
   [junit4]    > Assumption #1: codec does not support SORTED_SET
   [junit4] Completed in 0.56s, 6 tests, 2 skipped
   [junit4] 
   [junit4] Suite: org.apache.lucene.util.TestFieldCacheSanityChecker
   [junit4] Completed in 0.56s, 3 tests
   [junit4] 
   [junit4] Suite: org.apache.lucene.search.TestSimpleSearchEquivalence
   [junit4] Completed in 0.22s, 12 tests
   [junit4] 
   [junit4] Suite: org.apache.lucene.index.TestDocValuesIndexing
   [junit4] Completed in 0.48s, 30 tests
   [junit4] 
   [junit4] Suite: org.apache.lucene.search.payloads.TestPayloadTermQuery
   [junit4] Completed in 0.40s, 6 tests
   [junit4] 
   [junit4] Suite: org.apache.lucene.index.TestTermsEnum2
   [junit4] Completed in 0.32s, 4 tests
   [junit4] 
   [junit4] Suite: org.apache.lucene.util.TestNumericUtils
   [junit4] Completed in 1.57s, 12 tests
   [junit4] 
   [junit4] Suite: org.apache.lucene.util.automaton.TestDeterminizeLexicon
   [junit4] Completed in 0.82s, 1 test
   [junit4] 
   [junit4] Suite: org.apache.lucene.index.Test2BDocs
   [junit4] Completed in 0.76s, 2 tests
   [junit4] 
   [junit4] Suite: org.apache.lucene.index.TestMixedCodecs
   [junit4] Completed in 0.45s, 1 test
   [junit4] 
   [junit4] Suite: org.apache.lucene.search.spans.TestPayloadSpans
   [junit4] Completed in 1.00s, 10 tests
   [junit4] 
   [junit4] Suite: org.apache.lucene.index.TestFlex
   [junit4] Completed in 0.12s, 2 tests
   [junit4] 
   [junit4] Suite: org.apache.lucene.util.automaton.TestUTF32ToUTF8
   [junit4] Completed in 0.98s, 5 tests
   [junit4] 
   [junit4] Suite: org.apache.lucene.search.TestSortDocValues
   [junit4] Completed in 0.35s, 19 tests
   [junit4] 
   [junit4] Suite: org.apache.lucene.codecs.compressing.TestFastCompressionMode
   [junit4] Completed in 0.46s, 8 tests
   [junit4] 
   [junit4] Suite: org.apache.lucene.util.TestMaxFailuresRule
   [junit4] Completed in 1.11s, 1 test
   [junit4] 
   [junit4] Suite: org.apache.lucene.index.TestLazyProxSkipping
   [junit4] Completed in 0.48s, 2 tests
   [junit4] 
   [junit4] Suite: org.apache.lucene.util.TestRamUsageEstimatorOnWildAnimals
   [junit4] Completed in 0.72s, 1 test
   [junit4] 
   [junit4] Suite: org.apache.lucene.index.TestBagOfPostings
   [junit4] Completed in 0.80s, 1 test
   [junit4] 
   [junit4] Suite: org.apache.lucene.index.TestCodecs
   [junit4] Completed in 0.37s, 4 tests
   [junit4] 
   [junit4] Suite: org.apache.lucene.index.TestParallelAtomicReader
   [junit4] Completed in 0.29s, 7 tests
   [junit4] 
   [junit4] Suite: org.apache.lucene.util.TestBytesRefHash
   [junit4] Completed in 0.88s, 8 tests
   [junit4] 
   [junit4] Suite: org.apache.lucene.index.TestStressNRT
   [junit4] Completed in 0.34s, 1 test
   [junit4] 
   [junit4] Suite: org.apache.lucene.index.TestIndexInput
   [junit4] Completed in 0.41s, 3 tests
   [junit4] 
   [junit4] Suite: org.apache.lucene.search.TestSloppyPhraseQuery2
   [junit4] Completed in 0.45s, 9 tests
   [junit4] 
   [junit4] Suite: org.apache.lucene.util.automaton.TestSpecialOperations
   [junit4] Completed in 0.07s, 2 tests
   [junit4] 
   [junit4] Suite: org.apache.lucene.search.TestSameScoresWithThreads
   [junit4] Completed in 0.43s, 1 test
   [junit4] 
   [junit4] Suite: org.apache.lucene.search.TestQueryWrapperFilter
   [junit4] Completed in 0.72s, 3 tests
   [junit4] 
   [junit4] Suite: org.apache.lucene.index.TestDocumentsWriterDeleteQueue
   [junit4] Completed in 0.13s, 5 tests
   [junit4] 
   [junit4] Suite: org.apache.lucene.search.payloads.TestPayloadNearQuery
   [junit4] Completed in 0.32s, 7 tests
   [junit4] 
   [junit4] Suite: org.apache.lucene.index.TestCrashCausesCorruptIndex
   [junit4] Completed in 0.25s, 1 test
   [junit4] 
   [junit4] Suite: org.apache.lucene.search.TestMultiTermConstantScore
   [junit4] Completed in 0.13s, 7 tests
   [junit4] 
   [junit4] Suite: org.apache.lucene.search.TestLiveFieldValues
   [junit4] Completed in 0.97s, 1 test
   [junit4] 
   [junit4] Suite: org.apache.lucene.index.TestForTooMuchCloning
   [junit4] Completed in 0.20s, 1 test
   [junit4] 
   [junit4] Suite: org.apache.lucene.search.spans.TestSpanSearchEquivalence
   [junit4] Completed in 0.43s, 8 tests
   [junit4] 
   [junit4] Suite: org.apache.lucene.search.TestFuzzyQuery
   [junit4] Completed in 0.24s, 6 tests
   [junit4] 
   [junit4] Suite: org.apache.lucene.index.TestDoc
   [junit4] Completed in 0.61s, 1 test
   [junit4] 
   [junit4] Suite: org.apache.lucene.search.spans.TestFieldMaskingSpanQuery
   [junit4] Completed in 1.68s, 11 tests
   [junit4] 
   [junit4] Suite: org.apache.lucene.index.TestNoDeletionPolicy
   [junit4] Completed in 0.13s, 4 tests
   [junit4] 
   [junit4] Suite: org.apache.lucene.search.TestSimpleExplanationsOfNonMatches
   [junit4] Completed in 0.37s, 69 tests
   [junit4] 
   [junit4] Suite: org.apache.lucene.index.TestTermVectorsReader
   [junit4] Completed in 0.30s, 6 tests
   [junit4] 
   [junit4] Suite: org.apache.lucene.search.spans.TestSpansAdvanced2
   [junit4] Completed in 0.20s, 4 tests
   [junit4] 
   [junit4] Suite: org.apache.lucene.search.TestTopDocsCollector
   [junit4] Completed in 0.19s, 8 tests
   [junit4] 
   [junit4] Suite: org.apache.lucene.search.TestComplexExplanationsOfNonMatches
   [junit4] Completed in 0.12s, 22 tests
   [junit4] 
   [junit4] Suite: org.apache.lucene.util.TestUnicodeUtil
   [junit4] Completed in 0.38s, 4 tests
   [junit4] 
   [junit4] Suite: org.apache.lucene.util.automaton.TestBasicOperations
   [junit4] Completed in 0.27s, 8 tests
   [junit4] 
   [junit4] Suite: org.apache.lucene.search.TestSortRandom
   [junit4] Completed in 0.21s, 1 test
   [junit4] 
   [junit4] Suite: org.apache.lucene.search.TestAutomatonQuery
   [junit4] Completed in 0.24s, 6 tests
   [junit4] 
   [junit4] Suite: org.apache.lucene.codecs.lucene41.TestForUtil
   [junit4] Completed in 0.04s, 1 test
   [junit4] 
   [junit4] Suite: org.apache.lucene.index.TestMaxTermFrequency
   [junit4] Completed in 0.21s, 1 test
   [junit4] 
   [junit4] Suite: org.apache.lucene.search.TestTermScorer
   [junit4] Completed in 0.08s, 3 tests
   [junit4] 
   [junit4] Suite: org.apache.lucene.search.TestTopFieldCollector
   [junit4] Completed in 0.14s, 8 tests
   [junit4] 
   [junit4] Suite: org.apache.lucene.index.TestSumDocFreq
   [junit4] Completed in 0.12s, 1 test
   [junit4] 
   [junit4] Suite: org.apache.lucene.index.TestIndexableField
   [junit4] Completed in 0.43s, 1 test
   [junit4] 
   [junit4] Suite: org.apache.lucene.search.TestDocValuesScoring
   [junit4] Completed in 0.09s, 1 test
   [junit4] 
   [junit4] Suite: org.apache.lucene.util.TestSentinelIntSet
   [junit4] Completed in 0.22s, 2 tests
   [junit4] 
   [junit4] Suite: org.apache.lucene.search.TestRegexpRandom
   [junit4] Completed in 0.14s, 1 test
   [junit4] 
   [junit4] Suite: org.apache.lucene.index.TestCheckIndex
   [junit4] Completed in 0.04s, 3 tests
   [junit4] 
   [junit4] Suite: org.apache.lucene.index.TestPayloadsOnVectors
   [junit4] Completed in 0.03s, 3 tests
   [junit4] 
   [junit4] Suite: org.apache.lucene.search.TestCachingWrapperFilter
   [junit4] Completed in 0.05s, 5 tests
   [junit4] 
   [junit4] Suite: org.apache.lucene.util.junitcompat.TestExceptionInBeforeClassHooks
   [junit4] Completed in 0.21s, 3 tests
   [junit4] 
   [junit4] Suite: org.apache.lucene.search.TestFieldValueFilter
   [junit4] Completed in 0.05s, 2 tests
   [junit4] 
   [junit4] Suite: org.apache.lucene.search.spans.TestSpanMultiTermQueryWrapper
   [junit4] Completed in 0.09s, 4 tests
   [junit4] 
   [junit4] Suite: org.apache.lucene.search.TestBooleanQueryVisitSubscorers
   [junit4] Completed in 0.05s, 3 tests
   [junit4] 
   [junit4] Suite: org.apache.lucene.index.TestIndexFileDeleter
   [junit4] Completed in 0.20s, 1 test
   [junit4] 
   [junit4] Suite: org.apache.lucene.search.TestConstantScoreQuery
   [junit4] Completed in 0.03s, 3 tests
   [junit4] 
   [junit4] Suite: org.apache.lucene.search.TestPrefixQuery
   [junit4] Completed in 0.03s, 1 test
   [junit4] 
   [junit4] Suite: org.apache.lucene.index.TestDocValuesWithThreads
   [junit4] Completed in 0.18s, 2 tests
   [junit4] 
   [junit4] Suite: org.apache.lucene.search.TestElevationComparator
   [junit4] Completed in 0.08s, 1 test
   [junit4] 
   [junit4] Suite: org.apache.lucene.search.TestSubScorerFreqs
   [junit4] Completed in 0.03s, 3 tests
   [junit4] 
   [junit4] Suite: org.apache.lucene.index.TestIndexWriterConfig
   [junit4] Completed in 0.10s, 9 tests
   [junit4] 
   [junit4] Suite: org.apache.lucene.search.TestConjunctions
   [junit4] Completed in 0.02s, 1 test
   [junit4] 
   [junit4] Suite: org.apache.lucene.search.TestPositionIncrement
   [junit4] Completed in 0.04s, 2 tests
   [junit4] 
   [junit4] Suite: org.apache.lucene.util.junitcompat.TestSameRandomnessLocalePassedOrNot
   [junit4] Completed in 0.09s, 1 test
   [junit4] 
   [junit4] Suite: org.apache.lucene.document.TestField
   [junit4] Completed in 0.07s, 18 tests
   [junit4] 
   [junit4] Suite: org.apache.lucene.search.TestSimilarity
   [junit4] Completed in 0.02s, 1 test
   [junit4] 
   [junit4] Suite: org.apache.lucene.util.TestIdentityHashSet
   [junit4] Completed in 0.18s, 1 test
   [junit4] 
   [junit4] Suite: org.apache.lucene.search.spans.TestSpanExplanationsOfNonMatches
   [junit4] Completed in 0.12s, 31 tests
   [junit4] 
   [junit4] Suite: org.apache.lucene.util.TestSmallFloat
   [junit4] Completed in 0.13s, 2 tests
   [junit4] 
   [junit4] Suite: org.apache.lucene.search.TestSimilarityProvider
   [junit4] Completed in 0.03s, 1 test
   [junit4] 
   [junit4] Suite: org.apache.lucene.util.TestSetOnce
   [junit4] Completed in 0.04s, 4 tests
   [junit4] 
   [junit4] Suite: org.apache.lucene.index.TestFilterAtomicReader
   [junit4] Completed in 0.09s, 2 tests
   [junit4] 
   [junit4] Suite: org.apache.lucene.TestSearch
   [junit4] Completed in 0.05s, 2 tests
   [junit4] 
   [junit4] Suite: org.apache.lucene.analysis.TestCachingTokenFilter
   [junit4] Completed in 0.02s, 1 test
   [junit4] 
   [junit4] Suite: org.apache.lucene.search.TestDateFilter
   [junit4] Completed in 0.03s, 2 tests
   [junit4] 
   [junit4] Suite: org.apache.lucene.document.TestDateTools
   [junit4] Completed in 0.04s, 5 tests
   [junit4] 
   [junit4] Suite: org.apache.lucene.index.TestDocCount
   [junit4] Completed in 0.12s, 1 test
   [junit4] 
   [junit4] Suite: org.apache.lucene.document.TestBinaryDocument
   [junit4] Completed in 0.03s, 2 tests
   [junit4] 
   [junit4] Suite: org.apache.lucene.search.TestTotalHitCountCollector
   [junit4] Completed in 0.02s, 1 test
   [junit4] 
   [junit4] Suite: org.apache.lucene.search.TestBooleanScorer
   [junit4] Completed in 0.09s, 3 tests
   [junit4] 
   [junit4] Suite: org.apache.lucene.store.TestMockDirectoryWrapper
   [junit4] Completed in 0.03s, 3 tests
   [junit4] 
   [junit4] Suite: org.apache.lucene.search.spans.TestSpanFirstQuery
   [junit4] Completed in 0.04s, 1 test
   [junit4] 
   [junit4] Suite: org.apache.lucene.index.TestIsCurrent
   [junit4] Completed in 0.03s, 2 tests
   [junit4] 
   [junit4] Suite: org.apache.lucene.index.TestNoMergePolicy
   [junit4] Completed in 0.02s, 4 tests
   [junit4] 
   [junit4] Suite: org.apache.lucene.util.TestNamedSPILoader
   [junit4] Completed in 0.03s, 3 tests
   [junit4] 
   [junit4] Suite: org.apache.lucene.index.TestIndexWriterLockRelease
   [junit4] Completed in 0.02s, 1 test
   [junit4] 
   [junit4] Suite: org.apache.lucene.search.TestPhrasePrefixQuery
   [junit4] Completed in 0.02s, 1 test
   [junit4] 
   [junit4] Suite: org.apache.lucene.util.TestByteBlockPool
   [junit4] Completed in 0.02s, 1 test
   [junit4] 
   [junit4] Suite: org.apache.lucene.util.junitcompat.TestLeaveFilesIfTestFails
   [junit4] Completed in 0.02s, 1 test
   [junit4] 
   [junit4] Suite: org.apache.lucene.TestDemo
   [junit4] Completed in 0.03s, 1 test
   [junit4] 
   [junit4] Suite: org.apache.lucene.index.TestRollback
   [junit4] Completed in 0.11s, 1 test
   [junit4] 
   [junit4] Suite: org.apache.lucene.index.TestFieldInfos
   [junit4] Completed in 0.01s, 2 tests
   [junit4] 
   [junit4] Suite: org.apache.lucene.search.TestExplanations
   [junit4] Completed in 0.06s, 1 test
   [junit4] 
   [junit4] Suite: org.apache.lucene.index.TestIndexWriterOnJRECrash
   [junit4] IGNOR/A 0.00s | TestIndexWriterOnJRECrash.testNRTThreads
   [junit4]    > Assumption #1: 'nightly' test group is disabled (@Nightly)
   [junit4] Completed in 0.02s, 1 test, 1 skipped
   [junit4] 
   [junit4] Suite: org.apache.lucene.util.TestVersion
   [junit4] Completed in 0.02s, 3 tests
   [junit4] 
   [junit4] Suite: org.apache.lucene.util.junitcompat.TestCodecReported
   [junit4] Completed in 0.05s, 1 test
   [junit4] 
   [junit4] Suite: org.apache.lucene.index.TestReaderClosed
   [junit4] Completed in 0.03s, 2 tests
   [junit4] 
   [junit4] Suite: org.apache.lucene.search.TestNGramPhraseQuery
   [junit4] Completed in 0.05s, 1 test
   [junit4] 
   [junit4] Suite: org.apache.lucene.search.TestScoreCachingWrappingScorer
   [junit4] Completed in 0.02s, 1 test
   [junit4] 
   [junit4] Suite: org.apache.lucene.util.TestIntsRef
   [junit4] Completed in 0.02s, 2 tests
   [junit4] 
   [junit4] Suite: org.apache.lucene.analysis.tokenattributes.TestSimpleAttributeImpl
   [junit4] Completed in 0.02s, 1 test
   [junit4] 
   [junit4] Suite: org.apache.lucene.index.TestTermdocPerf
   [junit4] Completed in 0.01s, 1 test
   [junit4] 
   [junit4] Suite: org.apache.lucene.index.Test2BPositions
   [junit4] Completed in 0.02s, 1 test, 1 skipped
   [junit4] 
   [junit4] Suite: org.apache.lucene.index.TestTerm
   [junit4] Completed in 0.01s, 1 test
   [junit4] 
   [junit4] Suite: org.apache.lucene.index.Test2BPostingsBytes
   [junit4] Completed in 0.01s, 1 test, 1 skipped
   [junit4] 
   [junit4] Suite: org.apache.lucene.search.TestPositiveScoresOnlyCollector
   [junit4] Completed in 0.01s, 1 test
   [junit4] 
   [junit4] Suite: org.apache.lucene.index.Test2BTerms
   [junit4] Completed in 0.01s, 1 test, 1 skipped
   [junit4] 
   [junit4] Suite: org.apache.lucene.index.TestNewestSegment
   [junit4] Completed in 0.02s, 1 test
   [junit4] 
   [junit4] Suite: org.apache.lucene.index.Test2BNumericDocValues
   [junit4] Completed in 0.00s, 0 tests
   [junit4] 
   [junit4] Suite: org.apache.lucene.index.Test2BSortedDocValues
   [junit4] Completed in 0.00s, 0 tests
   [junit4] 
   [junit4] Suite: org.apache.lucene.util.Test2BPagedBytes
   [junit4] Completed in 0.00s, 0 tests
   [junit4] 
   [junit4] Suite: org.apache.lucene.codecs.lucene3x.TestLucene3xPostingsFormat
   [junit4] Completed in 0.86s, 7 tests
   [junit4] 
   [junit4] Suite: org.apache.lucene.codecs.lucene3x.TestLucene3xStoredFieldsFormat
   [junit4] IGNOR/A 0.00s | TestLucene3xStoredFieldsFormat.testBigDocuments
   [junit4]    > Assumption #1: 'nightly' test group is disabled (@Nightly)
   [junit4] IGNOR/A 0.01s | TestLucene3xStoredFieldsFormat.testWriteReadMerge
   [junit4]    > Assumption #1: impersonation isnt good enough
   [junit4] Completed in 19.16s, 10 tests, 2 skipped
   [junit4] 
   [junit4] Suite: org.apache.lucene.codecs.lucene3x.TestLucene3xTermVectorsFormat
   [junit4] Completed in 3.47s, 7 tests
   [junit4] 
   [junit4] Suite: org.apache.lucene.codecs.lucene3x.TestTermInfosReaderIndex
   [junit4] Completed in 0.46s, 3 tests
   [junit4] 
   [junit4] Suite: org.apache.lucene.codecs.lucene41.TestLucene41StoredFieldsFormat
   [junit4] IGNOR/A 0.01s | TestLucene41StoredFieldsFormat.testBigDocuments
   [junit4]    > Assumption #1: 'nightly' test group is disabled (@Nightly)
   [junit4] Completed in 2.05s, 10 tests, 1 skipped
   [junit4] 
   [junit4] Suite: org.apache.lucene.index.TestStoredFieldsFormat
   [junit4] IGNOR/A 0.01s | TestStoredFieldsFormat.testWriteReadMerge
   [junit4]    > Assumption #1: impersonation isnt good enough
   [junit4] IGNOR/A 0.00s | TestStoredFieldsFormat.testBigDocuments
   [junit4]    > Assumption #1: 'nightly' test group is disabled (@Nightly)
   [junit4] Completed in 20.38s, 10 tests, 2 skipped
   [junit4] 
   [junit4] Suite: org.apache.lucene.search.TestControlledRealTimeReopenThread
   [junit4] Completed in 1.84s, 4 tests
   [junit4] 
   [junit4] Suite: org.apache.lucene.search.TestEarlyTermination
   [junit4] Completed in 0.04s, 1 test
   [junit4] 
   [junit4] Suite: org.apache.lucene.search.TestMinShouldMatch2
   [junit4] Completed in 5.60s, 6 tests
   [junit4] 
   [junit4] Suite: org.apache.lucene.store.TestRateLimiter
   [junit4] Completed in 1.06s, 1 test
   [junit4] 
   [junit4] Suite: org.apache.lucene.util.TestInPlaceMergeSorter
   [junit4] Completed in 0.16s, 9 tests
   [junit4] 
   [junit4] Suite: org.apache.lucene.util.TestIndexableBinaryStringTools
   [junit4] Completed in 0.25s, 5 tests
   [junit4] 
   [junit4] Suite: org.apache.lucene.util.TestMathUtil
   [junit4] Completed in 0.03s, 2 tests
   [junit4] 
   [junit4] Suite: org.apache.lucene.util.packed.TestEliasFanoDocIdSet
   [junit4] Completed in 0.51s, 4 tests
   [junit4] 
   [junit4] Suite: org.apache.lucene.util.packed.TestEliasFanoSequence
   [junit4] Completed in 1.91s, 13 tests
   [junit4] 
   [junit4] 
   [junit4] Tests with failures:
   [junit4]   - org.apache.lucene.util.fst.TestFSTs.testRealTerms
   [junit4] 
   [junit4] 
   [junit4] JVM J0:     1.77 ..   563.94 =   562.16s
   [junit4] Execution time total: 9 minutes 23 seconds
   [junit4] Tests summary: 371 suites, 2382 tests, 1 failure, 67 ignored (54 assumptions)

BUILD FAILED
C:\Users\JenkinsSlave\workspace\Lucene-Solr-4.x-Windows\build.xml:395: The following error occurred while executing this line:
C:\Users\JenkinsSlave\workspace\Lucene-Solr-4.x-Windows\build.xml:375: The following error occurred while executing this line:
C:\Users\JenkinsSlave\workspace\Lucene-Solr-4.x-Windows\build.xml:39: The following error occurred while executing this line:
C:\Users\JenkinsSlave\workspace\Lucene-Solr-4.x-Windows\lucene\build.xml:49: The following error occurred while executing this line:
C:\Users\JenkinsSlave\workspace\Lucene-Solr-4.x-Windows\lucene\common-build.xml:1233: The following error occurred while executing this line:
C:\Users\JenkinsSlave\workspace\Lucene-Solr-4.x-Windows\lucene\common-build.xml:876: There were test failures: 371 suites, 2382 tests, 1 failure, 67 ignored (54 assumptions)

Total time: 9 minutes 51 seconds
Build step 'Invoke Ant' marked build as failure
Description set: Java: 32bit/jdk1.8.0-ea-b102 -server -XX:+UseG1GC
Archiving artifacts
Recording test results
Email was triggered for: Failure
Sending email for trigger: Failure
Sending email to: dev@lucene.apache.org hossman@apache.org erick@apache.org yonik@apache.org
Executing pre-send script
[Email-ext] Notification email body length: 12756
Triggering a new build of Lucene-Solr-trunk-MacOSX #729
Finished: FAILURE
