Started by upstream project "Lucene-Solr-4.x-Windows" build number 3181
originally caused by:
 Started by upstream project "Lucene-Solr-trunk-Windows" build number 3254
 originally caused by:
  Started by upstream project "Lucene-Solr-4.x-MacOSX" build number 798
  originally caused by:
   Started by upstream project "Lucene-Solr-trunk-MacOSX" build number 821
   originally caused by:
    Started by upstream project "Lucene-Solr-4.x-Windows" build number 3180
    originally caused by:
     Started by upstream project "Lucene-Solr-trunk-Windows" build number 3253
     originally caused by:
      [ScriptTrigger] Groovy Expression evaluation to true. (log)
[EnvInject] - Loading node environment variables.
[EnvInject] - Preparing an environment for the build.
[EnvInject] - Keeping Jenkins system variables.
[EnvInject] - Keeping Jenkins build variables.
[EnvInject] - Evaluation the following Groovy script content: 
return evaluate(new java.io.File(JENKINS_HOME, "scripts/macosx-random-java7.groovy"))

Using Java: 64bit/jdk1.7.0 -XX:-UseCompressedOops -XX:+UseParallelGC
[EnvInject] - Injecting contributions.
Building remotely on MacOSX VBOX in workspace /Users/jenkins/workspace/Lucene-Solr-trunk-MacOSX
Cleaning up /Users/jenkins/workspace/Lucene-Solr-trunk-MacOSX/.
Deleting /Users/jenkins/workspace/Lucene-Solr-trunk-MacOSX/.caches
Deleting /Users/jenkins/workspace/Lucene-Solr-trunk-MacOSX/lucene/build
Deleting /Users/jenkins/workspace/Lucene-Solr-trunk-MacOSX/lucene/test-framework/lib/ant-1.8.2.jar
Deleting /Users/jenkins/workspace/Lucene-Solr-trunk-MacOSX/lucene/test-framework/lib/junit-4.10.jar
Deleting /Users/jenkins/workspace/Lucene-Solr-trunk-MacOSX/lucene/test-framework/lib/junit4-ant-2.0.10.jar
Deleting /Users/jenkins/workspace/Lucene-Solr-trunk-MacOSX/lucene/test-framework/lib/randomizedtesting-runner-2.0.10.jar
Deleting /Users/jenkins/workspace/Lucene-Solr-trunk-MacOSX/lucene/spatial/lib/spatial4j-0.3.jar
Deleting /Users/jenkins/workspace/Lucene-Solr-trunk-MacOSX/lucene/sandbox/lib/jakarta-regexp-1.4.jar
Deleting /Users/jenkins/workspace/Lucene-Solr-trunk-MacOSX/lucene/analysis/phonetic/lib/commons-codec-1.7.jar
Deleting /Users/jenkins/workspace/Lucene-Solr-trunk-MacOSX/lucene/analysis/uima/lib/Tagger-2.3.1.jar
Deleting /Users/jenkins/workspace/Lucene-Solr-trunk-MacOSX/lucene/analysis/uima/lib/WhitespaceTokenizer-2.3.1.jar
Deleting /Users/jenkins/workspace/Lucene-Solr-trunk-MacOSX/lucene/analysis/uima/lib/uimaj-core-2.3.1.jar
Deleting /Users/jenkins/workspace/Lucene-Solr-trunk-MacOSX/lucene/analysis/icu/lib/icu4j-49.1.jar
Deleting /Users/jenkins/workspace/Lucene-Solr-trunk-MacOSX/lucene/analysis/morfologik/lib/morfologik-fsa-1.7.1.jar
Deleting /Users/jenkins/workspace/Lucene-Solr-trunk-MacOSX/lucene/analysis/morfologik/lib/morfologik-polish-1.7.1.jar
Deleting /Users/jenkins/workspace/Lucene-Solr-trunk-MacOSX/lucene/analysis/morfologik/lib/morfologik-stemming-1.7.1.jar
Deleting /Users/jenkins/workspace/Lucene-Solr-trunk-MacOSX/lucene/replicator/lib/commons-logging-1.1.1.jar
Deleting /Users/jenkins/workspace/Lucene-Solr-trunk-MacOSX/lucene/replicator/lib/httpclient-4.2.3.jar
Deleting /Users/jenkins/workspace/Lucene-Solr-trunk-MacOSX/lucene/replicator/lib/httpcore-4.2.2.jar
Deleting /Users/jenkins/workspace/Lucene-Solr-trunk-MacOSX/lucene/replicator/lib/javax.servlet-3.0.0.v201112011016.jar
Deleting /Users/jenkins/workspace/Lucene-Solr-trunk-MacOSX/lucene/replicator/lib/jetty-continuation-8.1.10.v20130312.jar
Deleting /Users/jenkins/workspace/Lucene-Solr-trunk-MacOSX/lucene/replicator/lib/jetty-http-8.1.10.v20130312.jar
Deleting /Users/jenkins/workspace/Lucene-Solr-trunk-MacOSX/lucene/replicator/lib/jetty-io-8.1.10.v20130312.jar
Deleting /Users/jenkins/workspace/Lucene-Solr-trunk-MacOSX/lucene/replicator/lib/jetty-server-8.1.10.v20130312.jar
Deleting /Users/jenkins/workspace/Lucene-Solr-trunk-MacOSX/lucene/replicator/lib/jetty-servlet-8.1.10.v20130312.jar
Deleting /Users/jenkins/workspace/Lucene-Solr-trunk-MacOSX/lucene/replicator/lib/jetty-util-8.1.10.v20130312.jar
Deleting /Users/jenkins/workspace/Lucene-Solr-trunk-MacOSX/lucene/demo/lib/servlet-api-2.4.jar
Deleting /Users/jenkins/workspace/Lucene-Solr-trunk-MacOSX/lucene/benchmark/lib/commons-compress-1.4.1.jar
Deleting /Users/jenkins/workspace/Lucene-Solr-trunk-MacOSX/lucene/benchmark/lib/nekohtml-1.9.17.jar
Deleting /Users/jenkins/workspace/Lucene-Solr-trunk-MacOSX/lucene/benchmark/lib/xercesImpl-2.9.1.jar
Deleting /Users/jenkins/workspace/Lucene-Solr-trunk-MacOSX/solr/build
Deleting /Users/jenkins/workspace/Lucene-Solr-trunk-MacOSX/solr/test-framework/lib/ant-1.8.2.jar
Deleting /Users/jenkins/workspace/Lucene-Solr-trunk-MacOSX/solr/test-framework/lib/junit-4.10.jar
Deleting /Users/jenkins/workspace/Lucene-Solr-trunk-MacOSX/solr/test-framework/lib/junit4-ant-2.0.10.jar
Deleting /Users/jenkins/workspace/Lucene-Solr-trunk-MacOSX/solr/test-framework/lib/randomizedtesting-runner-2.0.10.jar
Deleting /Users/jenkins/workspace/Lucene-Solr-trunk-MacOSX/solr/solrj/lib/commons-io-2.1.jar
Deleting /Users/jenkins/workspace/Lucene-Solr-trunk-MacOSX/solr/solrj/lib/httpclient-4.2.3.jar
Deleting /Users/jenkins/workspace/Lucene-Solr-trunk-MacOSX/solr/solrj/lib/httpcore-4.2.2.jar
Deleting /Users/jenkins/workspace/Lucene-Solr-trunk-MacOSX/solr/solrj/lib/httpmime-4.2.3.jar
Deleting /Users/jenkins/workspace/Lucene-Solr-trunk-MacOSX/solr/solrj/lib/jcl-over-slf4j-1.6.6.jar
Deleting /Users/jenkins/workspace/Lucene-Solr-trunk-MacOSX/solr/solrj/lib/jul-to-slf4j-1.6.6.jar
Deleting /Users/jenkins/workspace/Lucene-Solr-trunk-MacOSX/solr/solrj/lib/log4j-1.2.16.jar
Deleting /Users/jenkins/workspace/Lucene-Solr-trunk-MacOSX/solr/solrj/lib/noggit-0.5.jar
Deleting /Users/jenkins/workspace/Lucene-Solr-trunk-MacOSX/solr/solrj/lib/slf4j-api-1.6.6.jar
Deleting /Users/jenkins/workspace/Lucene-Solr-trunk-MacOSX/solr/solrj/lib/slf4j-log4j12-1.6.6.jar
Deleting /Users/jenkins/workspace/Lucene-Solr-trunk-MacOSX/solr/solrj/lib/wstx-asl-3.2.7.jar
Deleting /Users/jenkins/workspace/Lucene-Solr-trunk-MacOSX/solr/solrj/lib/zookeeper-3.4.5.jar
Deleting /Users/jenkins/workspace/Lucene-Solr-trunk-MacOSX/solr/example/start.jar
Deleting /Users/jenkins/workspace/Lucene-Solr-trunk-MacOSX/solr/example/example-DIH/solr/db/lib/derby-10.9.1.0.jar
Deleting /Users/jenkins/workspace/Lucene-Solr-trunk-MacOSX/solr/example/example-DIH/solr/db/lib/hsqldb-1.8.0.10.jar
Deleting /Users/jenkins/workspace/Lucene-Solr-trunk-MacOSX/solr/example/lib/ext
Deleting /Users/jenkins/workspace/Lucene-Solr-trunk-MacOSX/solr/example/lib/jetty-continuation-8.1.10.v20130312.jar
Deleting /Users/jenkins/workspace/Lucene-Solr-trunk-MacOSX/solr/example/lib/jetty-deploy-8.1.10.v20130312.jar
Deleting /Users/jenkins/workspace/Lucene-Solr-trunk-MacOSX/solr/example/lib/jetty-http-8.1.10.v20130312.jar
Deleting /Users/jenkins/workspace/Lucene-Solr-trunk-MacOSX/solr/example/lib/jetty-io-8.1.10.v20130312.jar
Deleting /Users/jenkins/workspace/Lucene-Solr-trunk-MacOSX/solr/example/lib/jetty-jmx-8.1.10.v20130312.jar
Deleting /Users/jenkins/workspace/Lucene-Solr-trunk-MacOSX/solr/example/lib/jetty-security-8.1.10.v20130312.jar
Deleting /Users/jenkins/workspace/Lucene-Solr-trunk-MacOSX/solr/example/lib/jetty-server-8.1.10.v20130312.jar
Deleting /Users/jenkins/workspace/Lucene-Solr-trunk-MacOSX/solr/example/lib/jetty-servlet-8.1.10.v20130312.jar
Deleting /Users/jenkins/workspace/Lucene-Solr-trunk-MacOSX/solr/example/lib/jetty-util-8.1.10.v20130312.jar
Deleting /Users/jenkins/workspace/Lucene-Solr-trunk-MacOSX/solr/example/lib/jetty-webapp-8.1.10.v20130312.jar
Deleting /Users/jenkins/workspace/Lucene-Solr-trunk-MacOSX/solr/example/lib/jetty-xml-8.1.10.v20130312.jar
Deleting /Users/jenkins/workspace/Lucene-Solr-trunk-MacOSX/solr/example/lib/servlet-api-3.0.jar
Deleting /Users/jenkins/workspace/Lucene-Solr-trunk-MacOSX/solr/contrib/analysis-extras/lib/icu4j-49.1.jar
Deleting /Users/jenkins/workspace/Lucene-Solr-trunk-MacOSX/solr/contrib/analysis-extras/lib/morfologik-fsa-1.7.1.jar
Deleting /Users/jenkins/workspace/Lucene-Solr-trunk-MacOSX/solr/contrib/analysis-extras/lib/morfologik-polish-1.7.1.jar
Deleting /Users/jenkins/workspace/Lucene-Solr-trunk-MacOSX/solr/contrib/analysis-extras/lib/morfologik-stemming-1.7.1.jar
Deleting /Users/jenkins/workspace/Lucene-Solr-trunk-MacOSX/solr/contrib/extraction/lib/apache-mime4j-core-0.7.2.jar
Deleting /Users/jenkins/workspace/Lucene-Solr-trunk-MacOSX/solr/contrib/extraction/lib/apache-mime4j-dom-0.7.2.jar
Deleting /Users/jenkins/workspace/Lucene-Solr-trunk-MacOSX/solr/contrib/extraction/lib/bcmail-jdk15-1.45.jar
Deleting /Users/jenkins/workspace/Lucene-Solr-trunk-MacOSX/solr/contrib/extraction/lib/bcprov-jdk15-1.45.jar
Deleting /Users/jenkins/workspace/Lucene-Solr-trunk-MacOSX/solr/contrib/extraction/lib/boilerpipe-1.1.0.jar
Deleting /Users/jenkins/workspace/Lucene-Solr-trunk-MacOSX/solr/contrib/extraction/lib/commons-compress-1.4.1.jar
Deleting /Users/jenkins/workspace/Lucene-Solr-trunk-MacOSX/solr/contrib/extraction/lib/dom4j-1.6.1.jar
Deleting /Users/jenkins/workspace/Lucene-Solr-trunk-MacOSX/solr/contrib/extraction/lib/fontbox-1.8.1.jar
Deleting /Users/jenkins/workspace/Lucene-Solr-trunk-MacOSX/solr/contrib/extraction/lib/icu4j-49.1.jar
Deleting /Users/jenkins/workspace/Lucene-Solr-trunk-MacOSX/solr/contrib/extraction/lib/isoparser-1.0-RC-1.jar
Deleting /Users/jenkins/workspace/Lucene-Solr-trunk-MacOSX/solr/contrib/extraction/lib/jdom-1.0.jar
Deleting /Users/jenkins/workspace/Lucene-Solr-trunk-MacOSX/solr/contrib/extraction/lib/jempbox-1.8.1.jar
Deleting /Users/jenkins/workspace/Lucene-Solr-trunk-MacOSX/solr/contrib/extraction/lib/juniversalchardet-1.0.3.jar
Deleting /Users/jenkins/workspace/Lucene-Solr-trunk-MacOSX/solr/contrib/extraction/lib/metadata-extractor-2.6.2.jar
Deleting /Users/jenkins/workspace/Lucene-Solr-trunk-MacOSX/solr/contrib/extraction/lib/netcdf-4.2-min.jar
Deleting /Users/jenkins/workspace/Lucene-Solr-trunk-MacOSX/solr/contrib/extraction/lib/pdfbox-1.8.1.jar
Deleting /Users/jenkins/workspace/Lucene-Solr-trunk-MacOSX/solr/contrib/extraction/lib/poi-3.9.jar
Deleting /Users/jenkins/workspace/Lucene-Solr-trunk-MacOSX/solr/contrib/extraction/lib/poi-ooxml-3.9.jar
Deleting /Users/jenkins/workspace/Lucene-Solr-trunk-MacOSX/solr/contrib/extraction/lib/poi-ooxml-schemas-3.9.jar
Deleting /Users/jenkins/workspace/Lucene-Solr-trunk-MacOSX/solr/contrib/extraction/lib/poi-scratchpad-3.9.jar
Deleting /Users/jenkins/workspace/Lucene-Solr-trunk-MacOSX/solr/contrib/extraction/lib/rome-0.9.jar
Deleting /Users/jenkins/workspace/Lucene-Solr-trunk-MacOSX/solr/contrib/extraction/lib/tagsoup-1.2.1.jar
Deleting /Users/jenkins/workspace/Lucene-Solr-trunk-MacOSX/solr/contrib/extraction/lib/tika-core-1.4.jar
Deleting /Users/jenkins/workspace/Lucene-Solr-trunk-MacOSX/solr/contrib/extraction/lib/tika-parsers-1.4.jar
Deleting /Users/jenkins/workspace/Lucene-Solr-trunk-MacOSX/solr/contrib/extraction/lib/vorbis-java-core-0.1.jar
Deleting /Users/jenkins/workspace/Lucene-Solr-trunk-MacOSX/solr/contrib/extraction/lib/vorbis-java-tika-0.1.jar
Deleting /Users/jenkins/workspace/Lucene-Solr-trunk-MacOSX/solr/contrib/extraction/lib/xercesImpl-2.9.1.jar
Deleting /Users/jenkins/workspace/Lucene-Solr-trunk-MacOSX/solr/contrib/extraction/lib/xmlbeans-2.3.0.jar
Deleting /Users/jenkins/workspace/Lucene-Solr-trunk-MacOSX/solr/contrib/extraction/lib/xz-1.0.jar
Deleting /Users/jenkins/workspace/Lucene-Solr-trunk-MacOSX/solr/contrib/clustering/lib/attributes-binder-1.2.0.jar
Deleting /Users/jenkins/workspace/Lucene-Solr-trunk-MacOSX/solr/contrib/clustering/lib/carrot2-mini-3.8.0.jar
Deleting /Users/jenkins/workspace/Lucene-Solr-trunk-MacOSX/solr/contrib/clustering/lib/hppc-0.5.2.jar
Deleting /Users/jenkins/workspace/Lucene-Solr-trunk-MacOSX/solr/contrib/clustering/lib/jackson-core-asl-1.7.4.jar
Deleting /Users/jenkins/workspace/Lucene-Solr-trunk-MacOSX/solr/contrib/clustering/lib/jackson-mapper-asl-1.7.4.jar
Deleting /Users/jenkins/workspace/Lucene-Solr-trunk-MacOSX/solr/contrib/clustering/lib/mahout-collections-1.0.jar
Deleting /Users/jenkins/workspace/Lucene-Solr-trunk-MacOSX/solr/contrib/clustering/lib/mahout-math-0.6.jar
Deleting /Users/jenkins/workspace/Lucene-Solr-trunk-MacOSX/solr/contrib/clustering/lib/simple-xml-2.7.jar
Deleting /Users/jenkins/workspace/Lucene-Solr-trunk-MacOSX/solr/contrib/uima/lib/AlchemyAPIAnnotator-2.3.1.jar
Deleting /Users/jenkins/workspace/Lucene-Solr-trunk-MacOSX/solr/contrib/uima/lib/OpenCalaisAnnotator-2.3.1.jar
Deleting /Users/jenkins/workspace/Lucene-Solr-trunk-MacOSX/solr/contrib/uima/lib/Tagger-2.3.1.jar
Deleting /Users/jenkins/workspace/Lucene-Solr-trunk-MacOSX/solr/contrib/uima/lib/WhitespaceTokenizer-2.3.1.jar
Deleting /Users/jenkins/workspace/Lucene-Solr-trunk-MacOSX/solr/contrib/uima/lib/commons-digester-2.0.jar
Deleting /Users/jenkins/workspace/Lucene-Solr-trunk-MacOSX/solr/contrib/uima/lib/uimaj-core-2.3.1.jar
Deleting /Users/jenkins/workspace/Lucene-Solr-trunk-MacOSX/solr/contrib/langid/lib/jsonic-1.2.7.jar
Deleting /Users/jenkins/workspace/Lucene-Solr-trunk-MacOSX/solr/contrib/langid/lib/langdetect-1.1-20120112.jar
Deleting /Users/jenkins/workspace/Lucene-Solr-trunk-MacOSX/solr/contrib/dataimporthandler/lib/activation-1.1.jar
Deleting /Users/jenkins/workspace/Lucene-Solr-trunk-MacOSX/solr/contrib/dataimporthandler/lib/mail-1.4.1.jar
Deleting /Users/jenkins/workspace/Lucene-Solr-trunk-MacOSX/solr/contrib/dataimporthandler/test-lib/easymock-3.0.jar
Deleting /Users/jenkins/workspace/Lucene-Solr-trunk-MacOSX/solr/contrib/velocity/lib/commons-beanutils-1.7.0.jar
Deleting /Users/jenkins/workspace/Lucene-Solr-trunk-MacOSX/solr/contrib/velocity/lib/commons-collections-3.2.1.jar
Deleting /Users/jenkins/workspace/Lucene-Solr-trunk-MacOSX/solr/contrib/velocity/lib/velocity-1.7.jar
Deleting /Users/jenkins/workspace/Lucene-Solr-trunk-MacOSX/solr/contrib/velocity/lib/velocity-tools-2.0.jar
Deleting /Users/jenkins/workspace/Lucene-Solr-trunk-MacOSX/solr/core/lib/commons-cli-1.2.jar
Deleting /Users/jenkins/workspace/Lucene-Solr-trunk-MacOSX/solr/core/lib/commons-codec-1.7.jar
Deleting /Users/jenkins/workspace/Lucene-Solr-trunk-MacOSX/solr/core/lib/commons-configuration-1.6.jar
Deleting /Users/jenkins/workspace/Lucene-Solr-trunk-MacOSX/solr/core/lib/commons-fileupload-1.2.1.jar
Deleting /Users/jenkins/workspace/Lucene-Solr-trunk-MacOSX/solr/core/lib/commons-lang-2.6.jar
Deleting /Users/jenkins/workspace/Lucene-Solr-trunk-MacOSX/solr/core/lib/concurrentlinkedhashmap-lru-1.2.jar
Deleting /Users/jenkins/workspace/Lucene-Solr-trunk-MacOSX/solr/core/lib/dom4j-1.6.1.jar
Deleting /Users/jenkins/workspace/Lucene-Solr-trunk-MacOSX/solr/core/lib/guava-14.0.1.jar
Deleting /Users/jenkins/workspace/Lucene-Solr-trunk-MacOSX/solr/core/lib/hadoop-annotations-2.0.5-alpha.jar
Deleting /Users/jenkins/workspace/Lucene-Solr-trunk-MacOSX/solr/core/lib/hadoop-auth-2.0.5-alpha.jar
Deleting /Users/jenkins/workspace/Lucene-Solr-trunk-MacOSX/solr/core/lib/hadoop-common-2.0.5-alpha.jar
Deleting /Users/jenkins/workspace/Lucene-Solr-trunk-MacOSX/solr/core/lib/hadoop-hdfs-2.0.5-alpha.jar
Deleting /Users/jenkins/workspace/Lucene-Solr-trunk-MacOSX/solr/core/lib/joda-time-2.2.jar
Deleting /Users/jenkins/workspace/Lucene-Solr-trunk-MacOSX/solr/core/lib/org.restlet-2.1.1.jar
Deleting /Users/jenkins/workspace/Lucene-Solr-trunk-MacOSX/solr/core/lib/org.restlet.ext.servlet-2.1.1.jar
Deleting /Users/jenkins/workspace/Lucene-Solr-trunk-MacOSX/solr/core/lib/protobuf-java-2.4.0a.jar
Deleting /Users/jenkins/workspace/Lucene-Solr-trunk-MacOSX/solr/core/lib/spatial4j-0.3.jar
Deleting /Users/jenkins/workspace/Lucene-Solr-trunk-MacOSX/solr/core/test-lib/cglib-nodep-2.2.jar
Deleting /Users/jenkins/workspace/Lucene-Solr-trunk-MacOSX/solr/core/test-lib/commons-collections-3.2.1.jar
Deleting /Users/jenkins/workspace/Lucene-Solr-trunk-MacOSX/solr/core/test-lib/dom4j-1.6.1.jar
Deleting /Users/jenkins/workspace/Lucene-Solr-trunk-MacOSX/solr/core/test-lib/easymock-3.0.jar
Deleting /Users/jenkins/workspace/Lucene-Solr-trunk-MacOSX/solr/core/test-lib/hadoop-common-2.0.5-alpha-tests.jar
Deleting /Users/jenkins/workspace/Lucene-Solr-trunk-MacOSX/solr/core/test-lib/hadoop-hdfs-2.0.5-alpha-tests.jar
Deleting /Users/jenkins/workspace/Lucene-Solr-trunk-MacOSX/solr/core/test-lib/javax.servlet-api-3.0.1.jar
Deleting /Users/jenkins/workspace/Lucene-Solr-trunk-MacOSX/solr/core/test-lib/jersey-core-1.16.jar
Deleting /Users/jenkins/workspace/Lucene-Solr-trunk-MacOSX/solr/core/test-lib/jetty-6.1.26.jar
Deleting /Users/jenkins/workspace/Lucene-Solr-trunk-MacOSX/solr/core/test-lib/jetty-util-6.1.26.jar
Deleting /Users/jenkins/workspace/Lucene-Solr-trunk-MacOSX/solr/core/test-lib/objenesis-1.2.jar
Updating http://svn.apache.org/repos/asf/lucene/dev/trunk at revision '2013-09-14T03:00:48.616 +0000'
At revision 1523179
no change for http://svn.apache.org/repos/asf/lucene/dev/trunk since the previous build
No emails were triggered.
[Lucene-Solr-trunk-MacOSX] $ /bin/sh -xe /var/folders/qg/h2dfw5s161s51l2bn79mrb7r0000gn/T/hudson5441601966942110331.sh
+ echo Using JDK: 64bit/jdk1.7.0 -XX:-UseCompressedOops -XX:+UseParallelGC
Using JDK: 64bit/jdk1.7.0 -XX:-UseCompressedOops -XX:+UseParallelGC
+ /Users/jenkins/tools/java/64bit/jdk1.7.0/bin/java -XX:-UseCompressedOops -XX:+UseParallelGC -version
java version "1.7.0_40"
Java(TM) SE Runtime Environment (build 1.7.0_40-b43)
Java HotSpot(TM) 64-Bit Server VM (build 24.0-b56, mixed mode)
[Lucene-Solr-trunk-MacOSX] $ /Users/jenkins/tools/hudson.tasks.Ant_AntInstallation/ANT_1.8.2/bin/ant "-Dargs=-XX:-UseCompressedOops -XX:+UseParallelGC" -Dtests.disableHdfs=true -Dtests.jvms=1 jenkins-hourly
Buildfile: /Users/jenkins/workspace/Lucene-Solr-trunk-MacOSX/build.xml

jenkins-hourly:

clean:

clean:
     [echo] Building solr...

clean:

-test-with-heapdumps-enabled:
     [echo] Java HotSpot(TM) 64-Bit Server VM: Enabling heap dumps on OutOfMemoryError to dir '/Users/jenkins/workspace/Lucene-Solr-trunk-MacOSX/heapdumps'.
    [mkdir] Created dir: /Users/jenkins/workspace/Lucene-Solr-trunk-MacOSX/heapdumps

test:

-clover.load:

test-core:

-clover.disable:

-clover.load:

-clover.classpath:

-clover.setup:

clover:

ivy-availability-check:

ivy-fail:

ivy-configure:
[ivy:configure] :: Apache Ivy 2.3.0 - 20130110142753 :: http://ant.apache.org/ivy/ ::
[ivy:configure] :: loading settings :: file = /Users/jenkins/workspace/Lucene-Solr-trunk-MacOSX/lucene/ivy-settings.xml

resolve:

init:

compile-core:
    [mkdir] Created dir: /Users/jenkins/workspace/Lucene-Solr-trunk-MacOSX/lucene/build/core/classes/java
    [javac] Compiling 667 source files to /Users/jenkins/workspace/Lucene-Solr-trunk-MacOSX/lucene/build/core/classes/java
    [javac] Note: Some input files use or override a deprecated API.
    [javac] Note: Recompile with -Xlint:deprecation for details.
     [copy] Copying 3 files to /Users/jenkins/workspace/Lucene-Solr-trunk-MacOSX/lucene/build/core/classes/java

compile-test-framework:

ivy-availability-check:

ivy-fail:

ivy-configure:
[ivy:configure] :: loading settings :: file = /Users/jenkins/workspace/Lucene-Solr-trunk-MacOSX/lucene/ivy-settings.xml

resolve:

init:

compile-lucene-core:

ivy-availability-check:

ivy-fail:

ivy-configure:
[ivy:configure] :: loading settings :: file = /Users/jenkins/workspace/Lucene-Solr-trunk-MacOSX/lucene/ivy-settings.xml

resolve:

init:

-clover.disable:

-clover.load:

-clover.classpath:

-clover.setup:

clover:

compile-core:

compile-codecs:
     [echo] Building codecs...

ivy-availability-check:
     [echo] Building codecs...

ivy-fail:

ivy-configure:
[ivy:configure] :: loading settings :: file = /Users/jenkins/workspace/Lucene-Solr-trunk-MacOSX/lucene/ivy-settings.xml

resolve:

common.init:

compile-lucene-core:

init:

-clover.disable:

-clover.load:

-clover.classpath:

-clover.setup:

clover:

compile-core:
    [mkdir] Created dir: /Users/jenkins/workspace/Lucene-Solr-trunk-MacOSX/lucene/build/codecs/classes/java
    [javac] Compiling 64 source files to /Users/jenkins/workspace/Lucene-Solr-trunk-MacOSX/lucene/build/codecs/classes/java
     [copy] Copying 3 files to /Users/jenkins/workspace/Lucene-Solr-trunk-MacOSX/lucene/build/codecs/classes/java

-clover.disable:

-clover.load:

-clover.classpath:

-clover.setup:

clover:

common.compile-core:
    [mkdir] Created dir: /Users/jenkins/workspace/Lucene-Solr-trunk-MacOSX/lucene/build/test-framework/classes/java
    [javac] Compiling 128 source files to /Users/jenkins/workspace/Lucene-Solr-trunk-MacOSX/lucene/build/test-framework/classes/java
    [javac] Note: Some input files use or override a deprecated API.
    [javac] Note: Recompile with -Xlint:deprecation for details.
     [copy] Copying 4 files to /Users/jenkins/workspace/Lucene-Solr-trunk-MacOSX/lucene/build/test-framework/classes/java

compile-core:

compile-test:
    [mkdir] Created dir: /Users/jenkins/workspace/Lucene-Solr-trunk-MacOSX/lucene/build/core/classes/test
    [javac] Compiling 383 source files to /Users/jenkins/workspace/Lucene-Solr-trunk-MacOSX/lucene/build/core/classes/test
    [javac] Note: Some input files use or override a deprecated API.
    [javac] Note: Recompile with -Xlint:deprecation for details.
     [copy] Copying 34 files to /Users/jenkins/workspace/Lucene-Solr-trunk-MacOSX/lucene/build/core/classes/test

install-junit4-taskdef:

validate:

test:
    [mkdir] Created dir: /Users/jenkins/workspace/Lucene-Solr-trunk-MacOSX/lucene/build/core/test
    [mkdir] Created dir: /Users/jenkins/workspace/Lucene-Solr-trunk-MacOSX/lucene/build/core/test/temp
    [mkdir] Created dir: /Users/jenkins/workspace/Lucene-Solr-trunk-MacOSX/.caches/test-stats/core
   [junit4] <JUnit4> says ciao! Master seed: 43A1116E7F98BED4
   [junit4] Executing 367 suites with 1 JVM.
   [junit4] 
   [junit4] Started J0 PID(140@macosx-vm.local).
   [junit4] Suite: org.apache.lucene.store.TestHugeRamFile
   [junit4] Completed in 3.90s, 1 test
   [junit4] 
   [junit4] Suite: org.apache.lucene.search.TestTimeLimitingCollector
   [junit4] Completed in 13.49s, 6 tests
   [junit4] 
   [junit4] Suite: org.apache.lucene.index.TestLazyProxSkipping
   [junit4] Completed in 3.45s, 2 tests
   [junit4] 
   [junit4] Suite: org.apache.lucene.index.TestPostingsOffsets
   [junit4] Completed in 4.27s, 11 tests
   [junit4] 
   [junit4] Suite: org.apache.lucene.search.TestRegexpQuery
   [junit4] Completed in 0.84s, 7 tests
   [junit4] 
   [junit4] Suite: org.apache.lucene.index.TestTryDelete
   [junit4] Completed in 0.30s, 3 tests
   [junit4] 
   [junit4] Suite: org.apache.lucene.util.TestDoubleBarrelLRUCache
   [junit4] Completed in 1.44s, 2 tests
   [junit4] 
   [junit4] Suite: org.apache.lucene.analysis.TestGraphTokenizers
   [junit4] Completed in 11.34s, 21 tests
   [junit4] 
   [junit4] Suite: org.apache.lucene.index.TestIndexWriterMerging
   [junit4] Completed in 18.08s, 6 tests
   [junit4] 
   [junit4] Suite: org.apache.lucene.search.TestSearchAfter
   [junit4]   1> CheckIndex failed
   [junit4]   1> Segments file=segments_2 numSegments=2 version=5.0 format=
   [junit4]   1>   1 of 2: name=_0 docCount=156
   [junit4]   1>     codec=Lucene45
   [junit4]   1>     compound=false
   [junit4]   1>     numFiles=30
   [junit4]   1>     size (MB)=0.157
   [junit4]   1>     diagnostics = {timestamp=1379127801853, os=Mac OS X, os.version=10.8.4, source=flush, lucene.version=5.0-SNAPSHOT, os.arch=x86_64, java.version=1.7.0_40, java.vendor=Oracle Corporation}
   [junit4]   1>     no deletions
   [junit4]   1>     test: open reader.........OK
   [junit4]   1>     test: fields..............OK [15 fields]
   [junit4]   1>     test: field norms.........OK [2 fields]
   [junit4]   1>     test: terms, freq, prox...OK [8628 terms; 10659 terms/docs pairs; 423 tokens]
   [junit4]   1>     test: stored fields.......OK [1 total field count; avg 0.006 fields per doc]
   [junit4]   1>     test: term vectors........OK [3 total vector count; avg 1 term/freq vector fields per doc]
   [junit4]   1>     test: docvalues...........OK [5 docvalues fields; 1 BINARY; 2 NUMERIC; 2 SORTED; 0 SORTED_SET]
   [junit4]   1> 
   [junit4]   1>   2 of 2: name=_1 docCount=57
   [junit4]   1>     codec=Lucene45
   [junit4]   1>     compound=false
   [junit4]   1>     numFiles=30
   [junit4]   1>     size (MB)=0.06
   [junit4]   1>     diagnostics = {timestamp=1379127802063, os=Mac OS X, os.version=10.8.4, source=flush, lucene.version=5.0-SNAPSHOT, os.arch=x86_64, java.version=1.7.0_40, java.vendor=Oracle Corporation}
   [junit4]   1>     no deletions
   [junit4]   1>     test: open reader.........OK
   [junit4]   1>     test: fields..............OK [15 fields]
   [junit4]   1>     test: field norms.........OK [2 fields]
   [junit4]   1>     test: terms, freq, prox...OK [3296 terms; 3969 terms/docs pairs; 227 tokens]
   [junit4]   1>     test: stored fields.......OK [2 total field count; avg 0.035 fields per doc]
   [junit4]   1>     test: term vectors........ERROR [null]
   [junit4]   1> java.lang.NegativeArraySizeException
   [junit4]   1> 	at org.apache.lucene.codecs.compressing.CompressingTermVectorsReader.get(CompressingTermVectorsReader.java:433)
   [junit4]   1> 	at org.apache.lucene.index.SegmentReader.getTermVectors(SegmentReader.java:169)
   [junit4]   1> 	at org.apache.lucene.index.CheckIndex.testTermVectors(CheckIndex.java:1524)
   [junit4]   1> 	at org.apache.lucene.index.CheckIndex.checkIndex(CheckIndex.java:611)
   [junit4]   1> 	at org.apache.lucene.util._TestUtil.checkIndex(_TestUtil.java:223)
   [junit4]   1> 	at org.apache.lucene.store.MockDirectoryWrapper.close(MockDirectoryWrapper.java:641)
   [junit4]   1> 	at org.apache.lucene.search.TestSearchAfter.tearDown(TestSearchAfter.java:86)
   [junit4]   1> 	at sun.reflect.GeneratedMethodAccessor2.invoke(Unknown Source)
   [junit4]   1> 	at sun.reflect.DelegatingMethodAccessorImpl.invoke(DelegatingMethodAccessorImpl.java:43)
   [junit4]   1> 	at java.lang.reflect.Method.invoke(Method.java:606)
   [junit4]   1> 	at com.carrotsearch.randomizedtesting.RandomizedRunner.invoke(RandomizedRunner.java:1559)
   [junit4]   1> 	at com.carrotsearch.randomizedtesting.RandomizedRunner.access$600(RandomizedRunner.java:79)
   [junit4]   1> 	at com.carrotsearch.randomizedtesting.RandomizedRunner$8.evaluate(RandomizedRunner.java:795)
   [junit4]   1> 	at org.apache.lucene.util.TestRuleSetupTeardownChained$1.evaluate(TestRuleSetupTeardownChained.java:50)
   [junit4]   1> 	at org.apache.lucene.util.TestRuleFieldCacheSanity$1.evaluate(TestRuleFieldCacheSanity.java:51)
   [junit4]   1> 	at org.apache.lucene.util.AbstractBeforeAfterRule$1.evaluate(AbstractBeforeAfterRule.java:46)
   [junit4]   1> 	at com.carrotsearch.randomizedtesting.rules.SystemPropertiesInvariantRule$1.evaluate(SystemPropertiesInvariantRule.java:55)
   [junit4]   1> 	at org.apache.lucene.util.TestRuleThreadAndTestName$1.evaluate(TestRuleThreadAndTestName.java:49)
   [junit4]   1> 	at org.apache.lucene.util.TestRuleIgnoreAfterMaxFailures$1.evaluate(TestRuleIgnoreAfterMaxFailures.java:70)
   [junit4]   1> 	at org.apache.lucene.util.TestRuleMarkFailure$1.evaluate(TestRuleMarkFailure.java:48)
   [junit4]   1> 	at com.carrotsearch.randomizedtesting.rules.StatementAdapter.evaluate(StatementAdapter.java:36)
   [junit4]   1> 	at com.carrotsearch.randomizedtesting.ThreadLeakControl$StatementRunner.run(ThreadLeakControl.java:358)
   [junit4]   1> 	at com.carrotsearch.randomizedtesting.ThreadLeakControl.forkTimeoutingTask(ThreadLeakControl.java:782)
   [junit4]   1> 	at com.carrotsearch.randomizedtesting.ThreadLeakControl$3.evaluate(ThreadLeakControl.java:442)
   [junit4]   1> 	at com.carrotsearch.randomizedtesting.RandomizedRunner.runSingleTest(RandomizedRunner.java:746)
   [junit4]   1> 	at com.carrotsearch.randomizedtesting.RandomizedRunner$3.evaluate(RandomizedRunner.java:648)
   [junit4]   1> 	at com.carrotsearch.randomizedtesting.RandomizedRunner$4.evaluate(RandomizedRunner.java:682)
   [junit4]   1> 	at com.carrotsearch.randomizedtesting.RandomizedRunner$5.evaluate(RandomizedRunner.java:693)
   [junit4]   1> 	at org.apache.lucene.util.AbstractBeforeAfterRule$1.evaluate(AbstractBeforeAfterRule.java:46)
   [junit4]   1> 	at org.apache.lucene.util.TestRuleStoreClassName$1.evaluate(TestRuleStoreClassName.java:42)
   [junit4]   1> 	at com.carrotsearch.randomizedtesting.rules.SystemPropertiesInvariantRule$1.evaluate(SystemPropertiesInvariantRule.java:55)
   [junit4]   1> 	at com.carrotsearch.randomizedtesting.rules.NoShadowingOrOverridesOnMethodsRule$1.evaluate(NoShadowingOrOverridesOnMethodsRule.java:39)
   [junit4]   1> 	at com.carrotsearch.randomizedtesting.rules.NoShadowingOrOverridesOnMethodsRule$1.evaluate(NoShadowingOrOverridesOnMethodsRule.java:39)
   [junit4]   1> 	at com.carrotsearch.randomizedtesting.rules.StatementAdapter.evaluate(StatementAdapter.java:36)
   [junit4]   1> 	at org.apache.lucene.util.TestRuleAssertionsRequired$1.evaluate(TestRuleAssertionsRequired.java:43)
   [junit4]   1> 	at org.apache.lucene.util.TestRuleMarkFailure$1.evaluate(TestRuleMarkFailure.java:48)
   [junit4]   1> 	at org.apache.lucene.util.TestRuleIgnoreAfterMaxFailures$1.evaluate(TestRuleIgnoreAfterMaxFailures.java:70)
   [junit4]   1> 	at org.apache.lucene.util.TestRuleIgnoreTestSuites$1.evaluate(TestRuleIgnoreTestSuites.java:55)
   [junit4]   1> 	at com.carrotsearch.randomizedtesting.rules.StatementAdapter.evaluate(StatementAdapter.java:36)
   [junit4]   1> 	at com.carrotsearch.randomizedtesting.ThreadLeakControl$StatementRunner.run(ThreadLeakControl.java:358)
   [junit4]   1> 	at java.lang.Thread.run(Thread.java:724)
   [junit4]   1>     test: docvalues...........OK [5 docvalues fields; 1 BINARY; 2 NUMERIC; 2 SORTED; 0 SORTED_SET]
   [junit4]   1> FAILED
   [junit4]   1>     WARNING: fixIndex() would remove reference to this segment; full exception:
   [junit4]   1> java.lang.RuntimeException: Term Vector test failed
   [junit4]   1> 	at org.apache.lucene.index.CheckIndex.checkIndex(CheckIndex.java:624)
   [junit4]   1> 	at org.apache.lucene.util._TestUtil.checkIndex(_TestUtil.java:223)
   [junit4]   1> 	at org.apache.lucene.store.MockDirectoryWrapper.close(MockDirectoryWrapper.java:641)
   [junit4]   1> 	at org.apache.lucene.search.TestSearchAfter.tearDown(TestSearchAfter.java:86)
   [junit4]   1> 	at sun.reflect.GeneratedMethodAccessor2.invoke(Unknown Source)
   [junit4]   1> 	at sun.reflect.DelegatingMethodAccessorImpl.invoke(DelegatingMethodAccessorImpl.java:43)
   [junit4]   1> 	at java.lang.reflect.Method.invoke(Method.java:606)
   [junit4]   1> 	at com.carrotsearch.randomizedtesting.RandomizedRunner.invoke(RandomizedRunner.java:1559)
   [junit4]   1> 	at com.carrotsearch.randomizedtesting.RandomizedRunner.access$600(RandomizedRunner.java:79)
   [junit4]   1> 	at com.carrotsearch.randomizedtesting.RandomizedRunner$8.evaluate(RandomizedRunner.java:795)
   [junit4]   1> 	at org.apache.lucene.util.TestRuleSetupTeardownChained$1.evaluate(TestRuleSetupTeardownChained.java:50)
   [junit4]   1> 	at org.apache.lucene.util.TestRuleFieldCacheSanity$1.evaluate(TestRuleFieldCacheSanity.java:51)
   [junit4]   1> 	at org.apache.lucene.util.AbstractBeforeAfterRule$1.evaluate(AbstractBeforeAfterRule.java:46)
   [junit4]   1> 	at com.carrotsearch.randomizedtesting.rules.SystemPropertiesInvariantRule$1.evaluate(SystemPropertiesInvariantRule.java:55)
   [junit4]   1> 	at org.apache.lucene.util.TestRuleThreadAndTestName$1.evaluate(TestRuleThreadAndTestName.java:49)
   [junit4]   1> 	at org.apache.lucene.util.TestRuleIgnoreAfterMaxFailures$1.evaluate(TestRuleIgnoreAfterMaxFailures.java:70)
   [junit4]   1> 	at org.apache.lucene.util.TestRuleMarkFailure$1.evaluate(TestRuleMarkFailure.java:48)
   [junit4]   1> 	at com.carrotsearch.randomizedtesting.rules.StatementAdapter.evaluate(StatementAdapter.java:36)
   [junit4]   1> 	at com.carrotsearch.randomizedtesting.ThreadLeakControl$StatementRunner.run(ThreadLeakControl.java:358)
   [junit4]   1> 	at com.carrotsearch.randomizedtesting.ThreadLeakControl.forkTimeoutingTask(ThreadLeakControl.java:782)
   [junit4]   1> 	at com.carrotsearch.randomizedtesting.ThreadLeakControl$3.evaluate(ThreadLeakControl.java:442)
   [junit4]   1> 	at com.carrotsearch.randomizedtesting.RandomizedRunner.runSingleTest(RandomizedRunner.java:746)
   [junit4]   1> 	at com.carrotsearch.randomizedtesting.RandomizedRunner$3.evaluate(RandomizedRunner.java:648)
   [junit4]   1> 	at com.carrotsearch.randomizedtesting.RandomizedRunner$4.evaluate(RandomizedRunner.java:682)
   [junit4]   1> 	at com.carrotsearch.randomizedtesting.RandomizedRunner$5.evaluate(RandomizedRunner.java:693)
   [junit4]   1> 	at org.apache.lucene.util.AbstractBeforeAfterRule$1.evaluate(AbstractBeforeAfterRule.java:46)
   [junit4]   1> 	at org.apache.lucene.util.TestRuleStoreClassName$1.evaluate(TestRuleStoreClassName.java:42)
   [junit4]   1> 	at com.carrotsearch.randomizedtesting.rules.SystemPropertiesInvariantRule$1.evaluate(SystemPropertiesInvariantRule.java:55)
   [junit4]   1> 	at com.carrotsearch.randomizedtesting.rules.NoShadowingOrOverridesOnMethodsRule$1.evaluate(NoShadowingOrOverridesOnMethodsRule.java:39)
   [junit4]   1> 	at com.carrotsearch.randomizedtesting.rules.NoShadowingOrOverridesOnMethodsRule$1.evaluate(NoShadowingOrOverridesOnMethodsRule.java:39)
   [junit4]   1> 	at com.carrotsearch.randomizedtesting.rules.StatementAdapter.evaluate(StatementAdapter.java:36)
   [junit4]   1> 	at org.apache.lucene.util.TestRuleAssertionsRequired$1.evaluate(TestRuleAssertionsRequired.java:43)
   [junit4]   1> 	at org.apache.lucene.util.TestRuleMarkFailure$1.evaluate(TestRuleMarkFailure.java:48)
   [junit4]   1> 	at org.apache.lucene.util.TestRuleIgnoreAfterMaxFailures$1.evaluate(TestRuleIgnoreAfterMaxFailures.java:70)
   [junit4]   1> 	at org.apache.lucene.util.TestRuleIgnoreTestSuites$1.evaluate(TestRuleIgnoreTestSuites.java:55)
   [junit4]   1> 	at com.carrotsearch.randomizedtesting.rules.StatementAdapter.evaluate(StatementAdapter.java:36)
   [junit4]   1> 	at com.carrotsearch.randomizedtesting.ThreadLeakControl$StatementRunner.run(ThreadLeakControl.java:358)
   [junit4]   1> 	at java.lang.Thread.run(Thread.java:724)
   [junit4]   1> 
   [junit4]   1> WARNING: 1 broken segments (containing 57 documents) detected
   [junit4]   1> 
   [junit4]   2> NOTE: reproduce with: ant test  -Dtestcase=TestSearchAfter -Dtests.method=testQueries -Dtests.seed=43A1116E7F98BED4 -Dtests.slow=true -Dtests.locale=th_TH_TH_#u-nu-thai -Dtests.timezone=JST -Dtests.file.encoding=ISO-8859-1
   [junit4] ERROR   7.28s | TestSearchAfter.testQueries <<<
   [junit4]    > Throwable #1: java.lang.RuntimeException: CheckIndex failed
   [junit4]    > 	at __randomizedtesting.SeedInfo.seed([43A1116E7F98BED4:1F2FDDB565F10B7A]:0)
   [junit4]    > 	at org.apache.lucene.util._TestUtil.checkIndex(_TestUtil.java:227)
   [junit4]    > 	at org.apache.lucene.store.MockDirectoryWrapper.close(MockDirectoryWrapper.java:641)
   [junit4]    > 	at org.apache.lucene.search.TestSearchAfter.tearDown(TestSearchAfter.java:86)
   [junit4]    > 	at java.lang.Thread.run(Thread.java:724)
   [junit4]   2> NOTE: test params are: codec=Lucene45: {short=PostingsFormat(name=FSTPulsing41), oddeven=PostingsFormat(name=Lucene41WithOrds), bytes=PostingsFormat(name=TestBloomFilteredLucene41Postings), byte=PostingsFormat(name=FSTPulsing41), int=PostingsFormat(name=TestBloomFilteredLucene41Postings), bytesval=PostingsFormat(name=FSTPulsing41), long=PostingsFormat(name=FSTPulsing41), double=PostingsFormat(name=Lucene41WithOrds), float=PostingsFormat(name=FSTPulsing41), english=PostingsFormat(name=Lucene41VarGapFixedInterval)}, docValues:{straightbytesdocvalues=DocValuesFormat(name=SimpleText), intdocvalues=DocValuesFormat(name=Lucene45), floatdocvalues=DocValuesFormat(name=Disk), sortedbytesdocvalues=DocValuesFormat(name=Disk), sortedbytesdocvaluesval=DocValuesFormat(name=SimpleText)}, sim=RandomSimilarityProvider(queryNorm=true,coord=yes): {oddeven=DFR GBZ(0.3), english=DFR I(F)BZ(0.3)}, locale=th_TH_TH_#u-nu-thai, timezone=JST
   [junit4]   2> NOTE: Mac OS X 10.8.4 x86_64/Oracle Corporation 1.7.0_40 (64-bit)/cpus=2,threads=1,free=193155992,total=283115520
   [junit4]   2> NOTE: All tests run in this JVM: [TestHugeRamFile, TestTimeLimitingCollector, TestLazyProxSkipping, TestPostingsOffsets, TestRegexpQuery, TestTryDelete, TestDoubleBarrelLRUCache, TestGraphTokenizers, TestIndexWriterMerging, TestSearchAfter]
   [junit4] Completed in 7.37s, 1 test, 1 error <<< FAILURES!
   [junit4] 
   [junit4] Suite: org.apache.lucene.index.TestNoMergeScheduler
   [junit4] Completed in 0.12s, 3 tests
   [junit4] 
   [junit4] Suite: org.apache.lucene.TestSearchForDuplicates
   [junit4] Completed in 0.48s, 1 test
   [junit4] 
   [junit4] Suite: org.apache.lucene.util.TestBytesRef
   [junit4] Completed in 0.13s, 5 tests
   [junit4] 
   [junit4] Suite: org.apache.lucene.index.Test4GBStoredFields
   [junit4] IGNOR/A 0.06s | Test4GBStoredFields.test
   [junit4]    > Assumption #1: 'nightly' test group is disabled (@Nightly)
   [junit4] Completed in 0.11s, 1 test, 1 skipped
   [junit4] 
   [junit4] Suite: org.apache.lucene.util.TestAttributeSource
   [junit4] Completed in 0.11s, 5 tests
   [junit4] 
   [junit4] Suite: org.apache.lucene.index.TestIndexWriterMergePolicy
   [junit4] Completed in 5.98s, 7 tests
   [junit4] 
   [junit4] Suite: org.apache.lucene.codecs.lucene45.TestLucene45DocValuesFormat
   [junit4]   2> ??? 13, 2013 9:03:39 ?? com.carrotsearch.randomizedtesting.RandomizedRunner$QueueUncaughtExceptionsHandler uncaughtException
   [junit4]   2> WARNING: Uncaught exception in thread: Thread[Lucene Merge Thread #0,6,TGRP-TestLucene45DocValuesFormat]
   [junit4]   2> org.apache.lucene.index.MergePolicy$MergeException: java.lang.ArrayIndexOutOfBoundsException: 0
   [junit4]   2> 	at __randomizedtesting.SeedInfo.seed([43A1116E7F98BED4]:0)
   [junit4]   2> 	at org.apache.lucene.index.ConcurrentMergeScheduler.handleMergeException(ConcurrentMergeScheduler.java:545)
   [junit4]   2> 	at org.apache.lucene.index.ConcurrentMergeScheduler$MergeThread.run(ConcurrentMergeScheduler.java:518)
   [junit4]   2> Caused by: java.lang.ArrayIndexOutOfBoundsException: 0
   [junit4]   2> 	at org.apache.lucene.codecs.compressing.CompressingTermVectorsReader$TVFields.terms(CompressingTermVectorsReader.java:659)
   [junit4]   2> 	at org.apache.lucene.codecs.TermVectorsWriter.addAllDocVectors(TermVectorsWriter.java:237)
   [junit4]   2> 	at org.apache.lucene.codecs.compressing.CompressingTermVectorsWriter.merge(CompressingTermVectorsWriter.java:784)
   [junit4]   2> 	at org.apache.lucene.index.SegmentMerger.mergeVectors(SegmentMerger.java:328)
   [junit4]   2> 	at org.apache.lucene.index.SegmentMerger.merge(SegmentMerger.java:136)
   [junit4]   2> 	at org.apache.lucene.index.IndexWriter.mergeMiddle(IndexWriter.java:3753)
   [junit4]   2> 	at org.apache.lucene.index.IndexWriter.merge(IndexWriter.java:3353)
   [junit4]   2> 	at org.apache.lucene.index.ConcurrentMergeScheduler.doMerge(ConcurrentMergeScheduler.java:405)
   [junit4]   2> 	at org.apache.lucene.index.ConcurrentMergeScheduler$MergeThread.run(ConcurrentMergeScheduler.java:482)
   [junit4]   2> 
   [junit4]   2> ??? 13, 2013 9:03:39 ?? com.carrotsearch.randomizedtesting.RandomizedRunner$QueueUncaughtExceptionsHandler uncaughtException
   [junit4]   2> WARNING: Uncaught exception in thread: Thread[Lucene Merge Thread #1,6,TGRP-TestLucene45DocValuesFormat]
   [junit4]   2> org.apache.lucene.index.MergePolicy$MergeException: java.lang.ArrayIndexOutOfBoundsException: 0
   [junit4]   2> 	at __randomizedtesting.SeedInfo.seed([43A1116E7F98BED4]:0)
   [junit4]   2> 	at org.apache.lucene.index.ConcurrentMergeScheduler.handleMergeException(ConcurrentMergeScheduler.java:545)
   [junit4]   2> 	at org.apache.lucene.index.ConcurrentMergeScheduler$MergeThread.run(ConcurrentMergeScheduler.java:518)
   [junit4]   2> Caused by: java.lang.ArrayIndexOutOfBoundsException: 0
   [junit4]   2> 	at org.apache.lucene.codecs.compressing.CompressingTermVectorsReader$TVFields.terms(CompressingTermVectorsReader.java:659)
   [junit4]   2> 	at org.apache.lucene.codecs.TermVectorsWriter.addAllDocVectors(TermVectorsWriter.java:237)
   [junit4]   2> 	at org.apache.lucene.codecs.compressing.CompressingTermVectorsWriter.merge(CompressingTermVectorsWriter.java:784)
   [junit4]   2> 	at org.apache.lucene.index.SegmentMerger.mergeVectors(SegmentMerger.java:328)
   [junit4]   2> 	at org.apache.lucene.index.SegmentMerger.merge(SegmentMerger.java:136)
   [junit4]   2> 	at org.apache.lucene.index.IndexWriter.mergeMiddle(IndexWriter.java:3753)
   [junit4]   2> 	at org.apache.lucene.index.IndexWriter.merge(IndexWriter.java:3353)
   [junit4]   2> 	at org.apache.lucene.index.ConcurrentMergeScheduler.doMerge(ConcurrentMergeScheduler.java:405)
   [junit4]   2> 	at org.apache.lucene.index.ConcurrentMergeScheduler$MergeThread.run(ConcurrentMergeScheduler.java:482)
   [junit4]   2> 
   [junit4]   2> ??? 13, 2013 9:03:39 ?? com.carrotsearch.randomizedtesting.RandomizedRunner$QueueUncaughtExceptionsHandler uncaughtException
   [junit4]   2> WARNING: Uncaught exception in thread: Thread[Lucene Merge Thread #2,6,TGRP-TestLucene45DocValuesFormat]
   [junit4]   2> org.apache.lucene.index.MergePolicy$MergeException: java.lang.ArrayIndexOutOfBoundsException: 0
   [junit4]   2> 	at __randomizedtesting.SeedInfo.seed([43A1116E7F98BED4]:0)
   [junit4]   2> 	at org.apache.lucene.index.ConcurrentMergeScheduler.handleMergeException(ConcurrentMergeScheduler.java:545)
   [junit4]   2> 	at org.apache.lucene.index.ConcurrentMergeScheduler$MergeThread.run(ConcurrentMergeScheduler.java:518)
   [junit4]   2> Caused by: java.lang.ArrayIndexOutOfBoundsException: 0
   [junit4]   2> 	at org.apache.lucene.codecs.compressing.CompressingTermVectorsReader$TVFields.terms(CompressingTermVectorsReader.java:659)
   [junit4]   2> 	at org.apache.lucene.codecs.TermVectorsWriter.addAllDocVectors(TermVectorsWriter.java:237)
   [junit4]   2> 	at org.apache.lucene.codecs.compressing.CompressingTermVectorsWriter.merge(CompressingTermVectorsWriter.java:791)
   [junit4]   2> 	at org.apache.lucene.index.SegmentMerger.mergeVectors(SegmentMerger.java:328)
   [junit4]   2> 	at org.apache.lucene.index.SegmentMerger.merge(SegmentMerger.java:136)
   [junit4]   2> 	at org.apache.lucene.index.IndexWriter.mergeMiddle(IndexWriter.java:3753)
   [junit4]   2> 	at org.apache.lucene.index.IndexWriter.merge(IndexWriter.java:3353)
   [junit4]   2> 	at org.apache.lucene.index.ConcurrentMergeScheduler.doMerge(ConcurrentMergeScheduler.java:405)
   [junit4]   2> 	at org.apache.lucene.index.ConcurrentMergeScheduler$MergeThread.run(ConcurrentMergeScheduler.java:482)
   [junit4]   2> 
   [junit4]   2> NOTE: reproduce with: ant test  -Dtestcase=TestLucene45DocValuesFormat -Dtests.method=testSortedSetFixedLengthVsUninvertedField -Dtests.seed=43A1116E7F98BED4 -Dtests.slow=true -Dtests.locale=el -Dtests.timezone=MST7MDT -Dtests.file.encoding=ISO-8859-1
   [junit4] ERROR   2.42s | TestLucene45DocValuesFormat.testSortedSetFixedLengthVsUninvertedField <<<
   [junit4]    > Throwable #1: java.io.IOException: background merge hit exception: _6(5.0):c77 _c(5.0):c76 _9(5.0):c41 _b(5.0):c35 _f(5.0):c28 _3(5.0):c23 _0(5.0):c18 _8(5.0):c19 _5(5.0):c22 _1(5.0):c13 _4(5.0):c15 _e(5.0):c11 _h(5.0):c13/1 _2(5.0):c6 _7(5.0):c1 into _i [maxNumSegments=1]
   [junit4]    > 	at org.apache.lucene.index.IndexWriter.forceMerge(IndexWriter.java:1718)
   [junit4]    > 	at org.apache.lucene.index.IndexWriter.forceMerge(IndexWriter.java:1654)
   [junit4]    > 	at org.apache.lucene.index.RandomIndexWriter.forceMerge(RandomIndexWriter.java:340)
   [junit4]    > 	at org.apache.lucene.index.BaseDocValuesFormatTestCase.doTestSortedSetVsUninvertedField(BaseDocValuesFormatTestCase.java:2293)
   [junit4]    > 	at org.apache.lucene.index.BaseDocValuesFormatTestCase.testSortedSetFixedLengthVsUninvertedField(BaseDocValuesFormatTestCase.java:2312)
   [junit4]    > 	at java.lang.Thread.run(Thread.java:724)
   [junit4]    > Caused by: java.lang.ArrayIndexOutOfBoundsException: 0
   [junit4]    > 	at org.apache.lucene.codecs.compressing.CompressingTermVectorsReader$TVFields.terms(CompressingTermVectorsReader.java:659)
   [junit4]    > 	at org.apache.lucene.codecs.TermVectorsWriter.addAllDocVectors(TermVectorsWriter.java:237)
   [junit4]    > 	at org.apache.lucene.codecs.compressing.CompressingTermVectorsWriter.merge(CompressingTermVectorsWriter.java:784)
   [junit4]    > 	at org.apache.lucene.index.SegmentMerger.mergeVectors(SegmentMerger.java:328)
   [junit4]    > 	at org.apache.lucene.index.SegmentMerger.merge(SegmentMerger.java:136)
   [junit4]    > 	at org.apache.lucene.index.IndexWriter.mergeMiddle(IndexWriter.java:3753)
   [junit4]    > 	at org.apache.lucene.index.IndexWriter.merge(IndexWriter.java:3353)
   [junit4]    > 	at org.apache.lucene.index.ConcurrentMergeScheduler.doMerge(ConcurrentMergeScheduler.java:405)
   [junit4]    > 	at org.apache.lucene.index.ConcurrentMergeScheduler$MergeThread.run(ConcurrentMergeScheduler.java:482)Throwable #2: com.carrotsearch.randomizedtesting.UncaughtExceptionError: Captured an uncaught exception in thread: Thread[id=340, name=Lucene Merge Thread #0, state=RUNNABLE, group=TGRP-TestLucene45DocValuesFormat]
   [junit4]    > Caused by: org.apache.lucene.index.MergePolicy$MergeException: java.lang.ArrayIndexOutOfBoundsException: 0
   [junit4]    > 	at __randomizedtesting.SeedInfo.seed([43A1116E7F98BED4]:0)
   [junit4]    > 	at org.apache.lucene.index.ConcurrentMergeScheduler.handleMergeException(ConcurrentMergeScheduler.java:545)
   [junit4]    > 	at org.apache.lucene.index.ConcurrentMergeScheduler$MergeThread.run(ConcurrentMergeScheduler.java:518)
   [junit4]    > Caused by: java.lang.ArrayIndexOutOfBoundsException: 0
   [junit4]    > 	at org.apache.lucene.codecs.compressing.CompressingTermVectorsReader$TVFields.terms(CompressingTermVectorsReader.java:659)
   [junit4]    > 	at org.apache.lucene.codecs.TermVectorsWriter.addAllDocVectors(TermVectorsWriter.java:237)
   [junit4]    > 	at org.apache.lucene.codecs.compressing.CompressingTermVectorsWriter.merge(CompressingTermVectorsWriter.java:784)
   [junit4]    > 	at org.apache.lucene.index.SegmentMerger.mergeVectors(SegmentMerger.java:328)
   [junit4]    > 	at org.apache.lucene.index.SegmentMerger.merge(SegmentMerger.java:136)
   [junit4]    > 	at org.apache.lucene.index.IndexWriter.mergeMiddle(IndexWriter.java:3753)
   [junit4]    > 	at org.apache.lucene.index.IndexWriter.merge(IndexWriter.java:3353)
   [junit4]    > 	at org.apache.lucene.index.ConcurrentMergeScheduler.doMerge(ConcurrentMergeScheduler.java:405)
   [junit4]    > 	at org.apache.lucene.index.ConcurrentMergeScheduler$MergeThread.run(ConcurrentMergeScheduler.java:482)Throwable #3: com.carrotsearch.randomizedtesting.UncaughtExceptionError: Captured an uncaught exception in thread: Thread[id=341, name=Lucene Merge Thread #1, state=RUNNABLE, group=TGRP-TestLucene45DocValuesFormat]
   [junit4]    > Caused by: org.apache.lucene.index.MergePolicy$MergeException: java.lang.ArrayIndexOutOfBoundsException: 0
   [junit4]    > 	at __randomizedtesting.SeedInfo.seed([43A1116E7F98BED4]:0)
   [junit4]    > 	at org.apache.lucene.index.ConcurrentMergeScheduler.handleMergeException(ConcurrentMergeScheduler.java:545)
   [junit4]    > 	at org.apache.lucene.index.ConcurrentMergeScheduler$MergeThread.run(ConcurrentMergeScheduler.java:518)
   [junit4]    > Caused by: java.lang.ArrayIndexOutOfBoundsException: 0
   [junit4]    > 	at org.apache.lucene.codecs.compressing.CompressingTermVectorsReader$TVFields.terms(CompressingTermVectorsReader.java:659)
   [junit4]    > 	at org.apache.lucene.codecs.TermVectorsWriter.addAllDocVectors(TermVectorsWriter.java:237)
   [junit4]    > 	at org.apache.lucene.codecs.compressing.CompressingTermVectorsWriter.merge(CompressingTermVectorsWriter.java:784)
   [junit4]    > 	at org.apache.lucene.index.SegmentMerger.mergeVectors(SegmentMerger.java:328)
   [junit4]    > 	at org.apache.lucene.index.SegmentMerger.merge(SegmentMerger.java:136)
   [junit4]    > 	at org.apache.lucene.index.IndexWriter.mergeMiddle(IndexWriter.java:3753)
   [junit4]    > 	at org.apache.lucene.index.IndexWriter.merge(IndexWriter.java:3353)
   [junit4]    > 	at org.apache.lucene.index.ConcurrentMergeScheduler.doMerge(ConcurrentMergeScheduler.java:405)
   [junit4]    > 	at org.apache.lucene.index.ConcurrentMergeScheduler$MergeThread.run(ConcurrentMergeScheduler.java:482)Throwable #4: com.carrotsearch.randomizedtesting.UncaughtExceptionError: Captured an uncaught exception in thread: Thread[id=342, name=Lucene Merge Thread #2, state=RUNNABLE, group=TGRP-TestLucene45DocValuesFormat]
   [junit4]    > Caused by: org.apache.lucene.index.MergePolicy$MergeException: java.lang.ArrayIndexOutOfBoundsException: 0
   [junit4]    > 	at __randomizedtesting.SeedInfo.seed([43A1116E7F98BED4]:0)
   [junit4]    > 	at org.apache.lucene.index.ConcurrentMergeScheduler.handleMergeException(ConcurrentMergeScheduler.java:545)
   [junit4]    > 	at org.apache.lucene.index.ConcurrentMergeScheduler$MergeThread.run(ConcurrentMergeScheduler.java:518)
   [junit4]    > Caused by: java.lang.ArrayIndexOutOfBoundsException: 0
   [junit4]    > 	at org.apache.lucene.codecs.compressing.CompressingTermVectorsReader$TVFields.terms(CompressingTermVectorsReader.java:659)
   [junit4]    > 	at org.apache.lucene.codecs.TermVectorsWriter.addAllDocVectors(TermVectorsWriter.java:237)
   [junit4]    > 	at org.apache.lucene.codecs.compressing.CompressingTermVectorsWriter.merge(CompressingTermVectorsWriter.java:791)
   [junit4]    > 	at org.apache.lucene.index.SegmentMerger.mergeVectors(SegmentMerger.java:328)
   [junit4]    > 	at org.apache.lucene.index.SegmentMerger.merge(SegmentMerger.java:136)
   [junit4]    > 	at org.apache.lucene.index.IndexWriter.mergeMiddle(IndexWriter.java:3753)
   [junit4]    > 	at org.apache.lucene.index.IndexWriter.merge(IndexWriter.java:3353)
   [junit4]    > 	at org.apache.lucene.index.ConcurrentMergeScheduler.doMerge(ConcurrentMergeScheduler.java:405)
   [junit4]    > 	at org.apache.lucene.index.ConcurrentMergeScheduler$MergeThread.run(ConcurrentMergeScheduler.java:482)
   [junit4] IGNOR/A 0.03s | TestLucene45DocValuesFormat.testHugeBinaryValueLimit
   [junit4]    > Assumption #1: test requires codec with limits on max binary field length
   [junit4]   2> ??? 13, 2013 9:03:40 ?? com.carrotsearch.randomizedtesting.RandomizedRunner$QueueUncaughtExceptionsHandler uncaughtException
   [junit4]   2> WARNING: Uncaught exception in thread: Thread[Lucene Merge Thread #3,6,TGRP-TestLucene45DocValuesFormat]
   [junit4]   2> org.apache.lucene.index.MergePolicy$MergeException: java.lang.ArrayIndexOutOfBoundsException: 0
   [junit4]   2> 	at __randomizedtesting.SeedInfo.seed([43A1116E7F98BED4]:0)
   [junit4]   2> 	at org.apache.lucene.index.ConcurrentMergeScheduler.handleMergeException(ConcurrentMergeScheduler.java:545)
   [junit4]   2> 	at org.apache.lucene.index.ConcurrentMergeScheduler$MergeThread.run(ConcurrentMergeScheduler.java:518)
   [junit4]   2> Caused by: java.lang.ArrayIndexOutOfBoundsException: 0
   [junit4]   2> 	at org.apache.lucene.codecs.compressing.CompressingTermVectorsReader$TVFields.terms(CompressingTermVectorsReader.java:659)
   [junit4]   2> 	at org.apache.lucene.codecs.TermVectorsWriter.addAllDocVectors(TermVectorsWriter.java:237)
   [junit4]   2> 	at org.apache.lucene.codecs.compressing.CompressingTermVectorsWriter.merge(CompressingTermVectorsWriter.java:784)
   [junit4]   2> 	at org.apache.lucene.index.SegmentMerger.mergeVectors(SegmentMerger.java:328)
   [junit4]   2> 	at org.apache.lucene.index.SegmentMerger.merge(SegmentMerger.java:136)
   [junit4]   2> 	at org.apache.lucene.index.IndexWriter.mergeMiddle(IndexWriter.java:3753)
   [junit4]   2> 	at org.apache.lucene.index.IndexWriter.merge(IndexWriter.java:3353)
   [junit4]   2> 	at org.apache.lucene.index.ConcurrentMergeScheduler.doMerge(ConcurrentMergeScheduler.java:405)
   [junit4]   2> 	at org.apache.lucene.index.ConcurrentMergeScheduler$MergeThread.run(ConcurrentMergeScheduler.java:482)
   [junit4]   2> 
   [junit4]   2> NOTE: reproduce with: ant test  -Dtestcase=TestLucene45DocValuesFormat -Dtests.method=testCodecUsesOwnBytesEachTime -Dtests.seed=43A1116E7F98BED4 -Dtests.slow=true -Dtests.locale=el -Dtests.timezone=MST7MDT -Dtests.file.encoding=ISO-8859-1
   [junit4] ERROR   0.53s | TestLucene45DocValuesFormat.testCodecUsesOwnBytesEachTime <<<
   [junit4]    > Throwable #1: com.carrotsearch.randomizedtesting.UncaughtExceptionError: Captured an uncaught exception in thread: Thread[id=343, name=Lucene Merge Thread #3, state=RUNNABLE, group=TGRP-TestLucene45DocValuesFormat]
   [junit4]    > 	at __randomizedtesting.SeedInfo.seed([43A1116E7F98BED4:FB60E4AF0ACF0843]:0)
   [junit4]    > Caused by: org.apache.lucene.index.MergePolicy$MergeException: java.lang.ArrayIndexOutOfBoundsException: 0
   [junit4]    > 	at __randomizedtesting.SeedInfo.seed([43A1116E7F98BED4]:0)
   [junit4]    > 	at org.apache.lucene.index.ConcurrentMergeScheduler.handleMergeException(ConcurrentMergeScheduler.java:545)
   [junit4]    > 	at org.apache.lucene.index.ConcurrentMergeScheduler$MergeThread.run(ConcurrentMergeScheduler.java:518)
   [junit4]    > Caused by: java.lang.ArrayIndexOutOfBoundsException: 0
   [junit4]    > 	at org.apache.lucene.codecs.compressing.CompressingTermVectorsReader$TVFields.terms(CompressingTermVectorsReader.java:659)
   [junit4]    > 	at org.apache.lucene.codecs.TermVectorsWriter.addAllDocVectors(TermVectorsWriter.java:237)
   [junit4]    > 	at org.apache.lucene.codecs.compressing.CompressingTermVectorsWriter.merge(CompressingTermVectorsWriter.java:784)
   [junit4]    > 	at org.apache.lucene.index.SegmentMerger.mergeVectors(SegmentMerger.java:328)
   [junit4]    > 	at org.apache.lucene.index.SegmentMerger.merge(SegmentMerger.java:136)
   [junit4]    > 	at org.apache.lucene.index.IndexWriter.mergeMiddle(IndexWriter.java:3753)
   [junit4]    > 	at org.apache.lucene.index.IndexWriter.merge(IndexWriter.java:3353)
   [junit4]    > 	at org.apache.lucene.index.ConcurrentMergeScheduler.doMerge(ConcurrentMergeScheduler.java:405)
   [junit4]    > 	at org.apache.lucene.index.ConcurrentMergeScheduler$MergeThread.run(ConcurrentMergeScheduler.java:482)
   [junit4]   2> ??? 13, 2013 9:03:43 ?? com.carrotsearch.randomizedtesting.RandomizedRunner$QueueUncaughtExceptionsHandler uncaughtException
   [junit4]   2> WARNING: Uncaught exception in thread: Thread[Lucene Merge Thread #0,6,TGRP-TestLucene45DocValuesFormat]
   [junit4]   2> org.apache.lucene.index.MergePolicy$MergeException: java.lang.NegativeArraySizeException
   [junit4]   2> 	at __randomizedtesting.SeedInfo.seed([43A1116E7F98BED4]:0)
   [junit4]   2> 	at org.apache.lucene.index.ConcurrentMergeScheduler.handleMergeException(ConcurrentMergeScheduler.java:545)
   [junit4]   2> 	at org.apache.lucene.index.ConcurrentMergeScheduler$MergeThread.run(ConcurrentMergeScheduler.java:518)
   [junit4]   2> Caused by: java.lang.NegativeArraySizeException
   [junit4]   2> 	at org.apache.lucene.codecs.compressing.CompressingTermVectorsReader.readPositions(CompressingTermVectorsReader.java:556)
   [junit4]   2> 	at org.apache.lucene.codecs.compressing.CompressingTermVectorsReader.get(CompressingTermVectorsReader.java:386)
   [junit4]   2> 	at org.apache.lucene.index.SegmentReader.getTermVectors(SegmentReader.java:169)
   [junit4]   2> 	at org.apache.lucene.codecs.compressing.CompressingTermVectorsWriter.merge(CompressingTermVectorsWriter.java:783)
   [junit4]   2> 	at org.apache.lucene.index.SegmentMerger.mergeVectors(SegmentMerger.java:328)
   [junit4]   2> 	at org.apache.lucene.index.SegmentMerger.merge(SegmentMerger.java:136)
   [junit4]   2> 	at org.apache.lucene.index.IndexWriter.mergeMiddle(IndexWriter.java:3753)
   [junit4]   2> 	at org.apache.lucene.index.IndexWriter.merge(IndexWriter.java:3353)
   [junit4]   2> 	at org.apache.lucene.index.ConcurrentMergeScheduler.doMerge(ConcurrentMergeScheduler.java:405)
   [junit4]   2> 	at org.apache.lucene.index.ConcurrentMergeScheduler$MergeThread.run(ConcurrentMergeScheduler.java:482)
   [junit4]   2> 
   [junit4]   2> ??? 13, 2013 9:03:43 ?? com.carrotsearch.randomizedtesting.RandomizedRunner$QueueUncaughtExceptionsHandler uncaughtException
   [junit4]   2> WARNING: Uncaught exception in thread: Thread[Lucene Merge Thread #1,6,TGRP-TestLucene45DocValuesFormat]
   [junit4]   2> org.apache.lucene.index.MergePolicy$MergeException: java.lang.NegativeArraySizeException
   [junit4]   2> 	at __randomizedtesting.SeedInfo.seed([43A1116E7F98BED4]:0)
   [junit4]   2> 	at org.apache.lucene.index.ConcurrentMergeScheduler.handleMergeException(ConcurrentMergeScheduler.java:545)
   [junit4]   2> 	at org.apache.lucene.index.ConcurrentMergeScheduler$MergeThread.run(ConcurrentMergeScheduler.java:518)
   [junit4]   2> Caused by: java.lang.NegativeArraySizeException
   [junit4]   2> 	at org.apache.lucene.codecs.compressing.CompressingTermVectorsReader.readPositions(CompressingTermVectorsReader.java:556)
   [junit4]   2> 	at org.apache.lucene.codecs.compressing.CompressingTermVectorsReader.get(CompressingTermVectorsReader.java:386)
   [junit4]   2> 	at org.apache.lucene.index.SegmentReader.getTermVectors(SegmentReader.java:169)
   [junit4]   2> 	at org.apache.lucene.codecs.compressing.CompressingTermVectorsWriter.merge(CompressingTermVectorsWriter.java:783)
   [junit4]   2> 	at org.apache.lucene.index.SegmentMerger.mergeVectors(SegmentMerger.java:328)
   [junit4]   2> 	at org.apache.lucene.index.SegmentMerger.merge(SegmentMerger.java:136)
   [junit4]   2> 	at org.apache.lucene.index.IndexWriter.mergeMiddle(IndexWriter.java:3753)
   [junit4]   2> 	at org.apache.lucene.index.IndexWriter.merge(IndexWriter.java:3353)
   [junit4]   2> 	at org.apache.lucene.index.ConcurrentMergeScheduler.doMerge(ConcurrentMergeScheduler.java:405)
   [junit4]   2> 	at org.apache.lucene.index.ConcurrentMergeScheduler$MergeThread.run(ConcurrentMergeScheduler.java:482)
   [junit4]   2> 
   [junit4]   2> ??? 13, 2013 9:03:43 ?? com.carrotsearch.randomizedtesting.RandomizedRunner$QueueUncaughtExceptionsHandler uncaughtException
   [junit4]   2> WARNING: Uncaught exception in thread: Thread[Lucene Merge Thread #2,6,TGRP-TestLucene45DocValuesFormat]
   [junit4]   2> org.apache.lucene.index.MergePolicy$MergeException: java.lang.ArrayIndexOutOfBoundsException
   [junit4]   2> 	at __randomizedtesting.SeedInfo.seed([43A1116E7F98BED4]:0)
   [junit4]   2> 	at org.apache.lucene.index.ConcurrentMergeScheduler.handleMergeException(ConcurrentMergeScheduler.java:545)
   [junit4]   2> 	at org.apache.lucene.index.ConcurrentMergeScheduler$MergeThread.run(ConcurrentMergeScheduler.java:518)
   [junit4]   2> Caused by: java.lang.ArrayIndexOutOfBoundsException
   [junit4]   2> 
   [junit4]   2> ??? 13, 2013 9:03:44 ?? com.carrotsearch.randomizedtesting.RandomizedRunner$QueueUncaughtExceptionsHandler uncaughtException
   [junit4]   2> WARNING: Uncaught exception in thread: Thread[Lucene Merge Thread #3,6,TGRP-TestLucene45DocValuesFormat]
   [junit4]   2> org.apache.lucene.index.MergePolicy$MergeException: java.lang.ArrayIndexOutOfBoundsException
   [junit4]   2> 	at __randomizedtesting.SeedInfo.seed([43A1116E7F98BED4]:0)
   [junit4]   2> 	at org.apache.lucene.index.ConcurrentMergeScheduler.handleMergeException(ConcurrentMergeScheduler.java:545)
   [junit4]   2> 	at org.apache.lucene.index.ConcurrentMergeScheduler$MergeThread.run(ConcurrentMergeScheduler.java:518)
   [junit4]   2> Caused by: java.lang.ArrayIndexOutOfBoundsException
   [junit4]   2> 
   [junit4]   2> ??? 13, 2013 9:03:44 ?? com.carrotsearch.randomizedtesting.RandomizedRunner$QueueUncaughtExceptionsHandler uncaughtException
   [junit4]   2> WARNING: Uncaught exception in thread: Thread[Lucene Merge Thread #4,6,TGRP-TestLucene45DocValuesFormat]
   [junit4]   2> org.apache.lucene.index.MergePolicy$MergeException: java.lang.ArrayIndexOutOfBoundsException
   [junit4]   2> 	at __randomizedtesting.SeedInfo.seed([43A1116E7F98BED4]:0)
   [junit4]   2> 	at org.apache.lucene.index.ConcurrentMergeScheduler.handleMergeException(ConcurrentMergeScheduler.java:545)
   [junit4]   2> 	at org.apache.lucene.index.ConcurrentMergeScheduler$MergeThread.run(ConcurrentMergeScheduler.java:518)
   [junit4]   2> Caused by: java.lang.ArrayIndexOutOfBoundsException
   [junit4]   2> 
   [junit4]   2> NOTE: reproduce with: ant test  -Dtestcase=TestLucene45DocValuesFormat -Dtests.method=testSortedSetVariableLengthVsUninvertedField -Dtests.seed=43A1116E7F98BED4 -Dtests.slow=true -Dtests.locale=el -Dtests.timezone=MST7MDT -Dtests.file.encoding=ISO-8859-1
   [junit4] ERROR   1.57s | TestLucene45DocValuesFormat.testSortedSetVariableLengthVsUninvertedField <<<
   [junit4]    > Throwable #1: java.io.IOException: background merge hit exception: _b(5.0):c99 _o(5.0):C95 _e(5.0):c52 _5(5.0):c65 _8(5.0):c42 _7(5.0):c38 _1(5.0):c23 _9(5.0):c19 _k(5.0):c5 into _p [maxNumSegments=1]
   [junit4]    > 	at org.apache.lucene.index.IndexWriter.forceMerge(IndexWriter.java:1718)
   [junit4]    > 	at org.apache.lucene.index.IndexWriter.forceMerge(IndexWriter.java:1654)
   [junit4]    > 	at org.apache.lucene.index.RandomIndexWriter.forceMerge(RandomIndexWriter.java:340)
   [junit4]    > 	at org.apache.lucene.index.BaseDocValuesFormatTestCase.doTestSortedSetVsUninvertedField(BaseDocValuesFormatTestCase.java:2293)
   [junit4]    > 	at org.apache.lucene.index.BaseDocValuesFormatTestCase.testSortedSetVariableLengthVsUninvertedField(BaseDocValuesFormatTestCase.java:2320)
   [junit4]    > 	at java.lang.Thread.run(Thread.java:724)
   [junit4]    > Caused by: java.lang.NegativeArraySizeException
   [junit4]    > 	at org.apache.lucene.codecs.compressing.CompressingTermVectorsReader.readPositions(CompressingTermVectorsReader.java:556)
   [junit4]    > 	at org.apache.lucene.codecs.compressing.CompressingTermVectorsReader.get(CompressingTermVectorsReader.java:386)
   [junit4]    > 	at org.apache.lucene.index.SegmentReader.getTermVectors(SegmentReader.java:169)
   [junit4]    > 	at org.apache.lucene.codecs.compressing.CompressingTermVectorsWriter.merge(CompressingTermVectorsWriter.java:783)
   [junit4]    > 	at org.apache.lucene.index.SegmentMerger.mergeVectors(SegmentMerger.java:328)
   [junit4]    > 	at org.apache.lucene.index.SegmentMerger.merge(SegmentMerger.java:136)
   [junit4]    > 	at org.apache.lucene.index.IndexWriter.mergeMiddle(IndexWriter.java:3753)
   [junit4]    > 	at org.apache.lucene.index.IndexWriter.merge(IndexWriter.java:3353)
   [junit4]    > 	at org.apache.lucene.index.ConcurrentMergeScheduler.doMerge(ConcurrentMergeScheduler.java:405)
   [junit4]    > 	at org.apache.lucene.index.ConcurrentMergeScheduler$MergeThread.run(ConcurrentMergeScheduler.java:482)Throwable #2: com.carrotsearch.randomizedtesting.UncaughtExceptionError: Captured an uncaught exception in thread: Thread[id=347, name=Lucene Merge Thread #0, state=RUNNABLE, group=TGRP-TestLucene45DocValuesFormat]
   [junit4]    > Caused by: org.apache.lucene.index.MergePolicy$MergeException: java.lang.NegativeArraySizeException
   [junit4]    > 	at __randomizedtesting.SeedInfo.seed([43A1116E7F98BED4]:0)
   [junit4]    > 	at org.apache.lucene.index.ConcurrentMergeScheduler.handleMergeException(ConcurrentMergeScheduler.java:545)
   [junit4]    > 	at org.apache.lucene.index.ConcurrentMergeScheduler$MergeThread.run(ConcurrentMergeScheduler.java:518)
   [junit4]    > Caused by: java.lang.NegativeArraySizeException
   [junit4]    > 	at org.apache.lucene.codecs.compressing.CompressingTermVectorsReader.readPositions(CompressingTermVectorsReader.java:556)
   [junit4]    > 	at org.apache.lucene.codecs.compressing.CompressingTermVectorsReader.get(CompressingTermVectorsReader.java:386)
   [junit4]    > 	at org.apache.lucene.index.SegmentReader.getTermVectors(SegmentReader.java:169)
   [junit4]    > 	at org.apache.lucene.codecs.compressing.CompressingTermVectorsWriter.merge(CompressingTermVectorsWriter.java:783)
   [junit4]    > 	at org.apache.lucene.index.SegmentMerger.mergeVectors(SegmentMerger.java:328)
   [junit4]    > 	at org.apache.lucene.index.SegmentMerger.merge(SegmentMerger.java:136)
   [junit4]    > 	at org.apache.lucene.index.IndexWriter.mergeMiddle(IndexWriter.java:3753)
   [junit4]    > 	at org.apache.lucene.index.IndexWriter.merge(IndexWriter.java:3353)
   [junit4]    > 	at org.apache.lucene.index.ConcurrentMergeScheduler.doMerge(ConcurrentMergeScheduler.java:405)
   [junit4]    > 	at org.apache.lucene.index.ConcurrentMergeScheduler$MergeThread.run(ConcurrentMergeScheduler.java:482)Throwable #3: com.carrotsearch.randomizedtesting.UncaughtExceptionError: Captured an uncaught exception in thread: Thread[id=348, name=Lucene Merge Thread #1, state=RUNNABLE, group=TGRP-TestLucene45DocValuesFormat]
   [junit4]    > Caused by: org.apache.lucene.index.MergePolicy$MergeException: java.lang.NegativeArraySizeException
   [junit4]    > 	at __randomizedtesting.SeedInfo.seed([43A1116E7F98BED4]:0)
   [junit4]    > 	at org.apache.lucene.index.ConcurrentMergeScheduler.handleMergeException(ConcurrentMergeScheduler.java:545)
   [junit4]    > 	at org.apache.lucene.index.ConcurrentMergeScheduler$MergeThread.run(ConcurrentMergeScheduler.java:518)
   [junit4]    > Caused by: java.lang.NegativeArraySizeException
   [junit4]    > 	at org.apache.lucene.codecs.compressing.CompressingTermVectorsReader.readPositions(CompressingTermVectorsReader.java:556)
   [junit4]    > 	at org.apache.lucene.codecs.compressing.CompressingTermVectorsReader.get(CompressingTermVectorsReader.java:386)
   [junit4]    > 	at org.apache.lucene.index.SegmentReader.getTermVectors(SegmentReader.java:169)
   [junit4]    > 	at org.apache.lucene.codecs.compressing.CompressingTermVectorsWriter.merge(CompressingTermVectorsWriter.java:783)
   [junit4]    > 	at org.apache.lucene.index.SegmentMerger.mergeVectors(SegmentMerger.java:328)
   [junit4]    > 	at org.apache.lucene.index.SegmentMerger.merge(SegmentMerger.java:136)
   [junit4]    > 	at org.apache.lucene.index.IndexWriter.mergeMiddle(IndexWriter.java:3753)
   [junit4]    > 	at org.apache.lucene.index.IndexWriter.merge(IndexWriter.java:3353)
   [junit4]    > 	at org.apache.lucene.index.ConcurrentMergeScheduler.doMerge(ConcurrentMergeScheduler.java:405)
   [junit4]    > 	at org.apache.lucene.index.ConcurrentMergeScheduler$MergeThread.run(ConcurrentMergeScheduler.java:482)Throwable #4: com.carrotsearch.randomizedtesting.UncaughtExceptionError: Captured an uncaught exception in thread: Thread[id=349, name=Lucene Merge Thread #2, state=RUNNABLE, group=TGRP-TestLucene45DocValuesFormat]
   [junit4]    > Caused by: org.apache.lucene.index.MergePolicy$MergeException: java.lang.ArrayIndexOutOfBoundsException
   [junit4]    > 	at __randomizedtesting.SeedInfo.seed([43A1116E7F98BED4]:0)
   [junit4]    > 	at org.apache.lucene.index.ConcurrentMergeScheduler.handleMergeException(ConcurrentMergeScheduler.java:545)
   [junit4]    > 	at org.apache.lucene.index.ConcurrentMergeScheduler$MergeThread.run(ConcurrentMergeScheduler.java:518)
   [junit4]    > Caused by: java.lang.ArrayIndexOutOfBoundsExceptionThrowable #5: com.carrotsearch.randomizedtesting.UncaughtExceptionError: Captured an uncaught exception in thread: Thread[id=350, name=Lucene Merge Thread #3, state=RUNNABLE, group=TGRP-TestLucene45DocValuesFormat]
   [junit4]    > Caused by: org.apache.lucene.index.MergePolicy$MergeException: java.lang.ArrayIndexOutOfBoundsException
   [junit4]    > 	at __randomizedtesting.SeedInfo.seed([43A1116E7F98BED4]:0)
   [junit4]    > 	at org.apache.lucene.index.ConcurrentMergeScheduler.handleMergeException(ConcurrentMergeScheduler.java:545)
   [junit4]    > 	at org.apache.lucene.index.ConcurrentMergeScheduler$MergeThread.run(ConcurrentMergeScheduler.java:518)
   [junit4]    > Caused by: java.lang.ArrayIndexOutOfBoundsExceptionThrowable #6: com.carrotsearch.randomizedtesting.UncaughtExceptionError: Captured an uncaught exception in thread: Thread[id=351, name=Lucene Merge Thread #4, state=RUNNABLE, group=TGRP-TestLucene45DocValuesFormat]
   [junit4]    > Caused by: org.apache.lucene.index.MergePolicy$MergeException: java.lang.ArrayIndexOutOfBoundsException
   [junit4]    > 	at __randomizedtesting.SeedInfo.seed([43A1116E7F98BED4]:0)
   [junit4]    > 	at org.apache.lucene.index.ConcurrentMergeScheduler.handleMergeException(ConcurrentMergeScheduler.java:545)
   [junit4]    > 	at org.apache.lucene.index.ConcurrentMergeScheduler$MergeThread.run(ConcurrentMergeScheduler.java:518)
   [junit4]    > Caused by: java.lang.ArrayIndexOutOfBoundsException
   [junit4]   2> ??? 13, 2013 9:03:44 ?? com.carrotsearch.randomizedtesting.RandomizedRunner$QueueUncaughtExceptionsHandler uncaughtException
   [junit4]   2> WARNING: Uncaught exception in thread: Thread[Lucene Merge Thread #5,6,TGRP-TestLucene45DocValuesFormat]
   [junit4]   2> org.apache.lucene.index.MergePolicy$MergeException: java.lang.NegativeArraySizeException
   [junit4]   2> 	at __randomizedtesting.SeedInfo.seed([43A1116E7F98BED4]:0)
   [junit4]   2> 	at org.apache.lucene.index.ConcurrentMergeScheduler.handleMergeException(ConcurrentMergeScheduler.java:545)
   [junit4]   2> 	at org.apache.lucene.index.ConcurrentMergeScheduler$MergeThread.run(ConcurrentMergeScheduler.java:518)
   [junit4]   2> Caused by: java.lang.NegativeArraySizeException
   [junit4]   2> 	at org.apache.lucene.codecs.compressing.CompressingTermVectorsReader.readPositions(CompressingTermVectorsReader.java:556)
   [junit4]   2> 	at org.apache.lucene.codecs.compressing.CompressingTermVectorsReader.get(CompressingTermVectorsReader.java:386)
   [junit4]   2> 	at org.apache.lucene.index.SegmentReader.getTermVectors(SegmentReader.java:169)
   [junit4]   2> 	at org.apache.lucene.codecs.compressing.CompressingTermVectorsWriter.merge(CompressingTermVectorsWriter.java:783)
   [junit4]   2> 	at org.apache.lucene.index.SegmentMerger.mergeVectors(SegmentMerger.java:328)
   [junit4]   2> 	at org.apache.lucene.index.SegmentMerger.merge(SegmentMerger.java:136)
   [junit4]   2> 	at org.apache.lucene.index.IndexWriter.mergeMiddle(IndexWriter.java:3753)
   [junit4]   2> 	at org.apache.lucene.index.IndexWriter.merge(IndexWriter.java:3353)
   [junit4]   2> 	at org.apache.lucene.index.ConcurrentMergeScheduler.doMerge(ConcurrentMergeScheduler.java:405)
   [junit4]   2> 	at org.apache.lucene.index.ConcurrentMergeScheduler$MergeThread.run(ConcurrentMergeScheduler.java:482)
   [junit4]   2> 
   [junit4]   2> NOTE: reproduce with: ant test  -Dtestcase=TestLucene45DocValuesFormat -Dtests.method=testSortedFixedLengthVsFieldCache -Dtests.seed=43A1116E7F98BED4 -Dtests.slow=true -Dtests.locale=el -Dtests.timezone=MST7MDT -Dtests.file.encoding=ISO-8859-1
   [junit4] ERROR   0.40s | TestLucene45DocValuesFormat.testSortedFixedLengthVsFieldCache <<<
   [junit4]    > Throwable #1: com.carrotsearch.randomizedtesting.UncaughtExceptionError: Captured an uncaught exception in thread: Thread[id=352, name=Lucene Merge Thread #5, state=RUNNABLE, group=TGRP-TestLucene45DocValuesFormat]
   [junit4]    > 	at __randomizedtesting.SeedInfo.seed([43A1116E7F98BED4:D58427C59A541E4]:0)
   [junit4]    > Caused by: org.apache.lucene.index.MergePolicy$MergeException: java.lang.NegativeArraySizeException
   [junit4]    > 	at __randomizedtesting.SeedInfo.seed([43A1116E7F98BED4]:0)
   [junit4]    > 	at org.apache.lucene.index.ConcurrentMergeScheduler.handleMergeException(ConcurrentMergeScheduler.java:545)
   [junit4]    > 	at org.apache.lucene.index.ConcurrentMergeScheduler$MergeThread.run(ConcurrentMergeScheduler.java:518)
   [junit4]    > Caused by: java.lang.NegativeArraySizeException
   [junit4]    > 	at org.apache.lucene.codecs.compressing.CompressingTermVectorsReader.readPositions(CompressingTermVectorsReader.java:556)
   [junit4]    > 	at org.apache.lucene.codecs.compressing.CompressingTermVectorsReader.get(CompressingTermVectorsReader.java:386)
   [junit4]    > 	at org.apache.lucene.index.SegmentReader.getTermVectors(SegmentReader.java:169)
   [junit4]    > 	at org.apache.lucene.codecs.compressing.CompressingTermVectorsWriter.merge(CompressingTermVectorsWriter.java:783)
   [junit4]    > 	at org.apache.lucene.index.SegmentMerger.mergeVectors(SegmentMerger.java:328)
   [junit4]    > 	at org.apache.lucene.index.SegmentMerger.merge(SegmentMerger.java:136)
   [junit4]    > 	at org.apache.lucene.index.IndexWriter.mergeMiddle(IndexWriter.java:3753)
   [junit4]    > 	at org.apache.lucene.index.IndexWriter.merge(IndexWriter.java:3353)
   [junit4]    > 	at org.apache.lucene.index.ConcurrentMergeScheduler.doMerge(ConcurrentMergeScheduler.java:405)
   [junit4]    > 	at org.apache.lucene.index.ConcurrentMergeScheduler$MergeThread.run(ConcurrentMergeScheduler.java:482)
   [junit4]   2> NOTE: test params are: codec=CheapBastard, sim=DefaultSimilarity, locale=el, timezone=MST7MDT
   [junit4]   2> NOTE: Mac OS X 10.8.4 x86_64/Oracle Corporation 1.7.0_40 (64-bit)/cpus=2,threads=1,free=110355536,total=285212672
   [junit4]   2> NOTE: All tests run in this JVM: [TestHugeRamFile, TestTimeLimitingCollector, TestLazyProxSkipping, TestPostingsOffsets, TestRegexpQuery, TestTryDelete, TestDoubleBarrelLRUCache, TestGraphTokenizers, TestIndexWriterMerging, TestSearchAfter, TestNoMergeScheduler, TestSearchForDuplicates, TestBytesRef, Test4GBStoredFields, TestAttributeSource, TestIndexWriterMergePolicy, TestLucene45DocValuesFormat]
   [junit4] Completed in 14.84s, 77 tests, 4 errors, 1 skipped <<< FAILURES!
   [junit4] 
   [junit4] Suite: org.apache.lucene.search.TestPrefixFilter
   [junit4] Completed in 0.06s, 1 test
   [junit4] 
   [junit4] Suite: org.apache.lucene.index.TestDocValuesWithThreads
   [junit4] Completed in 0.38s, 2 tests
   [junit4] 
   [junit4] Suite: org.apache.lucene.store.TestNRTCachingDirectory
   [junit4] Completed in 7.22s, 5 tests
   [junit4] 
   [junit4] Suite: org.apache.lucene.search.similarities.TestSimilarity2
   [junit4] Completed in 0.70s, 7 tests
   [junit4] 
   [junit4] Suite: org.apache.lucene.search.TestPositiveScoresOnlyCollector
   [junit4] Completed in 0.06s, 1 test
   [junit4] 
   [junit4] Suite: org.apache.lucene.search.TestPositionIncrement
   [junit4] Completed in 0.52s, 2 tests
   [junit4] 
   [junit4] Suite: org.apache.lucene.search.TestEarlyTermination
   [junit4] Completed in 0.10s, 1 test
   [junit4] 
   [junit4] Suite: org.apache.lucene.util.TestOpenBitSet
   [junit4] Completed in 9.96s, 8 tests
   [junit4] 
   [junit4] Suite: org.apache.lucene.search.TestBooleanOr
   [junit4] Completed in 2.86s, 6 tests
   [junit4] 
   [junit4] Suite: org.apache.lucene.index.TestTerm
   [junit4] Completed in 0.05s, 1 test
   [junit4] 
   [junit4] Suite: org.apache.lucene.index.TestCodecHoldsOpenFiles
   [junit4] Completed in 0.10s, 1 test
   [junit4] 
   [junit4] Suite: org.apache.lucene.search.spans.TestNearSpansOrdered
   [junit4] Completed in 0.41s, 10 tests
   [junit4] 
   [junit4] Suite: org.apache.lucene.index.TestIndexFileDeleter
   [junit4] Completed in 0.28s, 1 test
   [junit4] 
   [junit4] Suite: org.apache.lucene.index.TestUniqueTermCount
   [junit4] Completed in 0.37s, 1 test
   [junit4] 
   [junit4] Suite: org.apache.lucene.search.TestElevationComparator
   [junit4] Completed in 0.19s, 1 test
   [junit4] 
   [junit4] Suite: org.apache.lucene.analysis.TestToken
   [junit4] Completed in 1.48s, 10 tests
   [junit4] 
   [junit4] Suite: org.apache.lucene.search.TestMultiTermConstantScore
   [junit4] Completed in 2.60s, 7 tests
   [junit4] 
   [junit4] Suite: org.apache.lucene.search.spans.TestSpanFirstQuery
   [junit4] Completed in 0.06s, 1 test
   [junit4] 
   [junit4] Suite: org.apache.lucene.store.TestWindowsMMap
   [junit4] Completed in 0.25s, 1 test
   [junit4] 
   [junit4] Suite: org.apache.lucene.store.TestMockDirectoryWrapper
   [junit4] Completed in 0.08s, 3 tests
   [junit4] 
   [junit4] Suite: org.apache.lucene.index.TestPrefixCodedTerms
   [junit4] Completed in 2.01s, 6 tests
   [junit4] 
   [junit4] Suite: org.apache.lucene.index.TestFilterAtomicReader
   [junit4] Completed in 0.11s, 2 tests
   [junit4] 
   [junit4] Suite: org.apache.lucene.search.TestSloppyPhraseQuery2
   [junit4] Completed in 5.25s, 9 tests
   [junit4] 
   [junit4] Suite: org.apache.lucene.index.TestBagOfPositions
   [junit4] Completed in 3.02s, 1 test
   [junit4] 
   [junit4] Suite: org.apache.lucene.util.TestFieldCacheSanityChecker
   [junit4] Completed in 1.61s, 3 tests
   [junit4] 
   [junit4] Suite: org.apache.lucene.index.TestNRTReaderWithThreads
   [junit4] Completed in 1.78s, 1 test
   [junit4] 
   [junit4] Suite: org.apache.lucene.search.TestBooleanMinShouldMatch
   [junit4] Completed in 4.78s, 17 tests
   [junit4] 
   [junit4] Suite: org.apache.lucene.util.TestVersion
   [junit4] Completed in 0.05s, 3 tests
   [junit4] 
   [junit4] Suite: org.apache.lucene.index.TestCrash
   [junit4] Completed in 1.06s, 5 tests
   [junit4] 
   [junit4] Suite: org.apache.lucene.search.TestQueryWrapperFilter
   [junit4] Completed in 1.58s, 3 tests
   [junit4] 
   [junit4] Suite: org.apache.lucene.index.TestIndexWriterForceMerge
   [junit4] Completed in 6.15s, 4 tests
   [junit4] 
   [junit4] Suite: org.apache.lucene.index.TestMaxTermFrequency
   [junit4] Completed in 0.72s, 1 test
   [junit4] 
   [junit4] Suite: org.apache.lucene.util.junitcompat.TestSystemPropertiesInvariantRule
   [junit4] Completed in 0.44s, 5 tests
   [junit4] 
   [junit4] Suite: org.apache.lucene.util.TestSmallFloat
   [junit4] Completed in 0.28s, 2 tests
   [junit4] 
   [junit4] Suite: org.apache.lucene.search.TestBooleanQuery
   [junit4] Completed in 0.30s, 6 tests
   [junit4] 
   [junit4] Suite: org.apache.lucene.analysis.TestPosition
   [junit4] Completed in 0.00s, 0 tests
   [junit4] 
   [junit4] Suite: org.apache.lucene.index.TestPayloads
   [junit4] Completed in 0.58s, 7 tests
   [junit4] 
   [junit4] Suite: org.apache.lucene.util.TestArrayUtil
   [junit4] Completed in 3.83s, 11 tests
   [junit4] 
   [junit4] Suite: org.apache.lucene.util.junitcompat.TestBeforeAfterOverrides
   [junit4] Completed in 0.07s, 2 tests
   [junit4] 
   [junit4] Suite: org.apache.lucene.index.TestIndexWriterCommit
   [junit4] Completed in 3.59s, 12 tests
   [junit4] 
   [junit4] Suite: org.apache.lucene.util.junitcompat.TestFailIfUnreferencedFiles
   [junit4] Completed in 0.07s, 1 test
   [junit4] 
   [junit4] Suite: org.apache.lucene.index.TestDocValuesIndexing
   [junit4] IGNOR/A 0.02s | TestDocValuesIndexing.testTooLargeTermSortedSetBytes
   [junit4]    > Assumption #1: codec does not support SORTED_SET
   [junit4] Completed in 0.90s, 30 tests, 1 skipped
   [junit4] 
   [junit4] Suite: org.apache.lucene.index.TestTieredMergePolicy
   [junit4] Completed in 3.13s, 4 tests
   [junit4] 
   [junit4] Suite: org.apache.lucene.codecs.lucene41.TestBlockPostingsFormat
   [junit4] Completed in 3.20s, 10 tests
   [junit4] 
   [junit4] Suite: org.apache.lucene.util.TestWeakIdentityMap
   [junit4] Completed in 10.31s, 2 tests
   [junit4] 
   [junit4] Suite: org.apache.lucene.search.spans.TestSpanMultiTermQueryWrapper
   [junit4] Completed in 0.11s, 4 tests
   [junit4] 
   [junit4] Suite: org.apache.lucene.analysis.TestCharFilter
   [junit4] Completed in 0.04s, 4 tests
   [junit4] 
   [junit4] Suite: org.apache.lucene.document.TestDocument
   [junit4] Completed in 0.30s, 11 tests
   [junit4] 
   [junit4] Suite: org.apache.lucene.search.TestFieldCacheRewriteMethod
   [junit4] Completed in 3.44s, 2 tests
   [junit4] 
   [junit4] Suite: org.apache.lucene.index.Test2BPostings
   [junit4] IGNOR/A 0.01s | Test2BPostings.test
   [junit4]    > Assumption #1: 'nightly' test group is disabled (@Nightly)
   [junit4] Completed in 0.13s, 1 test, 1 skipped
   [junit4] 
   [junit4] Suite: org.apache.lucene.document.TestDateTools
   [junit4] Completed in 0.18s, 5 tests
   [junit4] 
   [junit4] Suite: org.apache.lucene.util.TestWAH8DocIdSet
   [junit4] Completed in 3.50s, 6 tests
   [junit4] 
   [junit4] Suite: org.apache.lucene.index.TestDoc
   [junit4] Completed in 0.71s, 1 test
   [junit4] 
   [junit4] Suite: org.apache.lucene.util.junitcompat.TestSameRandomnessLocalePassedOrNot
   [junit4] Completed in 0.10s, 1 test
   [junit4] 
   [junit4] Suite: org.apache.lucene.document.TestBinaryDocument
   [junit4] Completed in 0.13s, 2 tests
   [junit4] 
   [junit4] Suite: org.apache.lucene.index.TestPayloadsOnVectors
   [junit4] Completed in 0.18s, 3 tests
   [junit4] 
   [junit4] Suite: org.apache.lucene.util.packed.TestEliasFanoDocIdSet
   [junit4] Completed in 1.64s, 4 tests
   [junit4] 
   [junit4] Suite: org.apache.lucene.index.TestOmitTf
   [junit4] Completed in 0.91s, 6 tests
   [junit4] 
   [junit4] Suite: org.apache.lucene.index.TestMultiFields
   [junit4] Completed in 0.38s, 3 tests
   [junit4] 
   [junit4] Suite: org.apache.lucene.index.TestStressNRT
   [junit4] Completed in 2.97s, 1 test
   [junit4] 
   [junit4] Suite: org.apache.lucene.util.Test2BPagedBytes
   [junit4] Completed in 0.01s, 0 tests
   [junit4] 
   [junit4] Suite: org.apache.lucene.index.TestPersistentSnapshotDeletionPolicy
   [junit4] Completed in 1.80s, 13 tests
   [junit4] 
   [junit4] Suite: org.apache.lucene.search.TestSameScoresWithThreads
   [junit4] Completed in 2.53s, 1 test
   [junit4] 
   [junit4] Suite: org.apache.lucene.util.TestBytesRefHash
   [junit4] Completed in 2.62s, 8 tests
   [junit4] 
   [junit4] Suite: org.apache.lucene.util.TestMaxFailuresRule
   [junit4] Completed in 4.37s, 1 test
   [junit4] 
   [junit4] Suite: org.apache.lucene.search.TestDocBoost
   [junit4] Completed in 0.05s, 1 test
   [junit4] 
   [junit4] Suite: org.apache.lucene.search.TestPrefixQuery
   [junit4] Completed in 0.04s, 1 test
   [junit4] 
   [junit4] Suite: org.apache.lucene.search.TestWildcard
   [junit4] Completed in 0.73s, 8 tests
   [junit4] 
   [junit4] Suite: org.apache.lucene.util.junitcompat.TestReproduceMessage
   [junit4] Completed in 1.61s, 21 tests
   [junit4] 
   [junit4] Suite: org.apache.lucene.codecs.compressing.TestCompressingStoredFieldsFormat
   [junit4] IGNOR/A 0.00s | TestCompressingStoredFieldsFormat.testBigDocuments {#0 seed=[43A1116E7F98BED4:B28B4B31CCB410F3]}
   [junit4]    > Assumption #1: 'nightly' test group is disabled (@Nightly)
   [junit4] IGNOR/A 0.00s | TestCompressingStoredFieldsFormat.testBigDocuments {#1 seed=[43A1116E7F98BED4:6DDF7CDF876DBDF]}
   [junit4]    > Assumption #1: 'nightly' test group is disabled (@Nightly)
   [junit4] IGNOR/A 0.00s | TestCompressingStoredFieldsFormat.testBigDocuments {#2 seed=[43A1116E7F98BED4:88346111A9B29314]}
   [junit4]    > Assumption #1: 'nightly' test group is disabled (@Nightly)
   [junit4] IGNOR/A 0.00s | TestCompressingStoredFieldsFormat.testBigDocuments {#3 seed=[43A1116E7F98BED4:B9DACAF4C54CC83D]}
   [junit4]    > Assumption #1: 'nightly' test group is disabled (@Nightly)
   [junit4] IGNOR/A 0.00s | TestCompressingStoredFieldsFormat.testBigDocuments {#4 seed=[43A1116E7F98BED4:F51B4F5964440886]}
   [junit4]    > Assumption #1: 'nightly' test group is disabled (@Nightly)
   [junit4] Completed in 16.51s, 55 tests, 5 skipped
   [junit4] 
   [junit4] Suite: org.apache.lucene.codecs.lucene40.TestReuseDocsEnum
   [junit4] Completed in 1.75s, 3 tests
   [junit4] 
   [junit4] Suite: org.apache.lucene.search.TestBooleanScorer
   [junit4] Completed in 0.18s, 3 tests
   [junit4] 
   [junit4] Suite: org.apache.lucene.codecs.lucene40.TestLucene40TermVectorsFormat
   [junit4] Completed in 8.76s, 7 tests
   [junit4] 
   [junit4] Suite: org.apache.lucene.search.TestTopFieldCollector
   [junit4] Completed in 0.28s, 8 tests
   [junit4] 
   [junit4] Suite: org.apache.lucene.search.spans.TestSpansAdvanced
   [junit4] Completed in 0.07s, 1 test
   [junit4] 
   [junit4] Suite: org.apache.lucene.index.TestOmitNorms
   [junit4] Completed in 1.30s, 5 tests
   [junit4] 
   [junit4] Suite: org.apache.lucene.search.spans.TestBasics
   [junit4] Completed in 7.95s, 28 tests
   [junit4] 
   [junit4] Suite: org.apache.lucene.search.TestDateSort
   [junit4] Completed in 0.03s, 1 test
   [junit4] 
   [junit4] Suite: org.apache.lucene.index.TestStressIndexing
   [junit4] Completed in 1.70s, 1 test
   [junit4] 
   [junit4] Suite: org.apache.lucene.codecs.perfield.TestPerFieldDocValuesFormat
   [junit4] IGNOR/A 0.01s | TestPerFieldDocValuesFormat.testHugeBinaryValueLimit
   [junit4]    > Assumption #1: test requires codec with limits on max binary field length
   [junit4] Completed in 10.34s, 75 tests, 1 skipped
   [junit4] 
   [junit4] Suite: org.apache.lucene.search.TestNot
   [junit4] Completed in 0.02s, 1 test
   [junit4] 
   [junit4] Suite: org.apache.lucene.util.junitcompat.TestReproduceMessageWithRepeated
   [junit4] Completed in 0.08s, 1 test
   [junit4] 
   [junit4] Suite: org.apache.lucene.search.TestCustomSearcherSort
   [junit4] Completed in 1.73s, 2 tests
   [junit4] 
   [junit4] Suite: org.apache.lucene.util.TestMathUtil
   [junit4] Completed in 0.06s, 2 tests
   [junit4] 
   [junit4] Suite: org.apache.lucene.search.TestTopScoreDocCollector
   [junit4] Completed in 0.04s, 1 test
   [junit4] 
   [junit4] Suite: org.apache.lucene.index.TestIndexWriterReader
   [junit4] Completed in 14.56s, 20 tests
   [junit4] 
   [junit4] Suite: org.apache.lucene.search.TestSort
   [junit4] Completed in 0.60s, 39 tests
   [junit4] 
   [junit4] Suite: org.apache.lucene.search.payloads.TestPayloadTermQuery
   [junit4] Completed in 0.49s, 6 tests
   [junit4] 
   [junit4] Suite: org.apache.lucene.index.TestFlushByRamOrCountsPolicy
   [junit4] Completed in 1.62s, 5 tests
   [junit4] 
   [junit4] Suite: org.apache.lucene.util.TestDocIdBitSet
   [junit4] Completed in 1.22s, 4 tests
   [junit4] 
   [junit4] Suite: org.apache.lucene.search.TestNGramPhraseQuery
   [junit4] Completed in 0.04s, 1 test
   [junit4] 
   [junit4] Suite: org.apache.lucene.util.TestRamUsageEstimator
   [junit4] Completed in 0.04s, 3 tests
   [junit4] 
   [junit4] Suite: org.apache.lucene.util.junitcompat.TestCodecReported
   [junit4] Completed in 0.09s, 1 test
   [junit4] 
   [junit4] Suite: org.apache.lucene.store.TestLock
   [junit4] Completed in 0.05s, 1 test
   [junit4] 
   [junit4] Suite: org.apache.lucene.search.similarities.TestSimilarityBase
   [junit4] Completed in 0.85s, 29 tests
   [junit4] 
   [junit4] Suite: org.apache.lucene.search.TestScoreCachingWrappingScorer
   [junit4] Completed in 0.03s, 1 test
   [junit4] 
   [junit4] Suite: org.apache.lucene.analysis.TestCachingTokenFilter
   [junit4] Completed in 0.04s, 1 test
   [junit4] 
   [junit4] Suite: org.apache.lucene.search.TestSearchWithThreads
   [junit4] Completed in 2.98s, 1 test
   [junit4] 
   [junit4] Suite: org.apache.lucene.index.TestNewestSegment
   [junit4] Completed in 0.02s, 1 test
   [junit4] 
   [junit4] Suite: org.apache.lucene.index.TestAtomicUpdate
   [junit4] Completed in 4.40s, 1 test
   [junit4] 
   [junit4] Suite: org.apache.lucene.util.fst.TestBytesStore
   [junit4] Completed in 7.28s, 1 test
   [junit4] 
   [junit4] Suite: org.apache.lucene.search.TestFieldCache
   [junit4] Completed in 1.32s, 10 tests
   [junit4] 
   [junit4] Suite: org.apache.lucene.util.TestIntsRef
   [junit4] Completed in 0.02s, 2 tests
   [junit4] 
   [junit4] Suite: org.apache.lucene.search.TestSubScorerFreqs
   [junit4] Completed in 0.05s, 3 tests
   [junit4] 
   [junit4] Suite: org.apache.lucene.util.TestSentinelIntSet
   [junit4] Completed in 0.27s, 2 tests
   [junit4] 
   [junit4] Suite: org.apache.lucene.index.TestStressAdvance
   [junit4] Completed in 1.57s, 1 test
   [junit4] 
   [junit4] Suite: org.apache.lucene.index.TestNoMergePolicy
   [junit4] Completed in 0.04s, 4 tests
   [junit4] 
   [junit4] Suite: org.apache.lucene.index.TestSegmentTermDocs
   [junit4] Completed in 0.56s, 4 tests
   [junit4] 
   [junit4] Suite: org.apache.lucene.index.TestNorms
   [junit4] Completed in 0.71s, 2 tests
   [junit4] 
   [junit4] Suite: org.apache.lucene.codecs.lucene41.TestForUtil
   [junit4] Completed in 0.04s, 1 test
   [junit4] 
   [junit4] Suite: org.apache.lucene.codecs.lucene41.TestLucene41StoredFieldsFormat
   [junit4] IGNOR/A 0.00s | TestLucene41StoredFieldsFormat.testBigDocuments
   [junit4]    > Assumption #1: 'nightly' test group is disabled (@Nightly)
   [junit4] Completed in 2.62s, 10 tests, 1 skipped
   [junit4] 
   [junit4] Suite: org.apache.lucene.index.TestDocumentsWriterStallControl
   [junit4] Completed in 3.75s, 3 tests
   [junit4] 
   [junit4] Suite: org.apache.lucene.util.junitcompat.TestFailOnFieldCacheInsanity
   [junit4] Completed in 0.04s, 1 test
   [junit4] 
   [junit4] Suite: org.apache.lucene.index.TestConcurrentMergeScheduler
   [junit4] Completed in 2.80s, 6 tests
   [junit4] 
   [junit4] Suite: org.apache.lucene.index.TestIndexableField
   [junit4] Completed in 0.25s, 1 test
   [junit4] 
   [junit4] Suite: org.apache.lucene.search.TestTermScorer
   [junit4] Completed in 0.08s, 3 tests
   [junit4] 
   [junit4] Suite: org.apache.lucene.search.FuzzyTermOnShortTermsTest
   [junit4] Completed in 0.19s, 1 test
   [junit4] 
   [junit4] Suite: org.apache.lucene.util.automaton.TestSpecialOperations
   [junit4] Completed in 0.13s, 2 tests
   [junit4] 
   [junit4] Suite: org.apache.lucene.util.junitcompat.TestLeaveFilesIfTestFails
   [junit4] Completed in 0.03s, 1 test
   [junit4] 
   [junit4] Suite: org.apache.lucene.util.TestFixedBitSet
   [junit4] Completed in 3.43s, 10 tests
   [junit4] 
   [junit4] Suite: org.apache.lucene.codecs.lucene40.TestLucene40DocValuesFormat
   [junit4] IGNOR/A 0.01s | TestLucene40DocValuesFormat.testSortedSetMergeAwayAllValues
   [junit4]    > Assumption #1: Codec does not support SORTED_SET
   [junit4] IGNOR/A 0.01s | TestLucene40DocValuesFormat.testSortedSetTermsEnum
   [junit4]    > Assumption #1: Codec does not support SORTED_SET
   [junit4] IGNOR/A 0.01s | TestLucene40DocValuesFormat.testByteMissingVsFieldCache
   [junit4]    > Assumption #1: Codec does not support getDocsWithField
   [junit4] IGNOR/A 0.01s | TestLucene40DocValuesFormat.testSortedSetTwoValues
   [junit4]    > Assumption #1: Codec does not support SORTED_SET
   [junit4] IGNOR/A 0.01s | TestLucene40DocValuesFormat.testShortMissingVsFieldCache
   [junit4]    > Assumption #1: Codec does not support getDocsWithField
   [junit4] IGNOR/A 0.01s | TestLucene40DocValuesFormat.testThreads2
   [junit4]    > Assumption #1: Codec does not support getDocsWithField
   [junit4] IGNOR/A 0.01s | TestLucene40DocValuesFormat.testSortedSetTwoDocumentsLastMissing
   [junit4]    > Assumption #1: Codec does not support SORTED_SET
   [junit4] IGNOR/A 0.02s | TestLucene40DocValuesFormat.testTwoBytesOneMissingWithMerging
   [junit4]    > Assumption #1: Codec does not support getDocsWithField
   [junit4] IGNOR/A 0.01s | TestLucene40DocValuesFormat.testSortedSetFixedLengthVsStoredFields
   [junit4]    > Assumption #1: Codec does not support SORTED_SET
   [junit4] IGNOR/A 0.01s | TestLucene40DocValuesFormat.testTwoBytesOneMissing
   [junit4]    > Assumption #1: Codec does not support getDocsWithField
   [junit4] IGNOR/A 0.01s | TestLucene40DocValuesFormat.testTwoNumbersOneMissing
   [junit4]    > Assumption #1: Codec does not support getDocsWithField
   [junit4] IGNOR/A 0.01s | TestLucene40DocValuesFormat.testSortedSetThreeValuesTwoDocs
   [junit4]    > Assumption #1: Codec does not support SORTED_SET
   [junit4] IGNOR/A 0.02s | TestLucene40DocValuesFormat.testSortedSetOneValue
   [junit4]    > Assumption #1: Codec does not support SORTED_SET
   [junit4] IGNOR/A 0.01s | TestLucene40DocValuesFormat.testSortedSetTwoDocumentsFirstMissing
   [junit4]    > Assumption #1: Codec does not support SORTED_SET
   [junit4] IGNOR/A 0.01s | TestLucene40DocValuesFormat.testSortedSetTwoFields
   [junit4]    > Assumption #1: Codec does not support SORTED_SET
   [junit4] IGNOR/A 0.01s | TestLucene40DocValuesFormat.testTwoNumbersOneMissingWithMerging
   [junit4]    > Assumption #1: Codec does not support getDocsWithField
   [junit4] IGNOR/A 0.01s | TestLucene40DocValuesFormat.testSortedSetFixedLengthVsUninvertedField
   [junit4]    > Assumption #1: Codec does not support SORTED_SET
   [junit4] IGNOR/A 0.01s | TestLucene40DocValuesFormat.testSortedSetTwoValuesUnordered
   [junit4]    > Assumption #1: Codec does not support SORTED_SET
   [junit4] IGNOR/A 0.01s | TestLucene40DocValuesFormat.testThreeNumbersOneMissingWithMerging
   [junit4]    > Assumption #1: Codec does not support getDocsWithField
   [junit4] IGNOR/A 0.01s | TestLucene40DocValuesFormat.testThreeBytesOneMissingWithMerging
   [junit4]    > Assumption #1: Codec does not support getDocsWithField
   [junit4] IGNOR/A 0.01s | TestLucene40DocValuesFormat.testSortedSetVariableLengthVsUninvertedField
   [junit4]    > Assumption #1: Codec does not support SORTED_SET
   [junit4] IGNOR/A 0.01s | TestLucene40DocValuesFormat.testSortedSetTwoDocumentsMerged
   [junit4]    > Assumption #1: Codec does not support SORTED_SET
   [junit4] IGNOR/A 0.01s | TestLucene40DocValuesFormat.testSortedSetVariableLengthVsStoredFields
   [junit4]    > Assumption #1: Codec does not support SORTED_SET
   [junit4] IGNOR/A 0.01s | TestLucene40DocValuesFormat.testLongMissingVsFieldCache
   [junit4]    > Assumption #1: Codec does not support getDocsWithField
   [junit4] IGNOR/A 0.01s | TestLucene40DocValuesFormat.testIntMissingVsFieldCache
   [junit4]    > Assumption #1: Codec does not support getDocsWithField
   [junit4] IGNOR/A 0.01s | TestLucene40DocValuesFormat.testSortedSetTwoDocumentsLastMissingMerge
   [junit4]    > Assumption #1: Codec does not support SORTED_SET
   [junit4] IGNOR/A 0.01s | TestLucene40DocValuesFormat.testSortedSetTwoDocumentsFirstMissingMerge
   [junit4]    > Assumption #1: Codec does not support SORTED_SET
   [junit4] Completed in 2.87s, 74 tests, 27 skipped
   [junit4] 
   [junit4] Suite: org.apache.lucene.util.automaton.TestDeterminism
   [junit4] Completed in 0.58s, 2 tests
   [junit4] 
   [junit4] Suite: org.apache.lucene.util.TestNamedSPILoader
   [junit4] Completed in 0.02s, 3 tests
   [junit4] 
   [junit4] Suite: org.apache.lucene.index.TestForTooMuchCloning
   [junit4] Completed in 0.26s, 1 test
   [junit4] 
   [junit4] Suite: org.apache.lucene.search.spans.TestPayloadSpans
   [junit4] Completed in 0.87s, 10 tests
   [junit4] 
   [junit4] Suite: org.apache.lucene.index.TestIndexWriterExceptions
   [junit4] Completed in 5.22s, 26 tests
   [junit4] 
   [junit4] Suite: org.apache.lucene.search.TestTopDocsCollector
   [junit4] Completed in 0.08s, 8 tests
   [junit4] 
   [junit4] Suite: org.apache.lucene.search.TestSortRandom
   [junit4] Completed in 0.35s, 1 test
   [junit4] 
   [junit4] Suite: org.apache.lucene.index.TestNeverDelete
   [junit4] Completed in 1.58s, 1 test
   [junit4] 
   [junit4] Suite: org.apache.lucene.index.TestIndexWriterConfig
   [junit4] Completed in 0.08s, 9 tests
   [junit4] 
   [junit4] Suite: org.apache.lucene.index.Test2BTerms
   [junit4] Completed in 0.01s, 1 test, 1 skipped
   [junit4] 
   [junit4] Suite: org.apache.lucene.search.TestComplexExplanationsOfNonMatches
   [junit4] Completed in 0.12s, 22 tests
   [junit4] 
   [junit4] Suite: org.apache.lucene.search.TestLiveFieldValues
   [junit4] Completed in 1.18s, 1 test
   [junit4] 
   [junit4] Suite: org.apache.lucene.index.TestIndexWriterUnicode
   [junit4] Completed in 2.79s, 5 tests
   [junit4] 
   [junit4] Suite: org.apache.lucene.TestWorstCaseTestBehavior
   [junit4] Completed in 0.02s, 6 tests, 6 skipped
   [junit4] 
   [junit4] Suite: org.apache.lucene.index.Test2BPositions
   [junit4] Completed in 0.03s, 1 test, 1 skipped
   [junit4] 
   [junit4] Suite: org.apache.lucene.search.spans.TestSpans
   [junit4] Completed in 0.60s, 26 tests
   [junit4] 
   [junit4] Suite: org.apache.lucene.index.TestCheckIndex
   [junit4] Completed in 0.12s, 3 tests
   [junit4] 
   [junit4] Suite: org.apache.lucene.index.TestFieldInfos
   [junit4] Completed in 0.02s, 2 tests
   [junit4] 
   [junit4] Suite: org.apache.lucene.search.spans.TestSpanSearchEquivalence
   [junit4] Completed in 0.28s, 8 tests
   [junit4] 
   [junit4] Suite: org.apache.lucene.codecs.lucene40.TestLucene40PostingsFormat
   [junit4] Completed in 2.72s, 10 tests
   [junit4] 
   [junit4] Suite: org.apache.lucene.util.TestRecyclingIntBlockAllocator
   [junit4] Completed in 0.22s, 3 tests
   [junit4] 
   [junit4] Suite: org.apache.lucene.search.TestTotalHitCountCollector
   [junit4] Completed in 0.04s, 1 test
   [junit4] 
   [junit4] Suite: org.apache.lucene.util.TestCharsRef
   [junit4] Completed in 0.06s, 8 tests
   [junit4] 
   [junit4] Suite: org.apache.lucene.index.TestPerSegmentDeletes
   [junit4] Completed in 0.20s, 1 test
   [junit4] 
   [junit4] Suite: org.apache.lucene.index.Test2BBinaryDocValues
   [junit4] Completed in 0.00s, 0 tests
   [junit4] 
   [junit4] Suite: org.apache.lucene.search.TestMatchAllDocsQuery
   [junit4] Completed in 0.04s, 2 tests
   [junit4] 
   [junit4] Suite: org.apache.lucene.codecs.compressing.TestFastCompressionMode
   [junit4] Completed in 0.61s, 11 tests
   [junit4] 
   [junit4] Suite: org.apache.lucene.index.TestPostingsFormat
   [junit4] Completed in 6.76s, 10 tests
   [junit4] 
   [junit4] Suite: org.apache.lucene.index.TestTermdocPerf
   [junit4] Completed in 0.04s, 1 test
   [junit4] 
   [junit4] Suite: org.apache.lucene.util.TestRecyclingByteBlockAllocator
   [junit4] Completed in 0.07s, 3 tests
   [junit4] 
   [junit4] Suite: org.apache.lucene.search.TestSortDocValues
   [junit4] Completed in 0.43s, 23 tests
   [junit4] 
   [junit4] Suite: org.apache.lucene.search.TestDocTermOrdsRangeFilter
   [junit4] Completed in 0.87s, 1 test
   [junit4] 
   [junit4] Suite: org.apache.lucene.search.TestMinShouldMatch2
   [junit4] Completed in 3.62s, 6 tests
   [junit4] 
   [junit4] Suite: org.apache.lucene.index.TestStressIndexing2
   [junit4] Completed in 0.85s, 3 tests
   [junit4] 
   [junit4] Suite: org.apache.lucene.index.TestTwoPhaseCommitTool
   [junit4] Completed in 0.05s, 3 tests
   [junit4] 
   [junit4] Suite: org.apache.lucene.index.TestCustomNorms
   [junit4] Completed in 0.47s, 1 test
   [junit4] 
   [junit4] Suite: org.apache.lucene.index.TestDeletionPolicy
   [junit4] Completed in 5.12s, 6 tests
   [junit4] 
   [junit4] Suite: org.apache.lucene.search.TestShardSearching
   [junit4] Completed in 4.31s, 1 test
   [junit4] 
   [junit4] Suite: org.apache.lucene.analysis.tokenattributes.TestCharTermAttributeImpl
   [junit4] Completed in 0.61s, 12 tests
   [junit4] 
   [junit4] Suite: org.apache.lucene.search.TestAutomatonQuery
   [junit4] Completed in 0.27s, 6 tests
   [junit4] 
   [junit4] Suite: org.apache.lucene.codecs.lucene40.TestBitVector
   [junit4] Completed in 1.05s, 9 tests
   [junit4] 
   [junit4] Suite: org.apache.lucene.index.Test2BSortedDocValues
   [junit4] Completed in 0.00s, 0 tests
   [junit4] 
   [junit4] Suite: org.apache.lucene.index.TestMultiLevelSkipList
   [junit4] Completed in 0.28s, 1 test
   [junit4] 
   [junit4] Suite: org.apache.lucene.TestExternalCodecs
   [junit4] Completed in 0.17s, 1 test
   [junit4] 
   [junit4] Suite: org.apache.lucene.util.automaton.TestUTF32ToUTF8
   [junit4] Completed in 1.23s, 5 tests
   [junit4] 
   [junit4] Suite: org.apache.lucene.index.TestParallelAtomicReader
   [junit4] Completed in 0.38s, 7 tests
   [junit4] 
   [junit4] Suite: org.apache.lucene.index.TestIndexWriter
   [junit4] Completed in 25.62s, 56 tests
   [junit4] 
   [junit4] Suite: org.apache.lucene.index.TestDocValuesFormat
   [junit4] IGNOR/A 0.01s | TestDocValuesFormat.testHugeBinaryValueLimit
   [junit4]    > Assumption #1: test requires codec with limits on max binary field length
   [junit4] Completed in 7.22s, 74 tests, 1 skipped
   [junit4] 
   [junit4] Suite: org.apache.lucene.index.TestTermVectorsFormat
   [junit4] Completed in 6.07s, 7 tests
   [junit4] 
   [junit4] Suite: org.apache.lucene.codecs.compressing.TestCompressingTermVectorsFormat
   [junit4] Completed in 21.52s, 40 tests
   [junit4] 
   [junit4] Suite: org.apache.lucene.util.fst.TestFSTs
   [junit4] IGNOR/A 0.01s | TestFSTs.testBigSet
   [junit4]    > Assumption #1: 'nightly' test group is disabled (@Nightly)
   [junit4] Completed in 15.70s, 18 tests, 1 skipped
   [junit4] 
   [junit4] Suite: org.apache.lucene.search.TestNumericRangeQuery64
   [junit4] Completed in 6.17s, 34 tests
   [junit4] 
   [junit4] Suite: org.apache.lucene.util.packed.TestPackedInts
   [junit4] IGNOR/A 0.01s | TestPackedInts.testBlockReaderOverflow
   [junit4]    > Assumption #1: 'nightly' test group is disabled (@Nightly)
   [junit4] Completed in 18.75s, 27 tests, 3 skipped
   [junit4] 
   [junit4] Suite: org.apache.lucene.codecs.lucene42.TestLucene42DocValuesFormat
   [junit4] IGNOR/A 0.01s | TestLucene42DocValuesFormat.testByteMissingVsFieldCache
   [junit4]    > Assumption #1: Codec does not support getDocsWithField
   [junit4] IGNOR/A 0.01s | TestLucene42DocValuesFormat.testThreeNumbersOneMissingWithMerging
   [junit4]    > Assumption #1: Codec does not support getDocsWithField
   [junit4] IGNOR/A 0.01s | TestLucene42DocValuesFormat.testTwoBytesOneMissing
   [junit4]    > Assumption #1: Codec does not support getDocsWithField
   [junit4] IGNOR/A 0.01s | TestLucene42DocValuesFormat.testThreads2
   [junit4]    > Assumption #1: Codec does not support getDocsWithField
   [junit4] IGNOR/A 0.01s | TestLucene42DocValuesFormat.testIntMissingVsFieldCache
   [junit4]    > Assumption #1: Codec does not support getDocsWithField
   [junit4] IGNOR/A 0.01s | TestLucene42DocValuesFormat.testTwoNumbersOneMissingWithMerging
   [junit4]    > Assumption #1: Codec does not support getDocsWithField
   [junit4] IGNOR/A 0.01s | TestLucene42DocValuesFormat.testTwoBytesOneMissingWithMerging
   [junit4]    > Assumption #1: Codec does not support getDocsWithField
   [junit4] IGNOR/A 0.01s | TestLucene42DocValuesFormat.testShortMissingVsFieldCache
   [junit4]    > Assumption #1: Codec does not support getDocsWithField
   [junit4] IGNOR/A 0.01s | TestLucene42DocValuesFormat.testLongMissingVsFieldCache
   [junit4]    > Assumption #1: Codec does not support getDocsWithField
   [junit4] IGNOR/A 0.01s | TestLucene42DocValuesFormat.testThreeBytesOneMissingWithMerging
   [junit4]    > Assumption #1: Codec does not support getDocsWithField
   [junit4] IGNOR/A 0.01s | TestLucene42DocValuesFormat.testTwoNumbersOneMissing
   [junit4]    > Assumption #1: Codec does not support getDocsWithField
   [junit4] Completed in 5.10s, 77 tests, 11 skipped
   [junit4] 
   [junit4] Suite: org.apache.lucene.index.TestIndexWriterWithThreads
   [junit4] Completed in 4.84s, 12 tests
   [junit4] 
   [junit4] Suite: org.apache.lucene.search.TestNumericRangeQuery32
   [junit4] Completed in 5.29s, 27 tests
   [junit4] 
   [junit4] Suite: org.apache.lucene.index.TestBackwardsCompatibility
   [junit4] Completed in 12.94s, 14 tests
   [junit4] 
   [junit4] Suite: org.apache.lucene.analysis.TestLookaheadTokenFilter
   [junit4] Completed in 5.25s, 3 tests
   [junit4] 
   [junit4] Suite: org.apache.lucene.index.TestAddIndexes
   [junit4] Completed in 4.87s, 22 tests
   [junit4] 
   [junit4] Suite: org.apache.lucene.codecs.lucene41.TestBlockPostingsFormat3
   [junit4] Completed in 12.63s, 1 test
   [junit4] 
   [junit4] Suite: org.apache.lucene.store.TestMultiMMap
   [junit4] Completed in 8.30s, 11 tests
   [junit4] 
   [junit4] Suite: org.apache.lucene.search.TestSearcherManager
   [junit4] Completed in 2.17s, 7 tests
   [junit4] 
   [junit4] Suite: org.apache.lucene.search.TestSloppyPhraseQuery
   [junit4] Completed in 4.47s, 9 tests
   [junit4] 
   [junit4] Suite: org.apache.lucene.index.TestIndexWriterDelete
   [junit4] IGNOR/A 0.00s | TestIndexWriterDelete.testApplyDeletesOnFlush
   [junit4]    > Assumption #1: 'nightly' test group is disabled (@Nightly)
   [junit4] Completed in 2.43s, 22 tests, 1 skipped
   [junit4] 
   [junit4] Suite: org.apache.lucene.index.TestNRTThreads
   [junit4] Completed in 2.34s, 1 test
   [junit4] 
   [junit4] Suite: org.apache.lucene.index.TestDuelingCodecs
   [junit4] Completed in 6.20s, 1 test
   [junit4] 
   [junit4] Suite: org.apache.lucene.search.TestBoolean2
   [junit4] Completed in 2.46s, 11 tests
   [junit4] 
   [junit4] Suite: org.apache.lucene.index.TestDirectoryReaderReopen
   [junit4] Completed in 2.79s, 6 tests
   [junit4] 
   [junit4] Suite: org.apache.lucene.codecs.compressing.TestHighCompressionMode
   [junit4] Completed in 1.22s, 7 tests
   [junit4] 
   [junit4] Suite: org.apache.lucene.search.TestTopDocsMerge
   [junit4] Completed in 4.21s, 1 test
   [junit4] 
   [junit4] Suite: org.apache.lucene.index.TestCompoundFile
   [junit4] Completed in 2.85s, 18 tests
   [junit4] 
   [junit4] Suite: org.apache.lucene.index.TestLongPostings
   [junit4] Completed in 2.46s, 2 tests
   [junit4] 
   [junit4] Suite: org.apache.lucene.util.automaton.TestMinimize
   [junit4] Completed in 2.60s, 3 tests
   [junit4] 
   [junit4] Suite: org.apache.lucene.index.TestRollingUpdates
   [junit4] Completed in 1.27s, 2 tests
   [junit4] 
   [junit4] Suite: org.apache.lucene.codecs.lucene41.TestBlockPostingsFormat2
   [junit4] Completed in 3.73s, 4 tests
   [junit4] 
   [junit4] Suite: org.apache.lucene.search.TestDocTermOrdsRewriteMethod
   [junit4] Completed in 2.44s, 2 tests
   [junit4] 
   [junit4] Suite: org.apache.lucene.index.TestSnapshotDeletionPolicy
   [junit4] Completed in 1.91s, 7 tests
   [junit4] 
   [junit4] Suite: org.apache.lucene.codecs.lucene40.TestLucene40PostingsReader
   [junit4] Completed in 4.56s, 1 test
   [junit4] 
   [junit4] Suite: org.apache.lucene.codecs.perfield.TestPerFieldPostingsFormat
   [junit4] Completed in 2.59s, 10 tests
   [junit4] 
   [junit4] Suite: org.apache.lucene.util.automaton.TestLevenshteinAutomata
   [junit4] Completed in 0.82s, 4 tests
   [junit4] 
   [junit4] Suite: org.apache.lucene.index.TestByteSlices
   [junit4] Completed in 2.37s, 1 test
   [junit4] 
   [junit4] Suite: org.apache.lucene.store.TestBufferedIndexInput
   [junit4] Completed in 0.35s, 4 tests
   [junit4] 
   [junit4] Suite: org.apache.lucene.index.TestTermsEnum
   [junit4] Completed in 2.09s, 9 tests
   [junit4] 
   [junit4] Suite: org.apache.lucene.index.TestConsistentFieldNumbers
   [junit4] Completed in 1.79s, 4 tests
   [junit4] 
   [junit4] Suite: org.apache.lucene.search.TestSimpleExplanations
   [junit4] Completed in 2.45s, 69 tests
   [junit4] 
   [junit4] Suite: org.apache.lucene.index.TestDirectoryReader
   [junit4] Completed in 1.51s, 25 tests
   [junit4] 
   [junit4] Suite: org.apache.lucene.store.TestLockFactory
   [junit4] IGNOR/A 0.00s | TestLockFactory.testStressLocks
   [junit4]    > Assumption #1: 'nightly' test group is disabled (@Nightly)
   [junit4] IGNOR/A 0.00s | TestLockFactory.testStressLocksNativeFSLockFactory
   [junit4]    > Assumption #1: 'nightly' test group is disabled (@Nightly)
   [junit4] Completed in 1.22s, 11 tests, 2 skipped
   [junit4] 
   [junit4] Suite: org.apache.lucene.index.TestSegmentMerger
   [junit4] Completed in 0.92s, 3 tests
   [junit4] 
   [junit4] Suite: org.apache.lucene.search.TestPhraseQuery
   [junit4] Completed in 1.30s, 17 tests
   [junit4] 
   [junit4] Suite: org.apache.lucene.util.TestCollectionUtil
   [junit4] Completed in 6.85s, 4 tests
   [junit4] 
   [junit4] Suite: org.apache.lucene.search.TestComplexExplanations
   [junit4] Completed in 1.54s, 22 tests
   [junit4] 
   [junit4] Suite: org.apache.lucene.analysis.TestMockAnalyzer
   [junit4] Completed in 3.34s, 10 tests
   [junit4] 
   [junit4] Suite: org.apache.lucene.search.TestRegexpRandom2
   [junit4] Completed in 3.50s, 1 test
   [junit4] 
   [junit4] Suite: org.apache.lucene.index.TestSegmentReader
   [junit4] Completed in 1.21s, 7 tests
   [junit4] 
   [junit4] Suite: org.apache.lucene.codecs.compressing.TestFastDecompressionMode
   [junit4] Completed in 1.07s, 11 tests
   [junit4] 
   [junit4] Suite: org.apache.lucene.index.TestParallelCompositeReader
   [junit4] Completed in 0.61s, 13 tests
   [junit4] 
   [junit4] Suite: org.apache.lucene.index.TestIndexWriterNRTIsCurrent
   [junit4] Completed in 7.21s, 1 test
   [junit4] 
   [junit4] Suite: org.apache.lucene.util.TestPagedBytes
   [junit4] Completed in 3.21s, 3 tests, 1 skipped
   [junit4] 
   [junit4] Suite: org.apache.lucene.index.TestTransactions
   [junit4] Completed in 0.85s, 1 test
   [junit4] 
   [junit4] Suite: org.apache.lucene.search.TestMultiThreadTermVectors
   [junit4] Completed in 3.37s, 1 test
   [junit4] 
   [junit4] Suite: org.apache.lucene.codecs.perfield.TestPerFieldPostingsFormat2
   [junit4] Completed in 0.47s, 5 tests
   [junit4] 
   [junit4] Suite: org.apache.lucene.index.TestMultiDocValues
   [junit4] Completed in 2.07s, 7 tests
   [junit4] 
   [junit4] Suite: org.apache.lucene.index.TestFieldsReader
   [junit4] Completed in 0.41s, 2 tests
   [junit4] 
   [junit4] Suite: org.apache.lucene.search.TestSimpleSearchEquivalence
   [junit4] Completed in 0.61s, 12 tests
   [junit4] 
   [junit4] Suite: org.apache.lucene.index.TestTermsEnum2
   [junit4] Completed in 0.42s, 4 tests
   [junit4] 
   [junit4] Suite: org.apache.lucene.util.TestNumericUtils
   [junit4] Completed in 0.92s, 12 tests
   [junit4] 
   [junit4] Suite: org.apache.lucene.util.automaton.TestDeterminizeLexicon
   [junit4] Completed in 0.74s, 1 test
   [junit4] 
   [junit4] Suite: org.apache.lucene.index.Test2BDocs
   [junit4] Completed in 1.59s, 2 tests
   [junit4] 
   [junit4] Suite: org.apache.lucene.index.TestIndexWriterOnDiskFull
   [junit4] Completed in 0.77s, 4 tests
   [junit4] 
   [junit4] Suite: org.apache.lucene.index.TestMixedCodecs
   [junit4] Completed in 0.39s, 1 test
   [junit4] 
   [junit4] Suite: org.apache.lucene.index.TestTransactionRollback
   [junit4] Completed in 0.69s, 2 tests
   [junit4] 
   [junit4] Suite: org.apache.lucene.index.TestFlex
   [junit4] Completed in 0.13s, 2 tests
   [junit4] 
   [junit4] Suite: org.apache.lucene.search.spans.TestSpanExplanations
   [junit4] Completed in 1.46s, 31 tests
   [junit4] 
   [junit4] Suite: org.apache.lucene.index.TestDocTermOrds
   [junit4] Completed in 0.29s, 5 tests
   [junit4] 
   [junit4] Suite: org.apache.lucene.store.TestRAMDirectory
   [junit4] Completed in 0.68s, 4 tests
   [junit4] 
   [junit4] Suite: org.apache.lucene.search.TestMultiPhraseQuery
   [junit4] Completed in 0.46s, 16 tests, 1 skipped
   [junit4] 
   [junit4] Suite: org.apache.lucene.index.TestDocsAndPositions
   [junit4] Completed in 0.51s, 6 tests
   [junit4] 
   [junit4] Suite: org.apache.lucene.util.TestRamUsageEstimatorOnWildAnimals
   [junit4] Completed in 0.77s, 1 test
   [junit4] 
   [junit4] Suite: org.apache.lucene.TestMergeSchedulerExternal
   [junit4] Completed in 0.58s, 2 tests
   [junit4] 
   [junit4] Suite: org.apache.lucene.search.TestFieldCacheRangeFilter
   [junit4] Completed in 0.93s, 8 tests
   [junit4] 
   [junit4] Suite: org.apache.lucene.index.TestBagOfPostings
   [junit4] Completed in 0.97s, 1 test
   [junit4] 
   [junit4] Suite: org.apache.lucene.index.TestTermVectorsWriter
   [junit4] Completed in 0.23s, 13 tests
   [junit4] 
   [junit4] Suite: org.apache.lucene.index.TestCodecs
   [junit4] Completed in 0.78s, 5 tests
   [junit4] 
   [junit4] Suite: org.apache.lucene.index.TestOmitPositions
   [junit4] Completed in 0.43s, 4 tests
   [junit4] 
   [junit4] Suite: org.apache.lucene.search.payloads.TestPayloadExplanations
   [junit4] Completed in 0.74s, 5 tests
   [junit4] 
   [junit4] Suite: org.apache.lucene.index.TestThreadedForceMerge
   [junit4] Completed in 1.45s, 1 test
   [junit4] 
   [junit4] Suite: org.apache.lucene.index.TestIndexInput
   [junit4] Completed in 0.94s, 3 tests
   [junit4] 
   [junit4] Suite: org.apache.lucene.store.TestCopyBytes
   [junit4] Completed in 0.36s, 2 tests
   [junit4] 
   [junit4] Suite: org.apache.lucene.search.TestFilteredQuery
   [junit4] Completed in 0.41s, 12 tests
   [junit4] 
   [junit4] Suite: org.apache.lucene.search.TestDisjunctionMaxQuery
   [junit4] Completed in 0.54s, 11 tests
   [junit4] 
   [junit4] Suite: org.apache.lucene.index.TestForceMergeForever
   [junit4] Completed in 0.45s, 1 test
   [junit4] 
   [junit4] Suite: org.apache.lucene.search.TestTermRangeQuery
   [junit4] Completed in 0.23s, 7 tests
   [junit4] 
   [junit4] Suite: org.apache.lucene.index.TestDocumentsWriterDeleteQueue
   [junit4] Completed in 0.33s, 5 tests
   [junit4] 
   [junit4] Suite: org.apache.lucene.search.payloads.TestPayloadNearQuery
   [junit4] Completed in 0.29s, 7 tests
   [junit4] 
   [junit4] Suite: org.apache.lucene.index.TestDocumentWriter
   [junit4] Completed in 0.18s, 7 tests
   [junit4] 
   [junit4] Suite: org.apache.lucene.index.TestCrashCausesCorruptIndex
   [junit4] Completed in 0.27s, 1 test
   [junit4] 
   [junit4] Suite: org.apache.lucene.search.TestScorerPerf
   [junit4] Completed in 4.05s, 1 test
   [junit4] 
   [junit4] Suite: org.apache.lucene.search.TestFuzzyQuery
   [junit4] Completed in 0.19s, 6 tests
   [junit4] 
   [junit4] Suite: org.apache.lucene.search.TestTermRangeFilter
   [junit4] Completed in 0.63s, 3 tests
   [junit4] 
   [junit4] Suite: org.apache.lucene.search.spans.TestFieldMaskingSpanQuery
   [junit4] IGNOR/A 0.01s | TestFieldMaskingSpanQuery.testSpans2
   [junit4]    > Assumption #1: Broken scoring: LUCENE-3723
   [junit4] IGNOR/A 0.01s | TestFieldMaskingSpanQuery.testSimple2
   [junit4]    > Assumption #1: Broken scoring: LUCENE-3723
   [junit4] Completed in 0.53s, 11 tests, 2 skipped
   [junit4] 
   [junit4] Suite: org.apache.lucene.index.TestNoDeletionPolicy
   [junit4] Completed in 0.15s, 4 tests
   [junit4] 
   [junit4] Suite: org.apache.lucene.search.TestSimpleExplanationsOfNonMatches
   [junit4] Completed in 0.37s, 69 tests
   [junit4] 
   [junit4] Suite: org.apache.lucene.search.TestTermVectors
   [junit4] Completed in 0.41s, 4 tests
   [junit4] 
   [junit4] Suite: org.apache.lucene.index.TestTermVectorsReader
   [junit4] Completed in 0.28s, 6 tests
   [junit4] 
   [junit4] Suite: org.apache.lucene.search.spans.TestSpansAdvanced2
   [junit4] Completed in 0.12s, 4 tests
   [junit4] 
   [junit4] Suite: org.apache.lucene.search.TestMultiValuedNumericRangeQuery
   [junit4] Completed in 0.48s, 1 test
   [junit4] 
   [junit4] Suite: org.apache.lucene.index.TestIntBlockPool
   [junit4] Completed in 0.32s, 2 tests
   [junit4] 
   [junit4] Suite: org.apache.lucene.search.TestPrefixInBooleanQuery
   [junit4] Completed in 0.29s, 4 tests
   [junit4] 
   [junit4] Suite: org.apache.lucene.index.TestSegmentTermEnum
   [junit4] Completed in 0.04s, 2 tests
   [junit4] 
   [junit4] Suite: org.apache.lucene.util.TestUnicodeUtil
   [junit4] Completed in 0.33s, 4 tests
   [junit4] 
   [junit4] Suite: org.apache.lucene.util.automaton.TestBasicOperations
   [junit4] Completed in 0.43s, 8 tests
   [junit4] 
   [junit4] Suite: org.apache.lucene.index.TestAllFilesHaveCodecHeader
   [junit4] Completed in 0.13s, 1 test
   [junit4] 
   [junit4] Suite: org.apache.lucene.index.TestParallelReaderEmptyIndex
   [junit4] Completed in 0.16s, 2 tests
   [junit4] 
   [junit4] Suite: org.apache.lucene.store.TestFileSwitchDirectory
   [junit4] Completed in 0.15s, 4 tests
   [junit4] 
   [junit4] Suite: org.apache.lucene.index.TestSumDocFreq
   [junit4] Completed in 0.12s, 1 test
   [junit4] 
   [junit4] Suite: org.apache.lucene.search.TestDocValuesScoring
   [junit4] Completed in 0.10s, 1 test
   [junit4] 
   [junit4] Suite: org.apache.lucene.search.TestWildcardRandom
   [junit4] Completed in 0.12s, 1 test
   [junit4] 
   [junit4] Suite: org.apache.lucene.search.TestPrefixRandom
   [junit4] Completed in 0.12s, 1 test
   [junit4] 
   [junit4] Suite: org.apache.lucene.store.TestDirectory
   [junit4] IGNOR/A 0.00s | TestDirectory.testThreadSafety
   [junit4]    > Assumption #1: 'nightly' test group is disabled (@Nightly)
   [junit4] Completed in 0.74s, 8 tests, 1 skipped
   [junit4] 
   [junit4] Suite: org.apache.lucene.search.TestRegexpRandom
   [junit4] Completed in 0.08s, 1 test
   [junit4] 
   [junit4] Suite: org.apache.lucene.search.TestCachingWrapperFilter
   [junit4] Completed in 0.67s, 11 tests
   [junit4] 
   [junit4] Suite: org.apache.lucene.util.junitcompat.TestExceptionInBeforeClassHooks
   [junit4] Completed in 0.17s, 3 tests
   [junit4] 
   [junit4] Suite: org.apache.lucene.search.TestFieldValueFilter
   [junit4] Completed in 0.06s, 2 tests
   [junit4] 
   [junit4] Suite: org.apache.lucene.search.TestBooleanQueryVisitSubscorers
   [junit4] Completed in 0.07s, 3 tests
   [junit4] 
   [junit4] Suite: org.apache.lucene.index.TestSizeBoundedForceMerge
   [junit4] Completed in 0.13s, 11 tests
   [junit4] 
   [junit4] Suite: org.apache.lucene.util.automaton.TestCompiledAutomaton
   [junit4] Completed in 0.09s, 2 tests
   [junit4] 
   [junit4] Suite: org.apache.lucene.search.TestConstantScoreQuery
   [junit4] Completed in 0.04s, 3 tests
   [junit4] 
   [junit4] Suite: org.apache.lucene.index.TestParallelTermEnum
   [junit4] Completed in 0.03s, 1 test
   [junit4] 
   [junit4] Suite: org.apache.lucene.search.TestDocIdSet
   [junit4] Completed in 0.06s, 3 tests
   [junit4] 
   [junit4] Suite: org.apache.lucene.search.TestFilteredSearch
   [junit4] Completed in 0.04s, 1 test
   [junit4] 
   [junit4] Suite: org.apache.lucene.index.TestBinaryTerms
   [junit4] Completed in 0.13s, 2 tests
   [junit4] 
   [junit4] Suite: org.apache.lucene.search.TestConjunctions
   [junit4] Completed in 0.04s, 1 test
   [junit4] 
   [junit4] Suite: org.apache.lucene.search.TestMultiTermQueryRewrites
   [junit4] Completed in 0.07s, 3 tests
   [junit4] 
   [junit4] Suite: org.apache.lucene.document.TestField
   [junit4] Completed in 0.10s, 18 tests
   [junit4] 
   [junit4] Suite: org.apache.lucene.search.TestSimilarity
   [junit4] Completed in 0.03s, 1 test
   [junit4] 
   [junit4] Suite: org.apache.lucene.util.TestIdentityHashSet
   [junit4] Completed in 0.18s, 1 test
   [junit4] 
   [junit4] Suite: org.apache.lucene.search.spans.TestSpanExplanationsOfNonMatches
   [junit4] Completed in 0.16s, 31 tests
   [junit4] 
   [junit4] Suite: org.apache.lucene.util.TestVirtualMethod
   [junit4] Completed in 0.06s, 2 tests
   [junit4] 
   [junit4] Suite: org.apache.lucene.util.TestRollingBuffer
   [junit4] Completed in 0.20s, 1 test
   [junit4] 
   [junit4] Suite: org.apache.lucene.search.TestSimilarityProvider
   [junit4] Completed in 0.05s, 1 test
   [junit4] 
   [junit4] Suite: org.apache.lucene.analysis.TestNumericTokenStream
   [junit4] Completed in 0.04s, 4 tests
   [junit4] 
   [junit4] Suite: org.apache.lucene.util.TestSetOnce
   [junit4] Completed in 0.06s, 4 tests
   [junit4] 
   [junit4] Suite: org.apache.lucene.TestSearch
   [junit4] Completed in 0.05s, 2 tests
   [junit4] 
   [junit4] Suite: org.apache.lucene.util.junitcompat.TestSeedFromUncaught
   [junit4] Completed in 0.08s, 1 test
   [junit4] 
   [junit4] Suite: org.apache.lucene.util.TestFilterIterator
   [junit4] Completed in 0.10s, 8 tests
   [junit4] 
   [junit4] Suite: org.apache.lucene.search.TestDateFilter
   [junit4] Completed in 0.10s, 2 tests
   [junit4] 
   [junit4] Suite: org.apache.lucene.util.TestPriorityQueue
   [junit4] Completed in 0.05s, 4 tests
   [junit4] 
   [junit4] Suite: org.apache.lucene.index.TestSameTokenSamePosition
   [junit4] Completed in 0.05s, 2 tests
   [junit4] 
   [junit4] Suite: org.apache.lucene.index.TestDocCount
   [junit4] Completed in 0.07s, 1 test
   [junit4] 
   [junit4] Suite: org.apache.lucene.search.TestCachingCollector
   [junit4] Completed in 0.05s, 5 tests
   [junit4] 
   [junit4] Suite: org.apache.lucene.search.TestAutomatonQueryUnicode
   [junit4] Completed in 0.03s, 1 test
   [junit4] 
   [junit4] Suite: org.apache.lucene.util.junitcompat.TestSetupTeardownChaining
   [junit4] Completed in 0.06s, 2 tests
   [junit4] 
   [junit4] Suite: org.apache.lucene.search.TestFieldCacheTermsFilter
   [junit4] Completed in 0.04s, 1 test
   [junit4] 
   [junit4] Suite: org.apache.lucene.util.junitcompat.TestJUnitRuleOrder
   [junit4] Completed in 0.05s, 1 test
   [junit4] 
   [junit4] Suite: org.apache.lucene.index.TestIsCurrent
   [junit4] Completed in 0.14s, 2 tests
   [junit4] 
   [junit4] Suite: org.apache.lucene.index.TestIndexWriterLockRelease
   [junit4] Completed in 0.02s, 1 test
   [junit4] 
   [junit4] Suite: org.apache.lucene.search.TestPhrasePrefixQuery
   [junit4] Completed in 0.02s, 1 test
   [junit4] 
   [junit4] Suite: org.apache.lucene.util.TestByteBlockPool
   [junit4] Completed in 0.03s, 1 test
   [junit4] 
   [junit4] Suite: org.apache.lucene.TestDemo
   [junit4] Completed in 0.02s, 1 test
   [junit4] 
   [junit4] Suite: org.apache.lucene.TestAssertions
   [junit4] Completed in 0.02s, 1 test
   [junit4] 
   [junit4] Suite: org.apache.lucene.index.TestRollback
   [junit4] Completed in 0.08s, 1 test
   [junit4] 
   [junit4] Suite: org.apache.lucene.search.TestExplanations
   [junit4] Completed in 0.03s, 1 test
   [junit4] 
   [junit4] Suite: org.apache.lucene.util.TestCloseableThreadLocal
   [junit4] Completed in 0.05s, 3 tests
   [junit4] 
   [junit4] Suite: org.apache.lucene.util.TestVersionComparator
   [junit4] Completed in 0.04s, 1 test
   [junit4] 
   [junit4] Suite: org.apache.lucene.analysis.TestMockCharFilter
   [junit4] Completed in 0.03s, 1 test
   [junit4] 
   [junit4] Suite: org.apache.lucene.index.TestIndexWriterOnJRECrash
   [junit4] IGNOR/A 0.01s | TestIndexWriterOnJRECrash.testNRTThreads
   [junit4]    > Assumption #1: 'nightly' test group is disabled (@Nightly)
   [junit4] Completed in 0.03s, 1 test, 1 skipped
   [junit4] 
   [junit4] Suite: org.apache.lucene.index.TestReaderClosed
   [junit4] Completed in 0.09s, 2 tests
   [junit4] 
   [junit4] Suite: org.apache.lucene.search.MultiCollectorTest
   [junit4] Completed in 0.03s, 3 tests
   [junit4] 
   [junit4] Suite: org.apache.lucene.util.junitcompat.TestFailIfDirectoryNotClosed
   [junit4] Completed in 0.04s, 1 test
   [junit4] 
   [junit4] Suite: org.apache.lucene.analysis.tokenattributes.TestSimpleAttributeImpl
   [junit4] Completed in 0.03s, 1 test
   [junit4] 
   [junit4] Suite: org.apache.lucene.index.TestIndexCommit
   [junit4] Completed in 0.02s, 1 test
   [junit4] 
   [junit4] Suite: org.apache.lucene.index.Test2BPostingsBytes
   [junit4] Completed in 0.02s, 1 test, 1 skipped
   [junit4] 
   [junit4] Suite: org.apache.lucene.util.TestIOUtils
   [junit4] Completed in 0.03s, 1 test
   [junit4] 
   [junit4] Suite: org.apache.lucene.store.TestByteArrayDataInput
   [junit4] Completed in 0.01s, 1 test
   [junit4] 
   [junit4] Suite: org.apache.lucene.index.Test2BNumericDocValues
   [junit4] Completed in 0.00s, 0 tests
   [junit4] 
   [junit4] Suite: org.apache.lucene.util.fst.Test2BFST
   [junit4] Completed in 0.00s, 0 tests
   [junit4] 
   [junit4] Suite: org.apache.lucene.analysis.TestReusableStringReader
   [junit4] Completed in 0.02s, 1 test
   [junit4] 
   [junit4] Suite: org.apache.lucene.codecs.lucene40.TestLucene40StoredFieldsFormat
   [junit4] IGNOR/A 0.00s | TestLucene40StoredFieldsFormat.testBigDocuments
   [junit4]    > Assumption #1: 'nightly' test group is disabled (@Nightly)
   [junit4] Completed in 2.94s, 10 tests, 1 skipped
   [junit4] 
   [junit4] Suite: org.apache.lucene.index.TestIndexWriterOutOfFileDescriptors
   [junit4] Completed in 6.05s, 1 test
   [junit4] 
   [junit4] Suite: org.apache.lucene.index.TestStoredFieldsFormat
   [junit4] IGNOR/A 0.00s | TestStoredFieldsFormat.testBigDocuments
   [junit4]    > Assumption #1: 'nightly' test group is disabled (@Nightly)
   [junit4] Completed in 2.71s, 10 tests, 1 skipped
   [junit4] 
   [junit4] Suite: org.apache.lucene.search.TestControlledRealTimeReopenThread
   [junit4] Completed in 2.57s, 4 tests
   [junit4] 
   [junit4] Suite: org.apache.lucene.search.TestIndexSearcher
   [junit4] Completed in 0.16s, 2 tests
   [junit4] 
   [junit4] Suite: org.apache.lucene.store.TestRateLimiter
   [junit4] Completed in 1.22s, 1 test
   [junit4] 
   [junit4] Suite: org.apache.lucene.util.TestBroadWord
   [junit4] Completed in 0.50s, 11 tests
   [junit4] 
   [junit4] Suite: org.apache.lucene.util.TestInPlaceMergeSorter
   [junit4] Completed in 0.60s, 9 tests
   [junit4] 
   [junit4] Suite: org.apache.lucene.util.TestIntroSorter
   [junit4] Completed in 0.18s, 9 tests
   [junit4] 
   [junit4] Suite: org.apache.lucene.util.TestPForDeltaDocIdSet
   [junit4] Completed in 1.41s, 4 tests
   [junit4] 
   [junit4] Suite: org.apache.lucene.util.TestTimSorter
   [junit4] Completed in 0.13s, 9 tests
   [junit4] 
   [junit4] Suite: org.apache.lucene.util.packed.TestEliasFanoSequence
   [junit4] Completed in 1.72s, 13 tests
   [junit4] 
   [junit4] 
   [junit4] Tests with failures:
   [junit4]   - org.apache.lucene.search.TestSearchAfter.testQueries
   [junit4]   - org.apache.lucene.codecs.lucene45.TestLucene45DocValuesFormat.testSortedSetFixedLengthVsUninvertedField
   [junit4]   - org.apache.lucene.codecs.lucene45.TestLucene45DocValuesFormat.testCodecUsesOwnBytesEachTime
   [junit4]   - org.apache.lucene.codecs.lucene45.TestLucene45DocValuesFormat.testSortedSetVariableLengthVsUninvertedField
   [junit4]   - org.apache.lucene.codecs.lucene45.TestLucene45DocValuesFormat.testSortedFixedLengthVsFieldCache
   [junit4] 
   [junit4] 
   [junit4] JVM J0:     3.20 ..   704.67 =   701.47s
   [junit4] Execution time total: 11 minutes 44 seconds
   [junit4] Tests summary: 367 suites, 2573 tests, 5 errors, 74 ignored (61 assumptions)

BUILD FAILED
/Users/jenkins/workspace/Lucene-Solr-trunk-MacOSX/build.xml:396: The following error occurred while executing this line:
/Users/jenkins/workspace/Lucene-Solr-trunk-MacOSX/build.xml:376: The following error occurred while executing this line:
/Users/jenkins/workspace/Lucene-Solr-trunk-MacOSX/build.xml:39: The following error occurred while executing this line:
/Users/jenkins/workspace/Lucene-Solr-trunk-MacOSX/lucene/build.xml:49: The following error occurred while executing this line:
/Users/jenkins/workspace/Lucene-Solr-trunk-MacOSX/lucene/common-build.xml:1230: The following error occurred while executing this line:
/Users/jenkins/workspace/Lucene-Solr-trunk-MacOSX/lucene/common-build.xml:873: There were test failures: 367 suites, 2573 tests, 5 errors, 74 ignored (61 assumptions)

Total time: 12 minutes 34 seconds
Build step 'Invoke Ant' marked build as failure
Description set: Java: 64bit/jdk1.7.0 -XX:-UseCompressedOops -XX:+UseParallelGC
Archiving artifacts
Recording test results
Email was triggered for: Failure
Sending email for trigger: Failure
Sending email to: dev@lucene.apache.org
Executing pre-send script
[Email-ext] Notification email body length: 69805
Triggering a new build of Lucene-Solr-4.x-MacOSX #799
Finished: FAILURE
