test:
[junit4:junit4] <JUnit4> says ahoj! Master seed: 79F17EDF11597D20
[junit4:junit4] Executing 327 suites with 4 JVMs.
[junit4:junit4] 
[junit4:junit4] Started J3 PID(28765@vine).
[junit4:junit4] Started J2 PID(28760@vine).
[junit4:junit4] Started J0 PID(28762@vine).
[junit4:junit4] Started J1 PID(28761@vine).
[junit4:junit4] Suite: org.apache.lucene.document.TestBinaryDocument
[junit4:junit4] Completed on J0 in 0.54s, 2 tests
[junit4:junit4] 
[junit4:junit4] Suite: org.apache.lucene.util.junitcompat.TestJUnitRuleOrder
[junit4:junit4] Completed on J0 in 0.06s, 1 test
[junit4:junit4] 
[junit4:junit4] Suite: org.apache.lucene.TestAssertions
[junit4:junit4] Completed on J0 in 0.02s, 1 test
[junit4:junit4] 
[junit4:junit4] Suite: org.apache.lucene.index.TestTransactionRollback
[junit4:junit4] Completed on J1 in 0.84s, 2 tests
[junit4:junit4] 
[junit4:junit4] Suite: org.apache.lucene.index.TestDocTermOrds
[junit4:junit4] Completed on J0 in 0.43s, 3 tests
[junit4:junit4] 
[junit4:junit4] Suite: org.apache.lucene.util.TestRamUsageEstimator
[junit4:junit4] Completed on J0 in 0.04s, 3 tests
[junit4:junit4] 
[junit4:junit4] Suite: org.apache.lucene.index.TestOmitTf
[junit4:junit4] Completed on J1 in 0.70s, 6 tests
[junit4:junit4] 
[junit4:junit4] Suite: org.apache.lucene.util.automaton.TestBasicOperations
[junit4:junit4] Completed on J1 in 0.30s, 8 tests
[junit4:junit4] 
[junit4:junit4] Suite: org.apache.lucene.index.TestSameTokenSamePosition
[junit4:junit4] Completed on J1 in 0.04s, 2 tests
[junit4:junit4] 
[junit4:junit4] Suite: org.apache.lucene.index.TestFlex
[junit4:junit4] Completed on J1 in 0.16s, 2 tests
[junit4:junit4] 
[junit4:junit4] Suite: org.apache.lucene.index.TestPayloads
[junit4:junit4] Completed on J1 in 0.10s, 7 tests
[junit4:junit4] 
[junit4:junit4] Suite: org.apache.lucene.util.automaton.TestSpecialOperations
[junit4:junit4] Completed on J1 in 0.09s, 2 tests
[junit4:junit4] 
[junit4:junit4] Suite: org.apache.lucene.search.TestMultiTermConstantScore
[junit4:junit4] Completed on J1 in 0.43s, 7 tests
[junit4:junit4] 
[junit4:junit4] Suite: org.apache.lucene.search.spans.TestPayloadSpans
[junit4:junit4] Completed on J1 in 0.45s, 10 tests
[junit4:junit4] 
[junit4:junit4] Suite: org.apache.lucene.util.TestOpenBitSet
[junit4:junit4] Completed on J0 in 2.77s, 4 tests
[junit4:junit4] 
[junit4:junit4] Suite: org.apache.lucene.index.TestSumDocFreq
[junit4:junit4] Completed on J0 in 0.13s, 1 test
[junit4:junit4] 
[junit4:junit4] Suite: org.apache.lucene.analysis.TestToken
[junit4:junit4] Completed on J1 in 0.92s, 10 tests
[junit4:junit4] 
[junit4:junit4] Suite: org.apache.lucene.TestMergeSchedulerExternal
[junit4:junit4] Completed on J0 in 0.57s, 2 tests
[junit4:junit4] 
[junit4:junit4] Suite: org.apache.lucene.util.junitcompat.TestSystemPropertiesInvariantRule
[junit4:junit4] Completed on J0 in 0.15s, 5 tests
[junit4:junit4] 
[junit4:junit4] Suite: org.apache.lucene.index.TestSegmentTermEnum
[junit4:junit4] Completed on J0 in 0.09s, 2 tests
[junit4:junit4] 
[junit4:junit4] Suite: org.apache.lucene.util.junitcompat.TestLeaveFilesIfTestFails
[junit4:junit4] Completed on J0 in 0.03s, 1 test
[junit4:junit4] 
[junit4:junit4] Suite: org.apache.lucene.util.TestRamUsageEstimatorOnWildAnimals
[junit4:junit4] Completed on J1 in 0.68s, 1 test
[junit4:junit4] 
[junit4:junit4] Suite: org.apache.lucene.index.TestDirectoryReaderReopen
[junit4:junit4] Completed on J0 in 2.24s, 5 tests
[junit4:junit4] 
[junit4:junit4] Suite: org.apache.lucene.util.automaton.TestDeterminizeLexicon
[junit4:junit4] Completed on J0 in 0.81s, 1 test
[junit4:junit4] 
[junit4:junit4] Suite: org.apache.lucene.index.TestIndexWriterMerging
[junit4:junit4] Completed on J1 in 6.73s, 6 tests
[junit4:junit4] 
[junit4:junit4] Suite: org.apache.lucene.analysis.TestCachingTokenFilter
[junit4:junit4] Completed on J1 in 0.04s, 1 test
[junit4:junit4] 
[junit4:junit4] Suite: org.apache.lucene.index.Test2BDocs
[junit4:junit4] Completed on J1 in 0.63s, 2 tests
[junit4:junit4] 
[junit4:junit4] Suite: org.apache.lucene.index.TestDeletionPolicy
[junit4:junit4] Completed on J0 in 4.34s, 6 tests
[junit4:junit4] 
[junit4:junit4] Suite: org.apache.lucene.util.TestIdentityHashSet
[junit4:junit4] Completed on J0 in 0.13s, 1 test
[junit4:junit4] 
[junit4:junit4] Suite: org.apache.lucene.util.TestSetOnce
[junit4:junit4] Completed on J0 in 0.04s, 4 tests
[junit4:junit4] 
[junit4:junit4] Suite: org.apache.lucene.index.Test2BPositions
[junit4:junit4] Completed on J0 in 0.01s, 1 test, 1 skipped
[junit4:junit4] 
[junit4:junit4] Suite: org.apache.lucene.index.TestSegmentReader
[junit4:junit4] Completed on J1 in 0.76s, 7 tests
[junit4:junit4] 
[junit4:junit4] Suite: org.apache.lucene.index.TestDocsAndPositions
[junit4:junit4] Completed on J0 in 0.58s, 6 tests
[junit4:junit4] 
[junit4:junit4] Suite: org.apache.lucene.search.TestComplexExplanationsOfNonMatches
[junit4:junit4] Completed on J0 in 0.23s, 22 tests
[junit4:junit4] 
[junit4:junit4] Suite: org.apache.lucene.codecs.perfield.TestPerFieldPostingsFormat
[junit4:junit4] Completed on J0 in 0.32s, 7 tests
[junit4:junit4] 
[junit4:junit4] Suite: org.apache.lucene.index.TestPostingsOffsets
[junit4:junit4] Completed on J1 in 0.93s, 11 tests
[junit4:junit4] 
[junit4:junit4] Suite: org.apache.lucene.index.TestSegmentTermDocs
[junit4:junit4] Completed on J0 in 0.58s, 5 tests
[junit4:junit4] 
[junit4:junit4] Suite: org.apache.lucene.search.TestSimilarityProvider
[junit4:junit4] Completed on J0 in 0.03s, 1 test
[junit4:junit4] 
[junit4:junit4] Suite: org.apache.lucene.search.TestTopDocsMerge
[junit4:junit4] Completed on J1 in 2.03s, 1 test
[junit4:junit4] 
[junit4:junit4] Suite: org.apache.lucene.search.TestPositiveScoresOnlyCollector
[junit4:junit4] Completed on J1 in 0.02s, 1 test
[junit4:junit4] 
[junit4:junit4] Suite: org.apache.lucene.util.TestIntsRef
[junit4:junit4] Completed on J1 in 0.02s, 2 tests
[junit4:junit4] 
[junit4:junit4] Suite: org.apache.lucene.util.TestMaxFailuresRule
[junit4:junit4] Completed on J1 in 0.46s, 1 test
[junit4:junit4] 
[junit4:junit4] Suite: org.apache.lucene.util.junitcompat.TestCodecReported
[junit4:junit4] Completed on J1 in 0.02s, 1 test
[junit4:junit4] 
[junit4:junit4] Suite: org.apache.lucene.util.TestFilterIterator
[junit4:junit4] Completed on J1 in 0.04s, 8 tests
[junit4:junit4] 
[junit4:junit4] Suite: org.apache.lucene.index.TestIndexWriterWithThreads
[junit4:junit4] Completed on J0 in 4.98s, 12 tests
[junit4:junit4] 
[junit4:junit4] Suite: org.apache.lucene.search.TestCachingCollector
[junit4:junit4] Completed on J0 in 0.03s, 5 tests
[junit4:junit4] 
[junit4:junit4] Suite: org.apache.lucene.util.junitcompat.TestSeedFromUncaught
[junit4:junit4] Completed on J0 in 0.03s, 1 test
[junit4:junit4] 
[junit4:junit4] Suite: org.apache.lucene.store.TestHugeRamFile
[junit4:junit4] Completed on J0 in 0.92s, 1 test
[junit4:junit4] 
[junit4:junit4] Suite: org.apache.lucene.search.TestNumericRangeQuery64
[junit4:junit4] Completed on J1 in 4.55s, 34 tests
[junit4:junit4] 
[junit4:junit4] Suite: org.apache.lucene.index.TestLazyProxSkipping
[junit4:junit4] Completed on J1 in 0.46s, 2 tests
[junit4:junit4] 
[junit4:junit4] Suite: org.apache.lucene.search.TestDocIdSet
[junit4:junit4] Completed on J1 in 0.13s, 3 tests
[junit4:junit4] 
[junit4:junit4] Suite: org.apache.lucene.index.TestFlushByRamOrCountsPolicy
[junit4:junit4] Completed on J0 in 1.76s, 5 tests
[junit4:junit4] 
[junit4:junit4] Suite: org.apache.lucene.index.TestMultiLevelSkipList
[junit4:junit4] Completed on J0 in 0.27s, 1 test
[junit4:junit4] 
[junit4:junit4] Suite: org.apache.lucene.store.TestBufferedIndexInput
[junit4:junit4] Completed on J1 in 0.96s, 4 tests
[junit4:junit4] 
[junit4:junit4] Suite: org.apache.lucene.util.junitcompat.TestFailIfUnreferencedFiles
[junit4:junit4] Completed on J1 in 0.02s, 1 test
[junit4:junit4] 
[junit4:junit4] Suite: org.apache.lucene.search.payloads.TestPayloadTermQuery
[junit4:junit4] Completed on J1 in 0.34s, 6 tests
[junit4:junit4] 
[junit4:junit4] Suite: org.apache.lucene.index.TestIndexWriterConfig
[junit4:junit4] Completed on J1 in 0.14s, 9 tests
[junit4:junit4] 
[junit4:junit4] Suite: org.apache.lucene.util.TestVersion
[junit4:junit4] Completed on J1 in 0.02s, 2 tests
[junit4:junit4] 
[junit4:junit4] Suite: org.apache.lucene.index.TestFilterAtomicReader
[junit4:junit4] Completed on J1 in 0.02s, 2 tests
[junit4:junit4] 
[junit4:junit4] Suite: org.apache.lucene.util.TestAttributeSource
[junit4:junit4] Completed on J1 in 0.03s, 5 tests
[junit4:junit4] 
[junit4:junit4] Suite: org.apache.lucene.index.Test4GBStoredFields
[junit4:junit4] IGNOR/A 0.40s J2 | Test4GBStoredFields.test
[junit4:junit4]    > Assumption #1: 'nightly' test group is disabled (@Nightly)
[junit4:junit4]   2> NOTE: test params are: codec=Lucene40, sim=DefaultSimilarity, locale=et_EE, timezone=Etc/GMT-8
[junit4:junit4]   2> NOTE: Linux 3.2.0-23-generic amd64/IBM Corporation 1.6.0 (64-bit)/cpus=8,threads=2,free=91216,total=14366720
[junit4:junit4]   2> NOTE: All tests run in this JVM: [Test4GBStoredFields]
[junit4:junit4]   2> NOTE: reproduce with: ant test  -Dtestcase=Test4GBStoredFields -Dtests.seed=79F17EDF11597D20 -Dtests.slow=true -Dtests.locale=et_EE -Dtests.timezone=Etc/GMT-8 -Dtests.file.encoding=ISO-8859-1
[junit4:junit4] ERROR   0.00s J2 | Test4GBStoredFields (suite) <<<
[junit4:junit4]    > Throwable #1: com.carrotsearch.randomizedtesting.ThreadLeakError: 1 thread leaked from SUITE scope at org.apache.lucene.index.Test4GBStoredFields: 
[junit4:junit4]    >    1) Thread[id=19, name=Thread-6, state=TIMED_WAITING, group=TGRP-Test4GBStoredFields]
[junit4:junit4]    >         at java.lang.Object.wait(Native Method)
[junit4:junit4]    >         at java.lang.Object.wait(Object.java:196)
[junit4:junit4]    >         at java.util.Timer$TimerImpl.run(Timer.java:247)
[junit4:junit4]    > 	at __randomizedtesting.SeedInfo.seed([79F17EDF11597D20]:0)
[junit4:junit4]    > Throwable #2: com.carrotsearch.randomizedtesting.ThreadLeakError: There are still zombie threads that couldn't be terminated:
[junit4:junit4]    >    1) Thread[id=19, name=Thread-6, state=TIMED_WAITING, group=TGRP-Test4GBStoredFields]
[junit4:junit4]    >         at java.lang.Object.wait(Native Method)
[junit4:junit4]    >         at java.lang.Object.wait(Object.java:196)
[junit4:junit4]    >         at java.util.Timer$TimerImpl.run(Timer.java:247)
[junit4:junit4]    > 	at __randomizedtesting.SeedInfo.seed([79F17EDF11597D20]:0)
[junit4:junit4] Completed on J2 in 23.70s, 1 test, 2 errors, 1 skipped <<< FAILURES!
[junit4:junit4] 
[junit4:junit4] Suite: org.apache.lucene.index.Test2BPostings
[junit4:junit4] IGNOR/A 0.36s J3 | Test2BPostings.test
[junit4:junit4]    > Assumption #1: 'nightly' test group is disabled (@Nightly)
[junit4:junit4]   2> NOTE: test params are: codec=Lucene41: {}, sim=DefaultSimilarity, locale=it, timezone=America/Cancun
[junit4:junit4]   2> NOTE: Linux 3.2.0-23-generic amd64/IBM Corporation 1.6.0 (64-bit)/cpus=8,threads=2,free=2412696,total=14622720
[junit4:junit4]   2> NOTE: All tests run in this JVM: [Test2BPostings]
[junit4:junit4]   2> NOTE: reproduce with: ant test  -Dtestcase=Test2BPostings -Dtests.seed=79F17EDF11597D20 -Dtests.slow=true -Dtests.locale=it -Dtests.timezone=America/Cancun -Dtests.file.encoding=ISO-8859-1
[junit4:junit4] ERROR   0.00s J3 | Test2BPostings (suite) <<<
[junit4:junit4]    > Throwable #1: com.carrotsearch.randomizedtesting.ThreadLeakError: 1 thread leaked from SUITE scope at org.apache.lucene.index.Test2BPostings: 
[junit4:junit4]    >    1) Thread[id=19, name=Thread-6, state=TIMED_WAITING, group=TGRP-Test2BPostings]
[junit4:junit4]    >         at java.lang.Object.wait(Native Method)
[junit4:junit4]    >         at java.lang.Object.wait(Object.java:196)
[junit4:junit4]    >         at java.util.Timer$TimerImpl.run(Timer.java:247)
[junit4:junit4]    > 	at __randomizedtesting.SeedInfo.seed([79F17EDF11597D20]:0)
[junit4:junit4]    > Throwable #2: com.carrotsearch.randomizedtesting.ThreadLeakError: There are still zombie threads that couldn't be terminated:
[junit4:junit4]    >    1) Thread[id=19, name=Thread-6, state=TIMED_WAITING, group=TGRP-Test2BPostings]
[junit4:junit4]    >         at java.lang.Object.wait(Native Method)
[junit4:junit4]    >         at java.lang.Object.wait(Object.java:196)
[junit4:junit4]    >         at java.util.Timer$TimerImpl.run(Timer.java:247)
[junit4:junit4]    > 	at __randomizedtesting.SeedInfo.seed([79F17EDF11597D20]:0)
[junit4:junit4] Completed on J3 in 23.63s, 1 test, 2 errors, 1 skipped <<< FAILURES!
[junit4:junit4] 
[junit4:junit4] Suite: org.apache.lucene.util.automaton.TestUTF32ToUTF8
[junit4:junit4] Completed on J2 in 0.01s, 5 tests, 5 skipped
[junit4:junit4] 
[junit4:junit4] Suite: org.apache.lucene.util.automaton.TestDeterminism
[junit4:junit4] Completed on J3 in 0.01s, 2 tests, 2 skipped
[junit4:junit4] 
[junit4:junit4] Suite: org.apache.lucene.TestExternalCodecs
[junit4:junit4] Completed on J2 in 0.01s, 1 test, 1 skipped
[junit4:junit4] 
[junit4:junit4] Suite: org.apache.lucene.TestDemo
[junit4:junit4] Completed on J3 in 0.02s, 1 test, 1 skipped
[junit4:junit4] 
[junit4:junit4] Suite: org.apache.lucene.index.TestConsistentFieldNumbers
[junit4:junit4] Completed on J3 in 0.01s, 4 tests, 4 skipped
[junit4:junit4] 
[junit4:junit4] Suite: org.apache.lucene.search.spans.TestSpanFirstQuery
[junit4:junit4] Completed on J3 in 0.01s, 1 test, 1 skipped
[junit4:junit4] 
[junit4:junit4] Suite: org.apache.lucene.index.TestIndexWriterReader
[junit4:junit4] Completed on J2 in 0.04s, 20 tests, 20 skipped
[junit4:junit4] 
[junit4:junit4] Suite: org.apache.lucene.search.spans.TestNearSpansOrdered
[junit4:junit4] Completed on J3 in 0.02s, 10 tests, 10 skipped
[junit4:junit4] 
[junit4:junit4] Suite: org.apache.lucene.util.TestBytesRef
[junit4:junit4] Completed on J2 in 0.03s, 5 tests, 5 skipped
[junit4:junit4] 
[junit4:junit4] Suite: org.apache.lucene.index.TestSizeBoundedForceMerge
[junit4:junit4] Completed on J3 in 0.02s, 11 tests, 11 skipped
[junit4:junit4] 
[junit4:junit4] Suite: org.apache.lucene.util.TestByteBlockPool
[junit4:junit4] Completed on J2 in 0.01s, 1 test, 1 skipped
[junit4:junit4] 
[junit4:junit4] Suite: org.apache.lucene.analysis.TestCharFilter
[junit4:junit4] Completed on J3 in 0.01s, 4 tests, 4 skipped
[junit4:junit4] 
[junit4:junit4] Suite: org.apache.lucene.search.TestDisjunctionMaxQuery
[junit4:junit4] Completed on J2 in 0.01s, 10 tests, 10 skipped
[junit4:junit4] 
[junit4:junit4] Suite: org.apache.lucene.TestSearch
[junit4:junit4] Completed on J2 in 0.00s, 2 tests, 2 skipped
[junit4:junit4] 
[junit4:junit4] Suite: org.apache.lucene.util.packed.TestGW31
[junit4:junit4] Completed on J2 in 0.01s, 1 test, 1 skipped
[junit4:junit4] 
[junit4:junit4] Suite: org.apache.lucene.search.TestDateSort
[junit4:junit4] Completed on J2 in 0.00s, 1 test, 1 skipped
[junit4:junit4] 
[junit4:junit4] Suite: org.apache.lucene.util.fst.TestFSTs
[junit4:junit4] Completed on J2 in 0.01s, 17 tests, 17 skipped
[junit4:junit4] 
[junit4:junit4] Suite: org.apache.lucene.index.TestIndexWriterNRTIsCurrent
[junit4:junit4] Completed on J2 in 0.00s, 1 test, 1 skipped
[junit4:junit4] 
[junit4:junit4] Suite: org.apache.lucene.util.TestUnicodeUtil
[junit4:junit4] Completed on J2 in 0.01s, 4 tests, 4 skipped
[junit4:junit4] 
[junit4:junit4] Suite: org.apache.lucene.index.TestIndexWriterDelete
[junit4:junit4] Completed on J2 in 0.01s, 21 tests, 21 skipped
[junit4:junit4] 
[junit4:junit4] Suite: org.apache.lucene.util.Test2BPagedBytes
[junit4:junit4] Completed on J2 in 0.00s, 0 tests
[junit4:junit4] 
[junit4:junit4] Suite: org.apache.lucene.util.TestCharsRef
[junit4:junit4] Completed on J2 in 0.01s, 8 tests, 8 skipped
[junit4:junit4] 
[junit4:junit4] Suite: org.apache.lucene.index.TestDirectoryReader
[junit4:junit4] Completed on J2 in 0.01s, 23 tests, 23 skipped
[junit4:junit4] 
[junit4:junit4] Suite: org.apache.lucene.index.TestNeverDelete
[junit4:junit4] Completed on J2 in 0.00s, 1 test, 1 skipped
[junit4:junit4] 
[junit4:junit4] Suite: org.apache.lucene.search.TestMultiThreadTermVectors
[junit4:junit4] Completed on J2 in 0.00s, 1 test, 1 skipped
[junit4:junit4] 
[junit4:junit4] Suite: org.apache.lucene.index.Test2BTerms
[junit4:junit4] Completed on J2 in 0.00s, 1 test, 1 skipped
[junit4:junit4] 
[junit4:junit4] Suite: org.apache.lucene.search.TestCustomSearcherSort
[junit4:junit4] Completed on J2 in 0.00s, 2 tests, 2 skipped
[junit4:junit4] 
[junit4:junit4] Suite: org.apache.lucene.search.TestPrefixQuery
[junit4:junit4] Completed on J2 in 0.00s, 1 test, 1 skipped
[junit4:junit4] 
[junit4:junit4] Suite: org.apache.lucene.index.TestTransactions
[junit4:junit4] Completed on J2 in 0.00s, 1 test, 1 skipped
[junit4:junit4] 
[junit4:junit4] Suite: org.apache.lucene.search.TestMultiTermQueryRewrites
[junit4:junit4] Completed on J2 in 0.01s, 3 tests, 3 skipped
[junit4:junit4] 
[junit4:junit4] Suite: org.apache.lucene.util.junitcompat.TestSetupTeardownChaining
[junit4:junit4]   1> sysout from nested test: 
[junit4:junit4]   1> 
[junit4:junit4]   1> syserr from nested test: 
[junit4:junit4] FAILURE 0.04s J2 | TestSetupTeardownChaining.testSetupChaining <<<
[junit4:junit4]    > Throwable #1: java.lang.AssertionError: expected:<1> but was:<0>
[junit4:junit4]    > 	at org.junit.Assert.fail(Assert.java:93)
[junit4:junit4]    > 	at org.junit.Assert.failNotEquals(Assert.java:647)
[junit4:junit4]    > 	at org.junit.Assert.assertEquals(Assert.java:128)
[junit4:junit4]    > 	at org.junit.Assert.assertEquals(Assert.java:472)
[junit4:junit4]    > 	at org.junit.Assert.assertEquals(Assert.java:456)
[junit4:junit4]    > 	at org.apache.lucene.util.junitcompat.TestSetupTeardownChaining.testSetupChaining(TestSetupTeardownChaining.java:65)
[junit4:junit4]    > 	at sun.reflect.NativeMethodAccessorImpl.invoke0(Native Method)
[junit4:junit4]    > 	at sun.reflect.NativeMethodAccessorImpl.invoke(NativeMethodAccessorImpl.java:60)
[junit4:junit4]    > 	at sun.reflect.DelegatingMethodAccessorImpl.invoke(DelegatingMethodAccessorImpl.java:37)
[junit4:junit4]    > 	at java.lang.reflect.Method.invoke(Method.java:611)
[junit4:junit4]    > 	at org.junit.runners.model.FrameworkMethod$1.runReflectiveCall(FrameworkMethod.java:45)
[junit4:junit4]    > 	at org.junit.internal.runners.model.ReflectiveCallable.run(ReflectiveCallable.java:15)
[junit4:junit4]    > 	at org.junit.runners.model.FrameworkMethod.invokeExplosively(FrameworkMethod.java:42)
[junit4:junit4]    > 	at org.junit.internal.runners.statements.InvokeMethod.evaluate(InvokeMethod.java:20)
[junit4:junit4]    > 	at org.junit.internal.runners.statements.RunBefores.evaluate(RunBefores.java:28)
[junit4:junit4]    > 	at org.junit.internal.runners.statements.RunAfters.evaluate(RunAfters.java:30)
[junit4:junit4]    > 	at org.apache.lucene.util.TestRuleMarkFailure$1.evaluate(TestRuleMarkFailure.java:48)
[junit4:junit4]    > 	at com.carrotsearch.randomizedtesting.rules.StatementAdapter.evaluate(StatementAdapter.java:36)
[junit4:junit4]    > 	at com.carrotsearch.randomizedtesting.rules.SystemPropertiesRestoreRule$1.evaluate(SystemPropertiesRestoreRule.java:53)
[junit4:junit4]    > 	at org.junit.rules.RunRules.evaluate(RunRules.java:18)
[junit4:junit4]    > 	at org.junit.runners.ParentRunner.runLeaf(ParentRunner.java:263)
[junit4:junit4]    > 	at org.junit.runners.BlockJUnit4ClassRunner.runChild(BlockJUnit4ClassRunner.java:68)
[junit4:junit4]    > 	at org.junit.runners.BlockJUnit4ClassRunner.runChild(BlockJUnit4ClassRunner.java:47)
[junit4:junit4]    > 	at org.junit.runners.ParentRunner$3.run(ParentRunner.java:231)
[junit4:junit4]    > 	at org.junit.runners.ParentRunner$1.schedule(ParentRunner.java:60)
[junit4:junit4]    > 	at org.junit.runners.ParentRunner.runChildren(ParentRunner.java:229)
[junit4:junit4]    > 	at org.junit.runners.ParentRunner.access$000(ParentRunner.java:50)
[junit4:junit4]    > 	at org.junit.runners.ParentRunner$2.evaluate(ParentRunner.java:222)
[junit4:junit4]    > 	at org.junit.runners.ParentRunner.run(ParentRunner.java:300)
[junit4:junit4]    > 	at com.carrotsearch.ant.tasks.junit4.slave.SlaveMain.execute(SlaveMain.java:180)
[junit4:junit4]    > 	at com.carrotsearch.ant.tasks.junit4.slave.SlaveMain.main(SlaveMain.java:275)
[junit4:junit4]    > 	at com.carrotsearch.ant.tasks.junit4.slave.SlaveMainSafe.main(SlaveMainSafe.java:12)
[junit4:junit4]   1> sysout from nested test: 
[junit4:junit4]   1> 
[junit4:junit4]   1> syserr from nested test: 
[junit4:junit4] FAILURE 0.02s J2 | TestSetupTeardownChaining.testTeardownChaining <<<
[junit4:junit4]    > Throwable #1: java.lang.AssertionError: expected:<1> but was:<0>
[junit4:junit4]    > 	at org.junit.Assert.fail(Assert.java:93)
[junit4:junit4]    > 	at org.junit.Assert.failNotEquals(Assert.java:647)
[junit4:junit4]    > 	at org.junit.Assert.assertEquals(Assert.java:128)
[junit4:junit4]    > 	at org.junit.Assert.assertEquals(Assert.java:472)
[junit4:junit4]    > 	at org.junit.Assert.assertEquals(Assert.java:456)
[junit4:junit4]    > 	at org.apache.lucene.util.junitcompat.TestSetupTeardownChaining.testTeardownChaining(TestSetupTeardownChaining.java:77)
[junit4:junit4]    > 	at sun.reflect.NativeMethodAccessorImpl.invoke0(Native Method)
[junit4:junit4]    > 	at sun.reflect.NativeMethodAccessorImpl.invoke(NativeMethodAccessorImpl.java:60)
[junit4:junit4]    > 	at sun.reflect.DelegatingMethodAccessorImpl.invoke(DelegatingMethodAccessorImpl.java:37)
[junit4:junit4]    > 	at java.lang.reflect.Method.invoke(Method.java:611)
[junit4:junit4]    > 	at org.junit.runners.model.FrameworkMethod$1.runReflectiveCall(FrameworkMethod.java:45)
[junit4:junit4]    > 	at org.junit.internal.runners.model.ReflectiveCallable.run(ReflectiveCallable.java:15)
[junit4:junit4]    > 	at org.junit.runners.model.FrameworkMethod.invokeExplosively(FrameworkMethod.java:42)
[junit4:junit4]    > 	at org.junit.internal.runners.statements.InvokeMethod.evaluate(InvokeMethod.java:20)
[junit4:junit4]    > 	at org.junit.internal.runners.statements.RunBefores.evaluate(RunBefores.java:28)
[junit4:junit4]    > 	at org.junit.internal.runners.statements.RunAfters.evaluate(RunAfters.java:30)
[junit4:junit4]    > 	at org.apache.lucene.util.TestRuleMarkFailure$1.evaluate(TestRuleMarkFailure.java:48)
[junit4:junit4]    > 	at com.carrotsearch.randomizedtesting.rules.StatementAdapter.evaluate(StatementAdapter.java:36)
[junit4:junit4]    > 	at com.carrotsearch.randomizedtesting.rules.SystemPropertiesRestoreRule$1.evaluate(SystemPropertiesRestoreRule.java:53)
[junit4:junit4]    > 	at org.junit.rules.RunRules.evaluate(RunRules.java:18)
[junit4:junit4]    > 	at org.junit.runners.ParentRunner.runLeaf(ParentRunner.java:263)
[junit4:junit4]    > 	at org.junit.runners.BlockJUnit4ClassRunner.runChild(BlockJUnit4ClassRunner.java:68)
[junit4:junit4]    > 	at org.junit.runners.BlockJUnit4ClassRunner.runChild(BlockJUnit4ClassRunner.java:47)
[junit4:junit4]    > 	at org.junit.runners.ParentRunner$3.run(ParentRunner.java:231)
[junit4:junit4]    > 	at org.junit.runners.ParentRunner$1.schedule(ParentRunner.java:60)
[junit4:junit4]    > 	at org.junit.runners.ParentRunner.runChildren(ParentRunner.java:229)
[junit4:junit4]    > 	at org.junit.runners.ParentRunner.access$000(ParentRunner.java:50)
[junit4:junit4]    > 	at org.junit.runners.ParentRunner$2.evaluate(ParentRunner.java:222)
[junit4:junit4]    > 	at org.junit.runners.ParentRunner.run(ParentRunner.java:300)
[junit4:junit4]    > 	at com.carrotsearch.ant.tasks.junit4.slave.SlaveMain.execute(SlaveMain.java:180)
[junit4:junit4]    > 	at com.carrotsearch.ant.tasks.junit4.slave.SlaveMain.main(SlaveMain.java:275)
[junit4:junit4]    > 	at com.carrotsearch.ant.tasks.junit4.slave.SlaveMainSafe.main(SlaveMainSafe.java:12)
[junit4:junit4] Completed on J2 in 0.06s, 2 tests, 2 failures <<< FAILURES!
[junit4:junit4] 
[junit4:junit4] Suite: org.apache.lucene.search.spans.TestFieldMaskingSpanQuery
[junit4:junit4] Completed on J2 in 0.02s, 11 tests, 11 skipped
[junit4:junit4] 
[junit4:junit4] Suite: org.apache.lucene.index.TestPerSegmentDeletes
[junit4:junit4] Completed on J2 in 0.01s, 1 test, 1 skipped
[junit4:junit4] 
[junit4:junit4] Suite: org.apache.lucene.index.TestTypePromotion
[junit4:junit4] Completed on J2 in 0.01s, 5 tests, 5 skipped
[junit4:junit4] 
[junit4:junit4] Suite: org.apache.lucene.index.TestTermsEnum
[junit4:junit4] Completed on J2 in 0.01s, 7 tests, 7 skipped
[junit4:junit4] 
[junit4:junit4] Suite: org.apache.lucene.index.TestMultiFields
[junit4:junit4] Completed on J2 in 0.01s, 3 tests, 3 skipped
[junit4:junit4] 
[junit4:junit4] Suite: org.apache.lucene.search.TestNRTManager
[junit4:junit4] Completed on J2 in 0.01s, 4 tests, 4 skipped
[junit4:junit4] 
[junit4:junit4] Suite: org.apache.lucene.codecs.lucene41.TestBlockPostingsFormat3
[junit4:junit4] Completed on J2 in 0.01s, 1 test, 1 skipped
[junit4:junit4] 
[junit4:junit4] Suite: org.apache.lucene.util.junitcompat.TestReproduceMessage
[junit4:junit4]   1> sysout from nested test: 
[junit4:junit4]   1> 
[junit4:junit4]   1> syserr from nested test: 
[junit4:junit4] FAILURE 0.02s J3 | TestReproduceMessage.testFailureBeforeClass <<<
[junit4:junit4]    > Throwable #1: java.lang.AssertionError
[junit4:junit4]    > 	at org.junit.Assert.fail(Assert.java:92)
[junit4:junit4]    > 	at org.junit.Assert.assertTrue(Assert.java:43)
[junit4:junit4]    > 	at org.junit.Assert.assertTrue(Assert.java:54)
[junit4:junit4]    > 	at org.apache.lucene.util.junitcompat.TestReproduceMessage.testFailureBeforeClass(TestReproduceMessage.java:173)
[junit4:junit4]    > 	at sun.reflect.NativeMethodAccessorImpl.invoke0(Native Method)
[junit4:junit4]    > 	at sun.reflect.NativeMethodAccessorImpl.invoke(NativeMethodAccessorImpl.java:60)
[junit4:junit4]    > 	at sun.reflect.DelegatingMethodAccessorImpl.invoke(DelegatingMethodAccessorImpl.java:37)
[junit4:junit4]    > 	at java.lang.reflect.Method.invoke(Method.java:611)
[junit4:junit4]    > 	at org.junit.runners.model.FrameworkMethod$1.runReflectiveCall(FrameworkMethod.java:45)
[junit4:junit4]    > 	at org.junit.internal.runners.model.ReflectiveCallable.run(ReflectiveCallable.java:15)
[junit4:junit4]    > 	at org.junit.runners.model.FrameworkMethod.invokeExplosively(FrameworkMethod.java:42)
[junit4:junit4]    > 	at org.junit.internal.runners.statements.InvokeMethod.evaluate(InvokeMethod.java:20)
[junit4:junit4]    > 	at org.junit.internal.runners.statements.RunBefores.evaluate(RunBefores.java:28)
[junit4:junit4]    > 	at org.junit.internal.runners.statements.RunAfters.evaluate(RunAfters.java:30)
[junit4:junit4]    > 	at org.apache.lucene.util.TestRuleMarkFailure$1.evaluate(TestRuleMarkFailure.java:48)
[junit4:junit4]    > 	at com.carrotsearch.randomizedtesting.rules.StatementAdapter.evaluate(StatementAdapter.java:36)
[junit4:junit4]    > 	at com.carrotsearch.randomizedtesting.rules.SystemPropertiesRestoreRule$1.evaluate(SystemPropertiesRestoreRule.java:53)
[junit4:junit4]    > 	at org.junit.rules.RunRules.evaluate(RunRules.java:18)
[junit4:junit4]    > 	at org.junit.runners.ParentRunner.runLeaf(ParentRunner.java:263)
[junit4:junit4]    > 	at org.junit.runners.BlockJUnit4ClassRunner.runChild(BlockJUnit4ClassRunner.java:68)
[junit4:junit4]    > 	at org.junit.runners.BlockJUnit4ClassRunner.runChild(BlockJUnit4ClassRunner.java:47)
[junit4:junit4]    > 	at org.junit.runners.ParentRunner$3.run(ParentRunner.java:231)
[junit4:junit4]    > 	at org.junit.runners.ParentRunner$1.schedule(ParentRunner.java:60)
[junit4:junit4]    > 	at org.junit.runners.ParentRunner.runChildren(ParentRunner.java:229)
[junit4:junit4]    > 	at org.junit.runners.ParentRunner.access$000(ParentRunner.java:50)
[junit4:junit4]    > 	at org.junit.runners.ParentRunner$2.evaluate(ParentRunner.java:222)
[junit4:junit4]    > 	at org.junit.runners.ParentRunner.run(ParentRunner.java:300)
[junit4:junit4]    > 	at com.carrotsearch.ant.tasks.junit4.slave.SlaveMain.execute(SlaveMain.java:180)
[junit4:junit4]    > 	at com.carrotsearch.ant.tasks.junit4.slave.SlaveMain.main(SlaveMain.java:275)
[junit4:junit4]    > 	at com.carrotsearch.ant.tasks.junit4.slave.SlaveMainSafe.main(SlaveMainSafe.java:12)
[junit4:junit4]   1> sysout from nested test: 
[junit4:junit4]   1> 
[junit4:junit4]   1> syserr from nested test: 
[junit4:junit4] FAILURE 0.01s J3 | TestReproduceMessage.testFailureInitializer <<<
[junit4:junit4]    > Throwable #1: java.lang.AssertionError
[junit4:junit4]    > 	at org.junit.Assert.fail(Assert.java:92)
[junit4:junit4]    > 	at org.junit.Assert.assertTrue(Assert.java:43)
[junit4:junit4]    > 	at org.junit.Assert.assertTrue(Assert.java:54)
[junit4:junit4]    > 	at org.apache.lucene.util.junitcompat.TestReproduceMessage.testFailureInitializer(TestReproduceMessage.java:180)
[junit4:junit4]    > 	at sun.reflect.NativeMethodAccessorImpl.invoke0(Native Method)
[junit4:junit4]    > 	at sun.reflect.NativeMethodAccessorImpl.invoke(NativeMethodAccessorImpl.java:60)
[junit4:junit4]    > 	at sun.reflect.DelegatingMethodAccessorImpl.invoke(DelegatingMethodAccessorImpl.java:37)
[junit4:junit4]    > 	at java.lang.reflect.Method.invoke(Method.java:611)
[junit4:junit4]    > 	at org.junit.runners.model.FrameworkMethod$1.runReflectiveCall(FrameworkMethod.java:45)
[junit4:junit4]    > 	at org.junit.internal.runners.model.ReflectiveCallable.run(ReflectiveCallable.java:15)
[junit4:junit4]    > 	at org.junit.runners.model.FrameworkMethod.invokeExplosively(FrameworkMethod.java:42)
[junit4:junit4]    > 	at org.junit.internal.runners.statements.InvokeMethod.evaluate(InvokeMethod.java:20)
[junit4:junit4]    > 	at org.junit.internal.runners.statements.RunBefores.evaluate(RunBefores.java:28)
[junit4:junit4]    > 	at org.junit.internal.runners.statements.RunAfters.evaluate(RunAfters.java:30)
[junit4:junit4]    > 	at org.apache.lucene.util.TestRuleMarkFailure$1.evaluate(TestRuleMarkFailure.java:48)
[junit4:junit4]    > 	at com.carrotsearch.randomizedtesting.rules.StatementAdapter.evaluate(StatementAdapter.java:36)
[junit4:junit4]    > 	at com.carrotsearch.randomizedtesting.rules.SystemPropertiesRestoreRule$1.evaluate(SystemPropertiesRestoreRule.java:53)
[junit4:junit4]    > 	at org.junit.rules.RunRules.evaluate(RunRules.java:18)
[junit4:junit4]    > 	at org.junit.runners.ParentRunner.runLeaf(ParentRunner.java:263)
[junit4:junit4]    > 	at org.junit.runners.BlockJUnit4ClassRunner.runChild(BlockJUnit4ClassRunner.java:68)
[junit4:junit4]    > 	at org.junit.runners.BlockJUnit4ClassRunner.runChild(BlockJUnit4ClassRunner.java:47)
[junit4:junit4]    > 	at org.junit.runners.ParentRunner$3.run(ParentRunner.java:231)
[junit4:junit4]    > 	at org.junit.runners.ParentRunner$1.schedule(ParentRunner.java:60)
[junit4:junit4]    > 	at org.junit.runners.ParentRunner.runChildren(ParentRunner.java:229)
[junit4:junit4]    > 	at org.junit.runners.ParentRunner.access$000(ParentRunner.java:50)
[junit4:junit4]    > 	at org.junit.runners.ParentRunner$2.evaluate(ParentRunner.java:222)
[junit4:junit4]    > 	at org.junit.runners.ParentRunner.run(ParentRunner.java:300)
[junit4:junit4]    > 	at com.carrotsearch.ant.tasks.junit4.slave.SlaveMain.execute(SlaveMain.java:180)
[junit4:junit4]    > 	at com.carrotsearch.ant.tasks.junit4.slave.SlaveMain.main(SlaveMain.java:275)
[junit4:junit4]    > 	at com.carrotsearch.ant.tasks.junit4.slave.SlaveMainSafe.main(SlaveMainSafe.java:12)
[junit4:junit4]   1> sysout from nested test: 
[junit4:junit4]   1> 
[junit4:junit4]   1> syserr from nested test: 
[junit4:junit4] FAILURE 0.01s J3 | TestReproduceMessage.testFailureRule <<<
[junit4:junit4]    > Throwable #1: java.lang.AssertionError
[junit4:junit4]    > 	at org.junit.Assert.fail(Assert.java:92)
[junit4:junit4]    > 	at org.junit.Assert.assertTrue(Assert.java:43)
[junit4:junit4]    > 	at org.junit.Assert.assertTrue(Assert.java:54)
[junit4:junit4]    > 	at org.apache.lucene.util.junitcompat.TestReproduceMessage.testFailureRule(TestReproduceMessage.java:190)
[junit4:junit4]    > 	at sun.reflect.NativeMethodAccessorImpl.invoke0(Native Method)
[junit4:junit4]    > 	at sun.reflect.NativeMethodAccessorImpl.invoke(NativeMethodAccessorImpl.java:60)
[junit4:junit4]    > 	at sun.reflect.DelegatingMethodAccessorImpl.invoke(DelegatingMethodAccessorImpl.java:37)
[junit4:junit4]    > 	at java.lang.reflect.Method.invoke(Method.java:611)
[junit4:junit4]    > 	at org.junit.runners.model.FrameworkMethod$1.runReflectiveCall(FrameworkMethod.java:45)
[junit4:junit4]    > 	at org.junit.internal.runners.model.ReflectiveCallable.run(ReflectiveCallable.java:15)
[junit4:junit4]    > 	at org.junit.runners.model.FrameworkMethod.invokeExplosively(FrameworkMethod.java:42)
[junit4:junit4]    > 	at org.junit.internal.runners.statements.InvokeMethod.evaluate(InvokeMethod.java:20)
[junit4:junit4]    > 	at org.junit.internal.runners.statements.RunBefores.evaluate(RunBefores.java:28)
[junit4:junit4]    > 	at org.junit.internal.runners.statements.RunAfters.evaluate(RunAfters.java:30)
[junit4:junit4]    > 	at org.apache.lucene.util.TestRuleMarkFailure$1.evaluate(TestRuleMarkFailure.java:48)
[junit4:junit4]    > 	at com.carrotsearch.randomizedtesting.rules.StatementAdapter.evaluate(StatementAdapter.java:36)
[junit4:junit4]    > 	at com.carrotsearch.randomizedtesting.rules.SystemPropertiesRestoreRule$1.evaluate(SystemPropertiesRestoreRule.java:53)
[junit4:junit4]    > 	at org.junit.rules.RunRules.evaluate(RunRules.java:18)
[junit4:junit4]    > 	at org.junit.runners.ParentRunner.runLeaf(ParentRunner.java:263)
[junit4:junit4]    > 	at org.junit.runners.BlockJUnit4ClassRunner.runChild(BlockJUnit4ClassRunner.java:68)
[junit4:junit4]    > 	at org.junit.runners.BlockJUnit4ClassRunner.runChild(BlockJUnit4ClassRunner.java:47)
[junit4:junit4]    > 	at org.junit.runners.ParentRunner$3.run(ParentRunner.java:231)
[junit4:junit4]    > 	at org.junit.runners.ParentRunner$1.schedule(ParentRunner.java:60)
[junit4:junit4]    > 	at org.junit.runners.ParentRunner.runChildren(ParentRunner.java:229)
[junit4:junit4]    > 	at org.junit.runners.ParentRunner.access$000(ParentRunner.java:50)
[junit4:junit4]    > 	at org.junit.runners.ParentRunner$2.evaluate(ParentRunner.java:222)
[junit4:junit4]    > 	at org.junit.runners.ParentRunner.run(ParentRunner.java:300)
[junit4:junit4]    > 	at com.carrotsearch.ant.tasks.junit4.slave.SlaveMain.execute(SlaveMain.java:180)
[junit4:junit4]    > 	at com.carrotsearch.ant.tasks.junit4.slave.SlaveMain.main(SlaveMain.java:275)
[junit4:junit4]    > 	at com.carrotsearch.ant.tasks.junit4.slave.SlaveMainSafe.main(SlaveMainSafe.java:12)
[junit4:junit4]   1> sysout from nested test: 
[junit4:junit4]   1> 
[junit4:junit4]   1> syserr from nested test: 
[junit4:junit4] FAILURE 0.01s J3 | TestReproduceMessage.testFailureBefore <<<
[junit4:junit4]    > Throwable #1: java.lang.AssertionError
[junit4:junit4]    > 	at org.junit.Assert.fail(Assert.java:92)
[junit4:junit4]    > 	at org.junit.Assert.assertTrue(Assert.java:43)
[junit4:junit4]    > 	at org.junit.Assert.assertTrue(Assert.java:54)
[junit4:junit4]    > 	at org.apache.lucene.util.junitcompat.TestReproduceMessage.testFailureBefore(TestReproduceMessage.java:200)
[junit4:junit4]    > 	at sun.reflect.NativeMethodAccessorImpl.invoke0(Native Method)
[junit4:junit4]    > 	at sun.reflect.NativeMethodAccessorImpl.invoke(NativeMethodAccessorImpl.java:60)
[junit4:junit4]    > 	at sun.reflect.DelegatingMethodAccessorImpl.invoke(DelegatingMethodAccessorImpl.java:37)
[junit4:junit4]    > 	at java.lang.reflect.Method.invoke(Method.java:611)
[junit4:junit4]    > 	at org.junit.runners.model.FrameworkMethod$1.runReflectiveCall(FrameworkMethod.java:45)
[junit4:junit4]    > 	at org.junit.internal.runners.model.ReflectiveCallable.run(ReflectiveCallable.java:15)
[junit4:junit4]    > 	at org.junit.runners.model.FrameworkMethod.invokeExplosively(FrameworkMethod.java:42)
[junit4:junit4]    > 	at org.junit.internal.runners.statements.InvokeMethod.evaluate(InvokeMethod.java:20)
[junit4:junit4]    > 	at org.junit.internal.runners.statements.RunBefores.evaluate(RunBefores.java:28)
[junit4:junit4]    > 	at org.junit.internal.runners.statements.RunAfters.evaluate(RunAfters.java:30)
[junit4:junit4]    > 	at org.apache.lucene.util.TestRuleMarkFailure$1.evaluate(TestRuleMarkFailure.java:48)
[junit4:junit4]    > 	at com.carrotsearch.randomizedtesting.rules.StatementAdapter.evaluate(StatementAdapter.java:36)
[junit4:junit4]    > 	at com.carrotsearch.randomizedtesting.rules.SystemPropertiesRestoreRule$1.evaluate(SystemPropertiesRestoreRule.java:53)
[junit4:junit4]    > 	at org.junit.rules.RunRules.evaluate(RunRules.java:18)
[junit4:junit4]    > 	at org.junit.runners.ParentRunner.runLeaf(ParentRunner.java:263)
[junit4:junit4]    > 	at org.junit.runners.BlockJUnit4ClassRunner.runChild(BlockJUnit4ClassRunner.java:68)
[junit4:junit4]    > 	at org.junit.runners.BlockJUnit4ClassRunner.runChild(BlockJUnit4ClassRunner.java:47)
[junit4:junit4]    > 	at org.junit.runners.ParentRunner$3.run(ParentRunner.java:231)
[junit4:junit4]    > 	at org.junit.runners.ParentRunner$1.schedule(ParentRunner.java:60)
[junit4:junit4]    > 	at org.junit.runners.ParentRunner.runChildren(ParentRunner.java:229)
[junit4:junit4]    > 	at org.junit.runners.ParentRunner.access$000(ParentRunner.java:50)
[junit4:junit4]    > 	at org.junit.runners.ParentRunner$2.evaluate(ParentRunner.java:222)
[junit4:junit4]    > 	at org.junit.runners.ParentRunner.run(ParentRunner.java:300)
[junit4:junit4]    > 	at com.carrotsearch.ant.tasks.junit4.slave.SlaveMain.execute(SlaveMain.java:180)
[junit4:junit4]    > 	at com.carrotsearch.ant.tasks.junit4.slave.SlaveMain.main(SlaveMain.java:275)
[junit4:junit4]    > 	at com.carrotsearch.ant.tasks.junit4.slave.SlaveMainSafe.main(SlaveMainSafe.java:12)
[junit4:junit4]   1> sysout from nested test: 
[junit4:junit4]   1> 
[junit4:junit4]   1> syserr from nested test: 
[junit4:junit4] FAILURE 0.01s J3 | TestReproduceMessage.testFailureTest <<<
[junit4:junit4]    > Throwable #1: java.lang.AssertionError
[junit4:junit4]    > 	at org.junit.Assert.fail(Assert.java:92)
[junit4:junit4]    > 	at org.junit.Assert.assertTrue(Assert.java:43)
[junit4:junit4]    > 	at org.junit.Assert.assertTrue(Assert.java:54)
[junit4:junit4]    > 	at org.apache.lucene.util.junitcompat.TestReproduceMessage.testFailureTest(TestReproduceMessage.java:210)
[junit4:junit4]    > 	at sun.reflect.NativeMethodAccessorImpl.invoke0(Native Method)
[junit4:junit4]    > 	at sun.reflect.NativeMethodAccessorImpl.invoke(NativeMethodAccessorImpl.java:60)
[junit4:junit4]    > 	at sun.reflect.DelegatingMethodAccessorImpl.invoke(DelegatingMethodAccessorImpl.java:37)
[junit4:junit4]    > 	at java.lang.reflect.Method.invoke(Method.java:611)
[junit4:junit4]    > 	at org.junit.runners.model.FrameworkMethod$1.runReflectiveCall(FrameworkMethod.java:45)
[junit4:junit4]    > 	at org.junit.internal.runners.model.ReflectiveCallable.run(ReflectiveCallable.java:15)
[junit4:junit4]    > 	at org.junit.runners.model.FrameworkMethod.invokeExplosively(FrameworkMethod.java:42)
[junit4:junit4]    > 	at org.junit.internal.runners.statements.InvokeMethod.evaluate(InvokeMethod.java:20)
[junit4:junit4]    > 	at org.junit.internal.runners.statements.RunBefores.evaluate(RunBefores.java:28)
[junit4:junit4]    > 	at org.junit.internal.runners.statements.RunAfters.evaluate(RunAfters.java:30)
[junit4:junit4]    > 	at org.apache.lucene.util.TestRuleMarkFailure$1.evaluate(TestRuleMarkFailure.java:48)
[junit4:junit4]    > 	at com.carrotsearch.randomizedtesting.rules.StatementAdapter.evaluate(StatementAdapter.java:36)
[junit4:junit4]    > 	at com.carrotsearch.randomizedtesting.rules.SystemPropertiesRestoreRule$1.evaluate(SystemPropertiesRestoreRule.java:53)
[junit4:junit4]    > 	at org.junit.rules.RunRules.evaluate(RunRules.java:18)
[junit4:junit4]    > 	at org.junit.runners.ParentRunner.runLeaf(ParentRunner.java:263)
[junit4:junit4]    > 	at org.junit.runners.BlockJUnit4ClassRunner.runChild(BlockJUnit4ClassRunner.java:68)
[junit4:junit4]    > 	at org.junit.runners.BlockJUnit4ClassRunner.runChild(BlockJUnit4ClassRunner.java:47)
[junit4:junit4]    > 	at org.junit.runners.ParentRunner$3.run(ParentRunner.java:231)
[junit4:junit4]    > 	at org.junit.runners.ParentRunner$1.schedule(ParentRunner.java:60)
[junit4:junit4]    > 	at org.junit.runners.ParentRunner.runChildren(ParentRunner.java:229)
[junit4:junit4]    > 	at org.junit.runners.ParentRunner.access$000(ParentRunner.java:50)
[junit4:junit4]    > 	at org.junit.runners.ParentRunner$2.evaluate(ParentRunner.java:222)
[junit4:junit4]    > 	at org.junit.runners.ParentRunner.run(ParentRunner.java:300)
[junit4:junit4]    > 	at com.carrotsearch.ant.tasks.junit4.slave.SlaveMain.execute(SlaveMain.java:180)
[junit4:junit4]    > 	at com.carrotsearch.ant.tasks.junit4.slave.SlaveMain.main(SlaveMain.java:275)
[junit4:junit4]    > 	at com.carrotsearch.ant.tasks.junit4.slave.SlaveMainSafe.main(SlaveMainSafe.java:12)
[junit4:junit4]   1> sysout from nested test: 
[junit4:junit4]   1> 
[junit4:junit4]   1> syserr from nested test: 
[junit4:junit4] FAILURE 0.01s J3 | TestReproduceMessage.testFailureAfter <<<
[junit4:junit4]    > Throwable #1: java.lang.AssertionError
[junit4:junit4]    > 	at org.junit.Assert.fail(Assert.java:92)
[junit4:junit4]    > 	at org.junit.Assert.assertTrue(Assert.java:43)
[junit4:junit4]    > 	at org.junit.Assert.assertTrue(Assert.java:54)
[junit4:junit4]    > 	at org.apache.lucene.util.junitcompat.TestReproduceMessage.testFailureAfter(TestReproduceMessage.java:220)
[junit4:junit4]    > 	at sun.reflect.NativeMethodAccessorImpl.invoke0(Native Method)
[junit4:junit4]    > 	at sun.reflect.NativeMethodAccessorImpl.invoke(NativeMethodAccessorImpl.java:60)
[junit4:junit4]    > 	at sun.reflect.DelegatingMethodAccessorImpl.invoke(DelegatingMethodAccessorImpl.java:37)
[junit4:junit4]    > 	at java.lang.reflect.Method.invoke(Method.java:611)
[junit4:junit4]    > 	at org.junit.runners.model.FrameworkMethod$1.runReflectiveCall(FrameworkMethod.java:45)
[junit4:junit4]    > 	at org.junit.internal.runners.model.ReflectiveCallable.run(ReflectiveCallable.java:15)
[junit4:junit4]    > 	at org.junit.runners.model.FrameworkMethod.invokeExplosively(FrameworkMethod.java:42)
[junit4:junit4]    > 	at org.junit.internal.runners.statements.InvokeMethod.evaluate(InvokeMethod.java:20)
[junit4:junit4]    > 	at org.junit.internal.runners.statements.RunBefores.evaluate(RunBefores.java:28)
[junit4:junit4]    > 	at org.junit.internal.runners.statements.RunAfters.evaluate(RunAfters.java:30)
[junit4:junit4]    > 	at org.apache.lucene.util.TestRuleMarkFailure$1.evaluate(TestRuleMarkFailure.java:48)
[junit4:junit4]    > 	at com.carrotsearch.randomizedtesting.rules.StatementAdapter.evaluate(StatementAdapter.java:36)
[junit4:junit4]    > 	at com.carrotsearch.randomizedtesting.rules.SystemPropertiesRestoreRule$1.evaluate(SystemPropertiesRestoreRule.java:53)
[junit4:junit4]    > 	at org.junit.rules.RunRules.evaluate(RunRules.java:18)
[junit4:junit4]    > 	at org.junit.runners.ParentRunner.runLeaf(ParentRunner.java:263)
[junit4:junit4]    > 	at org.junit.runners.BlockJUnit4ClassRunner.runChild(BlockJUnit4ClassRunner.java:68)
[junit4:junit4]    > 	at org.junit.runners.BlockJUnit4ClassRunner.runChild(BlockJUnit4ClassRunner.java:47)
[junit4:junit4]    > 	at org.junit.runners.ParentRunner$3.run(ParentRunner.java:231)
[junit4:junit4]    > 	at org.junit.runners.ParentRunner$1.schedule(ParentRunner.java:60)
[junit4:junit4]    > 	at org.junit.runners.ParentRunner.runChildren(ParentRunner.java:229)
[junit4:junit4]    > 	at org.junit.runners.ParentRunner.access$000(ParentRunner.java:50)
[junit4:junit4]    > 	at org.junit.runners.ParentRunner$2.evaluate(ParentRunner.java:222)
[junit4:junit4]    > 	at org.junit.runners.ParentRunner.run(ParentRunner.java:300)
[junit4:junit4]    > 	at com.carrotsearch.ant.tasks.junit4.slave.SlaveMain.execute(SlaveMain.java:180)
[junit4:junit4]    > 	at com.carrotsearch.ant.tasks.junit4.slave.SlaveMain.main(SlaveMain.java:275)
[junit4:junit4]    > 	at com.carrotsearch.ant.tasks.junit4.slave.SlaveMainSafe.main(SlaveMainSafe.java:12)
[junit4:junit4]   1> sysout from nested test: 
[junit4:junit4]   1> 
[junit4:junit4]   1> syserr from nested test: 
[junit4:junit4] FAILURE 0.02s J3 | TestReproduceMessage.testFailureAfterClass <<<
[junit4:junit4]    > Throwable #1: java.lang.AssertionError
[junit4:junit4]    > 	at org.junit.Assert.fail(Assert.java:92)
[junit4:junit4]    > 	at org.junit.Assert.assertTrue(Assert.java:43)
[junit4:junit4]    > 	at org.junit.Assert.assertTrue(Assert.java:54)
[junit4:junit4]    > 	at org.apache.lucene.util.junitcompat.TestReproduceMessage.testFailureAfterClass(TestReproduceMessage.java:229)
[junit4:junit4]    > 	at sun.reflect.NativeMethodAccessorImpl.invoke0(Native Method)
[junit4:junit4]    > 	at sun.reflect.NativeMethodAccessorImpl.invoke(NativeMethodAccessorImpl.java:60)
[junit4:junit4]    > 	at sun.reflect.DelegatingMethodAccessorImpl.invoke(DelegatingMethodAccessorImpl.java:37)
[junit4:junit4]    > 	at java.lang.reflect.Method.invoke(Method.java:611)
[junit4:junit4]    > 	at org.junit.runners.model.FrameworkMethod$1.runReflectiveCall(FrameworkMethod.java:45)
[junit4:junit4]    > 	at org.junit.internal.runners.model.ReflectiveCallable.run(ReflectiveCallable.java:15)
[junit4:junit4]    > 	at org.junit.runners.model.FrameworkMethod.invokeExplosively(FrameworkMethod.java:42)
[junit4:junit4]    > 	at org.junit.internal.runners.statements.InvokeMethod.evaluate(InvokeMethod.java:20)
[junit4:junit4]    > 	at org.junit.internal.runners.statements.RunBefores.evaluate(RunBefores.java:28)
[junit4:junit4]    > 	at org.junit.internal.runners.statements.RunAfters.evaluate(RunAfters.java:30)
[junit4:junit4]    > 	at org.apache.lucene.util.TestRuleMarkFailure$1.evaluate(TestRuleMarkFailure.java:48)
[junit4:junit4]    > 	at com.carrotsearch.randomizedtesting.rules.StatementAdapter.evaluate(StatementAdapter.java:36)
[junit4:junit4]    > 	at com.carrotsearch.randomizedtesting.rules.SystemPropertiesRestoreRule$1.evaluate(SystemPropertiesRestoreRule.java:53)
[junit4:junit4]    > 	at org.junit.rules.RunRules.evaluate(RunRules.java:18)
[junit4:junit4]    > 	at org.junit.runners.ParentRunner.runLeaf(ParentRunner.java:263)
[junit4:junit4]    > 	at org.junit.runners.BlockJUnit4ClassRunner.runChild(BlockJUnit4ClassRunner.java:68)
[junit4:junit4]    > 	at org.junit.runners.BlockJUnit4ClassRunner.runChild(BlockJUnit4ClassRunner.java:47)
[junit4:junit4]    > 	at org.junit.runners.ParentRunner$3.run(ParentRunner.java:231)
[junit4:junit4]    > 	at org.junit.runners.ParentRunner$1.schedule(ParentRunner.java:60)
[junit4:junit4]    > 	at org.junit.runners.ParentRunner.runChildren(ParentRunner.java:229)
[junit4:junit4]    > 	at org.junit.runners.ParentRunner.access$000(ParentRunner.java:50)
[junit4:junit4]    > 	at org.junit.runners.ParentRunner$2.evaluate(ParentRunner.java:222)
[junit4:junit4]    > 	at org.junit.runners.ParentRunner.run(ParentRunner.java:300)
[junit4:junit4]    > 	at com.carrotsearch.ant.tasks.junit4.slave.SlaveMain.execute(SlaveMain.java:180)
[junit4:junit4]    > 	at com.carrotsearch.ant.tasks.junit4.slave.SlaveMain.main(SlaveMain.java:275)
[junit4:junit4]    > 	at com.carrotsearch.ant.tasks.junit4.slave.SlaveMainSafe.main(SlaveMainSafe.java:12)
[junit4:junit4]   1> sysout from nested test: 
[junit4:junit4]   1> 
[junit4:junit4]   1> syserr from nested test: 
[junit4:junit4] FAILURE 0.01s J3 | TestReproduceMessage.testErrorBeforeClass <<<
[junit4:junit4]    > Throwable #1: java.lang.AssertionError
[junit4:junit4]    > 	at org.junit.Assert.fail(Assert.java:92)
[junit4:junit4]    > 	at org.junit.Assert.assertTrue(Assert.java:43)
[junit4:junit4]    > 	at org.junit.Assert.assertTrue(Assert.java:54)
[junit4:junit4]    > 	at org.apache.lucene.util.junitcompat.TestReproduceMessage.testErrorBeforeClass(TestReproduceMessage.java:240)
[junit4:junit4]    > 	at sun.reflect.NativeMethodAccessorImpl.invoke0(Native Method)
[junit4:junit4]    > 	at sun.reflect.NativeMethodAccessorImpl.invoke(NativeMethodAccessorImpl.java:60)
[junit4:junit4]    > 	at sun.reflect.DelegatingMethodAccessorImpl.invoke(DelegatingMethodAccessorImpl.java:37)
[junit4:junit4]    > 	at java.lang.reflect.Method.invoke(Method.java:611)
[junit4:junit4]    > 	at org.junit.runners.model.FrameworkMethod$1.runReflectiveCall(FrameworkMethod.java:45)
[junit4:junit4]    > 	at org.junit.internal.runners.model.ReflectiveCallable.run(ReflectiveCallable.java:15)
[junit4:junit4]    > 	at org.junit.runners.model.FrameworkMethod.invokeExplosively(FrameworkMethod.java:42)
[junit4:junit4]    > 	at org.junit.internal.runners.statements.InvokeMethod.evaluate(InvokeMethod.java:20)
[junit4:junit4]    > 	at org.junit.internal.runners.statements.RunBefores.evaluate(RunBefores.java:28)
[junit4:junit4]    > 	at org.junit.internal.runners.statements.RunAfters.evaluate(RunAfters.java:30)
[junit4:junit4]    > 	at org.apache.lucene.util.TestRuleMarkFailure$1.evaluate(TestRuleMarkFailure.java:48)
[junit4:junit4]    > 	at com.carrotsearch.randomizedtesting.rules.StatementAdapter.evaluate(StatementAdapter.java:36)
[junit4:junit4]    > 	at com.carrotsearch.randomizedtesting.rules.SystemPropertiesRestoreRule$1.evaluate(SystemPropertiesRestoreRule.java:53)
[junit4:junit4]    > 	at org.junit.rules.RunRules.evaluate(RunRules.java:18)
[junit4:junit4]    > 	at org.junit.runners.ParentRunner.runLeaf(ParentRunner.java:263)
[junit4:junit4]    > 	at org.junit.runners.BlockJUnit4ClassRunner.runChild(BlockJUnit4ClassRunner.java:68)
[junit4:junit4]    > 	at org.junit.runners.BlockJUnit4ClassRunner.runChild(BlockJUnit4ClassRunner.java:47)
[junit4:junit4]    > 	at org.junit.runners.ParentRunner$3.run(ParentRunner.java:231)
[junit4:junit4]    > 	at org.junit.runners.ParentRunner$1.schedule(ParentRunner.java:60)
[junit4:junit4]    > 	at org.junit.runners.ParentRunner.runChildren(ParentRunner.java:229)
[junit4:junit4]    > 	at org.junit.runners.ParentRunner.access$000(ParentRunner.java:50)
[junit4:junit4]    > 	at org.junit.runners.ParentRunner$2.evaluate(ParentRunner.java:222)
[junit4:junit4]    > 	at org.junit.runners.ParentRunner.run(ParentRunner.java:300)
[junit4:junit4]    > 	at com.carrotsearch.ant.tasks.junit4.slave.SlaveMain.execute(SlaveMain.java:180)
[junit4:junit4]    > 	at com.carrotsearch.ant.tasks.junit4.slave.SlaveMain.main(SlaveMain.java:275)
[junit4:junit4]    > 	at com.carrotsearch.ant.tasks.junit4.slave.SlaveMainSafe.main(SlaveMainSafe.java:12)
[junit4:junit4]   1> sysout from nested test: 
[junit4:junit4]   1> 
[junit4:junit4]   1> syserr from nested test: 
[junit4:junit4] FAILURE 0.01s J3 | TestReproduceMessage.testErrorInitializer <<<
[junit4:junit4]    > Throwable #1: java.lang.AssertionError
[junit4:junit4]    > 	at org.junit.Assert.fail(Assert.java:92)
[junit4:junit4]    > 	at org.junit.Assert.assertTrue(Assert.java:43)
[junit4:junit4]    > 	at org.junit.Assert.assertTrue(Assert.java:54)
[junit4:junit4]    > 	at org.apache.lucene.util.junitcompat.TestReproduceMessage.testErrorInitializer(TestReproduceMessage.java:247)
[junit4:junit4]    > 	at sun.reflect.NativeMethodAccessorImpl.invoke0(Native Method)
[junit4:junit4]    > 	at sun.reflect.NativeMethodAccessorImpl.invoke(NativeMethodAccessorImpl.java:60)
[junit4:junit4]    > 	at sun.reflect.DelegatingMethodAccessorImpl.invoke(DelegatingMethodAccessorImpl.java:37)
[junit4:junit4]    > 	at java.lang.reflect.Method.invoke(Method.java:611)
[junit4:junit4]    > 	at org.junit.runners.model.FrameworkMethod$1.runReflectiveCall(FrameworkMethod.java:45)
[junit4:junit4]    > 	at org.junit.internal.runners.model.ReflectiveCallable.run(ReflectiveCallable.java:15)
[junit4:junit4]    > 	at org.junit.runners.model.FrameworkMethod.invokeExplosively(FrameworkMethod.java:42)
[junit4:junit4]    > 	at org.junit.internal.runners.statements.InvokeMethod.evaluate(InvokeMethod.java:20)
[junit4:junit4]    > 	at org.junit.internal.runners.statements.RunBefores.evaluate(RunBefores.java:28)
[junit4:junit4]    > 	at org.junit.internal.runners.statements.RunAfters.evaluate(RunAfters.java:30)
[junit4:junit4]    > 	at org.apache.lucene.util.TestRuleMarkFailure$1.evaluate(TestRuleMarkFailure.java:48)
[junit4:junit4]    > 	at com.carrotsearch.randomizedtesting.rules.StatementAdapter.evaluate(StatementAdapter.java:36)
[junit4:junit4]    > 	at com.carrotsearch.randomizedtesting.rules.SystemPropertiesRestoreRule$1.evaluate(SystemPropertiesRestoreRule.java:53)
[junit4:junit4]    > 	at org.junit.rules.RunRules.evaluate(RunRules.java:18)
[junit4:junit4]    > 	at org.junit.runners.ParentRunner.runLeaf(ParentRunner.java:263)
[junit4:junit4]    > 	at org.junit.runners.BlockJUnit4ClassRunner.runChild(BlockJUnit4ClassRunner.java:68)
[junit4:junit4]    > 	at org.junit.runners.BlockJUnit4ClassRunner.runChild(BlockJUnit4ClassRunner.java:47)
[junit4:junit4]    > 	at org.junit.runners.ParentRunner$3.run(ParentRunner.java:231)
[junit4:junit4]    > 	at org.junit.runners.ParentRunner$1.schedule(ParentRunner.java:60)
[junit4:junit4]    > 	at org.junit.runners.ParentRunner.runChildren(ParentRunner.java:229)
[junit4:junit4]    > 	at org.junit.runners.ParentRunner.access$000(ParentRunner.java:50)
[junit4:junit4]    > 	at org.junit.runners.ParentRunner$2.evaluate(ParentRunner.java:222)
[junit4:junit4]    > 	at org.junit.runners.ParentRunner.run(ParentRunner.java:300)
[junit4:junit4]    > 	at com.carrotsearch.ant.tasks.junit4.slave.SlaveMain.execute(SlaveMain.java:180)
[junit4:junit4]    > 	at com.carrotsearch.ant.tasks.junit4.slave.SlaveMain.main(SlaveMain.java:275)
[junit4:junit4]    > 	at com.carrotsearch.ant.tasks.junit4.slave.SlaveMainSafe.main(SlaveMainSafe.java:12)
[junit4:junit4]   1> sysout from nested test: 
[junit4:junit4]   1> 
[junit4:junit4]   1> syserr from nested test: 
[junit4:junit4] FAILURE 0.01s J3 | TestReproduceMessage.testErrorRule <<<
[junit4:junit4]    > Throwable #1: java.lang.AssertionError
[junit4:junit4]    > 	at org.junit.Assert.fail(Assert.java:92)
[junit4:junit4]    > 	at org.junit.Assert.assertTrue(Assert.java:43)
[junit4:junit4]    > 	at org.junit.Assert.assertTrue(Assert.java:54)
[junit4:junit4]    > 	at org.apache.lucene.util.junitcompat.TestReproduceMessage.testErrorRule(TestReproduceMessage.java:255)
[junit4:junit4]    > 	at sun.reflect.NativeMethodAccessorImpl.invoke0(Native Method)
[junit4:junit4]    > 	at sun.reflect.NativeMethodAccessorImpl.invoke(NativeMethodAccessorImpl.java:60)
[junit4:junit4]    > 	at sun.reflect.DelegatingMethodAccessorImpl.invoke(DelegatingMethodAccessorImpl.java:37)
[junit4:junit4]    > 	at java.lang.reflect.Method.invoke(Method.java:611)
[junit4:junit4]    > 	at org.junit.runners.model.FrameworkMethod$1.runReflectiveCall(FrameworkMethod.java:45)
[junit4:junit4]    > 	at org.junit.internal.runners.model.ReflectiveCallable.run(ReflectiveCallable.java:15)
[junit4:junit4]    > 	at org.junit.runners.model.FrameworkMethod.invokeExplosively(FrameworkMethod.java:42)
[junit4:junit4]    > 	at org.junit.internal.runners.statements.InvokeMethod.evaluate(InvokeMethod.java:20)
[junit4:junit4]    > 	at org.junit.internal.runners.statements.RunBefores.evaluate(RunBefores.java:28)
[junit4:junit4]    > 	at org.junit.internal.runners.statements.RunAfters.evaluate(RunAfters.java:30)
[junit4:junit4]    > 	at org.apache.lucene.util.TestRuleMarkFailure$1.evaluate(TestRuleMarkFailure.java:48)
[junit4:junit4]    > 	at com.carrotsearch.randomizedtesting.rules.StatementAdapter.evaluate(StatementAdapter.java:36)
[junit4:junit4]    > 	at com.carrotsearch.randomizedtesting.rules.SystemPropertiesRestoreRule$1.evaluate(SystemPropertiesRestoreRule.java:53)
[junit4:junit4]    > 	at org.junit.rules.RunRules.evaluate(RunRules.java:18)
[junit4:junit4]    > 	at org.junit.runners.ParentRunner.runLeaf(ParentRunner.java:263)
[junit4:junit4]    > 	at org.junit.runners.BlockJUnit4ClassRunner.runChild(BlockJUnit4ClassRunner.java:68)
[junit4:junit4]    > 	at org.junit.runners.BlockJUnit4ClassRunner.runChild(BlockJUnit4ClassRunner.java:47)
[junit4:junit4]    > 	at org.junit.runners.ParentRunner$3.run(ParentRunner.java:231)
[junit4:junit4]    > 	at org.junit.runners.ParentRunner$1.schedule(ParentRunner.java:60)
[junit4:junit4]    > 	at org.junit.runners.ParentRunner.runChildren(ParentRunner.java:229)
[junit4:junit4]    > 	at org.junit.runners.ParentRunner.access$000(ParentRunner.java:50)
[junit4:junit4]    > 	at org.junit.runners.ParentRunner$2.evaluate(ParentRunner.java:222)
[junit4:junit4]    > 	at org.junit.runners.ParentRunner.run(ParentRunner.java:300)
[junit4:junit4]    > 	at com.carrotsearch.ant.tasks.junit4.slave.SlaveMain.execute(SlaveMain.java:180)
[junit4:junit4]    > 	at com.carrotsearch.ant.tasks.junit4.slave.SlaveMain.main(SlaveMain.java:275)
[junit4:junit4]    > 	at com.carrotsearch.ant.tasks.junit4.slave.SlaveMainSafe.main(SlaveMainSafe.java:12)
[junit4:junit4]   1> sysout from nested test: 
[junit4:junit4]   1> 
[junit4:junit4]   1> syserr from nested test: 
[junit4:junit4] FAILURE 0.02s J3 | TestReproduceMessage.testErrorBefore <<<
[junit4:junit4]    > Throwable #1: java.lang.AssertionError
[junit4:junit4]    > 	at org.junit.Assert.fail(Assert.java:92)
[junit4:junit4]    > 	at org.junit.Assert.assertTrue(Assert.java:43)
[junit4:junit4]    > 	at org.junit.Assert.assertTrue(Assert.java:54)
[junit4:junit4]    > 	at org.apache.lucene.util.junitcompat.TestReproduceMessage.testErrorBefore(TestReproduceMessage.java:265)
[junit4:junit4]    > 	at sun.reflect.NativeMethodAccessorImpl.invoke0(Native Method)
[junit4:junit4]    > 	at sun.reflect.NativeMethodAccessorImpl.invoke(NativeMethodAccessorImpl.java:60)
[junit4:junit4]    > 	at sun.reflect.DelegatingMethodAccessorImpl.invoke(DelegatingMethodAccessorImpl.java:37)
[junit4:junit4]    > 	at java.lang.reflect.Method.invoke(Method.java:611)
[junit4:junit4]    > 	at org.junit.runners.model.FrameworkMethod$1.runReflectiveCall(FrameworkMethod.java:45)
[junit4:junit4]    > 	at org.junit.internal.runners.model.ReflectiveCallable.run(ReflectiveCallable.java:15)
[junit4:junit4]    > 	at org.junit.runners.model.FrameworkMethod.invokeExplosively(FrameworkMethod.java:42)
[junit4:junit4]    > 	at org.junit.internal.runners.statements.InvokeMethod.evaluate(InvokeMethod.java:20)
[junit4:junit4]    > 	at org.junit.internal.runners.statements.RunBefores.evaluate(RunBefores.java:28)
[junit4:junit4]    > 	at org.junit.internal.runners.statements.RunAfters.evaluate(RunAfters.java:30)
[junit4:junit4]    > 	at org.apache.lucene.util.TestRuleMarkFailure$1.evaluate(TestRuleMarkFailure.java:48)
[junit4:junit4]    > 	at com.carrotsearch.randomizedtesting.rules.StatementAdapter.evaluate(StatementAdapter.java:36)
[junit4:junit4]    > 	at com.carrotsearch.randomizedtesting.rules.SystemPropertiesRestoreRule$1.evaluate(SystemPropertiesRestoreRule.java:53)
[junit4:junit4]    > 	at org.junit.rules.RunRules.evaluate(RunRules.java:18)
[junit4:junit4]    > 	at org.junit.runners.ParentRunner.runLeaf(ParentRunner.java:263)
[junit4:junit4]    > 	at org.junit.runners.BlockJUnit4ClassRunner.runChild(BlockJUnit4ClassRunner.java:68)
[junit4:junit4]    > 	at org.junit.runners.BlockJUnit4ClassRunner.runChild(BlockJUnit4ClassRunner.java:47)
[junit4:junit4]    > 	at org.junit.runners.ParentRunner$3.run(ParentRunner.java:231)
[junit4:junit4]    > 	at org.junit.runners.ParentRunner$1.schedule(ParentRunner.java:60)
[junit4:junit4]    > 	at org.junit.runners.ParentRunner.runChildren(ParentRunner.java:229)
[junit4:junit4]    > 	at org.junit.runners.ParentRunner.access$000(ParentRunner.java:50)
[junit4:junit4]    > 	at org.junit.runners.ParentRunner$2.evaluate(ParentRunner.java:222)
[junit4:junit4]    > 	at org.junit.runners.ParentRunner.run(ParentRunner.java:300)
[junit4:junit4]    > 	at com.carrotsearch.ant.tasks.junit4.slave.SlaveMain.execute(SlaveMain.java:180)
[junit4:junit4]    > 	at com.carrotsearch.ant.tasks.junit4.slave.SlaveMain.main(SlaveMain.java:275)
[junit4:junit4]    > 	at com.carrotsearch.ant.tasks.junit4.slave.SlaveMainSafe.main(SlaveMainSafe.java:12)
[junit4:junit4]   1> sysout from nested test: 
[junit4:junit4]   1> 
[junit4:junit4]   1> syserr from nested test: 
[junit4:junit4] FAILURE 0.02s J3 | TestReproduceMessage.testErrorTest <<<
[junit4:junit4]    > Throwable #1: java.lang.AssertionError
[junit4:junit4]    > 	at org.junit.Assert.fail(Assert.java:92)
[junit4:junit4]    > 	at org.junit.Assert.assertTrue(Assert.java:43)
[junit4:junit4]    > 	at org.junit.Assert.assertTrue(Assert.java:54)
[junit4:junit4]    > 	at org.apache.lucene.util.junitcompat.TestReproduceMessage.testErrorTest(TestReproduceMessage.java:275)
[junit4:junit4]    > 	at sun.reflect.NativeMethodAccessorImpl.invoke0(Native Method)
[junit4:junit4]    > 	at sun.reflect.NativeMethodAccessorImpl.invoke(NativeMethodAccessorImpl.java:60)
[junit4:junit4]    > 	at sun.reflect.DelegatingMethodAccessorImpl.invoke(DelegatingMethodAccessorImpl.java:37)
[junit4:junit4]    > 	at java.lang.reflect.Method.invoke(Method.java:611)
[junit4:junit4]    > 	at org.junit.runners.model.FrameworkMethod$1.runReflectiveCall(FrameworkMethod.java:45)
[junit4:junit4]    > 	at org.junit.internal.runners.model.ReflectiveCallable.run(ReflectiveCallable.java:15)
[junit4:junit4]    > 	at org.junit.runners.model.FrameworkMethod.invokeExplosively(FrameworkMethod.java:42)
[junit4:junit4]    > 	at org.junit.internal.runners.statements.InvokeMethod.evaluate(InvokeMethod.java:20)
[junit4:junit4]    > 	at org.junit.internal.runners.statements.RunBefores.evaluate(RunBefores.java:28)
[junit4:junit4]    > 	at org.junit.internal.runners.statements.RunAfters.evaluate(RunAfters.java:30)
[junit4:junit4]    > 	at org.apache.lucene.util.TestRuleMarkFailure$1.evaluate(TestRuleMarkFailure.java:48)
[junit4:junit4]    > 	at com.carrotsearch.randomizedtesting.rules.StatementAdapter.evaluate(StatementAdapter.java:36)
[junit4:junit4]    > 	at com.carrotsearch.randomizedtesting.rules.SystemPropertiesRestoreRule$1.evaluate(SystemPropertiesRestoreRule.java:53)
[junit4:junit4]    > 	at org.junit.rules.RunRules.evaluate(RunRules.java:18)
[junit4:junit4]    > 	at org.junit.runners.ParentRunner.runLeaf(ParentRunner.java:263)
[junit4:junit4]    > 	at org.junit.runners.BlockJUnit4ClassRunner.runChild(BlockJUnit4ClassRunner.java:68)
[junit4:junit4]    > 	at org.junit.runners.BlockJUnit4ClassRunner.runChild(BlockJUnit4ClassRunner.java:47)
[junit4:junit4]    > 	at org.junit.runners.ParentRunner$3.run(ParentRunner.java:231)
[junit4:junit4]    > 	at org.junit.runners.ParentRunner$1.schedule(ParentRunner.java:60)
[junit4:junit4]    > 	at org.junit.runners.ParentRunner.runChildren(ParentRunner.java:229)
[junit4:junit4]    > 	at org.junit.runners.ParentRunner.access$000(ParentRunner.java:50)
[junit4:junit4]    > 	at org.junit.runners.ParentRunner$2.evaluate(ParentRunner.java:222)
[junit4:junit4]    > 	at org.junit.runners.ParentRunner.run(ParentRunner.java:300)
[junit4:junit4]    > 	at com.carrotsearch.ant.tasks.junit4.slave.SlaveMain.execute(SlaveMain.java:180)
[junit4:junit4]    > 	at com.carrotsearch.ant.tasks.junit4.slave.SlaveMain.main(SlaveMain.java:275)
[junit4:junit4]    > 	at com.carrotsearch.ant.tasks.junit4.slave.SlaveMainSafe.main(SlaveMainSafe.java:12)
[junit4:junit4]   1> sysout from nested test: 
[junit4:junit4]   1> 
[junit4:junit4]   1> syserr from nested test: 
[junit4:junit4] FAILURE 0.02s J3 | TestReproduceMessage.testErrorAfter <<<
[junit4:junit4]    > Throwable #1: java.lang.AssertionError
[junit4:junit4]    > 	at org.junit.Assert.fail(Assert.java:92)
[junit4:junit4]    > 	at org.junit.Assert.assertTrue(Assert.java:43)
[junit4:junit4]    > 	at org.junit.Assert.assertTrue(Assert.java:54)
[junit4:junit4]    > 	at org.apache.lucene.util.junitcompat.TestReproduceMessage.testErrorAfter(TestReproduceMessage.java:285)
[junit4:junit4]    > 	at sun.reflect.NativeMethodAccessorImpl.invoke0(Native Method)
[junit4:junit4]    > 	at sun.reflect.NativeMethodAccessorImpl.invoke(NativeMethodAccessorImpl.java:60)
[junit4:junit4]    > 	at sun.reflect.DelegatingMethodAccessorImpl.invoke(DelegatingMethodAccessorImpl.java:37)
[junit4:junit4]    > 	at java.lang.reflect.Method.invoke(Method.java:611)
[junit4:junit4]    > 	at org.junit.runners.model.FrameworkMethod$1.runReflectiveCall(FrameworkMethod.java:45)
[junit4:junit4]    > 	at org.junit.internal.runners.model.ReflectiveCallable.run(ReflectiveCallable.java:15)
[junit4:junit4]    > 	at org.junit.runners.model.FrameworkMethod.invokeExplosively(FrameworkMethod.java:42)
[junit4:junit4]    > 	at org.junit.internal.runners.statements.InvokeMethod.evaluate(InvokeMethod.java:20)
[junit4:junit4]    > 	at org.junit.internal.runners.statements.RunBefores.evaluate(RunBefores.java:28)
[junit4:junit4]    > 	at org.junit.internal.runners.statements.RunAfters.evaluate(RunAfters.java:30)
[junit4:junit4]    > 	at org.apache.lucene.util.TestRuleMarkFailure$1.evaluate(TestRuleMarkFailure.java:48)
[junit4:junit4]    > 	at com.carrotsearch.randomizedtesting.rules.StatementAdapter.evaluate(StatementAdapter.java:36)
[junit4:junit4]    > 	at com.carrotsearch.randomizedtesting.rules.SystemPropertiesRestoreRule$1.evaluate(SystemPropertiesRestoreRule.java:53)
[junit4:junit4]    > 	at org.junit.rules.RunRules.evaluate(RunRules.java:18)
[junit4:junit4]    > 	at org.junit.runners.ParentRunner.runLeaf(ParentRunner.java:263)
[junit4:junit4]    > 	at org.junit.runners.BlockJUnit4ClassRunner.runChild(BlockJUnit4ClassRunner.java:68)
[junit4:junit4]    > 	at org.junit.runners.BlockJUnit4ClassRunner.runChild(BlockJUnit4ClassRunner.java:47)
[junit4:junit4]    > 	at org.junit.runners.ParentRunner$3.run(ParentRunner.java:231)
[junit4:junit4]    > 	at org.junit.runners.ParentRunner$1.schedule(ParentRunner.java:60)
[junit4:junit4]    > 	at org.junit.runners.ParentRunner.runChildren(ParentRunner.java:229)
[junit4:junit4]    > 	at org.junit.runners.ParentRunner.access$000(ParentRunner.java:50)
[junit4:junit4]    > 	at org.junit.runners.ParentRunner$2.evaluate(ParentRunner.java:222)
[junit4:junit4]    > 	at org.junit.runners.ParentRunner.run(ParentRunner.java:300)
[junit4:junit4]    > 	at com.carrotsearch.ant.tasks.junit4.slave.SlaveMain.execute(SlaveMain.java:180)
[junit4:junit4]    > 	at com.carrotsearch.ant.tasks.junit4.slave.SlaveMain.main(SlaveMain.java:275)
[junit4:junit4]    > 	at com.carrotsearch.ant.tasks.junit4.slave.SlaveMainSafe.main(SlaveMainSafe.java:12)
[junit4:junit4]   1> sysout from nested test: 
[junit4:junit4]   1> 
[junit4:junit4]   1> syserr from nested test: 
[junit4:junit4] FAILURE 0.02s J3 | TestReproduceMessage.testErrorAfterClass <<<
[junit4:junit4]    > Throwable #1: java.lang.AssertionError
[junit4:junit4]    > 	at org.junit.Assert.fail(Assert.java:92)
[junit4:junit4]    > 	at org.junit.Assert.assertTrue(Assert.java:43)
[junit4:junit4]    > 	at org.junit.Assert.assertTrue(Assert.java:54)
[junit4:junit4]    > 	at org.apache.lucene.util.junitcompat.TestReproduceMessage.testErrorAfterClass(TestReproduceMessage.java:294)
[junit4:junit4]    > 	at sun.reflect.NativeMethodAccessorImpl.invoke0(Native Method)
[junit4:junit4]    > 	at sun.reflect.NativeMethodAccessorImpl.invoke(NativeMethodAccessorImpl.java:60)
[junit4:junit4]    > 	at sun.reflect.DelegatingMethodAccessorImpl.invoke(DelegatingMethodAccessorImpl.java:37)
[junit4:junit4]    > 	at java.lang.reflect.Method.invoke(Method.java:611)
[junit4:junit4]    > 	at org.junit.runners.model.FrameworkMethod$1.runReflectiveCall(FrameworkMethod.java:45)
[junit4:junit4]    > 	at org.junit.internal.runners.model.ReflectiveCallable.run(ReflectiveCallable.java:15)
[junit4:junit4]    > 	at org.junit.runners.model.FrameworkMethod.invokeExplosively(FrameworkMethod.java:42)
[junit4:junit4]    > 	at org.junit.internal.runners.statements.InvokeMethod.evaluate(InvokeMethod.java:20)
[junit4:junit4]    > 	at org.junit.internal.runners.statements.RunBefores.evaluate(RunBefores.java:28)
[junit4:junit4]    > 	at org.junit.internal.runners.statements.RunAfters.evaluate(RunAfters.java:30)
[junit4:junit4]    > 	at org.apache.lucene.util.TestRuleMarkFailure$1.evaluate(TestRuleMarkFailure.java:48)
[junit4:junit4]    > 	at com.carrotsearch.randomizedtesting.rules.StatementAdapter.evaluate(StatementAdapter.java:36)
[junit4:junit4]    > 	at com.carrotsearch.randomizedtesting.rules.SystemPropertiesRestoreRule$1.evaluate(SystemPropertiesRestoreRule.java:53)
[junit4:junit4]    > 	at org.junit.rules.RunRules.evaluate(RunRules.java:18)
[junit4:junit4]    > 	at org.junit.runners.ParentRunner.runLeaf(ParentRunner.java:263)
[junit4:junit4]    > 	at org.junit.runners.BlockJUnit4ClassRunner.runChild(BlockJUnit4ClassRunner.java:68)
[junit4:junit4]    > 	at org.junit.runners.BlockJUnit4ClassRunner.runChild(BlockJUnit4ClassRunner.java:47)
[junit4:junit4]    > 	at org.junit.runners.ParentRunner$3.run(ParentRunner.java:231)
[junit4:junit4]    > 	at org.junit.runners.ParentRunner$1.schedule(ParentRunner.java:60)
[junit4:junit4]    > 	at org.junit.runners.ParentRunner.runChildren(ParentRunner.java:229)
[junit4:junit4]    > 	at org.junit.runners.ParentRunner.access$000(ParentRunner.java:50)
[junit4:junit4]    > 	at org.junit.runners.ParentRunner$2.evaluate(ParentRunner.java:222)
[junit4:junit4]    > 	at org.junit.runners.ParentRunner.run(ParentRunner.java:300)
[junit4:junit4]    > 	at com.carrotsearch.ant.tasks.junit4.slave.SlaveMain.execute(SlaveMain.java:180)
[junit4:junit4]    > 	at com.carrotsearch.ant.tasks.junit4.slave.SlaveMain.main(SlaveMain.java:275)
[junit4:junit4]    > 	at com.carrotsearch.ant.tasks.junit4.slave.SlaveMainSafe.main(SlaveMainSafe.java:12)
[junit4:junit4] Completed on J3 in 0.31s, 21 tests, 14 failures <<< FAILURES!
[junit4:junit4] 
[junit4:junit4] Suite: org.apache.lucene.index.TestIndexWriterForceMerge
[junit4:junit4] Completed on J0 in 1.92s, 4 tests
[junit4:junit4] 
[junit4:junit4] Suite: org.apache.lucene.index.TestStressIndexing2
[junit4:junit4] Completed on J2 in 0.01s, 3 tests, 3 skipped
[junit4:junit4] 
[junit4:junit4] Suite: org.apache.lucene.index.TestRollback
[junit4:junit4] Completed on J3 in 0.00s, 1 test, 1 skipped
[junit4:junit4] 
[junit4:junit4] Suite: org.apache.lucene.index.TestDocValuesTypeCompatibility
[junit4:junit4] Completed on J0 in 0.44s, 5 tests
[junit4:junit4] 
[junit4:junit4] Suite: org.apache.lucene.util.fst.TestBytesStore
[junit4:junit4] Completed on J3 in 0.00s, 1 test, 1 skipped
[junit4:junit4] 
[junit4:junit4] Suite: org.apache.lucene.search.TestFieldValueFilter
[junit4:junit4] Completed on J0 in 0.02s, 2 tests
[junit4:junit4] 
[junit4:junit4] Suite: org.apache.lucene.index.TestCompoundFile
[junit4:junit4] Completed on J3 in 0.01s, 18 tests, 18 skipped
[junit4:junit4] 
[junit4:junit4] Suite: org.apache.lucene.search.TestPositionIncrement
[junit4:junit4] Completed on J2 in 0.00s, 2 tests, 2 skipped
[junit4:junit4] 
[junit4:junit4] Suite: org.apache.lucene.index.TestStressIndexing
[junit4:junit4] Completed on J2 in 0.00s, 1 test, 1 skipped
[junit4:junit4] 
[junit4:junit4] Suite: org.apache.lucene.util.TestPagedBytes
[junit4:junit4] Completed on J3 in 0.01s, 4 tests, 4 skipped
[junit4:junit4] 
[junit4:junit4] Suite: org.apache.lucene.index.TestDocValuesIndexing
[junit4:junit4] Completed on J2 in 0.02s, 16 tests, 16 skipped
[junit4:junit4] 
[junit4:junit4] Suite: org.apache.lucene.index.TestByteSlices
[junit4:junit4] Completed on J3 in 0.00s, 1 test, 1 skipped
[junit4:junit4] 
[junit4:junit4] Suite: org.apache.lucene.search.spans.TestSpansAdvanced2
[junit4:junit4] Completed on J2 in 0.00s, 4 tests, 4 skipped
[junit4:junit4] 
[junit4:junit4] Suite: org.apache.lucene.search.similarities.TestSimilarity2
[junit4:junit4] Completed on J3 in 0.01s, 7 tests, 7 skipped
[junit4:junit4] 
[junit4:junit4] Suite: org.apache.lucene.search.TestTermScorer
[junit4:junit4] Completed on J2 in 0.00s, 3 tests, 3 skipped
[junit4:junit4] 
[junit4:junit4] Suite: org.apache.lucene.store.TestDirectory
[junit4:junit4] Completed on J3 in 0.02s, 8 tests, 8 skipped
[junit4:junit4] 
[junit4:junit4] Suite: org.apache.lucene.index.TestTermVectorsReader
[junit4:junit4] Completed on J2 in 0.01s, 5 tests, 5 skipped
[junit4:junit4] 
[junit4:junit4] Suite: org.apache.lucene.index.TestAtomicUpdate
[junit4:junit4] Completed on J3 in 0.01s, 1 test, 1 skipped
[junit4:junit4] 
[junit4:junit4] Suite: org.apache.lucene.index.TestTwoPhaseCommitTool
[junit4:junit4] Completed on J2 in 0.00s, 3 tests, 3 skipped
[junit4:junit4] 
[junit4:junit4] Suite: org.apache.lucene.index.TestCrashCausesCorruptIndex
[junit4:junit4] Completed on J3 in 0.00s, 1 test, 1 skipped
[junit4:junit4] 
[junit4:junit4] Suite: org.apache.lucene.util.TestBytesRefHash
[junit4:junit4] Completed on J2 in 0.01s, 7 tests, 7 skipped
[junit4:junit4] 
[junit4:junit4] Suite: org.apache.lucene.search.TestCachingWrapperFilter
[junit4:junit4] Completed on J3 in 0.01s, 5 tests, 5 skipped
[junit4:junit4] 
[junit4:junit4] Suite: org.apache.lucene.document.TestField
[junit4:junit4] Completed on J3 in 0.02s, 24 tests, 24 skipped
[junit4:junit4] 
[junit4:junit4] Suite: org.apache.lucene.index.TestRandomStoredFields
[junit4:junit4] Completed on J3 in 0.00s, 1 test, 1 skipped
[junit4:junit4] 
[junit4:junit4] Suite: org.apache.lucene.search.TestMultiPhraseQuery
[junit4:junit4] Completed on J3 in 0.02s, 16 tests, 16 skipped
[junit4:junit4] 
[junit4:junit4] Suite: org.apache.lucene.index.TestIndexWriterUnicode
[junit4:junit4] Completed on J3 in 0.00s, 5 tests, 5 skipped
[junit4:junit4] 
[junit4:junit4] Suite: org.apache.lucene.search.TestAutomatonQuery
[junit4:junit4] Completed on J3 in 0.00s, 6 tests, 6 skipped
[junit4:junit4] 
[junit4:junit4] Suite: org.apache.lucene.util.junitcompat.TestFailIfDirectoryNotClosed
[junit4:junit4]   1> sysout from nested test: 
[junit4:junit4]   1> 
[junit4:junit4]   1> syserr from nested test: 
[junit4:junit4] FAILURE 0.02s J3 | TestFailIfDirectoryNotClosed.testFailIfDirectoryNotClosed <<<
[junit4:junit4]    > Throwable #1: java.lang.AssertionError: expected:<1> but was:<0>
[junit4:junit4]    > 	at org.junit.Assert.fail(Assert.java:93)
[junit4:junit4]    > 	at org.junit.Assert.failNotEquals(Assert.java:647)
[junit4:junit4]    > 	at org.junit.Assert.assertEquals(Assert.java:128)
[junit4:junit4]    > 	at org.junit.Assert.assertEquals(Assert.java:472)
[junit4:junit4]    > 	at org.junit.Assert.assertEquals(Assert.java:456)
[junit4:junit4]    > 	at org.apache.lucene.util.junitcompat.TestFailIfDirectoryNotClosed.testFailIfDirectoryNotClosed(TestFailIfDirectoryNotClosed.java:45)
[junit4:junit4]    > 	at sun.reflect.NativeMethodAccessorImpl.invoke0(Native Method)
[junit4:junit4]    > 	at sun.reflect.NativeMethodAccessorImpl.invoke(NativeMethodAccessorImpl.java:60)
[junit4:junit4]    > 	at sun.reflect.DelegatingMethodAccessorImpl.invoke(DelegatingMethodAccessorImpl.java:37)
[junit4:junit4]    > 	at java.lang.reflect.Method.invoke(Method.java:611)
[junit4:junit4]    > 	at org.junit.runners.model.FrameworkMethod$1.runReflectiveCall(FrameworkMethod.java:45)
[junit4:junit4]    > 	at org.junit.internal.runners.model.ReflectiveCallable.run(ReflectiveCallable.java:15)
[junit4:junit4]    > 	at org.junit.runners.model.FrameworkMethod.invokeExplosively(FrameworkMethod.java:42)
[junit4:junit4]    > 	at org.junit.internal.runners.statements.InvokeMethod.evaluate(InvokeMethod.java:20)
[junit4:junit4]    > 	at org.junit.internal.runners.statements.RunBefores.evaluate(RunBefores.java:28)
[junit4:junit4]    > 	at org.junit.internal.runners.statements.RunAfters.evaluate(RunAfters.java:30)
[junit4:junit4]    > 	at org.apache.lucene.util.TestRuleMarkFailure$1.evaluate(TestRuleMarkFailure.java:48)
[junit4:junit4]    > 	at com.carrotsearch.randomizedtesting.rules.StatementAdapter.evaluate(StatementAdapter.java:36)
[junit4:junit4]    > 	at com.carrotsearch.randomizedtesting.rules.SystemPropertiesRestoreRule$1.evaluate(SystemPropertiesRestoreRule.java:53)
[junit4:junit4]    > 	at org.junit.rules.RunRules.evaluate(RunRules.java:18)
[junit4:junit4]    > 	at org.junit.runners.ParentRunner.runLeaf(ParentRunner.java:263)
[junit4:junit4]    > 	at org.junit.runners.BlockJUnit4ClassRunner.runChild(BlockJUnit4ClassRunner.java:68)
[junit4:junit4]    > 	at org.junit.runners.BlockJUnit4ClassRunner.runChild(BlockJUnit4ClassRunner.java:47)
[junit4:junit4]    > 	at org.junit.runners.ParentRunner$3.run(ParentRunner.java:231)
[junit4:junit4]    > 	at org.junit.runners.ParentRunner$1.schedule(ParentRunner.java:60)
[junit4:junit4]    > 	at org.junit.runners.ParentRunner.runChildren(ParentRunner.java:229)
[junit4:junit4]    > 	at org.junit.runners.ParentRunner.access$000(ParentRunner.java:50)
[junit4:junit4]    > 	at org.junit.runners.ParentRunner$2.evaluate(ParentRunner.java:222)
[junit4:junit4]    > 	at org.junit.runners.ParentRunner.run(ParentRunner.java:300)
[junit4:junit4]    > 	at com.carrotsearch.ant.tasks.junit4.slave.SlaveMain.execute(SlaveMain.java:180)
[junit4:junit4]    > 	at com.carrotsearch.ant.tasks.junit4.slave.SlaveMain.main(SlaveMain.java:275)
[junit4:junit4]    > 	at com.carrotsearch.ant.tasks.junit4.slave.SlaveMainSafe.main(SlaveMainSafe.java:12)
[junit4:junit4] Completed on J3 in 0.02s, 1 test, 1 failure <<< FAILURES!
[junit4:junit4] 
[junit4:junit4] Suite: org.apache.lucene.search.TestSimilarity
[junit4:junit4] Completed on J3 in 0.01s, 1 test, 1 skipped
[junit4:junit4] 
[junit4:junit4] Suite: org.apache.lucene.index.TestDoc
[junit4:junit4] Completed on J3 in 0.00s, 1 test, 1 skipped
[junit4:junit4] 
[junit4:junit4] Suite: org.apache.lucene.index.TestNorms
[junit4:junit4] Completed on J3 in 0.00s, 3 tests, 3 skipped
[junit4:junit4] 
[junit4:junit4] Suite: org.apache.lucene.index.TestIndexWriterOnJRECrash
[junit4:junit4] Completed on J3 in 0.00s, 1 test, 1 skipped
[junit4:junit4] 
[junit4:junit4] Suite: org.apache.lucene.index.TestCrash
[junit4:junit4] Completed on J3 in 0.00s, 5 tests, 5 skipped
[junit4:junit4] 
[junit4:junit4] Suite: org.apache.lucene.search.TestDocBoost
[junit4:junit4] Completed on J3 in 0.00s, 1 test, 1 skipped
[junit4:junit4] 
[junit4:junit4] Suite: org.apache.lucene.codecs.lucene41.TestBlockPostingsFormat
[junit4:junit4] Completed on J3 in 0.00s, 7 tests, 7 skipped
[junit4:junit4] 
[junit4:junit4] Suite: org.apache.lucene.index.TestIndexInput
[junit4:junit4] Completed on J3 in 0.01s, 3 tests, 3 skipped
[junit4:junit4] 
[junit4:junit4] Suite: org.apache.lucene.search.TestFilteredSearch
[junit4:junit4] Completed on J3 in 0.00s, 1 test, 1 skipped
[junit4:junit4] 
[junit4:junit4] Suite: org.apache.lucene.index.TestIndexCommit
[junit4:junit4] Completed on J3 in 0.00s, 1 test, 1 skipped
[junit4:junit4] 
[junit4:junit4] Suite: org.apache.lucene.index.TestBagOfPostings
[junit4:junit4] Completed on J3 in 0.00s, 1 test, 1 skipped
[junit4:junit4] 
[junit4:junit4] Suite: org.apache.lucene.search.TestTermRangeFilter
[junit4:junit4] Completed on J3 in 0.01s, 3 tests, 3 skipped
[junit4:junit4] 
[junit4:junit4] Suite: org.apache.lucene.search.TestSearchWithThreads
[junit4:junit4] Completed on J3 in 0.00s, 1 test, 1 skipped
[junit4:junit4] 
[junit4:junit4] Suite: org.apache.lucene.index.TestIndexWriterOnDiskFull
[junit4:junit4] Completed on J3 in 0.00s, 4 tests, 4 skipped
[junit4:junit4] 
[junit4:junit4] Suite: org.apache.lucene.index.TestSnapshotDeletionPolicy
[junit4:junit4] Completed on J1 in 1.45s, 8 tests
[junit4:junit4] 
[junit4:junit4] Suite: org.apache.lucene.index.TestNoMergeScheduler
[junit4:junit4] Completed on J3 in 0.00s, 3 tests, 3 skipped
[junit4:junit4] 
[junit4:junit4] Suite: org.apache.lucene.store.TestByteArrayDataInput
[junit4:junit4] Completed on J3 in 0.00s, 1 test, 1 skipped
[junit4:junit4] 
[junit4:junit4] Suite: org.apache.lucene.util.packed.TestPackedInts
[junit4:junit4] Completed on J2 in 0.03s, 20 tests, 20 skipped
[junit4:junit4] 
[junit4:junit4] Suite: org.apache.lucene.search.spans.TestSpanExplanationsOfNonMatches
[junit4:junit4] Completed on J1 in 0.18s, 31 tests
[junit4:junit4] 
[junit4:junit4] Suite: org.apache.lucene.analysis.TestGraphTokenizers
[junit4:junit4] Completed on J3 in 0.01s, 21 tests, 21 skipped
[junit4:junit4] 
[junit4:junit4] Suite: org.apache.lucene.analysis.TestLookaheadTokenFilter
[junit4:junit4] Completed on J2 in 0.00s, 2 tests, 2 skipped
[junit4:junit4] 
[junit4:junit4] Suite: org.apache.lucene.search.TestShardSearching
[junit4:junit4] Completed on J3 in 0.00s, 1 test, 1 skipped
[junit4:junit4] 
[junit4:junit4] Suite: org.apache.lucene.search.TestBoolean2
[junit4:junit4] Completed on J2 in 0.01s, 11 tests, 11 skipped
[junit4:junit4] 
[junit4:junit4] Suite: org.apache.lucene.search.TestSearcherManager
[junit4:junit4] Completed on J3 in 0.00s, 7 tests, 7 skipped
[junit4:junit4] 
[junit4:junit4] Suite: org.apache.lucene.search.TestNumericRangeQuery32
[junit4:junit4] Completed on J2 in 0.01s, 27 tests, 27 skipped
[junit4:junit4] 
[junit4:junit4] Suite: org.apache.lucene.index.TestNRTThreads
[junit4:junit4] Completed on J3 in 0.00s, 1 test, 1 skipped
[junit4:junit4] 
[junit4:junit4] Suite: org.apache.lucene.codecs.compressing.TestHighCompressionMode
[junit4:junit4] Completed on J0 in 1.20s, 5 tests
[junit4:junit4] 
[junit4:junit4] Suite: org.apache.lucene.search.spans.TestBasics
[junit4:junit4] Completed on J2 in 0.02s, 24 tests, 24 skipped
[junit4:junit4] 
[junit4:junit4] Suite: org.apache.lucene.index.TestDuelingCodecs
[junit4:junit4] Completed on J3 in 0.00s, 1 test, 1 skipped
[junit4:junit4] 
[junit4:junit4] Suite: org.apache.lucene.index.TestAddIndexes
[junit4:junit4] Completed on J2 in 0.02s, 20 tests, 20 skipped
[junit4:junit4] 
[junit4:junit4] Suite: org.apache.lucene.store.TestMultiMMap
[junit4:junit4] Completed on J3 in 0.02s, 11 tests, 11 skipped
[junit4:junit4] 
[junit4:junit4] Suite: org.apache.lucene.codecs.lucene40.TestLucene40PostingsReader
[junit4:junit4] Completed on J2 in 0.00s, 1 test, 1 skipped
[junit4:junit4] 
[junit4:junit4] Suite: org.apache.lucene.index.TestStressAdvance
[junit4:junit4] Completed on J1 in 1.71s, 1 test
[junit4:junit4] 
[junit4:junit4] Suite: org.apache.lucene.search.TestTimeLimitingCollector
[junit4:junit4] Completed on J3 in 0.00s, 6 tests, 6 skipped
[junit4:junit4] 
[junit4:junit4] Suite: org.apache.lucene.search.TestSearchAfter
[junit4:junit4] Completed on J2 in 0.01s, 1 test, 1 skipped
[junit4:junit4] 
[junit4:junit4] Suite: org.apache.lucene.util.automaton.TestMinimize
[junit4:junit4] Completed on J3 in 0.00s, 3 tests, 3 skipped
[junit4:junit4] 
[junit4:junit4] Suite: org.apache.lucene.search.TestSloppyPhraseQuery
[junit4:junit4] Completed on J2 in 0.01s, 9 tests, 9 skipped
[junit4:junit4] 
[junit4:junit4] Suite: org.apache.lucene.search.spans.TestSpans
[junit4:junit4] Completed on J1 in 0.53s, 25 tests
[junit4:junit4] 
[junit4:junit4] Suite: org.apache.lucene.index.TestPersistentSnapshotDeletionPolicy
[junit4:junit4] Completed on J3 in 0.01s, 14 tests, 14 skipped
[junit4:junit4] 
[junit4:junit4] Suite: org.apache.lucene.index.TestBackwardsCompatibility
[junit4:junit4] Completed on J2 in 0.01s, 14 tests, 14 skipped
[junit4:junit4] 
[junit4:junit4] Suite: org.apache.lucene.index.TestMaxTermFrequency
[junit4:junit4] Completed on J1 in 0.14s, 1 test
[junit4:junit4] 
[junit4:junit4] Suite: org.apache.lucene.search.TestSort
[junit4:junit4] Completed on J3 in 0.02s, 25 tests, 25 skipped
[junit4:junit4] 
[junit4:junit4] Suite: org.apache.lucene.util.TestArrayUtil
[junit4:junit4] Completed on J2 in 0.01s, 11 tests, 11 skipped
[junit4:junit4] 
[junit4:junit4] Suite: org.apache.lucene.store.TestNRTCachingDirectory
[junit4:junit4] Completed on J3 in 0.00s, 5 tests, 5 skipped
[junit4:junit4] 
[junit4:junit4] Suite: org.apache.lucene.util.TestCollectionUtil
[junit4:junit4] Completed on J2 in 0.00s, 5 tests, 5 skipped
[junit4:junit4] 
[junit4:junit4] Suite: org.apache.lucene.index.TestLongPostings
[junit4:junit4] Completed on J3 in 0.00s, 2 tests, 2 skipped
[junit4:junit4] 
[junit4:junit4] Suite: org.apache.lucene.index.TestIndexWriterCommit
[junit4:junit4] Completed on J2 in 0.01s, 12 tests, 12 skipped
[junit4:junit4] 
[junit4:junit4] Suite: org.apache.lucene.util.TestFixedBitSet
[junit4:junit4] Completed on J3 in 0.00s, 6 tests, 6 skipped
[junit4:junit4] 
[junit4:junit4] Suite: org.apache.lucene.util.TestWeakIdentityMap
[junit4:junit4] Completed on J2 in 0.00s, 2 tests, 2 skipped
[junit4:junit4] 
[junit4:junit4] Suite: org.apache.lucene.search.TestSimpleExplanations
[junit4:junit4] Completed on J3 in 0.02s, 69 tests, 69 skipped
[junit4:junit4] 
[junit4:junit4] Suite: org.apache.lucene.index.TestCustomNorms
[junit4:junit4] Completed on J2 in 0.00s, 3 tests, 3 skipped
[junit4:junit4] 
[junit4:junit4] Suite: org.apache.lucene.analysis.TestMockAnalyzer
[junit4:junit4] Completed on J3 in 0.01s, 9 tests, 9 skipped
[junit4:junit4] 
[junit4:junit4] Suite: org.apache.lucene.index.TestDocumentsWriterStallControl
[junit4:junit4] Completed on J2 in 0.00s, 3 tests, 3 skipped
[junit4:junit4] 
[junit4:junit4] Suite: org.apache.lucene.search.TestRegexpRandom2
[junit4:junit4] Completed on J3 in 0.00s, 1 test, 1 skipped
[junit4:junit4] 
[junit4:junit4] Suite: org.apache.lucene.index.TestNRTReaderWithThreads
[junit4:junit4] Completed on J2 in 0.00s, 1 test, 1 skipped
[junit4:junit4] 
[junit4:junit4] Suite: org.apache.lucene.index.TestTieredMergePolicy
[junit4:junit4] Completed on J3 in 0.00s, 4 tests, 4 skipped
[junit4:junit4] 
[junit4:junit4] Suite: org.apache.lucene.index.TestConcurrentMergeScheduler
[junit4:junit4] Completed on J2 in 0.01s, 5 tests, 5 skipped
[junit4:junit4] 
[junit4:junit4] Suite: org.apache.lucene.search.TestSloppyPhraseQuery2
[junit4:junit4] Completed on J3 in 0.01s, 9 tests, 9 skipped
[junit4:junit4] 
[junit4:junit4] Suite: org.apache.lucene.index.TestStressNRT
[junit4:junit4] Completed on J2 in 0.01s, 1 test, 1 skipped
[junit4:junit4] 
[junit4:junit4] Suite: org.apache.lucene.search.TestPhraseQuery
[junit4:junit4] Completed on J3 in 0.01s, 17 tests, 17 skipped
[junit4:junit4] 
[junit4:junit4] Suite: org.apache.lucene.search.TestFieldCacheRewriteMethod
[junit4:junit4] Completed on J2 in 0.00s, 1 test, 1 skipped
[junit4:junit4] 
[junit4:junit4] Suite: org.apache.lucene.util.TestDoubleBarrelLRUCache
[junit4:junit4] Completed on J3 in 0.00s, 2 tests, 2 skipped
[junit4:junit4] 
[junit4:junit4] Suite: org.apache.lucene.search.TestComplexExplanations
[junit4:junit4] Completed on J2 in 0.01s, 22 tests, 22 skipped
[junit4:junit4] 
[junit4:junit4] Suite: org.apache.lucene.codecs.lucene40.values.TestDocValues
[junit4:junit4] Completed on J3 in 0.01s, 14 tests, 14 skipped
[junit4:junit4] 
[junit4:junit4] Suite: org.apache.lucene.util.TestNumericUtils
[junit4:junit4] Completed on J2 in 0.01s, 12 tests, 12 skipped
[junit4:junit4] 
[junit4:junit4] Suite: org.apache.lucene.util.automaton.TestLevenshteinAutomata
[junit4:junit4] Completed on J3 in 0.01s, 4 tests, 4 skipped
[junit4:junit4] 
[junit4:junit4] Suite: org.apache.lucene.search.TestMultiValuedNumericRangeQuery
[junit4:junit4] Completed on J2 in 0.00s, 1 test, 1 skipped
[junit4:junit4] 
[junit4:junit4] Suite: org.apache.lucene.analysis.tokenattributes.TestCharTermAttributeImpl
[junit4:junit4] Completed on J3 in 0.01s, 12 tests, 12 skipped
[junit4:junit4] 
[junit4:junit4] Suite: org.apache.lucene.index.TestOmitNorms
[junit4:junit4] Completed on J2 in 0.00s, 5 tests, 5 skipped
[junit4:junit4] 
[junit4:junit4] Suite: org.apache.lucene.index.TestFieldsReader
[junit4:junit4] Completed on J3 in 0.01s, 4 tests, 4 skipped
[junit4:junit4] 
[junit4:junit4] Suite: org.apache.lucene.index.TestRollingUpdates
[junit4:junit4] Completed on J2 in 0.00s, 2 tests, 2 skipped
[junit4:junit4] 
[junit4:junit4] Suite: org.apache.lucene.index.TestSegmentMerger
[junit4:junit4] Completed on J3 in 0.01s, 3 tests, 3 skipped
[junit4:junit4] 
[junit4:junit4] Suite: org.apache.lucene.codecs.lucene40.TestBitVector
[junit4:junit4] Completed on J2 in 0.01s, 9 tests, 9 skipped
[junit4:junit4] 
[junit4:junit4] Suite: org.apache.lucene.search.TestPrefixInBooleanQuery
[junit4:junit4] Completed on J3 in 0.01s, 4 tests, 4 skipped
[junit4:junit4] 
[junit4:junit4] Suite: org.apache.lucene.index.TestThreadedForceMerge
[junit4:junit4] Completed on J2 in 0.01s, 1 test, 1 skipped
[junit4:junit4] 
[junit4:junit4] Suite: org.apache.lucene.search.TestFieldCache
[junit4:junit4] Completed on J3 in 0.01s, 5 tests, 5 skipped
[junit4:junit4] 
[junit4:junit4] Suite: org.apache.lucene.store.TestWindowsMMap
[junit4:junit4] Completed on J2 in 0.00s, 1 test, 1 skipped
[junit4:junit4] 
[junit4:junit4] Suite: org.apache.lucene.search.TestBooleanMinShouldMatch
[junit4:junit4] Completed on J3 in 0.02s, 17 tests, 17 skipped
[junit4:junit4] 
[junit4:junit4] Suite: org.apache.lucene.search.spans.TestSpanExplanations
[junit4:junit4] Completed on J2 in 0.02s, 31 tests, 31 skipped
[junit4:junit4] 
[junit4:junit4] Suite: org.apache.lucene.search.TestFieldCacheRangeFilter
[junit4:junit4] Completed on J3 in 0.01s, 9 tests, 9 skipped
[junit4:junit4] 
[junit4:junit4] Suite: org.apache.lucene.index.TestMixedCodecs
[junit4:junit4] Completed on J2 in 0.00s, 1 test, 1 skipped
[junit4:junit4] 
[junit4:junit4] Suite: org.apache.lucene.codecs.lucene40.TestReuseDocsEnum
[junit4:junit4] Completed on J3 in 0.01s, 3 tests, 3 skipped
[junit4:junit4] 
[junit4:junit4] Suite: org.apache.lucene.search.spans.TestSpanSearchEquivalence
[junit4:junit4] Completed on J2 in 0.00s, 8 tests, 8 skipped
[junit4:junit4] 
[junit4:junit4] Suite: org.apache.lucene.index.TestParallelCompositeReader
[junit4:junit4] Completed on J3 in 0.01s, 8 tests, 8 skipped
[junit4:junit4] 
[junit4:junit4] Suite: org.apache.lucene.search.similarities.TestSimilarityBase
[junit4:junit4] Completed on J2 in 0.02s, 29 tests, 29 skipped
[junit4:junit4] 
[junit4:junit4] Suite: org.apache.lucene.util.TestFieldCacheSanityChecker
[junit4:junit4] Completed on J3 in 0.01s, 3 tests, 3 skipped
[junit4:junit4] 
[junit4:junit4] Suite: org.apache.lucene.search.TestScorerPerf
[junit4:junit4] Completed on J2 in 0.00s, 1 test, 1 skipped
[junit4:junit4] 
[junit4:junit4] Suite: org.apache.lucene.index.TestTermsEnum2
[junit4:junit4] Completed on J3 in 0.00s, 4 tests, 4 skipped
[junit4:junit4] 
[junit4:junit4] Suite: org.apache.lucene.index.TestForceMergeForever
[junit4:junit4] Completed on J2 in 0.01s, 1 test, 1 skipped
[junit4:junit4] 
[junit4:junit4] Suite: org.apache.lucene.search.TestSimpleSearchEquivalence
[junit4:junit4] Completed on J3 in 0.01s, 12 tests, 12 skipped
[junit4:junit4] 
[junit4:junit4] Suite: org.apache.lucene.store.TestCopyBytes
[junit4:junit4] Completed on J2 in 0.01s, 2 tests, 2 skipped
[junit4:junit4] 
[junit4:junit4] Suite: org.apache.lucene.index.TestIndexWriter
[junit4:junit4] Completed on J0 in 7.86s, 54 tests
[junit4:junit4] 
[junit4:junit4] Suite: org.apache.lucene.search.payloads.TestPayloadNearQuery
[junit4:junit4] Completed on J3 in 0.04s, 7 tests, 7 skipped
[junit4:junit4] 
[junit4:junit4] Suite: org.apache.lucene.search.TestPrefixRandom
[junit4:junit4] Completed on J2 in 0.04s, 1 test, 1 skipped
[junit4:junit4] 
[junit4:junit4] Suite: org.apache.lucene.search.TestPrefixFilter
[junit4:junit4] Completed on J0 in 0.12s, 1 test
[junit4:junit4] 
[junit4:junit4] Suite: org.apache.lucene.index.TestIndexFileDeleter
[junit4:junit4] Completed on J0 in 0.17s, 1 test
[junit4:junit4] 
[junit4:junit4] Suite: org.apache.lucene.index.TestCodecs
[junit4:junit4] Completed on J0 in 0.15s, 4 tests
[junit4:junit4] 
[junit4:junit4] Suite: org.apache.lucene.search.TestFilteredQuery
[junit4:junit4] Completed on J2 in 0.01s, 12 tests, 12 skipped
[junit4:junit4] 
[junit4:junit4] Suite: org.apache.lucene.index.TestDocumentWriter
[junit4:junit4] Completed on J3 in 0.01s, 7 tests, 7 skipped
[junit4:junit4] 
[junit4:junit4] Suite: org.apache.lucene.search.TestQueryWrapperFilter
[junit4:junit4] Completed on J2 in 0.01s, 3 tests, 3 skipped
[junit4:junit4] 
[junit4:junit4] Suite: org.apache.lucene.index.TestPrefixCodedTerms
[junit4:junit4] Completed on J3 in 0.01s, 6 tests, 6 skipped
[junit4:junit4] 
[junit4:junit4] Suite: org.apache.lucene.store.TestRAMDirectory
[junit4:junit4] Completed on J0 in 0.47s, 4 tests
[junit4:junit4] 
[junit4:junit4] Suite: org.apache.lucene.search.TestTermVectors
[junit4:junit4] Completed on J2 in 0.01s, 11 tests, 11 skipped
[junit4:junit4] 
[junit4:junit4] Suite: org.apache.lucene.index.TestTermVectorsWriter
[junit4:junit4] Completed on J3 in 0.01s, 13 tests, 13 skipped
[junit4:junit4] 
[junit4:junit4] Suite: org.apache.lucene.search.payloads.TestPayloadExplanations
[junit4:junit4] Completed on J0 in 0.18s, 5 tests
[junit4:junit4] 
[junit4:junit4] Suite: org.apache.lucene.index.TestForTooMuchCloning
[junit4:junit4] Completed on J2 in 0.00s, 1 test, 1 skipped
[junit4:junit4] 
[junit4:junit4] Suite: org.apache.lucene.util.automaton.TestCompiledAutomaton
[junit4:junit4] Completed on J3 in 0.00s, 2 tests, 2 skipped
[junit4:junit4] 
[junit4:junit4] Suite: org.apache.lucene.util.TestSentinelIntSet
[junit4:junit4] Completed on J2 in 0.00s, 2 tests, 2 skipped
[junit4:junit4] 
[junit4:junit4] Suite: org.apache.lucene.index.TestIndexableField
[junit4:junit4] Completed on J3 in 0.00s, 1 test, 1 skipped
[junit4:junit4] 
[junit4:junit4] Suite: org.apache.lucene.index.TestParallelAtomicReader
[junit4:junit4] Completed on J2 in 0.00s, 6 tests, 6 skipped
[junit4:junit4] 
[junit4:junit4] Suite: org.apache.lucene.util.junitcompat.TestExceptionInBeforeClassHooks
[junit4:junit4]   1> sysout from nested test: 
[junit4:junit4]   1> 
[junit4:junit4]   1> syserr from nested test: 
[junit4:junit4] FAILURE 0.01s J3 | TestExceptionInBeforeClassHooks.testExceptionInBeforeClassFailsTheTest <<<
[junit4:junit4]    > Throwable #1: junit.framework.AssertionFailedError: expected:<1> but was:<0>
[junit4:junit4]    > 	at junit.framework.Assert.fail(Assert.java:50)
[junit4:junit4]    > 	at junit.framework.Assert.failNotEquals(Assert.java:287)
[junit4:junit4]    > 	at junit.framework.Assert.assertEquals(Assert.java:67)
[junit4:junit4]    > 	at junit.framework.Assert.assertEquals(Assert.java:199)
[junit4:junit4]    > 	at junit.framework.Assert.assertEquals(Assert.java:205)
[junit4:junit4]    > 	at org.apache.lucene.util.junitcompat.TestExceptionInBeforeClassHooks.testExceptionInBeforeClassFailsTheTest(TestExceptionInBeforeClassHooks.java:109)
[junit4:junit4]    > 	at sun.reflect.NativeMethodAccessorImpl.invoke0(Native Method)
[junit4:junit4]    > 	at sun.reflect.NativeMethodAccessorImpl.invoke(NativeMethodAccessorImpl.java:60)
[junit4:junit4]    > 	at sun.reflect.DelegatingMethodAccessorImpl.invoke(DelegatingMethodAccessorImpl.java:37)
[junit4:junit4]    > 	at java.lang.reflect.Method.invoke(Method.java:611)
[junit4:junit4]    > 	at org.junit.runners.model.FrameworkMethod$1.runReflectiveCall(FrameworkMethod.java:45)
[junit4:junit4]    > 	at org.junit.internal.runners.model.ReflectiveCallable.run(ReflectiveCallable.java:15)
[junit4:junit4]    > 	at org.junit.runners.model.FrameworkMethod.invokeExplosively(FrameworkMethod.java:42)
[junit4:junit4]    > 	at org.junit.internal.runners.statements.InvokeMethod.evaluate(InvokeMethod.java:20)
[junit4:junit4]    > 	at org.junit.internal.runners.statements.RunBefores.evaluate(RunBefores.java:28)
[junit4:junit4]    > 	at org.junit.internal.runners.statements.RunAfters.evaluate(RunAfters.java:30)
[junit4:junit4]    > 	at org.apache.lucene.util.TestRuleMarkFailure$1.evaluate(TestRuleMarkFailure.java:48)
[junit4:junit4]    > 	at com.carrotsearch.randomizedtesting.rules.StatementAdapter.evaluate(StatementAdapter.java:36)
[junit4:junit4]    > 	at com.carrotsearch.randomizedtesting.rules.SystemPropertiesRestoreRule$1.evaluate(SystemPropertiesRestoreRule.java:53)
[junit4:junit4]    > 	at org.junit.rules.RunRules.evaluate(RunRules.java:18)
[junit4:junit4]    > 	at org.junit.runners.ParentRunner.runLeaf(ParentRunner.java:263)
[junit4:junit4]    > 	at org.junit.runners.BlockJUnit4ClassRunner.runChild(BlockJUnit4ClassRunner.java:68)
[junit4:junit4]    > 	at org.junit.runners.BlockJUnit4ClassRunner.runChild(BlockJUnit4ClassRunner.java:47)
[junit4:junit4]    > 	at org.junit.runners.ParentRunner$3.run(ParentRunner.java:231)
[junit4:junit4]    > 	at org.junit.runners.ParentRunner$1.schedule(ParentRunner.java:60)
[junit4:junit4]    > 	at org.junit.runners.ParentRunner.runChildren(ParentRunner.java:229)
[junit4:junit4]    > 	at org.junit.runners.ParentRunner.access$000(ParentRunner.java:50)
[junit4:junit4]    > 	at org.junit.runners.ParentRunner$2.evaluate(ParentRunner.java:222)
[junit4:junit4]    > 	at org.junit.runners.ParentRunner.run(ParentRunner.java:300)
[junit4:junit4]    > 	at com.carrotsearch.ant.tasks.junit4.slave.SlaveMain.execute(SlaveMain.java:180)
[junit4:junit4]    > 	at com.carrotsearch.ant.tasks.junit4.slave.SlaveMain.main(SlaveMain.java:275)
[junit4:junit4]    > 	at com.carrotsearch.ant.tasks.junit4.slave.SlaveMainSafe.main(SlaveMainSafe.java:12)
[junit4:junit4]   1> sysout from nested test: 
[junit4:junit4]   1> 
[junit4:junit4]   1> syserr from nested test: 
[junit4:junit4] FAILURE 0.01s J3 | TestExceptionInBeforeClassHooks.testExceptionWithinTestFailsTheTest <<<
[junit4:junit4]    > Throwable #1: junit.framework.AssertionFailedError: expected:<3> but was:<0>
[junit4:junit4]    > 	at junit.framework.Assert.fail(Assert.java:50)
[junit4:junit4]    > 	at junit.framework.Assert.failNotEquals(Assert.java:287)
[junit4:junit4]    > 	at junit.framework.Assert.assertEquals(Assert.java:67)
[junit4:junit4]    > 	at junit.framework.Assert.assertEquals(Assert.java:199)
[junit4:junit4]    > 	at junit.framework.Assert.assertEquals(Assert.java:205)
[junit4:junit4]    > 	at org.apache.lucene.util.junitcompat.TestExceptionInBeforeClassHooks.testExceptionWithinTestFailsTheTest(TestExceptionInBeforeClassHooks.java:117)
[junit4:junit4]    > 	at sun.reflect.NativeMethodAccessorImpl.invoke0(Native Method)
[junit4:junit4]    > 	at sun.reflect.NativeMethodAccessorImpl.invoke(NativeMethodAccessorImpl.java:60)
[junit4:junit4]    > 	at sun.reflect.DelegatingMethodAccessorImpl.invoke(DelegatingMethodAccessorImpl.java:37)
[junit4:junit4]    > 	at java.lang.reflect.Method.invoke(Method.java:611)
[junit4:junit4]    > 	at org.junit.runners.model.FrameworkMethod$1.runReflectiveCall(FrameworkMethod.java:45)
[junit4:junit4]    > 	at org.junit.internal.runners.model.ReflectiveCallable.run(ReflectiveCallable.java:15)
[junit4:junit4]    > 	at org.junit.runners.model.FrameworkMethod.invokeExplosively(FrameworkMethod.java:42)
[junit4:junit4]    > 	at org.junit.internal.runners.statements.InvokeMethod.evaluate(InvokeMethod.java:20)
[junit4:junit4]    > 	at org.junit.internal.runners.statements.RunBefores.evaluate(RunBefores.java:28)
[junit4:junit4]    > 	at org.junit.internal.runners.statements.RunAfters.evaluate(RunAfters.java:30)
[junit4:junit4]    > 	at org.apache.lucene.util.TestRuleMarkFailure$1.evaluate(TestRuleMarkFailure.java:48)
[junit4:junit4]    > 	at com.carrotsearch.randomizedtesting.rules.StatementAdapter.evaluate(StatementAdapter.java:36)
[junit4:junit4]    > 	at com.carrotsearch.randomizedtesting.rules.SystemPropertiesRestoreRule$1.evaluate(SystemPropertiesRestoreRule.java:53)
[junit4:junit4]    > 	at org.junit.rules.RunRules.evaluate(RunRules.java:18)
[junit4:junit4]    > 	at org.junit.runners.ParentRunner.runLeaf(ParentRunner.java:263)
[junit4:junit4]    > 	at org.junit.runners.BlockJUnit4ClassRunner.runChild(BlockJUnit4ClassRunner.java:68)
[junit4:junit4]    > 	at org.junit.runners.BlockJUnit4ClassRunner.runChild(BlockJUnit4ClassRunner.java:47)
[junit4:junit4]    > 	at org.junit.runners.ParentRunner$3.run(ParentRunner.java:231)
[junit4:junit4]    > 	at org.junit.runners.ParentRunner$1.schedule(ParentRunner.java:60)
[junit4:junit4]    > 	at org.junit.runners.ParentRunner.runChildren(ParentRunner.java:229)
[junit4:junit4]    > 	at org.junit.runners.ParentRunner.access$000(ParentRunner.java:50)
[junit4:junit4]    > 	at org.junit.runners.ParentRunner$2.evaluate(ParentRunner.java:222)
[junit4:junit4]    > 	at org.junit.runners.ParentRunner.run(ParentRunner.java:300)
[junit4:junit4]    > 	at com.carrotsearch.ant.tasks.junit4.slave.SlaveMain.execute(SlaveMain.java:180)
[junit4:junit4]    > 	at com.carrotsearch.ant.tasks.junit4.slave.SlaveMain.main(SlaveMain.java:275)
[junit4:junit4]    > 	at com.carrotsearch.ant.tasks.junit4.slave.SlaveMainSafe.main(SlaveMainSafe.java:12)
[junit4:junit4]   1> sysout from nested test: 
[junit4:junit4]   1> 
[junit4:junit4]   1> syserr from nested test: 
[junit4:junit4] FAILURE 0.01s J3 | TestExceptionInBeforeClassHooks.testExceptionWithinBefore <<<
[junit4:junit4]    > Throwable #1: junit.framework.AssertionFailedError: expected:<1> but was:<0>
[junit4:junit4]    > 	at junit.framework.Assert.fail(Assert.java:50)
[junit4:junit4]    > 	at junit.framework.Assert.failNotEquals(Assert.java:287)
[junit4:junit4]    > 	at junit.framework.Assert.assertEquals(Assert.java:67)
[junit4:junit4]    > 	at junit.framework.Assert.assertEquals(Assert.java:199)
[junit4:junit4]    > 	at junit.framework.Assert.assertEquals(Assert.java:205)
[junit4:junit4]    > 	at org.apache.lucene.util.junitcompat.TestExceptionInBeforeClassHooks.testExceptionWithinBefore(TestExceptionInBeforeClassHooks.java:136)
[junit4:junit4]    > 	at sun.reflect.NativeMethodAccessorImpl.invoke0(Native Method)
[junit4:junit4]    > 	at sun.reflect.NativeMethodAccessorImpl.invoke(NativeMethodAccessorImpl.java:60)
[junit4:junit4]    > 	at sun.reflect.DelegatingMethodAccessorImpl.invoke(DelegatingMethodAccessorImpl.java:37)
[junit4:junit4]    > 	at java.lang.reflect.Method.invoke(Method.java:611)
[junit4:junit4]    > 	at org.junit.runners.model.FrameworkMethod$1.runReflectiveCall(FrameworkMethod.java:45)
[junit4:junit4]    > 	at org.junit.internal.runners.model.ReflectiveCallable.run(ReflectiveCallable.java:15)
[junit4:junit4]    > 	at org.junit.runners.model.FrameworkMethod.invokeExplosively(FrameworkMethod.java:42)
[junit4:junit4]    > 	at org.junit.internal.runners.statements.InvokeMethod.evaluate(InvokeMethod.java:20)
[junit4:junit4]    > 	at org.junit.internal.runners.statements.RunBefores.evaluate(RunBefores.java:28)
[junit4:junit4]    > 	at org.junit.internal.runners.statements.RunAfters.evaluate(RunAfters.java:30)
[junit4:junit4]    > 	at org.apache.lucene.util.TestRuleMarkFailure$1.evaluate(TestRuleMarkFailure.java:48)
[junit4:junit4]    > 	at com.carrotsearch.randomizedtesting.rules.StatementAdapter.evaluate(StatementAdapter.java:36)
[junit4:junit4]    > 	at com.carrotsearch.randomizedtesting.rules.SystemPropertiesRestoreRule$1.evaluate(SystemPropertiesRestoreRule.java:53)
[junit4:junit4]    > 	at org.junit.rules.RunRules.evaluate(RunRules.java:18)
[junit4:junit4]    > 	at org.junit.runners.ParentRunner.runLeaf(ParentRunner.java:263)
[junit4:junit4]    > 	at org.junit.runners.BlockJUnit4ClassRunner.runChild(BlockJUnit4ClassRunner.java:68)
[junit4:junit4]    > 	at org.junit.runners.BlockJUnit4ClassRunner.runChild(BlockJUnit4ClassRunner.java:47)
[junit4:junit4]    > 	at org.junit.runners.ParentRunner$3.run(ParentRunner.java:231)
[junit4:junit4]    > 	at org.junit.runners.ParentRunner$1.schedule(ParentRunner.java:60)
[junit4:junit4]    > 	at org.junit.runners.ParentRunner.runChildren(ParentRunner.java:229)
[junit4:junit4]    > 	at org.junit.runners.ParentRunner.access$000(ParentRunner.java:50)
[junit4:junit4]    > 	at org.junit.runners.ParentRunner$2.evaluate(ParentRunner.java:222)
[junit4:junit4]    > 	at org.junit.runners.ParentRunner.run(ParentRunner.java:300)
[junit4:junit4]    > 	at com.carrotsearch.ant.tasks.junit4.slave.SlaveMain.execute(SlaveMain.java:180)
[junit4:junit4]    > 	at com.carrotsearch.ant.tasks.junit4.slave.SlaveMain.main(SlaveMain.java:275)
[junit4:junit4]    > 	at com.carrotsearch.ant.tasks.junit4.slave.SlaveMainSafe.main(SlaveMainSafe.java:12)
[junit4:junit4] Completed on J3 in 0.03s, 3 tests, 3 failures <<< FAILURES!
[junit4:junit4] 
[junit4:junit4] Suite: org.apache.lucene.search.TestBooleanQuery
[junit4:junit4] Completed on J2 in 0.00s, 6 tests, 6 skipped
[junit4:junit4] 
[junit4:junit4] Suite: org.apache.lucene.search.TestTermRangeQuery
[junit4:junit4] Completed on J3 in 0.01s, 7 tests, 7 skipped
[junit4:junit4] 
[junit4:junit4] Suite: org.apache.lucene.index.TestOmitPositions
[junit4:junit4] Completed on J2 in 0.00s, 4 tests, 4 skipped
[junit4:junit4] 
[junit4:junit4] Suite: org.apache.lucene.search.TestRegexpRandom
[junit4:junit4] Completed on J3 in 0.00s, 1 test, 1 skipped
[junit4:junit4] 
[junit4:junit4] Suite: org.apache.lucene.search.TestSimpleExplanationsOfNonMatches
[junit4:junit4] Completed on J2 in 0.02s, 69 tests, 69 skipped
[junit4:junit4] 
[junit4:junit4] Suite: org.apache.lucene.search.TestFuzzyQuery
[junit4:junit4] Completed on J3 in 0.00s, 6 tests, 6 skipped
[junit4:junit4] 
[junit4:junit4] Suite: org.apache.lucene.util.TestRollingBuffer
[junit4:junit4] Completed on J2 in 0.00s, 1 test, 1 skipped
[junit4:junit4] 
[junit4:junit4] Suite: org.apache.lucene.search.TestBooleanOr
[junit4:junit4] Completed on J3 in 0.01s, 6 tests, 6 skipped
[junit4:junit4] 
[junit4:junit4] Suite: org.apache.lucene.search.TestWildcard
[junit4:junit4] Completed on J2 in 0.00s, 8 tests, 8 skipped
[junit4:junit4] 
[junit4:junit4] Suite: org.apache.lucene.search.spans.TestSpanMultiTermQueryWrapper
[junit4:junit4] Completed on J3 in 0.00s, 4 tests, 4 skipped
[junit4:junit4] 
[junit4:junit4] Suite: org.apache.lucene.search.TestWildcardRandom
[junit4:junit4] Completed on J2 in 0.00s, 1 test, 1 skipped
[junit4:junit4] 
[junit4:junit4] Suite: org.apache.lucene.index.TestCheckIndex
[junit4:junit4] Completed on J3 in 0.00s, 3 tests, 3 skipped
[junit4:junit4] 
[junit4:junit4] Suite: org.apache.lucene.search.TestRegexpQuery
[junit4:junit4] Completed on J2 in 0.01s, 7 tests, 7 skipped
[junit4:junit4] 
[junit4:junit4] Suite: org.apache.lucene.index.TestDocCount
[junit4:junit4] Completed on J3 in 0.00s, 1 test, 1 skipped
[junit4:junit4] 
[junit4:junit4] Suite: org.apache.lucene.index.TestUniqueTermCount
[junit4:junit4] Completed on J2 in 0.01s, 1 test, 1 skipped
[junit4:junit4] 
[junit4:junit4] Suite: org.apache.lucene.util.TestSmallFloat
[junit4:junit4] Completed on J3 in 0.00s, 2 tests, 2 skipped
[junit4:junit4] 
[junit4:junit4] Suite: org.apache.lucene.index.TestBinaryTerms
[junit4:junit4] Completed on J2 in 0.00s, 1 test, 1 skipped
[junit4:junit4] 
[junit4:junit4] Suite: org.apache.lucene.index.TestParallelReaderEmptyIndex
[junit4:junit4] Completed on J3 in 0.01s, 2 tests, 2 skipped
[junit4:junit4] 
[junit4:junit4] Suite: org.apache.lucene.document.TestDocument
[junit4:junit4] Completed on J2 in 0.01s, 11 tests, 11 skipped
[junit4:junit4] 
[junit4:junit4] Suite: org.apache.lucene.search.TestTopDocsCollector
[junit4:junit4] Completed on J3 in 0.01s, 8 tests, 8 skipped
[junit4:junit4] 
[junit4:junit4] Suite: org.apache.lucene.util.junitcompat.TestBeforeAfterOverrides
[junit4:junit4]   1> sysout from nested test: 
[junit4:junit4]   1> 
[junit4:junit4]   1> syserr from nested test: 
[junit4:junit4] FAILURE 0.02s J2 | TestBeforeAfterOverrides.testBefore <<<
[junit4:junit4]    > Throwable #1: java.lang.AssertionError: expected:<1> but was:<0>
[junit4:junit4]    > 	at org.junit.Assert.fail(Assert.java:93)
[junit4:junit4]    > 	at org.junit.Assert.failNotEquals(Assert.java:647)
[junit4:junit4]    > 	at org.junit.Assert.assertEquals(Assert.java:128)
[junit4:junit4]    > 	at org.junit.Assert.assertEquals(Assert.java:472)
[junit4:junit4]    > 	at org.junit.Assert.assertEquals(Assert.java:456)
[junit4:junit4]    > 	at org.apache.lucene.util.junitcompat.TestBeforeAfterOverrides.testBefore(TestBeforeAfterOverrides.java:60)
[junit4:junit4]    > 	at sun.reflect.NativeMethodAccessorImpl.invoke0(Native Method)
[junit4:junit4]    > 	at sun.reflect.NativeMethodAccessorImpl.invoke(NativeMethodAccessorImpl.java:60)
[junit4:junit4]    > 	at sun.reflect.DelegatingMethodAccessorImpl.invoke(DelegatingMethodAccessorImpl.java:37)
[junit4:junit4]    > 	at java.lang.reflect.Method.invoke(Method.java:611)
[junit4:junit4]    > 	at org.junit.runners.model.FrameworkMethod$1.runReflectiveCall(FrameworkMethod.java:45)
[junit4:junit4]    > 	at org.junit.internal.runners.model.ReflectiveCallable.run(ReflectiveCallable.java:15)
[junit4:junit4]    > 	at org.junit.runners.model.FrameworkMethod.invokeExplosively(FrameworkMethod.java:42)
[junit4:junit4]    > 	at org.junit.internal.runners.statements.InvokeMethod.evaluate(InvokeMethod.java:20)
[junit4:junit4]    > 	at org.junit.internal.runners.statements.RunBefores.evaluate(RunBefores.java:28)
[junit4:junit4]    > 	at org.junit.internal.runners.statements.RunAfters.evaluate(RunAfters.java:30)
[junit4:junit4]    > 	at org.apache.lucene.util.TestRuleMarkFailure$1.evaluate(TestRuleMarkFailure.java:48)
[junit4:junit4]    > 	at com.carrotsearch.randomizedtesting.rules.StatementAdapter.evaluate(StatementAdapter.java:36)
[junit4:junit4]    > 	at com.carrotsearch.randomizedtesting.rules.SystemPropertiesRestoreRule$1.evaluate(SystemPropertiesRestoreRule.java:53)
[junit4:junit4]    > 	at org.junit.rules.RunRules.evaluate(RunRules.java:18)
[junit4:junit4]    > 	at org.junit.runners.ParentRunner.runLeaf(ParentRunner.java:263)
[junit4:junit4]    > 	at org.junit.runners.BlockJUnit4ClassRunner.runChild(BlockJUnit4ClassRunner.java:68)
[junit4:junit4]    > 	at org.junit.runners.BlockJUnit4ClassRunner.runChild(BlockJUnit4ClassRunner.java:47)
[junit4:junit4]    > 	at org.junit.runners.ParentRunner$3.run(ParentRunner.java:231)
[junit4:junit4]    > 	at org.junit.runners.ParentRunner$1.schedule(ParentRunner.java:60)
[junit4:junit4]    > 	at org.junit.runners.ParentRunner.runChildren(ParentRunner.java:229)
[junit4:junit4]    > 	at org.junit.runners.ParentRunner.access$000(ParentRunner.java:50)
[junit4:junit4]    > 	at org.junit.runners.ParentRunner$2.evaluate(ParentRunner.java:222)
[junit4:junit4]    > 	at org.junit.runners.ParentRunner.run(ParentRunner.java:300)
[junit4:junit4]    > 	at com.carrotsearch.ant.tasks.junit4.slave.SlaveMain.execute(SlaveMain.java:180)
[junit4:junit4]    > 	at com.carrotsearch.ant.tasks.junit4.slave.SlaveMain.main(SlaveMain.java:275)
[junit4:junit4]    > 	at com.carrotsearch.ant.tasks.junit4.slave.SlaveMainSafe.main(SlaveMainSafe.java:12)
[junit4:junit4]   1> sysout from nested test: 
[junit4:junit4]   1> 
[junit4:junit4]   1> syserr from nested test: 
[junit4:junit4] FAILURE 0.01s J2 | TestBeforeAfterOverrides.testAfter <<<
[junit4:junit4]    > Throwable #1: java.lang.AssertionError: expected:<1> but was:<0>
[junit4:junit4]    > 	at org.junit.Assert.fail(Assert.java:93)
[junit4:junit4]    > 	at org.junit.Assert.failNotEquals(Assert.java:647)
[junit4:junit4]    > 	at org.junit.Assert.assertEquals(Assert.java:128)
[junit4:junit4]    > 	at org.junit.Assert.assertEquals(Assert.java:472)
[junit4:junit4]    > 	at org.junit.Assert.assertEquals(Assert.java:456)
[junit4:junit4]    > 	at org.apache.lucene.util.junitcompat.TestBeforeAfterOverrides.testAfter(TestBeforeAfterOverrides.java:67)
[junit4:junit4]    > 	at sun.reflect.NativeMethodAccessorImpl.invoke0(Native Method)
[junit4:junit4]    > 	at sun.reflect.NativeMethodAccessorImpl.invoke(NativeMethodAccessorImpl.java:60)
[junit4:junit4]    > 	at sun.reflect.DelegatingMethodAccessorImpl.invoke(DelegatingMethodAccessorImpl.java:37)
[junit4:junit4]    > 	at java.lang.reflect.Method.invoke(Method.java:611)
[junit4:junit4]    > 	at org.junit.runners.model.FrameworkMethod$1.runReflectiveCall(FrameworkMethod.java:45)
[junit4:junit4]    > 	at org.junit.internal.runners.model.ReflectiveCallable.run(ReflectiveCallable.java:15)
[junit4:junit4]    > 	at org.junit.runners.model.FrameworkMethod.invokeExplosively(FrameworkMethod.java:42)
[junit4:junit4]    > 	at org.junit.internal.runners.statements.InvokeMethod.evaluate(InvokeMethod.java:20)
[junit4:junit4]    > 	at org.junit.internal.runners.statements.RunBefores.evaluate(RunBefores.java:28)
[junit4:junit4]    > 	at org.junit.internal.runners.statements.RunAfters.evaluate(RunAfters.java:30)
[junit4:junit4]    > 	at org.apache.lucene.util.TestRuleMarkFailure$1.evaluate(TestRuleMarkFailure.java:48)
[junit4:junit4]    > 	at com.carrotsearch.randomizedtesting.rules.StatementAdapter.evaluate(StatementAdapter.java:36)
[junit4:junit4]    > 	at com.carrotsearch.randomizedtesting.rules.SystemPropertiesRestoreRule$1.evaluate(SystemPropertiesRestoreRule.java:53)
[junit4:junit4]    > 	at org.junit.rules.RunRules.evaluate(RunRules.java:18)
[junit4:junit4]    > 	at org.junit.runners.ParentRunner.runLeaf(ParentRunner.java:263)
[junit4:junit4]    > 	at org.junit.runners.BlockJUnit4ClassRunner.runChild(BlockJUnit4ClassRunner.java:68)
[junit4:junit4]    > 	at org.junit.runners.BlockJUnit4ClassRunner.runChild(BlockJUnit4ClassRunner.java:47)
[junit4:junit4]    > 	at org.junit.runners.ParentRunner$3.run(ParentRunner.java:231)
[junit4:junit4]    > 	at org.junit.runners.ParentRunner$1.schedule(ParentRunner.java:60)
[junit4:junit4]    > 	at org.junit.runners.ParentRunner.runChildren(ParentRunner.java:229)
[junit4:junit4]    > 	at org.junit.runners.ParentRunner.access$000(ParentRunner.java:50)
[junit4:junit4]    > 	at org.junit.runners.ParentRunner$2.evaluate(ParentRunner.java:222)
[junit4:junit4]    > 	at org.junit.runners.ParentRunner.run(ParentRunner.java:300)
[junit4:junit4]    > 	at com.carrotsearch.ant.tasks.junit4.slave.SlaveMain.execute(SlaveMain.java:180)
[junit4:junit4]    > 	at com.carrotsearch.ant.tasks.junit4.slave.SlaveMain.main(SlaveMain.java:275)
[junit4:junit4]    > 	at com.carrotsearch.ant.tasks.junit4.slave.SlaveMainSafe.main(SlaveMainSafe.java:12)
[junit4:junit4] Completed on J2 in 0.04s, 2 tests, 2 failures <<< FAILURES!
[junit4:junit4] 
[junit4:junit4] Suite: org.apache.lucene.index.TestNoDeletionPolicy
[junit4:junit4] Completed on J3 in 0.01s, 4 tests, 4 skipped
[junit4:junit4] 
[junit4:junit4] Suite: org.apache.lucene.search.TestDocValuesScoring
[junit4:junit4] Completed on J2 in 0.00s, 1 test, 1 skipped
[junit4:junit4] 
[junit4:junit4] Suite: org.apache.lucene.util.junitcompat.TestSameRandomnessLocalePassedOrNot
[junit4:junit4]   1> sysout from nested test: 
[junit4:junit4]   1> 
[junit4:junit4]   1> syserr from nested test: 
[junit4:junit4] ERROR   0.01s J3 | TestSameRandomnessLocalePassedOrNot.testSetupWithoutLocale <<<
[junit4:junit4]    > Throwable #1: java.lang.NullPointerException
[junit4:junit4]    > 	at java.util.Hashtable.put(Hashtable.java:775)
[junit4:junit4]    > 	at java.util.Properties.setProperty(Properties.java:621)
[junit4:junit4]    > 	at java.lang.System.setProperty(System.java:403)
[junit4:junit4]    > 	at org.apache.lucene.util.junitcompat.TestSameRandomnessLocalePassedOrNot.testSetupWithoutLocale(TestSameRandomnessLocalePassedOrNot.java:74)
[junit4:junit4]    > 	at sun.reflect.NativeMethodAccessorImpl.invoke0(Native Method)
[junit4:junit4]    > 	at sun.reflect.NativeMethodAccessorImpl.invoke(NativeMethodAccessorImpl.java:60)
[junit4:junit4]    > 	at sun.reflect.DelegatingMethodAccessorImpl.invoke(DelegatingMethodAccessorImpl.java:37)
[junit4:junit4]    > 	at java.lang.reflect.Method.invoke(Method.java:611)
[junit4:junit4]    > 	at org.junit.runners.model.FrameworkMethod$1.runReflectiveCall(FrameworkMethod.java:45)
[junit4:junit4]    > 	at org.junit.internal.runners.model.ReflectiveCallable.run(ReflectiveCallable.java:15)
[junit4:junit4]    > 	at org.junit.runners.model.FrameworkMethod.invokeExplosively(FrameworkMethod.java:42)
[junit4:junit4]    > 	at org.junit.internal.runners.statements.InvokeMethod.evaluate(InvokeMethod.java:20)
[junit4:junit4]    > 	at org.junit.internal.runners.statements.RunBefores.evaluate(RunBefores.java:28)
[junit4:junit4]    > 	at org.junit.internal.runners.statements.RunAfters.evaluate(RunAfters.java:30)
[junit4:junit4]    > 	at com.carrotsearch.randomizedtesting.rules.SystemPropertiesRestoreRule$1.evaluate(SystemPropertiesRestoreRule.java:53)
[junit4:junit4]    > 	at org.apache.lucene.util.TestRuleMarkFailure$1.evaluate(TestRuleMarkFailure.java:48)
[junit4:junit4]    > 	at com.carrotsearch.randomizedtesting.rules.StatementAdapter.evaluate(StatementAdapter.java:36)
[junit4:junit4]    > 	at com.carrotsearch.randomizedtesting.rules.SystemPropertiesRestoreRule$1.evaluate(SystemPropertiesRestoreRule.java:53)
[junit4:junit4]    > 	at org.junit.rules.RunRules.evaluate(RunRules.java:18)
[junit4:junit4]    > 	at org.junit.runners.ParentRunner.runLeaf(ParentRunner.java:263)
[junit4:junit4]    > 	at org.junit.runners.BlockJUnit4ClassRunner.runChild(BlockJUnit4ClassRunner.java:68)
[junit4:junit4]    > 	at org.junit.runners.BlockJUnit4ClassRunner.runChild(BlockJUnit4ClassRunner.java:47)
[junit4:junit4]    > 	at org.junit.runners.ParentRunner$3.run(ParentRunner.java:231)
[junit4:junit4]    > 	at org.junit.runners.ParentRunner$1.schedule(ParentRunner.java:60)
[junit4:junit4]    > 	at org.junit.runners.ParentRunner.runChildren(ParentRunner.java:229)
[junit4:junit4]    > 	at org.junit.runners.ParentRunner.access$000(ParentRunner.java:50)
[junit4:junit4]    > 	at org.junit.runners.ParentRunner$2.evaluate(ParentRunner.java:222)
[junit4:junit4]    > 	at com.carrotsearch.randomizedtesting.rules.SystemPropertiesRestoreRule$1.evaluate(SystemPropertiesRestoreRule.java:53)
[junit4:junit4]    > 	at org.junit.rules.RunRules.evaluate(RunRules.java:18)
[junit4:junit4]    > 	at org.junit.runners.ParentRunner.run(ParentRunner.java:300)
[junit4:junit4]    > 	at com.carrotsearch.ant.tasks.junit4.slave.SlaveMain.execute(SlaveMain.java:180)
[junit4:junit4]    > 	at com.carrotsearch.ant.tasks.junit4.slave.SlaveMain.main(SlaveMain.java:275)
[junit4:junit4]    > 	at com.carrotsearch.ant.tasks.junit4.slave.SlaveMainSafe.main(SlaveMainSafe.java:12)
[junit4:junit4] Completed on J3 in 0.02s, 1 test, 1 error <<< FAILURES!
[junit4:junit4] 
[junit4:junit4] Suite: org.apache.lucene.search.TestSubScorerFreqs
[junit4:junit4] Completed on J2 in 0.00s, 3 tests, 3 skipped
[junit4:junit4] 
[junit4:junit4] Suite: org.apache.lucene.store.TestFileSwitchDirectory
[junit4:junit4] Completed on J3 in 0.00s, 4 tests, 4 skipped
[junit4:junit4] 
[junit4:junit4] Suite: org.apache.lucene.search.TestDateFilter
[junit4:junit4] Completed on J2 in 0.00s, 2 tests, 2 skipped
[junit4:junit4] 
[junit4:junit4] Suite: org.apache.lucene.search.spans.TestSpansAdvanced
[junit4:junit4] Completed on J3 in 0.00s, 1 test, 1 skipped
[junit4:junit4] 
[junit4:junit4] Suite: org.apache.lucene.search.TestBooleanScorer
[junit4:junit4] Completed on J2 in 0.01s, 3 tests, 3 skipped
[junit4:junit4] 
[junit4:junit4] Suite: org.apache.lucene.search.TestConstantScoreQuery
[junit4:junit4] Completed on J3 in 0.00s, 3 tests, 3 skipped
[junit4:junit4] 
[junit4:junit4] Suite: org.apache.lucene.search.TestPhrasePrefixQuery
[junit4:junit4] Completed on J2 in 0.00s, 1 test, 1 skipped
[junit4:junit4] 
[junit4:junit4] Suite: org.apache.lucene.util.TestRecyclingByteBlockAllocator
[junit4:junit4] Completed on J3 in 0.00s, 3 tests, 3 skipped
[junit4:junit4] 
[junit4:junit4] Suite: org.apache.lucene.document.TestDateTools
[junit4:junit4] Completed on J2 in 0.00s, 5 tests, 5 skipped
[junit4:junit4] 
[junit4:junit4] Suite: org.apache.lucene.index.TestParallelTermEnum
[junit4:junit4] Completed on J3 in 0.00s, 1 test, 1 skipped
[junit4:junit4] 
[junit4:junit4] Suite: org.apache.lucene.index.TestReaderClosed
[junit4:junit4] Completed on J2 in 0.00s, 2 tests, 2 skipped
[junit4:junit4] 
[junit4:junit4] Suite: org.apache.lucene.search.TestElevationComparator
[junit4:junit4] Completed on J3 in 0.00s, 1 test, 1 skipped
[junit4:junit4] 
[junit4:junit4] Suite: org.apache.lucene.search.TestExplanations
[junit4:junit4] Completed on J2 in 0.00s, 1 test, 1 skipped
[junit4:junit4] 
[junit4:junit4] Suite: org.apache.lucene.search.TestFieldCacheTermsFilter
[junit4:junit4] Completed on J3 in 0.00s, 1 test, 1 skipped
[junit4:junit4] 
[junit4:junit4] Suite: org.apache.lucene.search.TestMatchAllDocsQuery
[junit4:junit4] Completed on J2 in 0.00s, 2 tests, 2 skipped
[junit4:junit4] 
[junit4:junit4] Suite: org.apache.lucene.search.TestNot
[junit4:junit4] Completed on J3 in 0.00s, 1 test, 1 skipped
[junit4:junit4] 
[junit4:junit4] Suite: org.apache.lucene.search.TestAutomatonQueryUnicode
[junit4:junit4] Completed on J2 in 0.00s, 1 test, 1 skipped
[junit4:junit4] 
[junit4:junit4] Suite: org.apache.lucene.search.TestTopScoreDocCollector
[junit4:junit4] Completed on J3 in 0.00s, 1 test, 1 skipped
[junit4:junit4] 
[junit4:junit4] Suite: org.apache.lucene.index.TestIndexWriterExceptions
[junit4:junit4] Completed on J0 in 6.44s, 25 tests
[junit4:junit4] 
[junit4:junit4] Suite: org.apache.lucene.index.TestIsCurrent
[junit4:junit4] Completed on J0 in 0.03s, 2 tests
[junit4:junit4] 
[junit4:junit4] Suite: org.apache.lucene.store.TestLock
[junit4:junit4] Completed on J2 in 0.00s, 1 test, 1 skipped
[junit4:junit4] 
[junit4:junit4] Suite: org.apache.lucene.util.TestPriorityQueue
[junit4:junit4] Completed on J3 in 0.01s, 4 tests, 4 skipped
[junit4:junit4] 
[junit4:junit4] Suite: org.apache.lucene.util.TestRecyclingIntBlockAllocator
[junit4:junit4] Completed on J0 in 0.04s, 3 tests
[junit4:junit4] 
[junit4:junit4] Suite: org.apache.lucene.util.TestVirtualMethod
[junit4:junit4] Completed on J2 in 0.01s, 2 tests, 2 skipped
[junit4:junit4] 
[junit4:junit4] Suite: org.apache.lucene.index.TestNoMergePolicy
[junit4:junit4] Completed on J3 in 0.01s, 4 tests, 4 skipped
[junit4:junit4] 
[junit4:junit4] Suite: org.apache.lucene.search.TestNGramPhraseQuery
[junit4:junit4] Completed on J0 in 0.02s, 1 test
[junit4:junit4] 
[junit4:junit4] Suite: org.apache.lucene.util.TestNamedSPILoader
[junit4:junit4] Completed on J2 in 0.01s, 3 tests, 3 skipped
[junit4:junit4] 
[junit4:junit4] Suite: org.apache.lucene.analysis.TestMockCharFilter
[junit4:junit4] Completed on J3 in 0.01s, 1 test, 1 skipped
[junit4:junit4] 
[junit4:junit4] Suite: org.apache.lucene.index.TestFieldInfos
[junit4:junit4] Completed on J0 in 0.02s, 2 tests
[junit4:junit4] 
[junit4:junit4] Suite: org.apache.lucene.search.MultiCollectorTest
[junit4:junit4] Completed on J2 in 0.01s, 3 tests, 3 skipped
[junit4:junit4] 
[junit4:junit4] Suite: org.apache.lucene.search.TestScoreCachingWrappingScorer
[junit4:junit4] Completed on J3 in 0.00s, 1 test, 1 skipped
[junit4:junit4] 
[junit4:junit4] Suite: org.apache.lucene.analysis.TestNumericTokenStream
[junit4:junit4] Completed on J0 in 0.03s, 4 tests
[junit4:junit4] 
[junit4:junit4] Suite: org.apache.lucene.index.TestIndexWriterLockRelease
[junit4:junit4] Completed on J2 in 0.00s, 1 test, 1 skipped
[junit4:junit4] 
[junit4:junit4] Suite: org.apache.lucene.util.TestCloseableThreadLocal
[junit4:junit4] Completed on J3 in 0.01s, 3 tests, 3 skipped
[junit4:junit4] 
[junit4:junit4] Suite: org.apache.lucene.util.TestVersionComparator
[junit4:junit4] Completed on J0 in 0.02s, 1 test
[junit4:junit4] 
[junit4:junit4] Suite: org.apache.lucene.index.TestNewestSegment
[junit4:junit4] Completed on J2 in 0.01s, 1 test, 1 skipped
[junit4:junit4] 
[junit4:junit4] Suite: org.apache.lucene.analysis.tokenattributes.TestSimpleAttributeImpl
[junit4:junit4] Completed on J3 in 0.01s, 1 test, 1 skipped
[junit4:junit4] 
[junit4:junit4] Suite: org.apache.lucene.index.TestTermdocPerf
[junit4:junit4] Completed on J0 in 0.02s, 1 test
[junit4:junit4] 
[junit4:junit4] Suite: org.apache.lucene.util.TestIOUtils
[junit4:junit4] Completed on J2 in 0.00s, 1 test, 1 skipped
[junit4:junit4] 
[junit4:junit4] Suite: org.apache.lucene.index.TestTerm
[junit4:junit4] Completed on J3 in 0.00s, 1 test, 1 skipped
[junit4:junit4] 
[junit4:junit4] Suite: org.apache.lucene.TestWorstCaseTestBehavior
[junit4:junit4] Completed on J0 in 0.02s, 6 tests, 6 skipped
[junit4:junit4] 
[junit4:junit4] Suite: org.apache.lucene.codecs.compressing.TestCompressingStoredFieldsFormat
[junit4:junit4] Completed on J2 in 0.01s, 6 tests, 6 skipped
[junit4:junit4] 
[junit4:junit4] Suite: org.apache.lucene.codecs.compressing.TestFastCompressionMode
[junit4:junit4] Completed on J3 in 0.00s, 8 tests, 8 skipped
[junit4:junit4] 
[junit4:junit4] Suite: org.apache.lucene.codecs.lucene40.TestLucene40PostingsFormat
[junit4:junit4] Completed on J2 in 0.00s, 7 tests, 7 skipped
[junit4:junit4] 
[junit4:junit4] Suite: org.apache.lucene.codecs.lucene41.TestBlockPostingsFormat2
[junit4:junit4] Completed on J3 in 0.00s, 4 tests, 4 skipped
[junit4:junit4] 
[junit4:junit4] Suite: org.apache.lucene.codecs.lucene41.TestForUtil
[junit4:junit4] Completed on J2 in 0.00s, 1 test, 1 skipped
[junit4:junit4] 
[junit4:junit4] Suite: org.apache.lucene.codecs.perfield.TestPerFieldPostingsFormat2
[junit4:junit4] Completed on J3 in 0.01s, 5 tests, 5 skipped
[junit4:junit4] 
[junit4:junit4] Suite: org.apache.lucene.codecs.compressing.TestFastDecompressionMode
[junit4:junit4] Completed on J0 in 0.59s, 8 tests
[junit4:junit4] 
[junit4:junit4] Suite: org.apache.lucene.index.Test2BPostingsBytes
[junit4:junit4] Completed on J2 in 0.01s, 1 test, 1 skipped
[junit4:junit4] 
[junit4:junit4] Suite: org.apache.lucene.index.TestAllFilesHaveCodecHeader
[junit4:junit4] Completed on J3 in 0.00s, 1 test, 1 skipped
[junit4:junit4] 
[junit4:junit4] Suite: org.apache.lucene.index.TestBagOfPositions
[junit4:junit4] Completed on J0 in 0.23s, 1 test
[junit4:junit4] 
[junit4:junit4] Suite: org.apache.lucene.index.TestIntBlockPool
[junit4:junit4] Completed on J2 in 0.00s, 2 tests, 2 skipped
[junit4:junit4] 
[junit4:junit4] Suite: org.apache.lucene.index.TestPayloadsOnVectors
[junit4:junit4] Completed on J3 in 0.00s, 4 tests, 4 skipped
[junit4:junit4] 
[junit4:junit4] Suite: org.apache.lucene.search.TestBooleanQueryVisitSubscorers
[junit4:junit4] Completed on J2 in 0.00s, 3 tests, 3 skipped
[junit4:junit4] 
[junit4:junit4] Suite: org.apache.lucene.search.TestConjunctions
[junit4:junit4] Completed on J3 in 0.00s, 1 test, 1 skipped
[junit4:junit4] 
[junit4:junit4] Suite: org.apache.lucene.search.TestLiveFieldValues
[junit4:junit4] Completed on J2 in 0.01s, 1 test, 1 skipped
[junit4:junit4] 
[junit4:junit4] Suite: org.apache.lucene.store.TestMockDirectoryWrapper
[junit4:junit4] Completed on J3 in 0.00s, 2 tests, 2 skipped
[junit4:junit4] 
[junit4:junit4] Suite: org.apache.lucene.index.TestPostingsFormat
[junit4:junit4] Completed on J0 in 0.52s, 7 tests
[junit4:junit4] 
[junit4:junit4] Suite: org.apache.lucene.util.fst.Test2BFST
[junit4:junit4] Completed on J2 in 0.00s, 1 test, 1 skipped
[junit4:junit4] 
[junit4:junit4] JVM J3: stderr was not empty, see: /l/trunk/lucene/build/core/test/temp/junit4-J3-20130131_071845_036.syserr
[junit4:junit4] >>> JVM J3: stderr (verbatim) ----
[junit4:junit4] Jan 31, 2013 7:18:46 AM com.carrotsearch.randomizedtesting.ThreadLeakControl checkThreadLeaks
[junit4:junit4] WARNING: Will linger awaiting termination of 1 leaked thread(s).
[junit4:junit4] Jan 31, 2013 7:19:06 AM com.carrotsearch.randomizedtesting.ThreadLeakControl checkThreadLeaks
[junit4:junit4] SEVERE: 1 thread leaked from SUITE scope at org.apache.lucene.index.Test2BPostings: 
[junit4:junit4]    1) Thread[id=19, name=Thread-6, state=TIMED_WAITING, group=TGRP-Test2BPostings]
[junit4:junit4]         at java.lang.Object.wait(Native Method)
[junit4:junit4]         at java.lang.Object.wait(Object.java:196)
[junit4:junit4]         at java.util.Timer$TimerImpl.run(Timer.java:247)
[junit4:junit4] Jan 31, 2013 7:19:06 AM com.carrotsearch.randomizedtesting.ThreadLeakControl tryToInterruptAll
[junit4:junit4] INFO: Starting to interrupt leaked threads:
[junit4:junit4]    1) Thread[id=19, name=Thread-6, state=TIMED_WAITING, group=TGRP-Test2BPostings]
[junit4:junit4] Jan 31, 2013 7:19:09 AM com.carrotsearch.randomizedtesting.ThreadLeakControl tryToInterruptAll
[junit4:junit4] SEVERE: There are still zombie threads that couldn't be terminated:
[junit4:junit4]    1) Thread[id=19, name=Thread-6, state=TIMED_WAITING, group=TGRP-Test2BPostings]
[junit4:junit4]         at java.lang.Object.wait(Native Method)
[junit4:junit4]         at java.lang.Object.wait(Object.java:196)
[junit4:junit4]         at java.util.Timer$TimerImpl.run(Timer.java:247)
[junit4:junit4] <<< JVM J3: EOF ----
[junit4:junit4] JVM J0: stderr was not empty, see: /l/trunk/lucene/build/core/test/temp/junit4-J0-20130131_071845_036.syserr
[junit4:junit4] >>> JVM J0: stderr (verbatim) ----
[junit4:junit4] 2013 Ean 31 06:19:05 com.carrotsearch.randomizedtesting.RandomizedRunner$QueueUncaughtExceptionsHandler uncaughtException
[junit4:junit4] WARNING: Uncaught exception in thread: Thread[Thread-236,5,TGRP-TestSeedFromUncaught$ThrowInUncaught]
[junit4:junit4] Throwable occurred: java.lang.RuntimeException: foobar
[junit4:junit4] 	at __randomizedtesting.SeedInfo.seed([79F17EDF11597D20]:0)
[junit4:junit4] 	at org.apache.lucene.util.junitcompat.TestSeedFromUncaught$ThrowInUncaught$1.run(TestSeedFromUncaught.java:38)
[junit4:junit4] <<< JVM J0: EOF ----
[junit4:junit4] JVM J2: stderr was not empty, see: /l/trunk/lucene/build/core/test/temp/junit4-J2-20130131_071845_036.syserr
[junit4:junit4] >>> JVM J2: stderr (verbatim) ----
[junit4:junit4] Jan 31, 2013 7:18:46 AM com.carrotsearch.randomizedtesting.ThreadLeakControl checkThreadLeaks
[junit4:junit4] WARNING: Will linger awaiting termination of 1 leaked thread(s).
[junit4:junit4] Jan 31, 2013 7:19:06 AM com.carrotsearch.randomizedtesting.ThreadLeakControl checkThreadLeaks
[junit4:junit4] SEVERE: 1 thread leaked from SUITE scope at org.apache.lucene.index.Test4GBStoredFields: 
[junit4:junit4]    1) Thread[id=19, name=Thread-6, state=TIMED_WAITING, group=TGRP-Test4GBStoredFields]
[junit4:junit4]         at java.lang.Object.wait(Native Method)
[junit4:junit4]         at java.lang.Object.wait(Object.java:196)
[junit4:junit4]         at java.util.Timer$TimerImpl.run(Timer.java:247)
[junit4:junit4] Jan 31, 2013 7:19:06 AM com.carrotsearch.randomizedtesting.ThreadLeakControl tryToInterruptAll
[junit4:junit4] INFO: Starting to interrupt leaked threads:
[junit4:junit4]    1) Thread[id=19, name=Thread-6, state=TIMED_WAITING, group=TGRP-Test4GBStoredFields]
[junit4:junit4] Jan 31, 2013 7:19:09 AM com.carrotsearch.randomizedtesting.ThreadLeakControl tryToInterruptAll
[junit4:junit4] SEVERE: There are still zombie threads that couldn't be terminated:
[junit4:junit4]    1) Thread[id=19, name=Thread-6, state=TIMED_WAITING, group=TGRP-Test4GBStoredFields]
[junit4:junit4]         at java.lang.Object.wait(Native Method)
[junit4:junit4]         at java.lang.Object.wait(Object.java:196)
[junit4:junit4]         at java.util.Timer$TimerImpl.run(Timer.java:247)
[junit4:junit4] <<< JVM J2: EOF ----
[junit4:junit4] Suite: org.apache.lucene.store.TestLockFactory
[junit4:junit4] IGNOR/A 0.22s J1 | TestLockFactory.testStressLocksNativeFSLockFactory
[junit4:junit4]    > Assumption #1: 'nightly' test group is disabled (@Nightly)
[junit4:junit4] IGNOR/A 0.00s J1 | TestLockFactory.testStressLocks
[junit4:junit4]    > Assumption #1: 'nightly' test group is disabled (@Nightly)
[junit4:junit4]   2> NOTE: test params are: codec=Lucene41: {content=MockVariableIntBlock(baseBlockSize=79)}, sim=DefaultSimilarity, locale=ro_RO, timezone=IET
[junit4:junit4]   2> NOTE: Linux 3.2.0-23-generic amd64/IBM Corporation 1.6.0 (64-bit)/cpus=8,threads=2,free=2692264,total=20556800
[junit4:junit4]   2> NOTE: All tests run in this JVM: [TestTransactionRollback, TestOmitTf, TestBasicOperations, TestSameTokenSamePosition, TestFlex, TestPayloads, TestSpecialOperations, TestMultiTermConstantScore, TestPayloadSpans, TestToken, TestRamUsageEstimatorOnWildAnimals, TestIndexWriterMerging, TestCachingTokenFilter, Test2BDocs, TestSegmentReader, TestPostingsOffsets, TestTopDocsMerge, TestPositiveScoresOnlyCollector, TestIntsRef, Nested, Nested1, TestFilterIterator, TestNumericRangeQuery64, TestLazyProxSkipping, TestDocIdSet, TestBufferedIndexInput, Nested1, TestPayloadTermQuery, TestIndexWriterConfig, TestVersion, TestFilterAtomicReader, TestAttributeSource, TestSnapshotDeletionPolicy, TestSpanExplanationsOfNonMatches, TestStressAdvance, TestSpans, TestMaxTermFrequency, TestLockFactory]
[junit4:junit4]   2> NOTE: reproduce with: ant test  -Dtestcase=TestLockFactory -Dtests.seed=79F17EDF11597D20 -Dtests.slow=true -Dtests.locale=ro_RO -Dtests.timezone=IET -Dtests.file.encoding=ISO-8859-1
[junit4:junit4] ERROR   0.00s J1 | TestLockFactory (suite) <<<
[junit4:junit4]    > Throwable #1: com.carrotsearch.randomizedtesting.ThreadLeakError: 1 thread leaked from SUITE scope at org.apache.lucene.store.TestLockFactory: 
[junit4:junit4]    >    1) Thread[id=154, name=Thread-64, state=TIMED_WAITING, group=TGRP-TestLockFactory]
[junit4:junit4]    >         at java.lang.Object.wait(Native Method)
[junit4:junit4]    >         at java.lang.Object.wait(Object.java:196)
[junit4:junit4]    >         at java.util.Timer$TimerImpl.run(Timer.java:247)
[junit4:junit4]    > 	at __randomizedtesting.SeedInfo.seed([79F17EDF11597D20]:0)
[junit4:junit4]    > Throwable #2: com.carrotsearch.randomizedtesting.ThreadLeakError: There are still zombie threads that couldn't be terminated:
[junit4:junit4]    >    1) Thread[id=154, name=Thread-64, state=TIMED_WAITING, group=TGRP-TestLockFactory]
[junit4:junit4]    >         at java.lang.Object.wait(Native Method)
[junit4:junit4]    >         at java.lang.Object.wait(Object.java:196)
[junit4:junit4]    >         at java.util.Timer$TimerImpl.run(Timer.java:247)
[junit4:junit4]    > 	at __randomizedtesting.SeedInfo.seed([79F17EDF11597D20]:0)
[junit4:junit4] Completed on J1 in 24.36s, 11 tests, 2 errors, 2 skipped <<< FAILURES!
[junit4:junit4] 
[junit4:junit4] Suite: org.apache.lucene.TestSearchForDuplicates
[junit4:junit4] Completed on J1 in 0.01s, 1 test, 1 skipped
[junit4:junit4] 
[junit4:junit4] Suite: org.apache.lucene.index.TestIndexWriterMergePolicy
[junit4:junit4] Completed on J1 in 0.01s, 7 tests, 7 skipped
[junit4:junit4] 
[junit4:junit4] Suite: org.apache.lucene.index.TestDocumentsWriterDeleteQueue
[junit4:junit4] Completed on J1 in 0.01s, 5 tests, 5 skipped
[junit4:junit4] 
[junit4:junit4] JVM J1: stderr was not empty, see: /l/trunk/lucene/build/core/test/temp/junit4-J1-20130131_071845_036.syserr
[junit4:junit4] >>> JVM J1: stderr (verbatim) ----
[junit4:junit4] Jan 31, 2013 7:19:14 AM com.carrotsearch.randomizedtesting.ThreadLeakControl checkThreadLeaks
[junit4:junit4] WARNING: Will linger awaiting termination of 1 leaked thread(s).
[junit4:junit4] Jan 31, 2013 7:19:34 AM com.carrotsearch.randomizedtesting.ThreadLeakControl checkThreadLeaks
[junit4:junit4] SEVERE: 1 thread leaked from SUITE scope at org.apache.lucene.store.TestLockFactory: 
[junit4:junit4]    1) Thread[id=154, name=Thread-64, state=TIMED_WAITING, group=TGRP-TestLockFactory]
[junit4:junit4]         at java.lang.Object.wait(Native Method)
[junit4:junit4]         at java.lang.Object.wait(Object.java:196)
[junit4:junit4]         at java.util.Timer$TimerImpl.run(Timer.java:247)
[junit4:junit4] Jan 31, 2013 7:19:34 AM com.carrotsearch.randomizedtesting.ThreadLeakControl tryToInterruptAll
[junit4:junit4] INFO: Starting to interrupt leaked threads:
[junit4:junit4]    1) Thread[id=154, name=Thread-64, state=TIMED_WAITING, group=TGRP-TestLockFactory]
[junit4:junit4] Jan 31, 2013 7:19:37 AM com.carrotsearch.randomizedtesting.ThreadLeakControl tryToInterruptAll
[junit4:junit4] SEVERE: There are still zombie threads that couldn't be terminated:
[junit4:junit4]    1) Thread[id=154, name=Thread-64, state=TIMED_WAITING, group=TGRP-TestLockFactory]
[junit4:junit4]         at java.lang.Object.wait(Native Method)
[junit4:junit4]         at java.lang.Object.wait(Object.java:196)
[junit4:junit4]         at java.util.Timer$TimerImpl.run(Timer.java:247)
[junit4:junit4] <<< JVM J1: EOF ----
[junit4:junit4] 
[junit4:junit4] Tests with failures (first 10 out of 26):
[junit4:junit4]   - org.apache.lucene.index.Test4GBStoredFields (suite)
[junit4:junit4]   - org.apache.lucene.index.Test2BPostings (suite)
[junit4:junit4]   - org.apache.lucene.util.junitcompat.TestReproduceMessage.testFailureBeforeClass
[junit4:junit4]   - org.apache.lucene.util.junitcompat.TestReproduceMessage.testFailureInitializer
[junit4:junit4]   - org.apache.lucene.util.junitcompat.TestReproduceMessage.testFailureRule
[junit4:junit4]   - org.apache.lucene.util.junitcompat.TestReproduceMessage.testFailureBefore
[junit4:junit4]   - org.apache.lucene.util.junitcompat.TestReproduceMessage.testFailureTest
[junit4:junit4]   - org.apache.lucene.util.junitcompat.TestReproduceMessage.testFailureAfter
[junit4:junit4]   - org.apache.lucene.util.junitcompat.TestReproduceMessage.testFailureAfterClass
[junit4:junit4]   - org.apache.lucene.util.junitcompat.TestReproduceMessage.testErrorBeforeClass
[junit4:junit4] 
[junit4:junit4] 
[junit4:junit4] JVM J0:     0.73 ..    46.02 =    45.30s
[junit4:junit4] JVM J1:     0.94 ..    52.93 =    51.99s
[junit4:junit4] JVM J2:     0.71 ..    46.05 =    45.34s
[junit4:junit4] JVM J3:     0.71 ..    45.91 =    45.20s
[junit4:junit4] Execution time total: 52 seconds
[junit4:junit4] Tests summary: 327 suites, 1869 tests, 6 suite-level errors, 1 error, 22 failures, 1350 ignored (4 assumptions)

BUILD FAILED
/l/trunk/lucene/common-build.xml:1176: The following error occurred while executing this line:
/l/trunk/lucene/common-build.xml:841: There were test failures: 327 suites, 1869 tests, 6 suite-level errors, 1 error, 22 failures, 1350 ignored (4 assumptions)

