Buildfile: c:\Work\lucene-solr\lucene\build.xml

test-core:

jflex-uptodate-check:

jflex-notice:

javacc-uptodate-check:

javacc-notice:

init:

clover.setup:

clover.info:
     [echo] 
     [echo]       Clover not found. Code coverage reports disabled.
     [echo]   	

clover:

common.compile-core:
    [javac] Compiling 1 source file to c:\Work\lucene-solr\lucene\build\core\classes\java
    [javac] warning: [options] bootstrap class path not set in conjunction with -source 1.6
    [javac] 1 warning

compile-core:

compile-test-framework:

init:

compile-lucene-core:

jflex-uptodate-check:

jflex-notice:

javacc-uptodate-check:

javacc-notice:

init:

clover.setup:

clover.info:
     [echo] 
     [echo]       Clover not found. Code coverage reports disabled.
     [echo]   	

clover:

common.compile-core:
    [javac] Compiling 1 source file to c:\Work\lucene-solr\lucene\build\core\classes\java
    [javac] warning: [options] bootstrap class path not set in conjunction with -source 1.6
    [javac] 1 warning

compile-core:

compile-core:

compile-test:

compile-tools:

init:

compile-core:

validate:

junit-mkdir:

junit-sequential:

junit-parallel:
   [junit4] <JUnit4> says hello. Random seed: deadbeef
   [junit4] Expected execution time on slave 0:    89.37s
   [junit4] Expected execution time on slave 1:    89.37s
   [junit4] Expected execution time on slave 2:    89.37s
   [junit4] Expected execution time on slave 3:    89.37s
   [junit4] Executing 284 suites with 4 JVMs.
   [junit4] OK      1.37s S3 | TestDoubleBarrelLRUCache.testThreadCorrectness
   [junit4] OK      0.00s S3 | TestDoubleBarrelLRUCache.testLRUCache
   [junit4] OK      0.97s S3 | TestDeterminism.testRegexps
   [junit4] OK      0.36s S3 | TestDeterminism.testAgainstSimple
   [junit4] OK      0.85s S0 | TestPayloadSpans.testNestedSpans
   [junit4] OK      0.36s S0 | TestPayloadSpans.testFirstClauseWithoutPayload
   [junit4] OK      0.27s S0 | TestPayloadSpans.testSpanNot
   [junit4] OK      0.17s S0 | TestPayloadSpans.testShrinkToAfterShortestMatch
   [junit4] OK      0.12s S0 | TestPayloadSpans.testSpanFirst
   [junit4] OK      0.09s S0 | TestPayloadSpans.testSpanTermQuery
   [junit4] OK      0.68s S0 | TestPayloadSpans.testHeavilyNestedSpanQuery
   [junit4] OK      0.10s S0 | TestPayloadSpans.testPayloadSpanUtil
   [junit4] OK      0.44s S2 | TestSpans.testSpanOrUnused
   [junit4] OK      0.19s S0 | TestPayloadSpans.testShrinkToAfterShortestMatch3
   [junit4] OK      0.20s S2 | TestSpans.testSpanNearOrdered01
   [junit4] OK      0.13s S0 | TestPayloadSpans.testShrinkToAfterShortestMatch2
   [junit4] OK      0.20s S2 | TestSpans.testSpanNearOrderedEqual01
   [junit4] OK      0.04s S2 | TestSpans.testSpanOrDoubleSkip
   [junit4] OK      0.16s S2 | TestSpans.testSpanNearOrderedEqual12
   [junit4] OK      0.03s S2 | TestSpans.testSpanOrMovesForward
   [junit4] OK      0.07s S2 | TestSpans.testSpanNearOrdered03
   [junit4] OK      0.08s S2 | TestSpans.testSpanNearOrdered04
   [junit4] OK      0.08s S2 | TestSpans.testSpanNearOrderedEqual15
   [junit4] OK      0.06s S2 | TestSpans.testSpanNearOrderedEqual04
   [junit4] OK      0.05s S2 | TestSpans.testSpanNearOrderedEqual11
   [junit4] OK      0.02s S2 | TestSpans.testSpanNearOrderedOverlap
   [junit4] OK      0.02s S2 | TestSpans.testSpanScorerZeroSloppyFreq
   [junit4] OK      0.05s S2 | TestSpans.testSpanNearOrderedEqual02
   [junit4] OK      0.33s S2 | TestSpans.testSpanNearOrderedEqual03
   [junit4] OK      0.06s S2 | TestSpans.testNPESpanQuery
   [junit4] OK      0.03s S2 | TestSpans.testSpanNearUnOrdered
   [junit4] OK      0.06s S2 | TestSpans.testSpanNearOrdered02
   [junit4] OK      0.02s S2 | TestSpans.testSpanOrEmpty
   [junit4] OK      0.52s S2 | TestSpans.testSpanNearOrderedEqual14
   [junit4] OK      0.30s S2 | TestSpans.testSpanNearOrdered05
   [junit4] OK      0.04s S2 | TestSpans.testSpanOrDouble
   [junit4] OK      0.05s S2 | TestSpans.testSpanNearOrderedEqual13
   [junit4] OK      0.02s S2 | TestSpans.testSpanOrTripleSameDoc
   [junit4] OK      0.02s S2 | TestSpans.testSpanOrSingle
   [junit4] OK      0.00s S2 | TestArrayUtil.testGrowth
   [junit4] OK      0.01s S2 | TestArrayUtil.testInvalidElementSizes
   [junit4] OK      0.07s S2 | TestArrayUtil.testInsertionSort
   [junit4] OK      0.00s S2 | TestArrayUtil.testEmptyArraySort
   [junit4] OK      0.93s S2 | TestArrayUtil.testQuickToMergeSortFallback
   [junit4] OK      0.00s S2 | TestArrayUtil.testMergeSortStability
   [junit4] OK      0.24s S2 | TestArrayUtil.testQuickSort
   [junit4] OK      0.00s S2 | TestArrayUtil.testParseInt
   [junit4] OK      0.00s S2 | TestArrayUtil.testSliceEquals
   [junit4] OK      0.00s S2 | TestArrayUtil.testMaxSize
   [junit4] OK      0.76s S2 | TestArrayUtil.testMergeSort
   [junit4] OK      2.48s S0 | TestHugeRamFile.testHugeFile
   [junit4] OK      1.24s S0 | TestFuzzyQuery2.testFromTestData
   [junit4] OK      0.54s S2 | TestDisjunctionMaxQuery.testSkipToFirsttimeHit
   [junit4] OK      0.25s S2 | TestDisjunctionMaxQuery.testSimpleEqualScores3
   [junit4] OK      0.21s S2 | TestDisjunctionMaxQuery.testBooleanOptionalWithTiebreakerAndBoost
   [junit4] OK      0.19s S2 | TestDisjunctionMaxQuery.testBooleanOptionalNoTiebreaker
   [junit4] OK      0.32s S2 | TestDisjunctionMaxQuery.testBooleanRequiredEqualScores
   [junit4] OK      0.07s S2 | TestDisjunctionMaxQuery.testSimpleEqualScores2
   [junit4] OK      0.08s S2 | TestDisjunctionMaxQuery.testSimpleEqualScores1
   [junit4] OK      0.05s S2 | TestDisjunctionMaxQuery.testSkipToFirsttimeMiss
   [junit4] OK      0.06s S2 | TestDisjunctionMaxQuery.testSimpleTiebreaker
   [junit4] OK      0.06s S2 | TestDisjunctionMaxQuery.testBooleanOptionalWithTiebreaker
   [junit4] OK      0.45s S0 | TestDoc.testIndexAndMerge
   [junit4] OK      4.47s S3 | TestFieldCacheRewriteMethod.testRegexps
   [junit4] OK      0.67s S1 | TestSort.testTypedSort
   [junit4] OK      1.94s S1 | TestSort.testStringSort
   [junit4] OK      0.09s S1 | TestSort.testNewCustomFieldParserSort
   [junit4] OK      0.11s S1 | TestSort.testEmptyStringVsNullStringSort
   [junit4] OK      0.85s S1 | TestSort.testOutOfOrderDocsScoringSortMulti
   [junit4] OK      2.98s S1 | TestSort.testParallelMultiSort
   [junit4] OK      0.11s S1 | TestSort.testTopDocsScores
   [junit4] OK      0.08s S1 | TestSort.testSortCombos
   [junit4] OK      0.07s S1 | TestSort.testSortWithScoreAndMaxScoreTrackingNoResults
   [junit4] OK      0.09s S1 | TestSort.testSortWithoutScoreTracking
   [junit4] OK      0.09s S1 | TestSort.testLUCENE2142
   [junit4] OK      0.11s S1 | TestSort.testReverseSort
   [junit4] OK      0.08s S1 | TestSort.testCustomFieldParserSort
   [junit4] OK      0.08s S1 | TestSort.testEmptyFieldSort
   [junit4] OK      0.07s S1 | TestSort.testBuiltInSorts
   [junit4] OK      0.06s S1 | TestSort.testSortWithScoreNoMaxScoreTracking
   [junit4] OK      0.16s S1 | TestSort.testEmptyIndex
   [junit4] OK      0.16s S1 | TestSort.testSortMissingLast
   [junit4] OK      0.05s S1 | TestSort.testSortWithScoreAndMaxScoreTracking
   [junit4] OK      0.06s S1 | TestSort.testCountingCollector
   [junit4] OK      0.06s S1 | TestSort.testSortWithScoreNoMaxScoreTrackingMulti
   [junit4] OK      0.07s S1 | TestSort.testOutOfOrderDocsScoringSort
   [junit4] OK      0.84s S1 | TestSort.testSortWithoutFillFields
   [junit4] OK      2.56s S0 | TestRegexpRandom2.testRegexps
   [junit4] OK      0.87s S1 | TestFixedBitSet.testSmall
   [junit4] OK      0.00s S1 | TestFixedBitSet.testHashCodeEquals
   [junit4] OK      0.00s S1 | TestFixedBitSet.testPrevSetBit
   [junit4] OK      0.00s S1 | TestFixedBitSet.testSmallBitSets
   [junit4] OK      0.00s S1 | TestFixedBitSet.testEquals
   [junit4] OK      1.83s S3 | TestCrash.testCrashAfterReopen
   [junit4] OK      0.17s S3 | TestCrash.testCrashWhileIndexing
   [junit4] OK      0.16s S3 | TestCrash.testCrashAfterCloseNoWait
   [junit4] OK      0.18s S3 | TestCrash.testCrashAfterClose
   [junit4] OK      0.33s S3 | TestCrash.testWriterAfterCrash
   [junit4] OK      0.45s S0 | TestMultiThreadTermVectors.test
   [junit4] OK      0.18s S1 | TestBooleanOr.testParenthesisMust2
   [junit4] OK      0.09s S1 | TestBooleanOr.testFlat
   [junit4] OK      0.07s S1 | TestBooleanOr.testParenthesisMust
   [junit4] OK      0.04s S1 | TestBooleanOr.testParenthesisShould
   [junit4] OK      0.12s S1 | TestBooleanOr.testElements
   [junit4] OK      0.41s S1 | TestTermInfosReaderIndex.testRandomSearchPerformance
   [junit4] OK      0.00s S1 | TestTermInfosReaderIndex.testCompareTo
   [junit4] OK      0.00s S1 | TestTermInfosReaderIndex.testSeekEnum
   [junit4] OK      0.46s S1 | TestPrefixRandom.testPrefixes
   [junit4] OK      0.96s S1 | TestCustomSearcherSort.testFieldSortSingleSearcher
   [junit4] OK      0.53s S1 | TestCustomSearcherSort.testFieldSortCustomSearcher
   [junit4] OK      0.78s S1 | TestFlushByRamOrCountsPolicy.testRandom
   [junit4] OK      0.16s S1 | TestFlushByRamOrCountsPolicy.testFlushByRamLargeBuffer
   [junit4] OK      0.95s S1 | TestFlushByRamOrCountsPolicy.testFlushDocCount
   [junit4] OK      0.37s S1 | TestFlushByRamOrCountsPolicy.testStallControl
   [junit4] OK      0.08s S1 | TestFlushByRamOrCountsPolicy.testFlushByRam
   [junit4] OK      5.53s S0 | TestDuelingCodecs.testEquals
   [junit4] OK      0.02s S0 | TestDocumentWriter.testTokenReuse
   [junit4] OK      0.02s S0 | TestDocumentWriter.testPositionIncrementGap
   [junit4] OK      0.03s S0 | TestDocumentWriter.testMixedTermVectorSettingsSameField
   [junit4] OK      0.02s S0 | TestDocumentWriter.testLUCENE_1590
   [junit4] OK      0.20s S0 | TestDocumentWriter.testAddDocument
   [junit4] OK      0.00s S0 | TestDocumentWriter.test
   [junit4] OK      0.01s S0 | TestDocumentWriter.testPreAnalyzedField
   [junit4] OK      0.36s S1 | TestDocsAndPositions.testRandomDocs
   [junit4] OK      0.01s S1 | TestDocsAndPositions.testDocsAndPositionsEnumStart
   [junit4] OK      0.25s S1 | TestDocsAndPositions.testRandomPositions
   [junit4] OK      0.01s S1 | TestDocsAndPositions.testPositionsSimple
   [junit4] OK      0.01s S1 | TestDocsAndPositions.testDocsEnumStart
   [junit4] OK      0.07s S1 | TestDocsAndPositions.testLargeNumberOfPositions
   [junit4] IGNOR/A 0.05s S2 | TestAddIndexes.testDocValues
   [junit4]    > Throwable #1: org.junit.internal.AssumptionViolatedException: got: <org.apache.lucene.util.InternalAssumptionViolatedException: failed assumption: preflex does not support docvalues>, expected: null
   [junit4]   2> NOTE: Assume failed in 'testDocValues(org.apache.lucene.index.TestAddIndexes)' (ignored): got: <org.apache.lucene.util.InternalAssumptionViolatedException: failed assumption: preflex does not support docvalues>, expected: null
   [junit4]   2>
   [junit4] OK      0.54s S2 | TestAddIndexes.testAddIndexesWithClose
   [junit4] OK      0.01s S2 | TestAddIndexes.testAddIndexMissingCodec
   [junit4] OK      0.16s S2 | TestAddIndexes.testNoCopySegments
   [junit4] OK      0.18s S2 | TestAddIndexes.testWithPendingDeletes
   [junit4] OK      0.45s S2 | TestAddIndexes.testMergeAfterCopy
   [junit4] OK      0.38s S2 | TestAddIndexes.testWithPendingDeletes3
   [junit4] OK      0.28s S2 | TestAddIndexes.testMoreMerges
   [junit4] OK      0.08s S2 | TestAddIndexes.testAddSelf
   [junit4] OK      0.43s S2 | TestAddIndexes.testAddIndexesWithRollback
   [junit4] OK      0.43s S2 | TestAddIndexes.testSimpleCase
   [junit4] OK      0.51s S2 | TestAddIndexes.testHangOnClose
   [junit4] OK      2.74s S2 | TestAddIndexes.testAddIndexesWithCloseNoWait
   [junit4] OK      0.12s S2 | TestAddIndexes.testWithPendingDeletes2
   [junit4] OK      2.18s S2 | TestAddIndexes.testAddIndexesWithThreads
   [junit4] OK      0.02s S2 | TestAddIndexes.testNonCFSLeftovers
   [junit4] OK      0.01s S2 | TestAddIndexes.testExistingDeletes
   [junit4] OK      0.54s S2 | TestAddIndexes.testSimpleCaseCustomCodec
   [junit4] OK      0.09s S2 | TestAddIndexes.testNoMergeAfterCopy
   [junit4] OK      0.07s S2 | TestAddIndexes.testNoTailSegments
   [junit4] OK      0.02s S2 | TestAddIndexes.testFieldNamesChanged
   [junit4] OK      0.13s S2 | TestTermVectors.testFullMergeAddDocs
   [junit4] OK      0.02s S2 | TestTermVectors.testFullMergeAddIndexesReader
   [junit4] OK      0.02s S2 | TestTermVectors.testFullMergeAddIndexesDir
   [junit4] OK      0.00s S2 | TestTermVectors.test
   [junit4] OK      0.01s S2 | TestTermVectors.testTermVectors
   [junit4] OK      0.01s S2 | TestTermVectors.testRareVectors
   [junit4] OK      0.00s S2 | TestTermVectors.testTermPositionVectors
   [junit4] OK      0.01s S2 | TestTermVectors.testTermOffsetVectors
   [junit4] OK      0.01s S2 | TestTermVectors.testTermVectorsFieldOrder
   [junit4] OK      0.01s S2 | TestTermVectors.testKnownSetOfDocuments
   [junit4] OK      0.01s S2 | TestTermVectors.testMixedVectrosVectors
   [junit4] OK      0.06s S2 | TestFieldCacheRangeFilter.testFieldCacheRangeFilterInts
   [junit4] OK      0.02s S2 | TestFieldCacheRangeFilter.testFieldCacheRangeFilterDoubles
   [junit4] OK      0.01s S2 | TestFieldCacheRangeFilter.testFieldCacheRangeFilterFloats
   [junit4] OK      0.00s S2 | TestFieldCacheRangeFilter.testPad
   [junit4] OK      0.03s S2 | TestFieldCacheRangeFilter.testFieldCacheRangeFilterLongs
   [junit4] OK      0.22s S2 | TestFieldCacheRangeFilter.testSparseIndex
   [junit4] OK      0.07s S2 | TestFieldCacheRangeFilter.testFieldCacheRangeFilterRand
   [junit4] OK      0.07s S2 | TestFieldCacheRangeFilter.testRangeFilterId
   [junit4] OK      0.03s S2 | TestFieldCacheRangeFilter.testFieldCacheRangeFilterShorts
   [junit4] OK      0.08s S0 | TestFieldMaskingSpanQuery.testRewrite2
   [junit4] OK      0.03s S0 | TestFieldMaskingSpanQuery.testNoop0
   [junit4] OK      0.65s S0 | TestFieldMaskingSpanQuery.testSpans0
   [junit4] OK      0.53s S0 | TestFieldMaskingSpanQuery.testSimple1
   [junit4] IGNOR/A 0.06s S0 | TestFieldMaskingSpanQuery.testSpans2
   [junit4]    > Throwable #1: org.junit.internal.AssumptionViolatedException: got: <org.apache.lucene.util.InternalAssumptionViolatedException: failed assumption: Broken scoring: LUCENE-3723>, expected: null
   [junit4]   2> NOTE: Assume failed in 'testSpans2(org.apache.lucene.search.spans.TestFieldMaskingSpanQuery)' (ignored): got: <org.apache.lucene.util.InternalAssumptionViolatedException: failed assumption: Broken scoring: LUCENE-3723>, expected: null
   [junit4]   2>
   [junit4] IGNOR/A 0.01s S0 | TestFieldMaskingSpanQuery.testSimple2
   [junit4]    > Throwable #1: org.junit.internal.AssumptionViolatedException: got: <org.apache.lucene.util.InternalAssumptionViolatedException: failed assumption: Broken scoring: LUCENE-3723>, expected: null
   [junit4]   2> NOTE: Assume failed in 'testSimple2(org.apache.lucene.search.spans.TestFieldMaskingSpanQuery)' (ignored): got: <org.apache.lucene.util.InternalAssumptionViolatedException: failed assumption: Broken scoring: LUCENE-3723>, expected: null
   [junit4]   2>
   [junit4] OK      0.00s S0 | TestFieldMaskingSpanQuery.testEquality1
   [junit4] OK      0.29s S0 | TestFieldMaskingSpanQuery.testSpans1
   [junit4] OK      0.20s S0 | TestFieldMaskingSpanQuery.testNoop1
   [junit4] OK      0.00s S0 | TestFieldMaskingSpanQuery.testRewrite1
   [junit4] OK      0.00s S0 | TestFieldMaskingSpanQuery.testRewrite0
   [junit4] OK      0.13s S0 | TestSegmentTermDocs.testTermDocs
   [junit4] OK      0.30s S0 | TestSegmentTermDocs.testBadSeek
   [junit4] OK      0.29s S0 | TestSegmentTermDocs.testIndexDivisor
   [junit4] OK      0.11s S0 | TestSegmentTermDocs.testSkipTo
   [junit4] OK      0.11s S0 | TestSegmentTermDocs.test
   [junit4] OK      0.82s S3 | TestTimeLimitingCollector.testTimeoutNotGreedy
   [junit4] OK      0.82s S3 | TestTimeLimitingCollector.testSearch
   [junit4] OK      1.89s S3 | TestTimeLimitingCollector.testModifyResolution
   [junit4]   1> Informative: timeout exceeded (no action required: most probably just  because the test machine is slower than usual):  lastDoc=44 ,&& allowed=51 ,&& elapsed=65 >= 64 = ( 2*resolution +  TIME_ALLOWED + SLOW_DOWN = 2*5 + 51 + 3)
   [junit4]   1>
   [junit4] OK      0.49s S3 | TestTimeLimitingCollector.testTimeoutGreedy
   [junit4] OK      1.06s S3 | TestTimeLimitingCollector.testTimeoutMultiThreaded
   [junit4] OK      4.58s S3 | TestTimeLimitingCollector.testSearchMultiThreaded
   [junit4] OK      0.99s S0 | TestStressNRT.test
   [junit4] OK      0.15s S2 | TestConsistentFieldNumbers.testSameFieldNumbersAcrossSegments
   [junit4] OK      0.14s S2 | TestConsistentFieldNumbers.testAddIndexes
   [junit4] OK      1.42s S2 | TestConsistentFieldNumbers.testFieldNumberGaps
   [junit4] OK      0.79s S2 | TestConsistentFieldNumbers.testManyFields
   [junit4] OK      0.15s S1 | TestSloppyPhraseQuery.testInfiniteFreq2
   [junit4] OK      0.42s S1 | TestSloppyPhraseQuery.testDoc4_Query4_All_Slops_Should_match
   [junit4] OK      1.04s S1 | TestSloppyPhraseQuery.testDoc2_Query2_All_Slops_Should_match
   [junit4] OK      1.00s S1 | TestSloppyPhraseQuery.testDoc1_Query1_All_Slops_Should_match
   [junit4] OK      0.04s S1 | TestSloppyPhraseQuery.testInfiniteFreq1
   [junit4] OK      0.04s S1 | TestSloppyPhraseQuery.testSlopWithHoles
   [junit4] OK      0.82s S1 | TestSloppyPhraseQuery.testDoc3_Query1_All_Slops_Should_match
   [junit4] OK      0.83s S1 | TestSloppyPhraseQuery.testDoc2_Query1_Slop_6_or_more_Should_match
   [junit4] OK      0.22s S1 | TestSloppyPhraseQuery.testDoc5_Query5_Any_Slop_Should_be_consistent
   [junit4] OK      0.01s S2 | TestCodecs.testFixedPostings
   [junit4] OK      1.20s S2 | TestCodecs.testRandomPostings
   [junit4] OK      0.20s S2 | TestCodecs.testSepPositionAfterMerge
   [junit4] OK      0.16s S1 | TestSegmentReader.testTermVectors
   [junit4] OK      0.16s S1 | TestSegmentReader.test
   [junit4] OK      0.18s S1 | TestSegmentReader.testTerms
   [junit4] OK      0.15s S1 | TestSegmentReader.testNorms
   [junit4] OK      0.11s S1 | TestSegmentReader.testDocument
   [junit4] OK      0.41s S1 | TestSegmentReader.testGetFieldNameVariations
   [junit4] OK      0.01s S3 | TestPrefixInBooleanQuery.testTermQuery
   [junit4] OK      0.08s S3 | TestPrefixInBooleanQuery.testTermBooleanQuery
   [junit4] OK      0.02s S3 | TestPrefixInBooleanQuery.testPrefixQuery
   [junit4] OK      0.01s S3 | TestPrefixInBooleanQuery.testPrefixBooleanQuery
   [junit4] OK      1.32s S0 | TestDocValuesIndexing.testIndexBytesDeletes
   [junit4] OK      0.01s S0 | TestDocValuesIndexing.testDifferentTypedDocValuesField
   [junit4] OK      0.76s S0 | TestDocValuesIndexing.testIndexNumericsNoDeletes
   [junit4] OK      0.20s S0 | TestDocValuesIndexing.testIndexBytesNoDeletes
   [junit4] OK      0.20s S0 | TestDocValuesIndexing.testSortedBytes
   [junit4] OK      0.34s S0 | TestDocValuesIndexing.testIndexNumericsDeletes
   [junit4] OK      0.14s S0 | TestDocValuesIndexing.testAddIndexes
   [junit4] OK      0.01s S0 | TestDocValuesIndexing.testMultiValuedDocValuesField
   [junit4] OK      0.02s S0 | TestDocValuesIndexing.testDocValuesSimple
   [junit4] OK      0.48s S0 | TestDocValuesIndexing.testGetArrayNumerics
   [junit4] OK      0.04s S0 | TestDocValuesIndexing.testGetArrayBytes
   [junit4] OK      0.89s S1 | TestStressIndexing2.testRandom
   [junit4] OK      0.40s S1 | TestStressIndexing2.testMultiConfig
   [junit4] OK      0.64s S1 | TestStressIndexing2.testRandomIWReader
   [junit4] OK      1.72s S3 | TestForTooMuchCloning.test
   [junit4] OK      0.05s S0 | TestCustomNorms.testExceptionOnRandomType
   [junit4] OK      0.53s S0 | TestCustomNorms.testFloatNorms
   [junit4] OK      0.01s S3 | TestDirectoryReader.testLoadCertainFields
   [junit4] OK      0.37s S3 | TestDirectoryReader.testGetFieldNames
   [junit4] OK      0.27s S3 | TestDirectoryReader.testStressTryIncRef
   [junit4] OK      0.00s S3 | TestDirectoryReader.testNoDir
   [junit4] OK      0.01s S3 | TestDirectoryReader.testNoDupCommitFileNames
   [junit4] OK      0.37s S3 | TestDirectoryReader.testFilesOpenClose
   [junit4] IGNOR/A 0.06s S3 | TestDirectoryReader.testTotalTermFreqCached
   [junit4]    > Throwable #1: org.junit.internal.AssumptionViolatedException: got: <false>, expected: is <true>
   [junit4]   2> NOTE: Assume failed in 'testTotalTermFreqCached(org.apache.lucene.index.TestDirectoryReader)' (ignored): got: <false>, expected: is <true>
   [junit4]   2>
   [junit4] OK      0.02s S3 | TestDirectoryReader.testListCommits
   [junit4] OK      0.05s S3 | TestDirectoryReader.testBinaryFields
   [junit4] OK      0.01s S3 | TestDirectoryReader.testPrepareCommitIsCurrent
   [junit4] OK      0.02s S3 | TestDirectoryReader.testIsCurrent
   [junit4] OK      0.00s S3 | TestDirectoryReader.testOpenReaderAfterDelete
   [junit4] OK      0.02s S3 | TestDirectoryReader.testUniqueTermCount
   [junit4] OK      0.01s S3 | TestDirectoryReader.testReaderFinishedListener
   [junit4] OK      0.08s S3 | TestDirectoryReader.testGetIndexCommit
   [junit4] OK      0.01s S3 | TestDirectoryReader.testFieldCacheReuseAfterReopen
   [junit4] OK      0.01s S3 | TestDirectoryReader.testIndexExists
   [junit4] OK      0.03s S3 | TestDirectoryReader.testMultiTermDocs
   [junit4] OK      0.49s S3 | TestDirectoryReader.testDocument
   [junit4] OK      0.02s S3 | TestDirectoryReader.testNoTermsIndex
   [junit4] OK      0.10s S3 | TestDirectoryReader.testTermVectors
   [junit4] OK      0.01s S3 | TestDirectoryReader.testTryIncRef
   [junit4] OK      0.01s S3 | TestDirectoryReader.testOOBDocID
   [junit4] OK      2.78s S1 | TestByteSlices.testBasic
   [junit4] OK      2.51s S0 | TestNeverDelete.testIndexing
   [junit4] OK      0.25s S1 | TestSurrogates.testSurrogatesOrder
   [junit4] OK      0.36s S2 | TestBasics.testSpanOr
   [junit4] OK      0.23s S2 | TestBasics.testSpanTermQuery
   [junit4] OK      0.05s S2 | TestBasics.testSpanFirst
   [junit4] OK      0.05s S2 | TestBasics.testSpanPositionRange
   [junit4] OK      0.00s S2 | TestBasics.testBoolean2
   [junit4] OK      0.14s S2 | TestBasics.testBoolean
   [junit4] OK      0.00s S2 | TestBasics.testTerm2
   [junit4] OK      0.11s S2 | TestBasics.testTerm
   [junit4] OK      0.04s S2 | TestBasics.testSpanNearOrdered
   [junit4] OK      0.46s S2 | TestBasics.testSpanNearExact
   [junit4] OK      0.05s S2 | TestBasics.testNpeInSpanNearWithSpanNot
   [junit4] OK      0.95s S2 | TestBasics.testSpanPayloadCheck
   [junit4] OK      0.03s S2 | TestBasics.testSpanNot
   [junit4] OK      0.00s S2 | TestBasics.testSpansSkipTo
   [junit4] OK      0.05s S2 | TestBasics.testSpanWithMultipleNotMany
   [junit4] OK      0.56s S2 | TestBasics.testComplexSpanChecks
   [junit4] OK      0.31s S2 | TestBasics.testSpanExactNested
   [junit4] OK      0.24s S2 | TestBasics.testSpanNearUnordered
   [junit4] OK      0.03s S2 | TestBasics.testSpanWithMultipleNotSingle
   [junit4] OK      0.16s S2 | TestBasics.testNpeInSpanNearInSpanFirstInSpanNot
   [junit4] OK      0.19s S2 | TestBasics.testSpanNearOr
   [junit4] OK      0.00s S2 | TestBasics.testPhrase2
   [junit4] OK      0.37s S2 | TestBasics.testSpanComplex1
   [junit4] OK      0.60s S2 | TestBasics.testPhrase
   [junit4] OK      0.02s S0 | TestSimilarityBase.testMoreTermsThanDocuments
   [junit4] OK      0.02s S0 | TestSimilarityBase.testOnlyOneTerm
   [junit4] OK      0.01s S0 | TestSimilarityBase.testIFB
   [junit4] OK      0.02s S0 | TestSimilarityBase.testSparseDocuments
   [junit4] OK      0.02s S0 | TestSimilarityBase.testOnlyOneRelevantDocument
   [junit4] OK      0.03s S0 | TestSimilarityBase.testIneB2
   [junit4] OK      0.07s S0 | TestSimilarityBase.testAllDocumentsRelevant
   [junit4] OK      0.05s S0 | TestSimilarityBase.testHeartList
   [junit4] OK      0.03s S0 | TestSimilarityBase.testVerySparseDocuments
   [junit4] OK      0.02s S0 | TestSimilarityBase.testIn2
   [junit4] OK      0.01s S0 | TestSimilarityBase.testLLForIB
   [junit4] OK      0.01s S0 | TestSimilarityBase.testGL1
   [junit4] OK      0.03s S0 | TestSimilarityBase.testOnlyOneTermOneDocument
   [junit4] OK      0.02s S0 | TestSimilarityBase.testMostDocumentsRelevant
   [junit4] OK      0.01s S0 | TestSimilarityBase.testBEB1
   [junit4] OK      0.03s S0 | TestSimilarityBase.testHeartRanking
   [junit4] OK      0.01s S0 | TestSimilarityBase.testAllTermsRelevantOnlyOneDocument
   [junit4] OK      0.01s S0 | TestSimilarityBase.testDefault
   [junit4] OK      0.02s S0 | TestSimilarityBase.testDocumentLengthAverage
   [junit4] OK      0.01s S0 | TestSimilarityBase.testPL2
   [junit4] OK      0.01s S0 | TestSimilarityBase.testOneTerm
   [junit4] OK      0.01s S0 | TestSimilarityBase.testLMDirichlet
   [junit4] OK      0.02s S0 | TestSimilarityBase.testOneDocument
   [junit4] OK      0.01s S0 | TestSimilarityBase.testD
   [junit4] OK      0.01s S0 | TestSimilarityBase.testLMJelinekMercer
   [junit4] OK      0.01s S0 | TestSimilarityBase.testSPLForIB
   [junit4] OK      0.08s S0 | TestSimilarityBase.testOneRelevantDocument
   [junit4] OK      0.01s S0 | TestSimilarityBase.testNumberOfTermsAsDocuments
   [junit4] OK      0.02s S0 | TestSimilarityBase.testAllTermsRelevant
   [junit4] OK      0.33s S2 | TestMaxTermFrequency.test
   [junit4] OK      0.78s S1 | TestSegmentMerger.testMerge
   [junit4] OK      0.23s S1 | TestSegmentMerger.test
   [junit4] OK      1.27s S3 | TestCollectionUtil.testMergeSort
   [junit4] OK      0.00s S3 | TestCollectionUtil.testOneElementListSort
   [junit4] OK      0.02s S3 | TestCollectionUtil.testInsertionSort
   [junit4] OK      0.00s S3 | TestCollectionUtil.testEmptyListSort
   [junit4] OK      0.89s S3 | TestCollectionUtil.testQuickSort
   [junit4] OK      0.01s S3 | TestSnapshotDeletionPolicy.testBasicSnapshots
   [junit4] OK      1.12s S3 | TestSnapshotDeletionPolicy.testSnapshotDeletionPolicy
   [junit4] OK      0.01s S3 | TestSnapshotDeletionPolicy.testRollbackToOldSnapshot
   [junit4] OK      0.01s S3 | TestSnapshotDeletionPolicy.testReleaseSnapshot
   [junit4] OK      0.14s S3 | TestSnapshotDeletionPolicy.testMultiThreadedSnapshotting
   [junit4] OK      0.01s S3 | TestSnapshotDeletionPolicy.testSnapshotLastCommitTwice
   [junit4] OK      0.01s S3 | TestSnapshotDeletionPolicy.testMissingCommits
   [junit4] OK      0.01s S3 | TestSnapshotDeletionPolicy.testExistingSnapshots
   [junit4] OK      0.00s S1 | TestSearcherManager.testCloseTwice
   [junit4] OK      0.25s S1 | TestSearcherManager.testIntermediateClose
   [junit4] OK      3.66s S1 | TestSearcherManager.testSearcherManager
   [junit4] OK      0.01s S1 | TestSearcherManager.testEnsureOpen
   [junit4] OK      0.95s S1 | TestRandomStoredFields.testRandomStoredFields
   [junit4] OK      5.95s S0 | TestNRTThreads.testNRTThreads
   [junit4] OK      0.01s S2 | TestNorms.testCustomEncoder
   [junit4] OK      2.01s S2 | TestNorms.testMaxByteNorms
   [junit4] OK      3.81s S2 | TestNorms.testNormsNotPresent
   [junit4] OK      6.23s S3 | TestStressAdvance.testStressAdvance
   [junit4] OK      0.00s S0 | TestPackedInts.testBitsRequired
   [junit4] OK      2.01s S0 | TestPackedInts.testRandomEquality
   [junit4] OK      0.00s S0 | TestPackedInts.testMaxValues
   [junit4] OK      0.00s S0 | TestPackedInts.testSingleValue
   [junit4] OK      0.01s S0 | TestPackedInts.testControlledEquality
   [junit4] OK      0.53s S0 | TestPackedInts.testIntOverflow
   [junit4] OK      1.85s S0 | TestPackedInts.testPackedInts
   [junit4] OK      0.00s S0 | TestPackedInts.testSecondaryBlockChange
   [junit4] OK      5.01s S2 | TestAtomicUpdate.testAtomicUpdates
   [junit4] OK      0.00s S2 | TestBitVector.testConstructSize
   [junit4] OK      0.00s S2 | TestBitVector.testClear
   [junit4] OK      0.00s S2 | TestBitVector.testClearedBitNearEnd
   [junit4] OK      0.00s S2 | TestBitVector.testMostlySet
   [junit4] OK      0.01s S2 | TestBitVector.testCount
   [junit4] OK      0.36s S2 | TestBitVector.testWriteRead
   [junit4] OK      0.51s S2 | TestBitVector.testDgaps
   [junit4] OK      0.00s S2 | TestBitVector.testSparseWrite
   [junit4] OK      0.00s S2 | TestBitVector.testGetSet
   [junit4] OK      0.28s S2 | TestIndexableField.testArbitraryFields
   [junit4] OK      0.01s S2 | TestPayloadNearQuery.test
   [junit4] OK      0.00s S2 | TestPayloadNearQuery.testMinFunction
   [junit4] OK      0.00s S2 | TestPayloadNearQuery.testComplexNested
   [junit4] OK      0.00s S2 | TestPayloadNearQuery.testLongerSpan
   [junit4] OK      0.00s S2 | TestPayloadNearQuery.testPayloadNear
   [junit4] OK      0.00s S2 | TestPayloadNearQuery.testMaxFunction
   [junit4] OK      0.00s S2 | TestPayloadNearQuery.testAverageFunction
   [junit4] OK      1.08s S3 | TestDeletionPolicy.testOpenPriorSnapshot
   [junit4] OK      0.16s S3 | TestDeletionPolicy.testKeepAllDeletionPolicy
   [junit4] OK      3.86s S3 | TestDeletionPolicy.testExpirationTimeDeletionPolicy
   [junit4] OK      0.38s S3 | TestDeletionPolicy.testKeepLastNDeletionPolicyWithCreates
   [junit4] OK      0.08s S3 | TestDeletionPolicy.testKeepNoneOnInitDeletionPolicy
   [junit4] OK      0.09s S3 | TestDeletionPolicy.testKeepLastNDeletionPolicy
   [junit4] OK      1.63s S1 | TestMinimize.testAgainstBrzozowski
   [junit4] OK      0.88s S1 | TestMinimize.test
   [junit4] OK      6.65s S1 | TestMinimize.testMinimizeHuge
   [junit4] OK      0.02s S1 | TestPhraseQuery.testExact
   [junit4] OK      0.05s S1 | TestPhraseQuery.testNonExistingPhrase
   [junit4] OK      0.00s S1 | TestPhraseQuery.testEmptyPhraseQuery
   [junit4] OK      0.06s S1 | TestPhraseQuery.testPalyndrome3
   [junit4] OK      0.02s S1 | TestPhraseQuery.testPhraseQueryWithStopAnalyzer
   [junit4] OK      0.00s S1 | TestPhraseQuery.testRewrite
   [junit4] OK      0.02s S1 | TestPhraseQuery.testSlopScoring
   [junit4] OK      0.01s S1 | TestPhraseQuery.testNotCloseEnough
   [junit4] OK      0.00s S1 | TestPhraseQuery.testToString
   [junit4] OK      0.06s S1 | TestPhraseQuery.testWrappedPhrase
   [junit4] OK      0.05s S1 | TestPhraseQuery.testPhraseQueryInConjunctionScorer
   [junit4] OK      0.07s S1 | TestPhraseQuery.testPalyndrome2
   [junit4] OK      0.02s S1 | TestPhraseQuery.testOrderDoesntMatter
   [junit4] OK      0.02s S1 | TestPhraseQuery.testSlop1
   [junit4] OK      0.73s S1 | TestPhraseQuery.testRandomPhrases
   [junit4] OK      0.02s S1 | TestPhraseQuery.testMulipleTerms
   [junit4] OK      0.01s S1 | TestPhraseQuery.testBarelyCloseEnough
   [junit4] OK      0.09s S0 | TestNumericRangeQuery64.testSorting_8bit
   [junit4] OK      0.05s S0 | TestNumericRangeQuery64.testRandomTrieAndClassicRangeQuery_4bit
   [junit4] OK      0.00s S0 | TestNumericRangeQuery64.testDoubleRange_4bit
   [junit4] OK      0.02s S0 | TestNumericRangeQuery64.testRange_4bit
   [junit4] OK      0.00s S0 | TestNumericRangeQuery64.testLeftOpenRange_4bit
   [junit4] OK      0.00s S0 | TestNumericRangeQuery64.testInverseRange
   [junit4] OK      0.05s S0 | TestNumericRangeQuery64.testRangeSplit_8bit
   [junit4] OK      0.06s S0 | TestNumericRangeQuery64.testSorting_2bit
   [junit4] OK      0.01s S0 | TestNumericRangeQuery64.testLeftOpenRange_2bit
   [junit4] OK      0.01s S0 | TestNumericRangeQuery64.testLeftOpenRange_8bit
   [junit4] OK      0.01s S0 | TestNumericRangeQuery64.testRange_2bit
   [junit4] OK      0.02s S0 | TestNumericRangeQuery64.testRange_8bit
   [junit4] OK      0.00s S0 | TestNumericRangeQuery64.testRightOpenRange_2bit
   [junit4] OK      0.05s S0 | TestNumericRangeQuery64.testRandomTrieAndClassicRangeQuery_NoTrie
   [junit4] OK      0.05s S0 | TestNumericRangeQuery64.testRandomTrieAndClassicRangeQuery_8bit
   [junit4] OK      0.01s S0 | TestNumericRangeQuery64.testLeftOpenRange_6bit
   [junit4] OK      0.05s S0 | TestNumericRangeQuery64.testSorting_4bit
   [junit4] OK      0.01s S0 | TestNumericRangeQuery64.testRangeSplit_6bit
   [junit4] OK      0.00s S0 | TestNumericRangeQuery64.testDoubleRange_6bit
   [junit4] OK      0.00s S0 | TestNumericRangeQuery64.testDoubleRange_8bit
   [junit4] OK      0.01s S0 | TestNumericRangeQuery64.testRange_6bit
   [junit4] OK      0.01s S0 | TestNumericRangeQuery64.testInfiniteValues
   [junit4] OK      0.07s S0 | TestNumericRangeQuery64.testRandomTrieAndClassicRangeQuery_6bit
   [junit4] OK      0.00s S0 | TestNumericRangeQuery64.testRightOpenRange_8bit
   [junit4] OK      0.00s S0 | TestNumericRangeQuery64.testEmptyEnums
   [junit4] OK      0.02s S0 | TestNumericRangeQuery64.testRangeSplit_4bit
   [junit4] OK      0.12s S0 | TestNumericRangeQuery64.testRandomTrieAndClassicRangeQuery_2bit
   [junit4] OK      0.00s S0 | TestNumericRangeQuery64.testDoubleRange_2bit
   [junit4] OK      0.04s S0 | TestNumericRangeQuery64.testSorting_6bit
   [junit4] OK      0.00s S0 | TestNumericRangeQuery64.testEqualsAndHash
   [junit4] OK      0.00s S0 | TestNumericRangeQuery64.testRightOpenRange_6bit
   [junit4] OK      0.00s S0 | TestNumericRangeQuery64.testOneMatchQuery
   [junit4] OK      0.02s S0 | TestNumericRangeQuery64.testRangeSplit_2bit
   [junit4] OK      0.00s S0 | TestNumericRangeQuery64.testRightOpenRange_4bit
   [junit4] OK      0.00s S3 | TestCompoundFile.testReadAfterClose
   [junit4] OK      0.00s S3 | TestCompoundFile.testEmptyCFS
   [junit4] OK      0.00s S3 | TestCompoundFile.testAddExternalFile
   [junit4] OK      0.79s S3 | TestCompoundFile.testRandomFiles
   [junit4] OK      0.01s S3 | TestCompoundFile.testRandomAccess
   [junit4] OK      0.00s S3 | TestCompoundFile.testTwoFiles
   [junit4] OK      0.00s S3 | TestCompoundFile.testLargeWrites
   [junit4] OK      0.01s S3 | TestCompoundFile.testFileNotFound
   [junit4] OK      0.00s S3 | TestCompoundFile.testAppendTwice
   [junit4] OK      0.00s S3 | TestCompoundFile.testReadNestedCFP
   [junit4] OK      0.00s S3 | TestCompoundFile.testAppend
   [junit4] OK      0.01s S3 | TestCompoundFile.testReadPastEOF
   [junit4] OK      0.01s S1 | TestOmitTf.testOmitTermFreqAndPositions
   [junit4] OK      0.06s S1 | TestOmitTf.testBasic
   [junit4] OK      0.01s S1 | TestOmitTf.testStats
   [junit4] OK      0.07s S1 | TestOmitTf.testNoPrxFile
   [junit4] OK      0.11s S1 | TestOmitTf.testMixedMerge
   [junit4] OK      0.02s S1 | TestOmitTf.testMixedRAM
   [junit4] OK      0.00s S3 | TestCompoundFile.testDoubleClose
   [junit4] OK      0.01s S3 | TestCompoundFile.testSingleFile
   [junit4] OK      0.07s S3 | TestCompoundFile.testRandomAccessClones
   [junit4] OK      0.01s S3 | TestCompoundFile.testClonedStreamsClosing
   [junit4] OK      0.36s S3 | TestCompoundFile.testManySubFiles
   [junit4] OK      0.08s S3 | TestPrefixCodedTerms.testRandom
   [junit4] OK      0.00s S3 | TestPrefixCodedTerms.testMergeEmpty
   [junit4] OK      0.00s S3 | TestPrefixCodedTerms.testEmpty
   [junit4] OK      0.14s S3 | TestPrefixCodedTerms.testMergeRandom
   [junit4] OK      0.00s S3 | TestPrefixCodedTerms.testOne
   [junit4] OK      0.00s S3 | TestPrefixCodedTerms.testMergeOne
   [junit4] OK      0.20s S1 | TestWindowsMMap.testMmapIndex
   [junit4] OK      0.01s S3 | TestNRTCachingDirectory.testDirectoryFilter
   [junit4] OK      1.63s S3 | TestNRTCachingDirectory.testNRTAndCommit
   [junit4] OK      0.00s S3 | TestNRTCachingDirectory.testDeleteFile
   [junit4] OK      0.00s S3 | TestNRTCachingDirectory.testCompoundFileAppendTwice
   [junit4] OK      0.00s S3 | TestNRTCachingDirectory.testNoDir
   [junit4] OK      0.03s S1 | TestNRTManager.testThreadStarvationNoDeleteNRTReader
   [junit4] OK      1.91s S1 | TestNRTManager.testNRTManager
   [junit4] OK      3.68s S0 | TestNRTReaderWithThreads.testIndexing
   [junit4] OK      0.47s S0 | TestCopyBytes.testCopyBytes
   [junit4] OK      0.02s S0 | TestCopyBytes.testCopyBytesWithThreads
   [junit4] OK      0.72s S0 | TestMultiValuedNumericRangeQuery.testMultiValuedNRQ
   [junit4] OK      1.35s S3 | TestPersistentSnapshotDeletionPolicy.testSnapshotDeletionPolicy
   [junit4] OK      0.02s S3 | TestPersistentSnapshotDeletionPolicy.testMissingCommits
   [junit4] OK      0.01s S3 | TestPersistentSnapshotDeletionPolicy.testSnapshotRelease
   [junit4] OK      0.02s S3 | TestPersistentSnapshotDeletionPolicy.testBasicSnapshots
   [junit4] OK      0.01s S3 | TestPersistentSnapshotDeletionPolicy.testRollbackToOldSnapshot
   [junit4] OK      0.75s S3 | TestPersistentSnapshotDeletionPolicy.testMultiThreadedSnapshotting
   [junit4] OK      0.00s S3 | TestPersistentSnapshotDeletionPolicy.testIllegalSnapshotId
   [junit4] OK      0.00s S3 | TestPersistentSnapshotDeletionPolicy.testNoSnapshotInfos
   [junit4] OK      0.01s S3 | TestPersistentSnapshotDeletionPolicy.testTooManySnapshotInfos
   [junit4] OK      0.00s S3 | TestPersistentSnapshotDeletionPolicy.testInvalidSnapshotInfos
   [junit4] OK      0.02s S3 | TestPersistentSnapshotDeletionPolicy.testExistingSnapshots
   [junit4] OK      0.01s S3 | TestPersistentSnapshotDeletionPolicy.testReleaseSnapshot
   [junit4] OK      0.01s S3 | TestPersistentSnapshotDeletionPolicy.testSnapshotLastCommitTwice
   [junit4] OK      1.06s S3 | TestPersistentSnapshotDeletionPolicy.testStaticRead
   [junit4] OK      0.10s S1 | TestIndexWriterMergePolicy.testNoOverMerge
   [junit4] OK      1.14s S1 | TestIndexWriterMergePolicy.testForceFlush
   [junit4] OK      0.05s S1 | TestIndexWriterMergePolicy.testNormalCase
   [junit4] OK      0.18s S1 | TestIndexWriterMergePolicy.testMergeFactorChange
   [junit4] OK      1.59s S1 | TestIndexWriterMergePolicy.testMaxBufferedDocsChange
   [junit4] OK      0.13s S1 | TestIndexWriterMergePolicy.testMergeDocCount0
   [junit4] OK      0.22s S0 | TestIndexWriterForceMerge.testForceMergeTempSpaceUsage
   [junit4] OK      0.13s S0 | TestIndexWriterForceMerge.testMaxNumSegments2
   [junit4] OK      0.15s S0 | TestIndexWriterForceMerge.testBackgroundForceMerge
   [junit4] OK      0.83s S0 | TestIndexWriterForceMerge.testPartialMerge
   [junit4] OK      0.49s S0 | TestLazyProxSkipping.testLazySkipping
   [junit4] OK      0.01s S0 | TestLazyProxSkipping.testSeek
   [junit4] OK      0.03s S2 | TestIndexWriterWithThreads.testIOExceptionDuringAbort
   [junit4] OK      4.95s S2 | TestIndexWriterWithThreads.testIOExceptionDuringAbortWithThreads
   [junit4] OK      0.02s S2 | TestIndexWriterWithThreads.testIOExceptionDuringAbortOnlyOnce
   [junit4] OK      1.07s S2 | TestIndexWriterWithThreads.testCloseWithThreads
   [junit4] OK      0.82s S2 | TestIndexWriterWithThreads.testImmediateDiskFullWithThreads
   [junit4] OK      0.15s S2 | TestIndexWriterWithThreads.testIOExceptionDuringWriteSegmentOnlyOnce
   [junit4] OK      0.92s S2 | TestIndexWriterWithThreads.testIOExceptionDuringWriteSegmentWithThreadsOnlyOnce
   [junit4] OK      0.51s S2 | TestIndexWriterWithThreads.testIOExceptionDuringWriteSegmentWithThreads
   [junit4] OK      1.01s S2 | TestIndexWriterWithThreads.testOpenTwoIndexWritersOnDifferentThreads
   [junit4] OK      0.81s S2 | TestIndexWriterWithThreads.testIOExceptionDuringAbortWithThreadsOnlyOnce
   [junit4] OK      0.37s S2 | TestIndexWriterWithThreads.testIOExceptionDuringWriteSegment
   [junit4] OK      0.01s S2 | TestUTF32ToUTF8.testRandomRanges
   [junit4] OK      0.00s S2 | TestUTF32ToUTF8.testSpecialCase3
   [junit4] OK      0.00s S2 | TestUTF32ToUTF8.testSpecialCase
   [junit4] OK      0.00s S2 | TestUTF32ToUTF8.testSpecialCase2
   [junit4] OK      0.93s S2 | TestUTF32ToUTF8.testRandomRegexes
   [junit4] OK      0.32s S0 | TestConcurrentMergeScheduler.testFlushExceptions
   [junit4] OK      0.61s S0 | TestConcurrentMergeScheduler.testNoExtraFiles
   [junit4] OK      0.44s S0 | TestConcurrentMergeScheduler.testDeleteMerging
   [junit4] OK      0.44s S0 | TestConcurrentMergeScheduler.testNoWaitClose
   [junit4] OK      3.04s S1 | TestLongPostings.testLongPostingsNoPositions
   [junit4] OK      1.31s S1 | TestLongPostings.testLongPostings
   [junit4] OK      0.00s S1 | TestCharTermAttributeImpl.testNonCharSequenceAppend
   [junit4] OK      0.00s S1 | TestCharTermAttributeImpl.testResize
   [junit4] OK      0.00s S1 | TestCharTermAttributeImpl.testClone
   [junit4] OK      0.00s S1 | TestCharTermAttributeImpl.testCharSequenceInterface
   [junit4] OK      0.00s S1 | TestCharTermAttributeImpl.testAppendableInterface
   [junit4] OK      0.00s S1 | TestCharTermAttributeImpl.testEquals
   [junit4] OK      0.00s S1 | TestCharTermAttributeImpl.testExceptions
   [junit4] OK      0.00s S1 | TestCharTermAttributeImpl.testAttributeReflection
   [junit4] OK      0.00s S1 | TestCharTermAttributeImpl.testCopyTo
   [junit4] OK      0.00s S1 | TestCharTermAttributeImpl.testAppendableInterfaceWithLongSequences
   [junit4] OK      0.00s S1 | TestCharTermAttributeImpl.testToString
   [junit4] OK      1.01s S1 | TestCharTermAttributeImpl.testGrow
   [junit4] OK      0.27s S0 | TestIndexWriterMerging.testSetMaxMergeDocs
   [junit4] OK      0.19s S0 | TestIndexWriterMerging.testForceMergeDeletes
   [junit4] OK      0.22s S0 | TestIndexWriterMerging.testForceMergeDeletes3
   [junit4] OK      0.39s S0 | TestIndexWriterMerging.testForceMergeDeletes2
   [junit4] OK      1.86s S0 | TestIndexWriterMerging.testNoWaitClose
   [junit4] OK      0.34s S0 | TestIndexWriterMerging.testLucene
   [junit4] OK      4.25s S2 | TestShardSearching.testSimple
   [junit4] OK      0.16s S0 | TestRAMDirectory.testRAMDirectory
   [junit4] OK      0.28s S0 | TestRAMDirectory.testRAMDirectorySize
   [junit4] OK      0.06s S0 | TestRAMDirectory.testIllegalEOF
   [junit4] OK      0.06s S0 | TestRAMDirectory.testSeekToEOFThenBack
   [junit4] OK      0.02s S0 | TestSpanExplanations.testST4
   [junit4] OK      0.03s S0 | TestSpanExplanations.testSNear10
   [junit4] OK      0.02s S0 | TestSpanExplanations.testSNot1
   [junit4] OK      0.02s S0 | TestSpanExplanations.testSNear4
   [junit4] OK      0.02s S0 | TestSpanExplanations.testSNot4
   [junit4] OK      0.01s S0 | TestSpanExplanations.testSNear1
   [junit4] OK      0.03s S0 | TestSpanExplanations.testSNot7
   [junit4] OK      0.01s S0 | TestSpanExplanations.testST2
   [junit4] OK      0.01s S0 | TestSpanExplanations.testSF4
   [junit4] OK      0.02s S0 | TestSpanExplanations.testSO3
   [junit4] OK      0.02s S0 | TestSpanExplanations.testSNot10
   [junit4] OK      0.01s S0 | TestSpanExplanations.testSNear6
   [junit4] OK      0.01s S0 | TestSpanExplanations.testSNear5
   [junit4] OK      0.02s S0 | TestSpanExplanations.testSNear2
   [junit4] OK      0.01s S0 | TestSpanExplanations.testSO1
   [junit4] OK      0.01s S0 | TestSpanExplanations.testSNot5
   [junit4] OK      0.00s S0 | TestSpanExplanations.testNoop
   [junit4] OK      0.00s S0 | TestSpanExplanations.testSF5
   [junit4] OK      0.02s S0 | TestSpanExplanations.testSNear8
   [junit4] OK      0.01s S0 | TestSpanExplanations.testSNot2
   [junit4] OK      0.01s S0 | TestSpanExplanations.testSF6
   [junit4] OK      0.02s S0 | TestSpanExplanations.testSNear9
   [junit4] OK      0.01s S0 | TestSpanExplanations.testSF2
   [junit4] OK      0.01s S0 | TestSpanExplanations.testSNear3
   [junit4] OK      0.01s S0 | TestSpanExplanations.testSO4
   [junit4] OK      0.02s S0 | TestSpanExplanations.testSNear7
   [junit4] OK      0.01s S0 | TestSpanExplanations.testST5
   [junit4] OK      0.02s S0 | TestSpanExplanations.testSNear11
   [junit4] OK      0.01s S0 | TestSpanExplanations.testSF1
   [junit4] OK      0.02s S0 | TestSpanExplanations.testSO2
   [junit4] OK      0.01s S0 | TestSpanExplanations.testST1
   [junit4] OK      0.01s S2 | TestIndexWriterOnDiskFull.testImmediateDiskFull
   [junit4] OK      0.19s S2 | TestIndexWriterOnDiskFull.testAddDocumentOnDiskFull
   [junit4] OK      0.46s S2 | TestIndexWriterOnDiskFull.testAddIndexOnDiskFull
   [junit4] OK      0.05s S2 | TestIndexWriterOnDiskFull.testCorruptionAfterDiskFullDuringMerge
   [junit4] OK      0.02s S0 | TestFilteredQuery.testBooleanMUST
   [junit4] OK      0.05s S0 | TestFilteredQuery.testFilteredQuery
   [junit4] OK      0.01s S0 | TestFilteredQuery.testEqualsHashcode
   [junit4] OK      0.03s S0 | TestFilteredQuery.testChainedFilters
   [junit4] OK      0.01s S0 | TestFilteredQuery.testRewrite
   [junit4] OK      0.02s S0 | TestFilteredQuery.testBooleanSHOULD
   [junit4] OK      0.03s S0 | TestFilteredQuery.testRangeQuery
   [junit4] OK      0.01s S0 | TestFilteredQuery.testInvalidArguments
   [junit4] OK      0.03s S0 | TestFilteredQuery.testBoolean2
   [junit4] OK      0.36s S0 | TestPerFieldPostingsFormat.testStressPerFieldCodec
   [junit4] OK      0.02s S0 | TestPerFieldPostingsFormat.testMergeUnusedPerFieldCodec
   [junit4] OK      0.02s S0 | TestPerFieldPostingsFormat.testChangeCodecAndMerge
   [junit4] OK      0.16s S0 | TestMultiFields.testRandom
   [junit4] OK      0.01s S0 | TestMultiFields.testSeparateEnums
   [junit4] OK      0.01s S0 | TestMultiPhraseQuery.testCustomIDF
   [junit4] OK      0.04s S0 | TestMultiPhraseQuery.testBooleanQueryContainingSingleTermPrefixQuery
   [junit4] OK      0.00s S0 | TestMultiPhraseQuery.testHashCodeAndEquals
   [junit4] OK      0.03s S0 | TestMultiPhraseQuery.testZeroPosIncrSloppyParsedAnd
   [junit4] OK      0.01s S0 | TestMultiPhraseQuery.testPhrasePrefixWithBooleanQuery
   [junit4] OK      0.02s S0 | TestMultiPhraseQuery.testZeroPosIncrSloppyMpqAnd
   [junit4] OK      0.01s S0 | TestMultiPhraseQuery.testNoDocs
   [junit4] OK      0.02s S0 | TestMultiPhraseQuery.testZeroPosIncrSloppyMpqAndOrNoMatch
   [junit4] OK      0.01s S0 | TestMultiPhraseQuery.testTall
   [junit4] OK      0.02s S0 | TestMultiPhraseQuery.testZeroPosIncrSloppyMpqAndOrMatch
   [junit4] OK      0.02s S0 | TestMultiPhraseQuery.testZeroPosIncrSloppyPqAnd
   [junit4] OK      0.00s S0 | TestMultiPhraseQuery.testZeroPosIncr
   [junit4] OK      0.00s S0 | TestMultiPhraseQuery.testEmptyToString
   [junit4] OK      0.01s S0 | TestMultiPhraseQuery.testPhrasePrefix
   [junit4] OK      1.50s S0 | TestTieredMergePolicy.testPartialMerge
   [junit4] OK      0.17s S0 | TestTieredMergePolicy.testForceMergeDeletesMaxSegSize
   [junit4] OK      0.03s S0 | TestTieredMergePolicy.testForceMergeDeletes
   [junit4] OK      0.00s S0 | TestLockFactory.testDefaultFSLockFactoryPrefix
   [junit4] OK      0.01s S0 | TestLockFactory.testNativeFSLockFactoryPrefix
   [junit4] OK      0.00s S0 | TestLockFactory.testNativeFSLockFactoryLockExists
   [junit4] OK      0.00s S0 | TestLockFactory.testNativeFSLockFactory
   [junit4] OK      0.00s S0 | TestLockFactory.testSimpleFSLockFactory
   [junit4] OK      1.00s S0 | TestLockFactory.testDefaultRAMDirectory
   [junit4] OK      0.00s S0 | TestLockFactory.testRAMDirectoryNoLocking
   [junit4] OK      0.00s S0 | TestLockFactory.testNativeFSLockReleaseByOtherLock
   [junit4] OK      0.00s S0 | TestLockFactory.testCustomLockFactory
   [junit4] OK      0.01s S1 | TestIndexWriterReader.testForceMergeDeletes
   [junit4] OK      2.18s S1 | TestIndexWriterReader.testAddIndexesAndDoDeletesThreads
   [junit4] OK      0.00s S1 | TestIndexWriterReader.testEmptyIndex
   [junit4] OK      0.27s S1 | TestIndexWriterReader.testAddIndexes2
   [junit4] OK      0.21s S1 | TestIndexWriterReader.testAfterCommit
   [junit4] OK      0.06s S1 | TestIndexWriterReader.testAddIndexes
   [junit4] OK      0.01s S1 | TestIndexWriterReader.testSegmentWarmer
   [junit4] OK      0.00s S1 | TestIndexWriterReader.testDeletesNumDocs
   [junit4] OK      0.69s S1 | TestIndexWriterReader.testDuringAddDelete
   [junit4] OK      0.01s S1 | TestIndexWriterReader.testIsCurrent
   [junit4] OK      1.51s S1 | TestIndexWriterReader.testDuringAddIndexes
   [junit4] OK      0.04s S1 | TestIndexWriterReader.testIndexWriterReopenSegmentFullMerge
   [junit4] OK      0.02s S1 | TestIndexWriterReader.testDeleteFromIndexWriter
   [junit4] OK      0.06s S1 | TestIndexWriterReader.testIndexWriterReopenSegment
   [junit4] OK      0.40s S1 | TestIndexWriterReader.testMergeWarmer
   [junit4] OK      0.03s S1 | TestIndexWriterReader.testAfterClose
   [junit4] OK      0.06s S1 | TestIndexWriterReader.testUpdateDocument
   [junit4] OK      0.00s S1 | TestIndexWriterReader.testReopenAfterNoRealChange
   [junit4] OK      0.00s S1 | TestIndexWriterReader.testNoTermsIndex
   [junit4] OK      0.29s S1 | TestIndexWriterReader.testAddCloseOpen
   [junit4] OK      0.20s S1 | TestWeakIdentityMap.testSimpleHashMap
   [junit4] OK      0.21s S1 | TestWeakIdentityMap.testConcurrentHashMap
   [junit4] OK      0.00s S2 | TestMultiMMap.testCloneSafety
   [junit4] OK      2.48s S2 | TestMultiMMap.testSeeking
   [junit4] OK      0.04s S2 | TestMultiMMap.testSeekEnd
   [junit4] OK      0.14s S2 | TestMultiMMap.testSeekZero
   [junit4] OK      1.55s S2 | TestMultiMMap.testRandomChunkSizes
   [junit4] OK      0.02s S2 | TestQueryWrapperFilter.testBasic
   [junit4] OK      0.04s S2 | TestQueryWrapperFilter.testRandom
   [junit4] OK      0.27s S2 | TestQueryWrapperFilter.testThousandDocuments
   [junit4] OK      0.56s S2 | TestFieldsReader.testNumericField
   [junit4] OK      0.00s S2 | TestFieldsReader.test
   [junit4] OK      0.30s S2 | TestFieldsReader.testExceptions
   [junit4] OK      0.01s S2 | TestFieldsReader.testIndexedBit
   [junit4] OK      1.75s S1 | TestTopDocsMerge.testSort
   [junit4] OK      0.02s S1 | TestBooleanMinShouldMatch.testOneReqOneProhibAndSomeOptional
   [junit4] OK      0.30s S1 | TestBooleanMinShouldMatch.testRandomQueries
   [junit4] OK      0.03s S1 | TestBooleanMinShouldMatch.testOneReqAndSomeOptional
   [junit4] OK      0.01s S1 | TestBooleanMinShouldMatch.testAllOptional
   [junit4] OK      0.00s S1 | TestBooleanMinShouldMatch.testNoOptionalButMin2
   [junit4] OK      0.01s S1 | TestBooleanMinShouldMatch.testNoOptionalButMin
   [junit4] OK      0.01s S1 | TestBooleanMinShouldMatch.testMinEqualToNumOptional
   [junit4] OK      0.01s S1 | TestBooleanMinShouldMatch.testMinHigherThenNumOptional
   [junit4] OK      0.01s S1 | TestBooleanMinShouldMatch.testSomeProhibAndSomeOptional
   [junit4] OK      0.02s S1 | TestBooleanMinShouldMatch.testOneReqSomeProhibAndSomeOptional
   [junit4] OK      0.04s S1 | TestBooleanMinShouldMatch.testSomeReqAndSomeOptional
   [junit4] OK      0.14s S1 | TestBooleanMinShouldMatch.testSomeReqSomeProhibAndSomeOptional
   [junit4] OK      0.02s S1 | TestBooleanMinShouldMatch.testSomeReqOneProhibAndSomeOptional
   [junit4] OK      0.00s S1 | TestBooleanMinShouldMatch.testOneProhibAndSomeOptional
   [junit4] OK      0.01s S1 | TestBooleanMinShouldMatch.testOneOptionalEqualToMin
   [junit4] OK      0.36s S1 | TestMergeSchedulerExternal.testSubclassConcurrentMergeScheduler
   [junit4] OK      0.00s S1 | TestMergeSchedulerExternal.testCustomMergeScheduler
   [junit4] OK      0.00s S0 | TestSimpleExplanations.testNoop
   [junit4] OK      0.04s S0 | TestSimpleExplanations.testT1
   [junit4] OK      0.06s S0 | TestSimpleExplanations.testP7
   [junit4] OK      0.04s S0 | TestSimpleExplanations.testMPQ4
   [junit4] OK      0.06s S0 | TestSimpleExplanations.testMPQ2
   [junit4] OK      0.05s S0 | TestSimpleExplanations.testMultiFieldBQ4
   [junit4] OK      0.07s S0 | TestSimpleExplanations.testMPQ1
   [junit4] OK      0.15s S0 | TestSimpleExplanations.testDMQ6
   [junit4] OK      0.04s S0 | TestSimpleExplanations.testBQ6
   [junit4] OK      0.00s S0 | TestSimpleExplanations.testMA1
   [junit4] OK      0.04s S0 | TestSimpleExplanations.testP2
   [junit4] OK      0.04s S0 | TestSimpleExplanations.testFQ3
   [junit4] OK      0.17s S0 | TestSimpleExplanations.testBQ7
   [junit4] OK      0.04s S0 | TestSimpleExplanations.testT2
   [junit4] OK      0.00s S0 | TestSimpleExplanations.testMA2
   [junit4] OK      0.07s S0 | TestSimpleExplanations.testBQ20
   [junit4] OK      0.09s S0 | TestSimpleExplanations.testMultiFieldBQ1
   [junit4] OK      0.06s S0 | TestSimpleExplanations.testDMQ3
   [junit4] OK      0.04s S0 | TestSimpleExplanations.testBQ16
   [junit4] OK      0.45s S1 | TestMixedCodecs.test
   [junit4] OK      0.05s S1 | TestComplexExplanations.testSNot3
   [junit4] OK      0.03s S1 | TestComplexExplanations.testFQ5
   [junit4] OK      0.05s S1 | TestComplexExplanations.testBQ21
   [junit4] OK      0.04s S1 | TestComplexExplanations.testT3
   [junit4] OK      0.01s S1 | TestComplexExplanations.testST6
   [junit4] OK      0.02s S1 | TestComplexExplanations.testSNot8
   [junit4] OK      0.02s S1 | TestComplexExplanations.testBQ18
   [junit4] OK      0.02s S1 | TestComplexExplanations.testCSQ4
   [junit4] OK      0.03s S1 | TestComplexExplanations.testSNot9
   [junit4] OK      0.03s S1 | TestComplexExplanations.testSF7
   [junit4] OK      0.18s S1 | TestComplexExplanations.test2
   [junit4] OK      0.02s S1 | TestComplexExplanations.testMA3
   [junit4] OK      0.01s S1 | TestComplexExplanations.testBQ12
   [junit4] OK      0.04s S1 | TestComplexExplanations.testDMQ10
   [junit4] OK      0.40s S1 | TestComplexExplanations.test1
   [junit4] OK      0.00s S1 | TestComplexExplanations.testNoop
   [junit4] OK      0.05s S1 | TestComplexExplanations.testBQ22
   [junit4] OK      0.03s S1 | TestComplexExplanations.testST3
   [junit4] OK      0.01s S1 | TestComplexExplanations.testBQ13
   [junit4] OK      0.04s S1 | TestComplexExplanations.testMPQ7
   [junit4] OK      0.03s S1 | TestComplexExplanations.testSF3
   [junit4] OK      0.04s S1 | TestComplexExplanations.testSNot6
   [junit4] OK      0.03s S0 | TestSimpleExplanations.testBQ14
   [junit4] OK      0.05s S0 | TestSimpleExplanations.testP5
   [junit4] OK      0.17s S0 | TestSimpleExplanations.testBQ10
   [junit4] OK      0.08s S0 | TestSimpleExplanations.testDMQ2
   [junit4] OK      0.04s S0 | TestSimpleExplanations.testFQ1
   [junit4] OK      0.01s S0 | TestSimpleExplanations.testCSQ1
   [junit4] OK      0.06s S0 | TestSimpleExplanations.testP4
   [junit4] OK      0.05s S0 | TestSimpleExplanations.testMPQ5
   [junit4] OK      0.06s S0 | TestSimpleExplanations.testP3
   [junit4] OK      0.05s S0 | TestSimpleExplanations.testP1
   [junit4] OK      0.04s S0 | TestSimpleExplanations.testBQ11
   [junit4] OK      0.11s S0 | TestSimpleExplanations.testDMQ9
   [junit4] OK      0.23s S0 | TestSimpleExplanations.testBQ9
   [junit4] OK      0.10s S0 | TestSimpleExplanations.testDMQ5
   [junit4] OK      0.25s S0 | TestSimpleExplanations.testBQ8
   [junit4] OK      0.16s S0 | TestSimpleExplanations.testMultiFieldBQofPQ6
   [junit4] OK      0.08s S0 | TestSimpleExplanations.testBQ3
   [junit4] OK      0.03s S0 | TestSimpleExplanations.testMultiFieldBQofPQ1
   [junit4] OK      0.03s S0 | TestSimpleExplanations.testBQ19
   [junit4] OK      0.07s S0 | TestSimpleExplanations.testMultiFieldBQ2
   [junit4] OK      0.19s S0 | TestSimpleExplanations.testDMQ4
   [junit4] OK      0.08s S0 | TestSimpleExplanations.testDMQ1
   [junit4] OK      0.20s S0 | TestSimpleExplanations.testMultiFieldBQ7
   [junit4] OK      0.08s S0 | TestSimpleExplanations.testMultiFieldBQ3
   [junit4] OK      0.11s S0 | TestSimpleExplanations.testDMQ7
   [junit4] OK      0.05s S0 | TestSimpleExplanations.testMultiFieldBQ5
   [junit4] OK      0.21s S0 | TestSimpleExplanations.testMultiFieldBQ10
   [junit4] OK      0.06s S0 | TestSimpleExplanations.testMultiFieldBQofPQ4
   [junit4] OK      0.06s S0 | TestSimpleExplanations.testP6
   [junit4] OK      0.02s S0 | TestSimpleExplanations.testBQ15
   [junit4] OK      0.04s S0 | TestSimpleExplanations.testMultiFieldBQofPQ5
   [junit4] OK      0.05s S0 | TestSimpleExplanations.testBQ4
   [junit4] OK      0.21s S0 | TestSimpleExplanations.testMultiFieldBQ9
   [junit4] OK      0.04s S0 | TestSimpleExplanations.testMultiFieldBQ6
   [junit4] OK      0.11s S0 | TestSimpleExplanations.testDMQ8
   [junit4] OK      0.01s S0 | TestSimpleExplanations.testCSQ2
   [junit4] OK      0.04s S0 | TestSimpleExplanations.testFQ4
   [junit4] OK      0.04s S0 | TestSimpleExplanations.testMultiFieldBQofPQ2
   [junit4] OK      0.14s S0 | TestSimpleExplanations.testMPQ6
   [junit4] OK      0.07s S0 | TestSimpleExplanations.testBQ2
   [junit4] OK      0.05s S0 | TestSimpleExplanations.testMultiFieldBQofPQ3
   [junit4] OK      0.01s S0 | TestSimpleExplanations.testCSQ3
   [junit4] OK      0.04s S0 | TestSimpleExplanations.testBQ5
   [junit4] OK      0.07s S0 | TestSimpleExplanations.testBQ1
   [junit4] OK      0.26s S0 | TestSimpleExplanations.testMultiFieldBQ8
   [junit4] OK      0.04s S0 | TestSimpleExplanations.testFQ2
   [junit4] OK      0.13s S0 | TestSimpleExplanations.testMPQ3
   [junit4] OK      0.05s S0 | TestSimpleExplanations.testMultiFieldBQofPQ7
   [junit4] OK      0.06s S0 | TestSimpleExplanations.testBQ17
   [junit4] OK      0.04s S0 | TestSimpleExplanations.testFQ6
   [junit4] OK      0.00s S2 | TestIndexWriterDelete.testErrorInDocsWriterAdd
   [junit4] OK      0.01s S2 | TestIndexWriterDelete.testNonRAMDelete
   [junit4] OK      0.01s S2 | TestIndexWriterDelete.testDeleteNullQuery
   [junit4] OK      0.00s S2 | TestIndexWriterDelete.testMaxBufferedDeletes
   [junit4] OK      0.05s S2 | TestIndexWriterDelete.testDeleteAllRollback
   [junit4] OK      0.09s S2 | TestIndexWriterDelete.testDeletesOnDiskFull
   [junit4] OK      0.02s S2 | TestIndexWriterDelete.testBatchDeletes
   [junit4] OK      0.01s S2 | TestIndexWriterDelete.testRAMDeletes
   [junit4] OK      0.09s S2 | TestIndexWriterDelete.testFlushPushedDeletesByCount
   [junit4] OK      0.23s S2 | TestIndexWriterDelete.testErrorAfterApplyDeletes
   [junit4] OK      2.08s S2 | TestIndexWriterDelete.testIndexingThenDeleting
   [junit4] OK      0.02s S2 | TestIndexWriterDelete.testBothDeletes
   [junit4] OK      0.09s S2 | TestIndexWriterDelete.testSimpleCase
   [junit4] OK      0.23s S2 | TestIndexWriterDelete.testUpdatesOnDiskFull
   [junit4] OK      0.26s S2 | TestIndexWriterDelete.testFlushPushedDeletesByRAM
   [junit4] OK      0.02s S2 | TestIndexWriterDelete.testDeleteAll
   [junit4] OK      0.04s S2 | TestIndexWriterDelete.testDeleteAllNRT
   [junit4] OK      0.21s S2 | TestIndexWriterDelete.testDeleteAllSlowly
   [junit4] OK      0.00s S2 | TestToken.testToString
   [junit4] OK      0.00s S2 | TestToken.testResize
   [junit4] OK      0.00s S2 | TestToken.testCopyTo
   [junit4] OK      0.00s S2 | TestToken.testAttributeReflection
   [junit4] OK      0.00s S2 | TestToken.testCtor
   [junit4] OK      0.00s S2 | TestToken.testMixedStringArray
   [junit4] OK      1.13s S2 | TestToken.testGrow
   [junit4] OK      0.00s S2 | TestToken.testTokenAttributeFactory
   [junit4] OK      0.00s S2 | TestToken.testTermBufferEquals
   [junit4] OK      0.00s S2 | TestToken.testClone
   [junit4] OK      0.00s S2 | TestIndexWriterCommit.testZeroCommits
   [junit4] OK      0.63s S2 | TestIndexWriterCommit.testCommitOnCloseDiskUsage
   [junit4] OK      0.02s S2 | TestIndexWriterCommit.testCommitOnCloseForceMerge
   [junit4] OK      0.01s S2 | TestIndexWriterCommit.testCommitOnClose
   [junit4] OK      0.56s S2 | TestIndexWriterCommit.testCommitThreadSafety
   [junit4] OK      0.06s S2 | TestIndexWriterCommit.testCommitOnCloseAbort
   [junit4] OK      0.00s S2 | TestIndexWriterCommit.testPrepareCommitNoChanges
   [junit4] OK      0.01s S2 | TestIndexWriterCommit.testFutureCommit
   [junit4] OK      0.01s S2 | TestIndexWriterCommit.testPrepareCommitRollback
   [junit4] OK      0.03s S2 | TestIndexWriterCommit.testForceCommit
   [junit4] OK      0.04s S2 | TestIndexWriterCommit.testPrepareCommit
   [junit4] OK      0.04s S2 | TestIndexWriterCommit.testCommitUserData
   [junit4] OK      0.09s S2 | TestUnicodeUtil.testUTF8toUTF32
   [junit4] OK      0.05s S2 | TestUnicodeUtil.testCodePointCount
   [junit4] OK      0.00s S2 | TestUnicodeUtil.testNewString
   [junit4] OK      0.02s S2 | TestUnicodeUtil.testUTF8UTF16CharsRef
   [junit4] OK      0.05s S1 | TestTermsEnum.testRandomTerms
   [junit4] OK      0.27s S1 | TestTermsEnum.test
   [junit4] OK      0.01s S1 | TestTermsEnum.testZeroTerms
   [junit4] OK      3.13s S1 | TestTermsEnum.testIntersectRandom
   [junit4] OK      0.00s S1 | TestTermsEnum.testEasy
   [junit4] OK      0.01s S1 | TestTermsEnum.testFloorBlocks
   [junit4] OK      0.02s S2 | TestBufferedIndexInput.testSetBufferSize
   [junit4] OK      0.00s S2 | TestBufferedIndexInput.testEOF
   [junit4] OK      0.00s S2 | TestBufferedIndexInput.testReadByte
   [junit4] OK      1.48s S2 | TestBufferedIndexInput.testReadBytes
   [junit4] OK      0.00s S1 | TestOpenBitSet.testEquals
   [junit4] OK      0.00s S1 | TestOpenBitSet.testPrevSetBit
   [junit4] OK      1.85s S1 | TestOpenBitSet.testSmall
   [junit4] OK      0.00s S1 | TestOpenBitSet.testHashCodeEquals
   [junit4] OK      0.01s S0 | TestBoolean2.testQueries06
   [junit4] OK      0.01s S0 | TestBoolean2.testQueries02
   [junit4] OK      0.01s S0 | TestBoolean2.testQueries09
   [junit4] OK      0.00s S0 | TestBoolean2.testQueries07
   [junit4] OK      0.31s S0 | TestBoolean2.testRandomQueries
   [junit4] OK      0.01s S0 | TestBoolean2.testQueries08
   [junit4] OK      0.00s S0 | TestBoolean2.testQueries01
   [junit4] OK      0.00s S0 | TestBoolean2.testQueries10
   [junit4] OK      0.00s S0 | TestBoolean2.testQueries03
   [junit4] OK      0.00s S0 | TestBoolean2.testQueries05
   [junit4] OK      0.00s S0 | TestBoolean2.testQueries04
   [junit4] OK      0.20s S0 | TestFlex.testNonFlex
   [junit4] OK      0.01s S0 | TestFlex.testTermOrd
   [junit4] OK      0.21s S0 | TestCrashCausesCorruptIndex.testCrashCorruptsIndexing
   [junit4] OK      0.12s S0 | TestRegexpRandom.testRegexps
   [junit4] OK      0.01s S0 | TestSizeBoundedForceMerge.testMergeFactor
   [junit4] OK      0.01s S0 | TestSizeBoundedForceMerge.testAllSegmentsSmall
   [junit4] OK      0.00s S0 | TestSizeBoundedForceMerge.testSingleMergeableSegment
   [junit4] OK      0.01s S0 | TestSizeBoundedForceMerge.testNumDocsLimit
   [junit4] OK      0.00s S0 | TestSizeBoundedForceMerge.testSingleNonMergeableSegment
   [junit4] OK      0.00s S0 | TestSizeBoundedForceMerge.testOneLargeOneSmall
   [junit4] OK      0.00s S0 | TestSizeBoundedForceMerge.testAllSegmentsLarge
   [junit4] OK      0.00s S0 | TestSizeBoundedForceMerge.testSingleMergeableTooLargeSegment
   [junit4] OK      0.02s S0 | TestSizeBoundedForceMerge.testByteSizeLimit
   [junit4] OK      0.04s S0 | TestSizeBoundedForceMerge.testLastSegmentTooLarge
   [junit4] OK      0.02s S0 | TestSizeBoundedForceMerge.testFirstSegmentTooLarge
   [junit4] OK      0.01s S0 | TestBooleanQuery.testNullOrSubScorer
   [junit4] OK      0.04s S0 | TestBooleanQuery.testDeMorgan
   [junit4] OK      0.00s S0 | TestBooleanQuery.testEquality
   [junit4] OK      0.00s S0 | TestBooleanQuery.testException
   [junit4] OK      0.14s S0 | TestBooleanQuery.testBS2DisjunctionNextVsAdvance
   [junit4] OK      0.00s S0 | TestSentinelIntSet.test
   [junit4] OK      0.14s S0 | TestSentinelIntSet.testRandom
   [junit4] OK      0.01s S0 | TestFuzzyQuery.testTokenLengthOpt
   [junit4] OK      0.01s S0 | TestFuzzyQuery.testGiga
   [junit4] OK      0.01s S0 | TestFuzzyQuery.testFuzzinessLong
   [junit4] OK      0.02s S0 | TestFuzzyQuery.testFuzziness
   [junit4] OK      0.01s S0 | TestFuzzyQuery.testDistanceAsEditsSearching
   [junit4] OK      0.01s S0 | TestFuzzyQuery.testBoostOnlyRewrite
   [junit4] OK      0.01s S0 | TestFuzzyQuery.testTieBreaker
   [junit4] OK      0.01s S0 | TestWildcard.testAsterisk
   [junit4] OK      0.01s S0 | TestWildcard.testPrefixTerm
   [junit4] OK      0.01s S0 | TestWildcard.testEscapes
   [junit4] OK      0.01s S0 | TestWildcard.testTermWithoutWildcard
   [junit4] OK      0.01s S0 | TestWildcard.testEmptyTerm
   [junit4] OK      0.00s S0 | TestWildcard.testEquals
   [junit4] OK      0.02s S0 | TestWildcard.testParsingAndSearching
   [junit4] OK      0.01s S0 | TestWildcard.testQuestionmark
   [junit4] OK      0.08s S0 | TestTermRangeQuery.testTopTermsRewrite
   [junit4] OK      0.01s S0 | TestTermRangeQuery.testInclusive
   [junit4] OK      0.01s S0 | TestTermRangeQuery.testExclusiveLowerNull
   [junit4] OK      0.01s S0 | TestTermRangeQuery.testExclusive
   [junit4] OK      0.00s S0 | TestTermRangeQuery.testEqualsHashcode
   [junit4] OK      0.01s S0 | TestTermRangeQuery.testAllDocs
   [junit4] OK      0.01s S0 | TestTermRangeQuery.testInclusiveLowerNull
   [junit4] OK      0.00s S0 | TestNoDeletionPolicy.testFinalSingleton
   [junit4] OK      0.00s S0 | TestNoDeletionPolicy.testMethodsOverridden
   [junit4] OK      0.15s S0 | TestNoDeletionPolicy.testAllCommitsRemain
   [junit4] OK      0.00s S0 | TestNoDeletionPolicy.testNoDeletionPolicy
   [junit4] OK      2.65s S2 | TestStressIndexing.testStressIndexAndSearching
   [junit4] OK      0.08s S0 | TestBinaryTerms.testBinary
   [junit4] OK      2.10s S1 | TestSearchWithThreads.test
   [junit4] OK      0.05s S0 | TestSameTokenSamePosition.test
   [junit4] OK      0.01s S0 | TestSameTokenSamePosition.testMoreDocs
   [junit4] OK      0.01s S0 | TestFileSwitchDirectory.testCompoundFileAppendTwice
   [junit4] OK      0.00s S0 | TestFileSwitchDirectory.testDirectoryFilter
   [junit4] OK      0.03s S0 | TestFileSwitchDirectory.testBasic
   [junit4] OK      0.00s S0 | TestFileSwitchDirectory.testNoDir
   [junit4] OK      0.00s S0 | TestSmallFloat.testByteToFloat
   [junit4] OK      0.03s S0 | TestSmallFloat.testFloatToByte
   [junit4] OK      0.02s S0 | TestAppendingCodec.testCodec
   [junit4] OK      0.01s S0 | TestAppendingCodec.testCompoundFile
   [junit4] OK      0.00s S0 | TestDirectory.testRAMDirectoryFilter
   [junit4] OK      0.00s S0 | TestDirectory.testFSDirectoryFilter
   [junit4] OK      0.00s S0 | TestDirectory.testDontCreate
   [junit4] OK      0.01s S0 | TestDirectory.testDirectInstantiation
   [junit4] OK      0.00s S0 | TestDirectory.testDetectClose
   [junit4] OK      0.00s S0 | TestDirectory.testCopySubdir
   [junit4] OK      0.00s S0 | TestDirectory.testNotDirectory
   [junit4] OK      0.02s S0 | TestDateFilter.testAfter
   [junit4] OK      0.01s S0 | TestDateFilter.testBefore
   [junit4] OK      0.00s S0 | TestDateTools.testStringtoTime
   [junit4] OK      0.00s S0 | TestDateTools.testDateToolsUTC
   [junit4] OK      0.00s S0 | TestDateTools.testRound
   [junit4] OK      0.00s S0 | TestDateTools.testStringToDate
   [junit4] OK      0.00s S0 | TestDateTools.testDateAndTimetoString
   [junit4] OK      0.04s S0 | TestSetOnce.testSetMultiThreaded
   [junit4] OK      0.00s S0 | TestSetOnce.testSetOnce
   [junit4] OK      0.00s S0 | TestSetOnce.testEmptyCtor
   [junit4] OK      0.00s S0 | TestSetOnce.testSettingCtor
   [junit4] OK      0.00s S0 | TestMatchAllDocsQuery.testEquals
   [junit4] OK      0.01s S0 | TestMatchAllDocsQuery.testQuery
   [junit4] OK      0.00s S0 | TestIsCurrent.testDeleteAllIsCurrent
   [junit4] OK      0.00s S0 | TestIsCurrent.testDeleteByTermIsCurrent
   [junit4] OK      0.01s S0 | TestFieldCacheTermsFilter.testMissingTerms
   [junit4] OK      0.00s S0 | TestPulsingReuse.testNestedPulsing
   [junit4] OK      0.01s S0 | TestPulsingReuse.testSophisticatedReuse
   [junit4] OK      0.01s S0 | TestIndexWriterLockRelease.testIndexWriterLockRelease
   [junit4] OK      0.00s S0 | TestIntBlockCodec.testEmptySimpleIntBlocks
   [junit4] OK      0.01s S0 | TestIntBlockCodec.testSimpleIntBlocks
   [junit4] OK      0.74s S1 | TestTransactions.testTransactions
   [junit4] OK      0.00s S0 | TestIndexWriterConfig.testToString
   [junit4] OK      0.00s S0 | TestIndexWriterConfig.testClone
   [junit4] OK      0.00s S0 | TestIndexWriterConfig.testDefaults
   [junit4] OK      0.00s S0 | TestIndexWriterConfig.testConstants
   [junit4] OK      0.00s S0 | TestIndexWriterConfig.testSettersChaining
   [junit4] OK      0.00s S0 | TestIndexWriterConfig.testInvalidValues
   [junit4] OK      0.00s S0 | TestFieldInfos.test
   [junit4] OK      0.00s S0 | TestFieldInfos.testReadOnly
   [junit4] OK      0.00s S0 | TestPositiveScoresOnlyCollector.testNegativeScores
   [junit4] OK      0.00s S0 | TestNewestSegment.testNewestSegment
   [junit4] IGNORED 0.00s S0 | Test10KPulsings.alwaysIgnoredTestMethod
   [junit4] OK      0.00s S0 | TestIOUtils.testSuppressedExceptions
   [junit4] OK      0.00s S0 | TestByteArrayDataInput.testBasic
   [junit4] OK      0.00s S0 | TestVersionComparator.testVersions
   [junit4] IGNORED 0.00s S0 | Test2BPostings.alwaysIgnoredTestMethod
   [junit4] OK      0.00s S2 | TestMockAnalyzer.testKeyword
   [junit4] OK      0.76s S2 | TestMockAnalyzer.testForwardOffsets
   [junit4] OK      0.01s S2 | TestMockAnalyzer.testKeep
   [junit4] OK      0.00s S2 | TestMockAnalyzer.testSimple
   [junit4] OK      0.00s S2 | TestMockAnalyzer.testLUCENE_3042
   [junit4] OK      0.00s S2 | TestMockAnalyzer.testWhitespace
   [junit4] OK      0.00s S2 | TestMockAnalyzer.testLength
   [junit4] OK      0.00s S2 | TestMockAnalyzer.testStop
   [junit4] OK      0.68s S2 | TestMockAnalyzer.testRandomStrings
   [junit4] OK      0.29s S0 | TestParallelCompositeReader.testRefCounts2
   [junit4] OK      0.06s S0 | TestParallelCompositeReader.testIgnoreStoredFields
   [junit4] OK      0.02s S0 | TestParallelCompositeReader.testIncompatibleIndexes2
   [junit4] OK      0.01s S0 | TestParallelCompositeReader.testIncompatibleIndexes1
   [junit4] OK      0.02s S0 | TestParallelCompositeReader.testRefCounts1
   [junit4] OK      0.03s S0 | TestParallelCompositeReader.testQueries
   [junit4] OK      0.04s S0 | TestDocValues.testBytesSorted
   [junit4] OK      0.00s S0 | TestDocValues.testBytesDeref
   [junit4] OK      0.31s S0 | TestDocValues.testFixedInts
   [junit4] OK      0.09s S0 | TestDocValues.testVInts
   [junit4] OK      0.00s S0 | TestDocValues.testGetFloat32Array
   [junit4] OK      0.00s S0 | TestDocValues.testGetInt32Array
   [junit4] OK      0.00s S0 | TestDocValues.testFloats4
   [junit4] OK      0.00s S0 | TestDocValues.testGetInt8Array
   [junit4] OK      0.00s S0 | TestDocValues.testGetFloat64Array
   [junit4] OK      0.00s S0 | TestDocValues.testGetInt64Array
   [junit4] OK      0.00s S0 | TestDocValues.testVariableIntsLimits
   [junit4] OK      0.00s S0 | TestDocValues.testGetInt16Array
   [junit4] OK      0.00s S0 | TestDocValues.testBytesStraight
   [junit4] OK      0.00s S0 | TestDocValues.testFloats8
   [junit4] OK      1.26s S1 | TestForceMergeForever.test
   [junit4] OK      0.01s S0 | TestAutomatonQuery.testRewriteSingleTerm
   [junit4] OK      0.01s S0 | TestAutomatonQuery.testBasicAutomata
   [junit4] OK      0.01s S0 | TestAutomatonQuery.testEquals
   [junit4] OK      0.01s S0 | TestAutomatonQuery.testEmptyOptimization
   [junit4] OK      0.01s S0 | TestAutomatonQuery.testRewritePrefix
   [junit4] OK      0.01s S0 | TestAutomatonQuery.testNFA
   [junit4] OK      0.09s S1 | TestIndexableBinaryStringTools.testRandomBinaryRoundTrip
   [junit4] OK      0.00s S1 | TestIndexableBinaryStringTools.testEmptyInput
   [junit4] OK      0.10s S1 | TestIndexableBinaryStringTools.testEncodedSortability
   [junit4] OK      0.00s S1 | TestIndexableBinaryStringTools.testSingleBinaryRoundTrip
   [junit4] OK      0.00s S1 | TestIndexableBinaryStringTools.testAllNullInput
   [junit4] OK      0.00s S0 | TestCompiledAutomaton.testBasic
   [junit4] OK      0.19s S0 | TestCompiledAutomaton.testRandom
   [junit4] OK      0.01s S0 | TestSimilarity2.testOmitTFAndNorms
   [junit4] OK      0.01s S0 | TestSimilarity2.testNoNorms
   [junit4] OK      0.02s S0 | TestSimilarity2.testEmptyTerm
   [junit4] OK      0.00s S0 | TestSimilarity2.testEmptyIndex
   [junit4] OK      0.03s S0 | TestSimilarity2.testEmptyField
   [junit4] OK      0.02s S0 | TestSimilarity2.testCrazySpans
   [junit4] OK      0.01s S0 | TestSimilarity2.testOmitTF
   [junit4] OK      0.20s S1 | TestSumDocFreq.testSumDocFreq
   [junit4] OK      0.06s S1 | TestWildcardRandom.testWildcards
   [junit4] OK      0.00s S1 | TestBytesRefHash.testSize
   [junit4] OK      0.01s S1 | TestBytesRefHash.testAdd
   [junit4] OK      0.01s S1 | TestBytesRefHash.testCompact
   [junit4] OK      0.01s S1 | TestBytesRefHash.testSort
   [junit4] OK      0.02s S1 | TestBytesRefHash.testAddByPoolOffset
   [junit4] OK      0.00s S1 | TestBytesRefHash.testLargeValue
   [junit4] OK      0.01s S1 | TestBytesRefHash.testGet
   [junit4] OK      0.00s S1 | TestSpanExplanationsOfNonMatches.testSNear4
   [junit4] OK      0.00s S1 | TestSpanExplanationsOfNonMatches.testSNear1
   [junit4] OK      0.00s S1 | TestSpanExplanationsOfNonMatches.testSNear10
   [junit4] OK      0.00s S1 | TestSpanExplanationsOfNonMatches.testSO1
   [junit4] OK      0.00s S1 | TestSpanExplanationsOfNonMatches.testSNear11
   [junit4] OK      0.00s S1 | TestSpanExplanationsOfNonMatches.testST5
   [junit4] OK      0.00s S1 | TestSpanExplanationsOfNonMatches.testSNot1
   [junit4] OK      0.00s S1 | TestSpanExplanationsOfNonMatches.testSNear3
   [junit4] OK      0.00s S1 | TestSpanExplanationsOfNonMatches.testSF6
   [junit4] OK      0.00s S1 | TestSpanExplanationsOfNonMatches.testST1
   [junit4] OK      0.00s S1 | TestSpanExplanationsOfNonMatches.testSNot4
   [junit4] OK      0.00s S1 | TestSpanExplanationsOfNonMatches.testSNear7
   [junit4] OK      0.00s S1 | TestSpanExplanationsOfNonMatches.testSNot5
   [junit4] OK      0.00s S1 | TestSpanExplanationsOfNonMatches.testSO2
   [junit4] OK      0.00s S1 | TestSpanExplanationsOfNonMatches.testST4
   [junit4] OK      0.00s S1 | TestSpanExplanationsOfNonMatches.testSF5
   [junit4] OK      0.00s S1 | TestSpanExplanationsOfNonMatches.testSNot10
   [junit4] OK      0.00s S1 | TestSpanExplanationsOfNonMatches.testST2
   [junit4] OK      0.00s S1 | TestSpanExplanationsOfNonMatches.testSNot7
   [junit4] OK      0.00s S1 | TestSpanExplanationsOfNonMatches.testSNear8
   [junit4] OK      0.00s S1 | TestSpanExplanationsOfNonMatches.testSNot2
   [junit4] OK      0.00s S1 | TestSpanExplanationsOfNonMatches.testSNear2
   [junit4] OK      0.00s S1 | TestSpanExplanationsOfNonMatches.testSF1
   [junit4] OK      0.00s S1 | TestSpanExplanationsOfNonMatches.testNoop
   [junit4] OK      0.00s S1 | TestSpanExplanationsOfNonMatches.testSNear5
   [junit4] OK      0.00s S1 | TestSpanExplanationsOfNonMatches.testSO3
   [junit4] OK      0.00s S1 | TestSpanExplanationsOfNonMatches.testSF2
   [junit4] OK      0.00s S1 | TestSpanExplanationsOfNonMatches.testSNear6
   [junit4] OK      0.00s S1 | TestSpanExplanationsOfNonMatches.testSF4
   [junit4] OK      0.00s S1 | TestSpanExplanationsOfNonMatches.testSNear9
   [junit4] OK      0.00s S1 | TestSpanExplanationsOfNonMatches.testSO4
   [junit4] OK      0.03s S1 | TestParallelReaderEmptyIndex.testEmptyIndexWithVectors
   [junit4] OK      0.01s S1 | TestParallelReaderEmptyIndex.testEmptyIndex
   [junit4] OK      0.31s S0 | TestPayloads.testThreadSafety
   [junit4] OK      0.00s S0 | TestPayloads.testPayload
   [junit4] OK      0.01s S0 | TestPayloads.testPayloadFieldBit
   [junit4] OK      0.07s S0 | TestPayloads.testPayloadsEncoding
   [junit4] OK      0.01s S0 | TestPayloads.testAcrossFields
   [junit4] OK      0.04s S1 | TestFilteredSearch.testFilteredSearch
   [junit4] OK      0.01s S0 | TestParallelTermEnum.test1
   [junit4] OK      0.02s S1 | TestDocCount.testSimple
   [junit4] OK      0.01s S0 | TestBooleanScorer.testMoreThan32ProhibitedClauses
   [junit4] OK      0.00s S0 | TestBooleanScorer.testMethod
   [junit4] OK      0.00s S0 | TestBooleanScorer.testEmptyBucketWithMoreDocs
   [junit4] OK      0.01s S1 | TestRecyclingByteBlockAllocator.testAllocateAndFree
   [junit4] OK      0.00s S1 | TestRecyclingByteBlockAllocator.testAllocate
   [junit4] OK      0.00s S1 | TestRecyclingByteBlockAllocator.testAllocateAndRecycle
   [junit4] OK      0.04s S0 | TestCheckIndex.testDeletedDocs
   [junit4] OK      0.00s S0 | TestCheckIndex.testLuceneConstantVersion
   [junit4] OK      0.00s S1 | TestSortedVIntList.test08c
   [junit4] OK      0.00s S1 | TestSortedVIntList.test04a
   [junit4] OK      0.00s S1 | TestSortedVIntList.test12
   [junit4] OK      0.00s S1 | TestSortedVIntList.test02
   [junit4] OK      0.00s S1 | TestSortedVIntList.test13Allocation
   [junit4] OK      0.00s S1 | TestSortedVIntList.test08b
   [junit4] OK      0.00s S1 | TestSortedVIntList.test05
   [junit4] OK      0.00s S1 | TestSortedVIntList.test07c
   [junit4] OK      0.00s S1 | TestSortedVIntList.test06
   [junit4] OK      0.00s S1 | TestSortedVIntList.test07b
   [junit4] OK      0.00s S1 | TestSortedVIntList.test04b
   [junit4] OK      0.00s S1 | TestSortedVIntList.test11
   [junit4] OK      0.00s S1 | TestSortedVIntList.test01
   [junit4] OK      0.00s S1 | TestSortedVIntList.test07a
   [junit4] OK      0.00s S1 | TestSortedVIntList.test06b
   [junit4] OK      0.00s S1 | TestSortedVIntList.test10
   [junit4] OK      0.00s S1 | TestSortedVIntList.test08a
   [junit4] OK      0.00s S1 | TestSortedVIntList.test04c
   [junit4] OK      0.00s S1 | TestSortedVIntList.test05b
   [junit4] OK      0.01s S0 | TestDemo.testDemo
   [junit4] OK      0.00s S1 | TestNot.testNot
   [junit4] OK      0.01s S0 | TestLock.testObtain
   [junit4] OK      0.01s S1 | TestBinaryDocument.testCompressionTools
   [junit4] OK      0.00s S1 | TestBinaryDocument.testBinaryFieldInIndex
   [junit4] OK      0.01s S0 | TestSimilarity.testSimilarity
   [junit4] OK      0.01s S1 | TestRollback.testRollbackIntegrityWithBufferFlush
   [junit4] OK      0.01s S0 | TestPrefixQuery.testPrefixQuery
   [junit4] OK      0.01s S1 | TestReaderClosed.test
   [junit4] OK      0.00s S0 | TestNoMergePolicy.testFinalSingleton
   [junit4] OK      0.00s S0 | TestNoMergePolicy.testMethodsOverridden
   [junit4] OK      0.00s S0 | TestNoMergePolicy.testCompoundFiles
   [junit4] OK      0.00s S0 | TestNoMergePolicy.testNoMergePolicy
   [junit4] OK      0.00s S1 | TestScoreCachingWrappingScorer.testGetScores
   [junit4] OK      0.00s S0 | TestNoMergeScheduler.testNoMergeScheduler
   [junit4] OK      0.00s S0 | TestNoMergeScheduler.testMethodsOverridden
   [junit4] OK      0.00s S0 | TestNoMergeScheduler.testFinalSingleton
   [junit4] OK      0.00s S1 | TestNGramPhraseQuery.testRewrite
   [junit4] OK      0.00s S0 | TestIndexCommit.testEqualsHashCode
   [junit4] OK      0.00s S0 | TestBitUtil.testBitUtils
   [junit4] OK      0.00s S0 | TestBitUtil.testNlz
   [junit4] IGNORED 0.00s S1 | TestIndexWriterOnJRECrash.alwaysIgnoredTestMethod
   [junit4] OK      0.00s S0 | TestImpersonation.test
   [junit4] OK      0.02s S1 | TestJUnitRuleOrder.testRuleOrder
   [junit4] OK      0.08s S1 | TestOmitPositions.testNoPrxFile
   [junit4] OK      0.01s S1 | TestOmitPositions.testBasic
   [junit4] OK      0.02s S1 | TestOmitPositions.testPositions
   [junit4] OK      0.07s S1 | TestDocTermOrds.testRandomWithPrefix
   [junit4] OK      0.09s S1 | TestDocTermOrds.testRandom
   [junit4] OK      0.01s S1 | TestDocTermOrds.testSimple
   [junit4] OK      0.00s S1 | TestTermVectorsWriter.testEndOffsetPositionStandard
   [junit4] OK      0.00s S1 | TestTermVectorsWriter.testEndOffsetPositionStandardEmptyField
   [junit4] OK      0.01s S1 | TestTermVectorsWriter.testNoTermVectorAfterTermVectorMerge
   [junit4] OK      0.01s S1 | TestTermVectorsWriter.testTermVectorCorruption2
   [junit4] OK      0.00s S1 | TestTermVectorsWriter.testEndOffsetPositionStopFilter
   [junit4] OK      0.00s S1 | TestTermVectorsWriter.testEndOffsetPositionWithCachingTokenFilter
   [junit4] OK      0.00s S1 | TestTermVectorsWriter.testEndOffsetPositionStandardEmptyField2
   [junit4] OK      0.00s S1 | TestTermVectorsWriter.testDoubleOffsetCounting
   [junit4] OK      0.00s S1 | TestTermVectorsWriter.testEndOffsetPositionCharAnalyzer
   [junit4] OK      0.28s S1 | TestTermVectorsWriter.testTermVectorCorruption3
   [junit4] OK      0.01s S1 | TestTermVectorsWriter.testNoTermVectorAfterTermVector
   [junit4] OK      0.04s S1 | TestTermVectorsWriter.testTermVectorCorruption
   [junit4] OK      0.01s S1 | TestTermVectorsWriter.testDoubleOffsetCounting2
   [junit4] OK      0.08s S1 | TestExternalCodecs.testPerFieldCodec
   [junit4] OK      0.00s S3 | TestFSTs.testFinalOutputOnEndState
   [junit4] OK      20.6s S3 | TestFSTs.testRealTerms
   [junit4] OK      0.00s S3 | TestFSTs.testLargeOutputsOnArrayArcs
   [junit4] OK      0.01s S3 | TestFSTs.testExpandedCloseToRoot
   [junit4] OK      0.31s S3 | TestFSTs.testRandomTermLookup
   [junit4] OK      0.99s S3 | TestFSTs.testBasicFSA
   [junit4] OK      0.00s S3 | TestFSTs.testSingleString
   [junit4] OK      0.14s S3 | TestFSTs.testPrimaryKeys
   [junit4] OK      0.00s S3 | TestFSTs.testInternalFinalState
   [junit4] OK      0.00s S3 | TestFSTs.testNonFinalStopNode
   [junit4] OK      0.00s S3 | TestFSTs.testSimple
   [junit4] OK      6.02s S3 | TestFSTs.testRandomWords
   [junit4] OK      0.07s S1 | TestTransactionRollback.testRollbackDeletionPolicy
   [junit4] OK      0.18s S1 | TestTransactionRollback.testRepeatedRollBacks
   [junit4] OK      0.07s S1 | TestSpecialOperations.testIsFinite
   [junit4] OK      0.01s S1 | TestNearSpansOrdered.testNearSpansNextThenSkipTo
   [junit4] OK      0.01s S1 | TestNearSpansOrdered.testNearSpansNextThenSkipPast
   [junit4] OK      0.00s S1 | TestNearSpansOrdered.testSpanNearScorerSkipTo1
   [junit4] OK      0.01s S1 | TestNearSpansOrdered.testNearSpansSkipPast
   [junit4] OK      0.01s S1 | TestNearSpansOrdered.testSpanNearScorerExplain
   [junit4] OK      0.01s S1 | TestNearSpansOrdered.testNearSpansSkipTo1
   [junit4] OK      0.01s S1 | TestNearSpansOrdered.testNearSpansSkipToLikeNext
   [junit4] OK      0.01s S1 | TestNearSpansOrdered.testSpanNearQuery
   [junit4] OK      0.01s S1 | TestNearSpansOrdered.testNearSpansSkipTo0
   [junit4] OK      0.01s S1 | TestNearSpansOrdered.testNearSpansNext
   [junit4] OK      0.11s S3 | TestTermRangeFilter.testRangeFilterId
   [junit4] OK      0.01s S1 | TestTermVectorsReader.testPositionReader
   [junit4] OK      0.00s S3 | TestTermRangeFilter.testPad
   [junit4] OK      0.01s S1 | TestTermVectorsReader.test
   [junit4] OK      0.05s S3 | TestTermRangeFilter.testRangeFilterRand
   [junit4] OK      0.02s S1 | TestTermVectorsReader.testReader
   [junit4] OK      0.01s S1 | TestTermVectorsReader.testOffsetReader
   [junit4] OK      0.01s S1 | TestTermVectorsReader.testBadParams
   [junit4] OK      0.01s S1 | TestTermVectorsReader.testDocsEnum
   [junit4] OK      0.02s S1 | TestSpanMultiTermQueryWrapper.testFuzzy
   [junit4] OK      0.01s S1 | TestSpanMultiTermQueryWrapper.testPrefix
   [junit4] OK      0.00s S1 | TestSpanMultiTermQueryWrapper.testWildcard
   [junit4] OK      0.03s S1 | TestSpanMultiTermQueryWrapper.testFuzzy2
   [junit4] OK      0.00s S1 | TestTopDocsCollector.testFirstResultsPage
   [junit4] OK      0.00s S1 | TestTopDocsCollector.testZeroResults
   [junit4] OK      0.01s S1 | TestTopDocsCollector.testInvalidArguments
   [junit4] OK      0.00s S1 | TestTopDocsCollector.testMaxScore
   [junit4] OK      0.00s S1 | TestTopDocsCollector.testGetAllResults
   [junit4] OK      0.00s S1 | TestTopDocsCollector.testResultsOrder
   [junit4] OK      0.01s S1 | TestTopDocsCollector.testSecondResultsPages
   [junit4] OK      0.00s S1 | TestTopDocsCollector.testGetResultsFromStart
   [junit4] OK      0.00s S1 | TestComplexExplanationsOfNonMatches.testSNot3
   [junit4] OK      0.00s S1 | TestComplexExplanationsOfNonMatches.testFQ5
   [junit4] OK      0.00s S1 | TestComplexExplanationsOfNonMatches.testBQ21
   [junit4] OK      0.00s S1 | TestComplexExplanationsOfNonMatches.testT3
   [junit4] OK      0.00s S1 | TestComplexExplanationsOfNonMatches.testST6
   [junit4] OK      0.00s S1 | TestComplexExplanationsOfNonMatches.testSNot8
   [junit4] OK      0.00s S1 | TestComplexExplanationsOfNonMatches.testBQ18
   [junit4] OK      0.00s S1 | TestComplexExplanationsOfNonMatches.testCSQ4
   [junit4] OK      0.00s S1 | TestComplexExplanationsOfNonMatches.testSNot9
   [junit4] OK      0.00s S1 | TestComplexExplanationsOfNonMatches.testSF7
   [junit4] OK      0.01s S1 | TestComplexExplanationsOfNonMatches.test2
   [junit4] OK      0.00s S1 | TestComplexExplanationsOfNonMatches.testMA3
   [junit4] OK      0.00s S1 | TestComplexExplanationsOfNonMatches.testBQ12
   [junit4] OK      0.00s S1 | TestComplexExplanationsOfNonMatches.testDMQ10
   [junit4] OK      0.01s S1 | TestComplexExplanationsOfNonMatches.test1
   [junit4] OK      0.00s S1 | TestComplexExplanationsOfNonMatches.testNoop
   [junit4] OK      0.00s S1 | TestComplexExplanationsOfNonMatches.testBQ22
   [junit4] OK      0.00s S1 | TestComplexExplanationsOfNonMatches.testST3
   [junit4] OK      0.00s S1 | TestComplexExplanationsOfNonMatches.testBQ13
   [junit4] OK      0.00s S1 | TestComplexExplanationsOfNonMatches.testMPQ7
   [junit4] OK      0.00s S1 | TestComplexExplanationsOfNonMatches.testSF3
   [junit4] OK      0.00s S1 | TestComplexExplanationsOfNonMatches.testSNot6
   [junit4] OK      0.08s S1 | TestPerSegmentDeletes.testDeletes1
   [junit4] OK      0.01s S1 | TestCachingTokenFilter.testCaching
   [junit4] OK      1.26s S0 | TestDirectoryReaderReopen.testThreadSafety
   [junit4] OK      0.02s S0 | TestDirectoryReaderReopen.testCommitReopen
   [junit4] OK      0.80s S0 | TestDirectoryReaderReopen.testReopen
   [junit4] OK      0.02s S0 | TestDirectoryReaderReopen.testReopenOnCommit
   [junit4] OK      0.02s S0 | TestDirectoryReaderReopen.testCommitRecreate
   [junit4] OK      0.03s S1 | TestIndexFileDeleter.testDeleteLeftoverFiles
   [junit4] OK      0.02s S0 | TestElevationComparator.testSorting
   [junit4] OK      0.01s S1 | TestSegmentTermEnum.testTermEnum
   [junit4] OK      0.01s S1 | TestSegmentTermEnum.testPrevTermAtEnd
   [junit4] OK      0.01s S0 | TestConstantScoreQuery.testWrapped2Times
   [junit4] OK      0.00s S0 | TestConstantScoreQuery.testConstantScoreQueryAndFilter
   [junit4] OK      0.00s S0 | TestConstantScoreQuery.testCSQ
   [junit4] OK      0.01s S0 | TestAutomatonQueryUnicode.testSortOrder
   [junit4] OK      0.01s S1 | TestPositionIncrement.testSetPosition
   [junit4] OK      0.01s S1 | TestPositionIncrement.testPayloadsPos0
   [junit4] OK      0.01s S0 | TestPhrasePrefixQuery.testPhrasePrefix
   [junit4] OK      0.01s S1 | TestDocIdSet.testNullDocIdSet
   [junit4] OK      0.00s S1 | TestDocIdSet.testFilteredDocIdSet
   [junit4] OK      0.00s S1 | TestExplanations.testNoop
   [junit4] OK      0.02s S0 | TestSimilarityProvider.testBasics
   [junit4] OK      0.01s S1 | TestDocBoost.testDocBoost
   [junit4] OK      0.00s S0 | MultiCollectorTest.testSingleCollector
   [junit4] OK      0.00s S0 | MultiCollectorTest.testNullCollectors
   [junit4] OK      0.00s S0 | MultiCollectorTest.testCollector
   [junit4] OK      0.00s S1 | TestTwoPhaseCommitTool.testNullTPCs
   [junit4] OK      0.00s S1 | TestTwoPhaseCommitTool.testRollback
   [junit4] OK      0.00s S1 | TestTwoPhaseCommitTool.testWrapper
   [junit4] OK      0.00s S1 | TestTwoPhaseCommitTool.testPrepareThenCommit
   [junit4] OK      0.00s S0 | TestVirtualMethod.testExceptions
   [junit4] OK      0.00s S0 | TestVirtualMethod.testGeneral
   [junit4] OK      0.00s S0 | TestBytesRef.testFromChars
   [junit4] OK      0.00s S0 | TestBytesRef.testFromBytes
   [junit4] OK      0.00s S0 | TestBytesRef.testEmpty
   [junit4] OK      0.00s S1 | TestNamedSPILoader.testBogusLookup
   [junit4] OK      0.00s S1 | TestNamedSPILoader.testAvailableServices
   [junit4] OK      0.00s S1 | TestNamedSPILoader.testLookup
   [junit4] OK      0.00s S1 | TestTerm.testEquals
   [junit4] OK      0.00s S1 | TestByteBlockPool.testCopyRefAndWrite
   [junit4] OK      0.44s S3 | TestPayloadProcessorProvider.testAddIndexesIntoExisting
   [junit4] OK      0.19s S3 | TestPayloadProcessorProvider.testAddIndexes
   [junit4] OK      0.31s S3 | TestPayloadProcessorProvider.testRegularMerges
   [junit4] IGNORED 0.00s S1 | Test2BTerms.alwaysIgnoredTestMethod
   [junit4] OK      0.00s S1 | TestFilterAtomicReader.testOverrideMethods
   [junit4] OK      0.02s S1 | TestFilterAtomicReader.testFilterIndexReader
   [junit4] OK      0.00s S0 | TestIndexInput.testBufferedIndexInputRead
   [junit4] OK      0.00s S0 | TestIndexInput.testRawIndexInputRead
   [junit4] IGNORED 0.00s S1 | TestReproduceMessage.testAssumeBeforeClass
   [junit4] IGNORED 0.00s S1 | TestReproduceMessage.testAssumeInitializer
   [junit4] OK      0.01s S1 | TestReproduceMessage.testAssumeRule
   [junit4] OK      0.00s S1 | TestReproduceMessage.testAssumeBefore
   [junit4] OK      0.00s S1 | TestReproduceMessage.testAssumeTest
   [junit4] OK      0.00s S1 | TestReproduceMessage.testAssumeAfter
   [junit4] IGNORED 0.00s S1 | TestReproduceMessage.testAssumeAfterClass
   [junit4] IGNORED 0.00s S1 | TestReproduceMessage.testFailureBeforeClass
   [junit4] IGNORED 0.00s S1 | TestReproduceMessage.testFailureInitializer
   [junit4] OK      0.01s S1 | TestReproduceMessage.testFailureRule
   [junit4] OK      0.01s S1 | TestReproduceMessage.testFailureBefore
   [junit4] OK      0.01s S1 | TestReproduceMessage.testFailureTest
   [junit4] OK      0.01s S1 | TestReproduceMessage.testFailureAfter
   [junit4] IGNORED 0.00s S1 | TestReproduceMessage.testFailureAfterClass
   [junit4] IGNORED 0.00s S1 | TestReproduceMessage.testErrorBeforeClass
   [junit4] IGNORED 0.00s S1 | TestReproduceMessage.testErrorInitializer
   [junit4] OK      0.01s S1 | TestReproduceMessage.testErrorRule
   [junit4] OK      0.01s S1 | TestReproduceMessage.testErrorBefore
   [junit4] OK      0.01s S1 | TestReproduceMessage.testErrorTest
   [junit4] OK      0.01s S1 | TestReproduceMessage.testErrorAfter
   [junit4] IGNORED 0.00s S1 | TestReproduceMessage.testErrorAfterClass
   [junit4] OK      0.00s S0 | TestDocument.testConstructorExceptions
   [junit4] OK      0.00s S0 | TestDocument.testGetValuesForNewDocument
   [junit4] OK      0.01s S0 | TestDocument.testGetValuesForIndexedDocument
   [junit4] OK      0.00s S0 | TestDocument.testGetValues
   [junit4] OK      0.02s S0 | TestDocument.testTransitionAPI
   [junit4] OK      0.01s S0 | TestDocument.testFieldSetValue
   [junit4] OK      0.00s S0 | TestDocument.testRemoveForNewDocument
   [junit4] OK      0.00s S0 | TestDocument.testInvalidFields
   [junit4] OK      0.00s S0 | TestDocument.testBinaryField
   [junit4] OK      0.02s S1 | TestMultiTermConstantScore.testRangeQueryId
   [junit4] OK      0.00s S1 | TestMultiTermConstantScore.testBasics
   [junit4] OK      0.00s S1 | TestMultiTermConstantScore.testBoost
   [junit4] OK      0.01s S1 | TestMultiTermConstantScore.testRangeQueryRand
   [junit4] OK      0.00s S1 | TestMultiTermConstantScore.testBooleanOrderUnAffected
   [junit4] OK      0.00s S1 | TestMultiTermConstantScore.testPad
   [junit4] OK      0.00s S1 | TestMultiTermConstantScore.testEqualScores
   [junit4] OK      0.00s S1 | TestSimpleExplanationsOfNonMatches.testCSQ3
   [junit4] OK      0.00s S1 | TestSimpleExplanationsOfNonMatches.testBQ2
   [junit4] OK      0.00s S1 | TestSimpleExplanationsOfNonMatches.testDMQ8
   [junit4] OK      0.00s S1 | TestSimpleExplanationsOfNonMatches.testT1
   [junit4] OK      0.00s S1 | TestSimpleExplanationsOfNonMatches.testMA1
   [junit4] OK      0.00s S1 | TestSimpleExplanationsOfNonMatches.testP1
   [junit4] OK      0.00s S1 | TestSimpleExplanationsOfNonMatches.testT2
   [junit4] OK      0.00s S1 | TestSimpleExplanationsOfNonMatches.testMultiFieldBQ7
   [junit4] OK      0.00s S1 | TestSimpleExplanationsOfNonMatches.testBQ3
   [junit4] OK      0.00s S1 | TestSimpleExplanationsOfNonMatches.testFQ6
   [junit4] OK      0.00s S0 | TestBasicOperations.testSingletonNFAConcatenate
   [junit4] OK      0.00s S0 | TestBasicOperations.testSingleton
   [junit4] OK      0.21s S0 | TestBasicOperations.testGetRandomAcceptedString
   [junit4] OK      0.00s S0 | TestBasicOperations.testEmptySingletonNFAConcatenate
   [junit4] OK      0.00s S0 | TestBasicOperations.testEmptySingletonConcatenate
   [junit4] OK      0.00s S0 | TestBasicOperations.testEmptyLanguageConcatenate
   [junit4] OK      0.00s S0 | TestBasicOperations.testSingletonConcatenate
   [junit4] OK      0.00s S1 | TestSimpleExplanationsOfNonMatches.testMultiFieldBQofPQ6
   [junit4] OK      0.00s S1 | TestSimpleExplanationsOfNonMatches.testMultiFieldBQofPQ5
   [junit4] OK      0.00s S1 | TestSimpleExplanationsOfNonMatches.testBQ5
   [junit4] OK      0.00s S1 | TestSimpleExplanationsOfNonMatches.testCSQ1
   [junit4] OK      0.00s S1 | TestSimpleExplanationsOfNonMatches.testMPQ1
   [junit4] OK      0.00s S1 | TestSimpleExplanationsOfNonMatches.testMultiFieldBQofPQ3
   [junit4] OK      0.00s S1 | TestSimpleExplanationsOfNonMatches.testMultiFieldBQ3
   [junit4] OK      0.00s S1 | TestSimpleExplanationsOfNonMatches.testMultiFieldBQ6
   [junit4] OK      0.00s S1 | TestSimpleExplanationsOfNonMatches.testMultiFieldBQofPQ4
   [junit4] OK      0.00s S1 | TestSimpleExplanationsOfNonMatches.testP6
   [junit4] OK      0.00s S1 | TestSimpleExplanationsOfNonMatches.testMultiFieldBQ1
   [junit4] OK      0.00s S1 | TestSimpleExplanationsOfNonMatches.testMultiFieldBQ8
   [junit4] OK      0.00s S1 | TestSimpleExplanationsOfNonMatches.testMultiFieldBQ2
   [junit4] OK      0.00s S1 | TestSimpleExplanationsOfNonMatches.testBQ7
   [junit4] OK      0.00s S1 | TestSimpleExplanationsOfNonMatches.testBQ11
   [junit4] OK      0.00s S1 | TestSimpleExplanationsOfNonMatches.testBQ8
   [junit4] OK      0.00s S1 | TestSimpleExplanationsOfNonMatches.testBQ17
   [junit4] OK      0.00s S1 | TestSimpleExplanationsOfNonMatches.testDMQ9
   [junit4] OK      0.00s S1 | TestSimpleExplanationsOfNonMatches.testDMQ6
   [junit4] OK      0.00s S1 | TestSimpleExplanationsOfNonMatches.testFQ4
   [junit4] OK      0.00s S1 | TestSimpleExplanationsOfNonMatches.testDMQ3
   [junit4] OK      0.00s S1 | TestSimpleExplanationsOfNonMatches.testDMQ2
   [junit4] OK      0.00s S1 | TestSimpleExplanationsOfNonMatches.testP7
   [junit4] OK      0.00s S1 | TestSimpleExplanationsOfNonMatches.testNoop
   [junit4] OK      0.00s S1 | TestSimpleExplanationsOfNonMatches.testFQ1
   [junit4] OK      0.00s S1 | TestSimpleExplanationsOfNonMatches.testMA2
   [junit4] OK      0.00s S1 | TestSimpleExplanationsOfNonMatches.testMPQ2
   [junit4] OK      0.00s S1 | TestSimpleExplanationsOfNonMatches.testBQ9
   [junit4] OK      0.00s S1 | TestSimpleExplanationsOfNonMatches.testDMQ7
   [junit4] OK      0.00s S1 | TestSimpleExplanationsOfNonMatches.testFQ3
   [junit4] OK      0.00s S1 | TestSimpleExplanationsOfNonMatches.testBQ6
   [junit4] OK      0.00s S1 | TestSimpleExplanationsOfNonMatches.testBQ20
   [junit4] OK      0.00s S1 | TestSimpleExplanationsOfNonMatches.testP5
   [junit4] OK      0.00s S1 | TestSimpleExplanationsOfNonMatches.testBQ1
   [junit4] OK      0.00s S1 | TestSimpleExplanationsOfNonMatches.testMPQ4
   [junit4] OK      0.00s S1 | TestSimpleExplanationsOfNonMatches.testMultiFieldBQ10
   [junit4] OK      0.00s S1 | TestSimpleExplanationsOfNonMatches.testMultiFieldBQ5
   [junit4] OK      0.00s S1 | TestSimpleExplanationsOfNonMatches.testMultiFieldBQofPQ1
   [junit4] OK      0.00s S1 | TestSimpleExplanationsOfNonMatches.testMPQ5
   [junit4] OK      0.00s S1 | TestSimpleExplanationsOfNonMatches.testP3
   [junit4] OK      0.00s S1 | TestSimpleExplanationsOfNonMatches.testFQ2
   [junit4] OK      0.00s S1 | TestSimpleExplanationsOfNonMatches.testMPQ3
   [junit4] OK      0.00s S1 | TestSimpleExplanationsOfNonMatches.testBQ10
   [junit4] OK      0.00s S1 | TestSimpleExplanationsOfNonMatches.testDMQ5
   [junit4] OK      0.00s S1 | TestSimpleExplanationsOfNonMatches.testCSQ2
   [junit4] OK      0.00s S1 | TestSimpleExplanationsOfNonMatches.testBQ19
   [junit4] OK      0.00s S1 | TestSimpleExplanationsOfNonMatches.testP2
   [junit4] OK      0.00s S1 | TestSimpleExplanationsOfNonMatches.testDMQ4
   [junit4] OK      0.00s S1 | TestSimpleExplanationsOfNonMatches.testMultiFieldBQofPQ2
   [junit4] OK      0.00s S1 | TestSimpleExplanationsOfNonMatches.testBQ14
   [junit4] OK      0.00s S1 | TestSimpleExplanationsOfNonMatches.testP4
   [junit4] OK      0.00s S1 | TestSimpleExplanationsOfNonMatches.testDMQ1
   [junit4] OK      0.00s S1 | TestSimpleExplanationsOfNonMatches.testBQ16
   [junit4] OK      0.00s S1 | TestSimpleExplanationsOfNonMatches.testBQ15
   [junit4] OK      0.00s S1 | TestSimpleExplanationsOfNonMatches.testMultiFieldBQofPQ7
   [junit4] OK      0.00s S1 | TestSimpleExplanationsOfNonMatches.testBQ4
   [junit4] OK      0.00s S1 | TestSimpleExplanationsOfNonMatches.testMultiFieldBQ9
   [junit4] OK      0.00s S1 | TestSimpleExplanationsOfNonMatches.testMultiFieldBQ4
   [junit4] OK      0.00s S1 | TestSimpleExplanationsOfNonMatches.testMPQ6
   [junit4] OK      0.11s S0 | TestSearchForDuplicates.testRun
   [junit4] OK      0.04s S1 | TestSpansAdvanced2.testBooleanQueryWithSpanQueries
   [junit4] OK      0.02s S1 | TestSpansAdvanced2.testSingleSpanQuery
   [junit4] OK      0.01s S1 | TestSpansAdvanced2.testVerifyIndex
   [junit4] OK      0.03s S1 | TestSpansAdvanced2.testMultipleDifferentSpanQueries
   [junit4] OK      0.00s S1 | TestCachingWrapperFilter.testNullDocIdSet
   [junit4] OK      0.01s S1 | TestCachingWrapperFilter.testEnforceDeletions
   [junit4] OK      0.03s S1 | TestCachingWrapperFilter.testIsCacheAble
   [junit4] OK      0.00s S1 | TestCachingWrapperFilter.testNullDocIdSetIterator
   [junit4] OK      0.00s S1 | TestCachingWrapperFilter.testCachingWorks
   [junit4] OK      0.09s S0 | TestSearchAfter.testQueries
   [junit4] OK      0.02s S1 | TestSpansAdvanced.testBooleanQueryWithSpanQueries
   [junit4] OK      0.01s S1 | TestSearch.testSearch
   [junit4] OK      0.01s S0 | TestRegexpQuery.testRegexComplement
   [junit4] OK      0.01s S0 | TestRegexpQuery.testRegex2
   [junit4] OK      0.00s S0 | TestRegexpQuery.testRegex1
   [junit4] OK      0.03s S0 | TestRegexpQuery.testNumericRange
   [junit4] OK      0.01s S0 | TestRegexpQuery.testCustomProvider
   [junit4] OK      0.01s S0 | TestRegexpQuery.testBacktracking
   [junit4] OK      0.00s S0 | TestRegexpQuery.testRegex3
   [junit4] OK      0.02s S1 | TestDocValuesScoring.testSimple
   [junit4] OK      0.01s S0 | TestFieldValueFilter.testFieldValueFilter
   [junit4] OK      0.01s S0 | TestFieldValueFilter.testFieldValueFilterNoValue
   [junit4] OK      0.81s S3 | TestPagedBytes.testDataInputOutput
   [junit4] OK      0.56s S2 | TestIndexWriterExceptions.testRandomExceptions
   [junit4] OK      0.04s S2 | TestIndexWriterExceptions.testDocumentsWriterExceptions
   [junit4] OK      0.00s S2 | TestIndexWriterExceptions.testRollbackExceptionHang
   [junit4] OK      0.90s S2 | TestIndexWriterExceptions.testForceMergeExceptions
   [junit4] OK      0.01s S2 | TestIndexWriterExceptions.testExceptionOnMergeInit
   [junit4] OK      0.00s S2 | TestIndexWriterExceptions.testOutOfMemoryErrorCausesCloseToFail
   [junit4] OK      0.26s S2 | TestIndexWriterExceptions.testDocumentsWriterAbort
   [junit4] OK      0.01s S2 | TestIndexWriterExceptions.testUpdateDocsNonAbortingException
   [junit4] OK      0.79s S2 | TestIndexWriterExceptions.testTermVectorExceptions
   [junit4] OK      0.07s S2 | TestIndexWriterExceptions.testSimulatedCrashedWriter
   [junit4] OK      0.01s S2 | TestIndexWriterExceptions.testAddDocsNonAbortingException
   [junit4] OK      0.02s S2 | TestIndexWriterExceptions.testExceptionOnCtor
   [junit4] OK      0.00s S2 | TestIndexWriterExceptions.testSimulatedCorruptIndex2
   [junit4] OK      0.00s S2 | TestIndexWriterExceptions.testExceptionDocumentsWriterInit
   [junit4] OK      0.05s S2 | TestIndexWriterExceptions.testSegmentsChecksumError
   [junit4] OK      1.06s S2 | TestIndexWriterExceptions.testDocumentsWriterExceptionThreads
   [junit4] OK      0.98s S2 | TestIndexWriterExceptions.testRandomExceptionsThreads
   [junit4] OK      0.00s S2 | TestIndexWriterExceptions.testSimulatedCorruptIndex1
   [junit4] OK      0.01s S2 | TestIndexWriterExceptions.testExceptionJustBeforeFlush
   [junit4] OK      0.01s S2 | TestIndexWriterExceptions.testExceptionFromTokenStream
   [junit4] OK      0.09s S2 | TestIndexWriterExceptions.testExceptionsDuringCommit
   [junit4] OK      0.21s S2 | TestIndexWriterExceptions.testExceptionDuringSync
   [junit4] OK      0.00s S0 | TestPriorityQueue.testFixedSize
   [junit4] OK      0.00s S0 | TestPriorityQueue.testInsertWithOverflow
   [junit4] OK      0.00s S0 | TestPriorityQueue.testClear
   [junit4] OK      0.05s S0 | TestPriorityQueue.testPQ
   [junit4] OK      0.00s S0 | TestMultiTermQueryRewrites.testRewritesWithDuplicateTerms
   [junit4] OK      0.00s S0 | TestMultiTermQueryRewrites.testMaxClauseLimitations
   [junit4] OK      0.00s S0 | TestMultiTermQueryRewrites.testBoosts
   [junit4] OK      0.13s S1 | TestUniqueTermCount.test
   [junit4] OK      0.00s S1 | TestSubScorerFreqs.testPhraseQuery
   [junit4] OK      0.00s S1 | TestSubScorerFreqs.testBooleanQuery
   [junit4] OK      0.00s S1 | TestSubScorerFreqs.testTermQuery
   [junit4] OK      0.01s S1 | TestDateSort.testReverseDateSort
   [junit4] OK      0.01s S0 | TestTermScorer.testNext
   [junit4] OK      0.01s S0 | TestTermScorer.testAdvance
   [junit4] OK      0.01s S0 | TestTermScorer.test
   [junit4] OK      0.00s S1 | TestCharsRef.testCopy
   [junit4] OK      0.00s S1 | TestCharsRef.testAppend
   [junit4] OK      0.01s S1 | TestCharsRef.testUTF16InUTF8Order
   [junit4] OK      0.00s S0 | TestCachingCollector.testNoWrappedCollector
   [junit4] OK      0.00s S0 | TestCachingCollector.testCachedArraysAllocation
   [junit4] OK      0.00s S0 | TestCachingCollector.testIllegalCollectorOnReplay
   [junit4] OK      0.00s S0 | TestCachingCollector.testIllegalStateOnReplay
   [junit4] OK      0.00s S0 | TestCachingCollector.testBasic
   [junit4] OK      0.01s S1 | TestSpanFirstQuery.testStartPositions
   [junit4] OK      0.00s S0 | TestAttributeSource.testLUCENE_3042
   [junit4] OK      0.00s S0 | TestAttributeSource.testCloneAttributes
   [junit4] OK      0.00s S0 | TestAttributeSource.testDefaultAttributeFactory
   [junit4] OK      0.00s S0 | TestAttributeSource.testInvalidArguments
   [junit4] OK      0.00s S0 | TestAttributeSource.testCaptureState
   [junit4] OK      0.01s S1 | TestPrefixFilter.testPrefixFilter
   [junit4] OK      0.00s S0 | TestNumericTokenStream.testIntStream
   [junit4] OK      0.00s S0 | TestNumericTokenStream.testLongStream
   [junit4] OK      0.00s S0 | TestNumericTokenStream.testCTA
   [junit4] OK      0.00s S0 | TestNumericTokenStream.testNotInitialized
   [junit4] OK      0.00s S1 | TestTopScoreDocCollector.testOutOfOrderCollection
   [junit4] OK      0.00s S0 | TestMockCharFilter.test
   [junit4] OK      0.00s S1 | TestSimpleAttributeImpl.testAttributes
   [junit4] OK      0.00s S0 | TestAssertions.testTokenStreams
   [junit4] OK      0.00s S1 | TestCloseableThreadLocal.testInitValue
   [junit4] OK      0.00s S1 | TestCloseableThreadLocal.testDefaultValueWithoutSetting
   [junit4] OK      0.00s S1 | TestCloseableThreadLocal.testNullValue
   [junit4] OK      0.00s S0 | TestTermdocPerf.testTermDocPerf
   [junit4] OK      0.00s S1 | TestRamUsageEstimator.testBasic
   [junit4] OK      0.00s S0 | TestVersion.test
   [junit4] OK      0.00s S1 | TestSetupTeardownChaining.testSetupChaining
   [junit4] OK      0.00s S1 | TestSetupTeardownChaining.testTeardownChaining
   [junit4] OK      0.01s S0 | TestParallelAtomicReader.testRefCounts2
   [junit4] OK      0.01s S0 | TestParallelAtomicReader.testFieldNames
   [junit4] OK      0.01s S0 | TestParallelAtomicReader.testIncompatibleIndexes
   [junit4] OK      0.01s S0 | TestParallelAtomicReader.testIgnoreStoredFields
   [junit4] OK      0.01s S0 | TestParallelAtomicReader.testRefCounts1
   [junit4] OK      0.07s S0 | TestParallelAtomicReader.testQueries
   [junit4] OK      0.58s S3 | TestScorerPerf.testConjunctions
   [junit4] OK      0.21s S3 | TestIndexWriterNRTIsCurrent.testIsCurrentWithThreads
   [junit4] OK      0.12s S3 | TestMultiLevelSkipList.testSimpleSkip
   [junit4] OK      1.33s S2 | TestFieldCache.test
   [junit4] OK      0.00s S2 | TestFieldCache.testInfoStream
   [junit4] OK      0.00s S2 | TestFieldCache.testEmptyIndex
   [junit4] OK      0.17s S2 | TestFieldCache.testGetDocsWithFieldThreadSafety
   [junit4] OK      0.00s S2 | TestFieldCache.testDocsWithField
   [junit4] OK      0.07s S2 | TestPostingsOffsets.testSkipping
   [junit4] OK      0.00s S2 | TestPostingsOffsets.testBasic
   [junit4] OK      0.09s S2 | TestPostingsOffsets.testPayloads
   [junit4] OK      0.04s S2 | TestPostingsOffsets.testRandom
   [junit4] OK      0.10s S2 | TestFieldCacheSanityChecker.testInsanity1
   [junit4] OK      0.08s S2 | TestFieldCacheSanityChecker.testInsanity2
   [junit4] OK      0.10s S2 | TestFieldCacheSanityChecker.testSanity
   [junit4] OK      0.00s S2 | TestPayloadExplanations.testNoop
   [junit4] OK      0.04s S2 | TestPayloadExplanations.testPT5
   [junit4] OK      0.06s S2 | TestPayloadExplanations.testPT2
   [junit4] OK      0.04s S2 | TestPayloadExplanations.testPT4
   [junit4] OK      0.05s S2 | TestPayloadExplanations.testPT1
   [junit4] OK      0.64s S2 | TestRollingUpdates.testRollingUpdates
   [junit4] OK      0.23s S2 | TestRollingUpdates.testUpdateSameDoc
   [junit4] OK      0.01s S2 | TestDocumentsWriterDeleteQueue.testAnyChanges
   [junit4] OK      0.01s S2 | TestDocumentsWriterDeleteQueue.testUpdateDelteSlices
   [junit4] OK      0.00s S2 | TestDocumentsWriterDeleteQueue.testPartiallyAppliedGlobalSlice
   [junit4] OK      0.09s S2 | TestDocumentsWriterDeleteQueue.testStressDeleteQueue
   [junit4] OK      0.00s S2 | TestDocumentsWriterDeleteQueue.testClear
   [junit4] OK      0.64s S3 | TestBackwardsCompatibility.testUpgradeOldIndex
   [junit4] OK      0.14s S3 | TestBackwardsCompatibility.testExactFileNames
   [junit4] OK      0.32s S3 | TestBackwardsCompatibility.testUpgradeOldSingleSegmentIndexWithAdditions
   [junit4] OK      0.70s S3 | TestBackwardsCompatibility.testSearchOldIndex
   [junit4] OK      0.49s S3 | TestBackwardsCompatibility.testAddOldIndexes
   [junit4] OK      0.22s S3 | TestBackwardsCompatibility.testNumericFields
   [junit4] OK      0.27s S3 | TestBackwardsCompatibility.testIndexOldIndexNoAdds
   [junit4] OK      0.04s S3 | TestBackwardsCompatibility.testNextIntoWrongField
   [junit4] OK      0.18s S3 | TestBackwardsCompatibility.testSurrogates
   [junit4] OK      0.25s S3 | TestBackwardsCompatibility.testFullyMergeOldIndex
   [junit4] OK      0.43s S3 | TestBackwardsCompatibility.testUnsupportedOldIndexes
   [junit4] OK      0.21s S3 | TestBackwardsCompatibility.testAddOldIndexesReader
   [junit4] OK      0.30s S3 | TestBackwardsCompatibility.testIndexOldIndex
   [junit4] OK      0.01s S3 | TestIndexWriterUnicode.testInvalidUTF16
   [junit4] OK      0.33s S3 | TestIndexWriterUnicode.testRandomUnicodeStrings
   [junit4] OK      0.00s S3 | TestIndexWriterUnicode.testEmbeddedFFFF
   [junit4] OK      0.48s S3 | TestIndexWriterUnicode.testAllUnicodeChars
   [junit4] OK      0.02s S3 | TestIndexWriterUnicode.testTermUTF16SortOrder
   [junit4] OK      0.00s S3 | TestLevenshteinAutomata.testNoWastedStates
   [junit4] OK      0.42s S3 | TestLevenshteinAutomata.testLev2
   [junit4] OK      0.02s S3 | TestLevenshteinAutomata.testLev1
   [junit4] OK      0.00s S3 | TestLevenshteinAutomata.testLev0
   [junit4] OK      0.05s S3 | TestNumericUtils.testIntConversionAndOrdering
   [junit4] OK      0.00s S3 | TestNumericUtils.testSortableFloatNaN
   [junit4] OK      0.05s S3 | TestNumericUtils.testLongConversionAndOrdering
   [junit4] OK      0.00s S3 | TestNumericUtils.testFloats
   [junit4] OK      0.44s S3 | TestNumericUtils.testRandomSplit
   [junit4] OK      0.00s S3 | TestNumericUtils.testDoubles
   [junit4] OK      0.00s S3 | TestNumericUtils.testSplitLongRange
   [junit4] OK      0.00s S3 | TestNumericUtils.testLongSpecialValues
   [junit4] OK      0.00s S3 | TestNumericUtils.testIntSpecialValues
   [junit4] OK      0.00s S3 | TestNumericUtils.testLongExtremeValues
   [junit4] OK      0.00s S3 | TestNumericUtils.testSplitIntRange
   [junit4] OK      0.00s S3 | TestNumericUtils.testSortableDoubleNaN
   [junit4] OK      0.24s S3 | TestTypePromotion.testPromotInteger
   [junit4] OK      0.18s S3 | TestTypePromotion.testPromoteBytes
   [junit4] OK      0.20s S3 | TestTypePromotion.testPromotFloatingPoint
   [junit4] OK      0.17s S3 | TestTypePromotion.testMergeIncompatibleTypes
   [junit4] OK      0.15s S3 | TestTypePromotion.testSortedPromoteBytes
   [junit4] OK      0.14s S3 | TestReuseDocsEnum.testReuseDocsEnumNoReuse
   [junit4] OK      0.15s S3 | TestReuseDocsEnum.testReuseDocsEnumDifferentReader
   [junit4] OK      0.05s S3 | TestReuseDocsEnum.testReuseDocsEnumSameBitsOrNull
   [junit4] OK      0.01s S3 | TestOmitNorms.testNoNrmFile
   [junit4] OK      0.01s S3 | TestOmitNorms.testOmitNorms
   [junit4] OK      0.01s S3 | TestOmitNorms.testMixedRAM
   [junit4] OK      0.06s S3 | TestOmitNorms.testMixedMerge
   [junit4] OK      0.23s S3 | TestOmitNorms.testOmitNormsCombos
   [junit4] OK      0.05s S3 | TestNumericRangeQuery32.testRightOpenRange_4bit
   [junit4] OK      0.08s S3 | TestNumericRangeQuery32.testSorting_2bit
   [junit4] OK      0.01s S3 | TestNumericRangeQuery32.testLeftOpenRange_2bit
   [junit4] OK      0.20s S3 | TestNumericRangeQuery32.testRandomTrieAndClassicRangeQuery_NoTrie
   [junit4] OK      0.29s S3 | TestNumericRangeQuery32.testRandomTrieAndClassicRangeQuery_2bit
   [junit4] OK      0.00s S3 | TestNumericRangeQuery32.testFloatRange_2bit
   [junit4] OK      0.00s S3 | TestNumericRangeQuery32.testFloatRange_4bit
   [junit4] OK      0.00s S3 | TestNumericRangeQuery32.testOneMatchQuery
   [junit4] OK      0.03s S3 | TestNumericRangeQuery32.testRangeSplit_4bit
   [junit4] OK      0.00s S3 | TestNumericRangeQuery32.testLeftOpenRange_8bit
   [junit4] OK      0.01s S3 | TestNumericRangeQuery32.testInfiniteValues
   [junit4] OK      0.06s S3 | TestNumericRangeQuery32.testSorting_4bit
   [junit4] OK      0.06s S3 | TestNumericRangeQuery32.testRangeSplit_2bit
   [junit4] OK      0.00s S3 | TestNumericRangeQuery32.testLeftOpenRange_4bit
   [junit4] OK      0.05s S3 | TestNumericRangeQuery32.testRange_4bit
   [junit4] OK      0.05s S3 | TestNumericRangeQuery32.testRangeSplit_8bit
   [junit4] OK      0.00s S3 | TestNumericRangeQuery32.testInverseRange
   [junit4] OK      0.00s S3 | TestNumericRangeQuery32.testFloatRange_8bit
   [junit4] OK      0.00s S3 | TestNumericRangeQuery32.testEmptyEnums
   [junit4] OK      0.30s S3 | TestNumericRangeQuery32.testRandomTrieAndClassicRangeQuery_8bit
   [junit4] OK      0.27s S3 | TestNumericRangeQuery32.testRandomTrieAndClassicRangeQuery_4bit
   [junit4] OK      0.03s S3 | TestNumericRangeQuery32.testRange_2bit
   [junit4] OK      0.02s S3 | TestNumericRangeQuery32.testEqualsAndHash
   [junit4] OK      0.01s S3 | TestNumericRangeQuery32.testRightOpenRange_2bit
   [junit4] OK      0.02s S3 | TestNumericRangeQuery32.testSorting_8bit
   [junit4] OK      0.00s S3 | TestNumericRangeQuery32.testRightOpenRange_8bit
   [junit4] OK      0.14s S3 | TestNumericRangeQuery32.testRange_8bit
   [junit4] OK      0.04s S3 | TestTermsEnum2.testSeekingAndNexting
   [junit4] OK      0.03s S3 | TestTermsEnum2.testSeeking
   [junit4] OK      0.04s S3 | TestTermsEnum2.testIntersect
   [junit4] OK      0.08s S3 | TestTermsEnum2.testFiniteVersusInfinite
   [junit4] OK      0.24s S3 | TestDeterminizeLexicon.testLexicon
   [junit4] OK      0.00s S3 | TestPayloadTermQuery.testQuery
   [junit4] OK      0.02s S3 | TestPayloadTermQuery.testIgnoreSpanScorer
   [junit4] OK      0.03s S3 | TestPayloadTermQuery.test
   [junit4] OK      0.00s S3 | TestPayloadTermQuery.testNoMatch
   [junit4] OK      0.02s S3 | TestPayloadTermQuery.testNoPayload
   [junit4] OK      0.03s S3 | TestPayloadTermQuery.testMultipleMatchesPerDoc
   [junit4] OK      0.25s S3 | TestThreadedForceMerge.testThreadedForceMerge
   [junit4] OK      0.01s S3 | TestIndexWriter.testWhetherDeleteAllDeletesWriteLock
   [junit4] OK      0.01s S3 | TestIndexWriter.testNullLockFactory
   [junit4] OK      0.01s S3 | TestIndexWriter.testNRTReaderVersion
   [junit4] OK      0.00s S3 | TestIndexWriter.testEmptyDirRollback
   [junit4] OK      0.00s S3 | TestIndexWriter.testStoredFieldsOrder
   [junit4] OK      0.01s S3 | TestIndexWriter.testEmptyFSDirWithNoLock
   [junit4] OK      0.02s S3 | TestIndexWriter.testNegativePositions
   [junit4] OK      0.02s S3 | TestIndexWriter.testWickedLongTerm
   [junit4] OK      0.02s S3 | TestIndexWriter.testNoUnwantedTVFiles
   [junit4] OK      0.01s S3 | TestIndexWriter.testEmptyDocAfterFlushingRealDoc
   [junit4] OK      0.07s S3 | TestIndexWriter.testDeadlock
   [junit4] OK      0.00s S3 | TestIndexWriter.testChangeIndexOptions
   [junit4] OK      0.24s S3 | TestIndexWriter.testManyFields
   [junit4] OK      0.03s S3 | TestIndexWriter.testFlushWithNoMerging
   [junit4] OK      0.01s S3 | TestIndexWriter.testCreateWithReader
   [junit4] OK      0.00s S3 | TestIndexWriter.testOtherFiles
   [junit4] OK      0.02s S3 | TestIndexWriter.testUnlimitedMaxFieldLength
   [junit4] OK      0.00s S3 | TestIndexWriter.testEmptyFieldName
   [junit4] OK      0.01s S3 | TestIndexWriter.testDeleteUnsedFiles2
   [junit4] OK      0.02s S3 | TestIndexWriter.testDeleteUnusedFiles
   [junit4] OK      0.10s S3 | TestIndexWriter.testVariableSchema
   [junit4] OK      0.01s S3 | TestIndexWriter.testMaxThreadPriority
   [junit4] OK      0.05s S3 | TestIndexWriter.testIndexDivisor
   [junit4] OK      1.28s S3 | TestIndexWriter.testThreadInterruptDeadlock
   [junit4] OK      0.00s S3 | TestIndexWriter.testBinaryFieldOffsetLength
   [junit4] OK      0.03s S3 | TestIndexWriter.testDeleteAllNRTLeftoverFiles
   [junit4] OK      0.00s S3 | TestIndexWriter.testPositionIncrementGapEmptyField
   [junit4] OK      0.01s S3 | TestIndexWriter.testEnablingNorms
   [junit4] OK      0.02s S3 | TestIndexWriter.testSmallRAMBuffer
   [junit4] OK      0.02s S3 | TestIndexWriter.testDoBeforeAfterFlush
   [junit4] OK      0.01s S3 | TestIndexWriter.testIndexStoreCombos
   [junit4] OK      0.00s S3 | TestIndexWriter.testEmptyFieldNameTIIOne
   [junit4] OK      0.00s S3 | TestIndexWriter.testNoSegmentFile
   [junit4] OK      0.13s S3 | TestIndexWriter.testHighFreqTerm
   [junit4] OK      0.00s S3 | TestIndexWriter.testNoDocsIndex
   [junit4] OK      1.57s S3 | TestIndexWriter.testDiverseDocs
   [junit4] OK      0.00s S3 | TestIndexWriter.testBadSegment
   [junit4] OK      0.04s S3 | TestIndexWriter.testChangingRAMBuffer
   [junit4] OK      0.01s S3 | TestIndexWriter.testIndexNoDocuments
   [junit4] OK      0.01s S3 | TestIndexWriter.testDocCount
   [junit4] OK      0.00s S3 | TestIndexWriter.testChangesAfterClose
   [junit4] OK      0.00s S3 | TestIndexWriter.testEmptyFieldNameTerms
   [junit4] OK      0.02s S3 | TestIndexWriter.testChangingRAMBuffer2
   [junit4] OK      0.00s S3 | TestIndexWriter.testEmptyFieldNameWithEmptyTerm
   [junit4] Slave 0:     0.52 ..    81.01 =    80.50s
   [junit4] Slave 1:     0.54 ..    80.88 =    80.34s
   [junit4] Slave 2:     0.54 ..    83.83 =    83.30s
   [junit4] Slave 3:     0.52 ..    96.86 =    96.35s
   [junit4] Execution time total: 1 minute 36 seconds
   [junit4] Tests summary: 284 suites, 1587 tests, 17 ignored (4 assumptions)

test:

compile-lucene-core:

jflex-uptodate-check:

jflex-notice:

javacc-uptodate-check:

javacc-notice:

init:

clover.setup:

clover.info:
     [echo] 
     [echo]       Clover not found. Code coverage reports disabled.
     [echo]   	

clover:

common.compile-core:
    [javac] Compiling 1 source file to c:\Work\lucene-solr\lucene\build\core\classes\java
    [javac] warning: [options] bootstrap class path not set in conjunction with -source 1.6
    [javac] 1 warning

compile-core:

compile-test-framework:

init:

compile-lucene-core:

compile-core:

compile-test:
     [echo] Building demo...

common.init:

compile-lucene-core:

contrib-build.init:

check-lucene-core-uptodate:

jar-lucene-core:

init:

compile-test:
     [echo] Building demo...

check-analyzers-common-uptodate:

jar-analyzers-common:

check-queryparser-uptodate:

jar-queryparser:

common.init:

compile-lucene-core:

contrib-build.init:

check-lucene-core-uptodate:

jar-lucene-core:

init:

clover.setup:

clover.info:
     [echo] 
     [echo]       Clover not found. Code coverage reports disabled.
     [echo]   	

clover:

common.compile-core:

compile-core:

compile-test-framework:

common.compile-test:
     [echo] Building highlighter...

common.init:

compile-lucene-core:

init:

compile-test:
     [echo] Building highlighter...

check-memory-uptodate:

jar-memory:

common.init:

compile-lucene-core:

init:

clover.setup:

clover.info:
     [echo] 
     [echo]       Clover not found. Code coverage reports disabled.
     [echo]   	

clover:

common.compile-core:

compile-core:

compile-test-framework:

common.compile-test:
     [echo] Building memory...

common.init:

compile-lucene-core:

init:

compile-test:
     [echo] Building memory...

check-queryparser-uptodate:

jar-queryparser:

common.init:

compile-lucene-core:

init:

clover.setup:

clover.info:
     [echo] 
     [echo]       Clover not found. Code coverage reports disabled.
     [echo]   	

clover:

common.compile-core:

compile-core:

compile-test-framework:

common.compile-test:
     [echo] Building misc...

common.init:

compile-lucene-core:

init:

compile-test:
     [echo] Building misc...

common.init:

compile-lucene-core:

init:

clover.setup:

clover.info:
     [echo] 
     [echo]       Clover not found. Code coverage reports disabled.
     [echo]   	

clover:

compile-core:

compile-test-framework:

common.compile-test:
     [echo] Building sandbox...

common.init:

compile-lucene-core:

init:

compile-test:
     [echo] Building sandbox...

common.init:

compile-lucene-core:

init:

clover.setup:

clover.info:
     [echo] 
     [echo]       Clover not found. Code coverage reports disabled.
     [echo]   	

clover:

compile-core:

compile-test-framework:

common.compile-test:
     [echo] Building spatial...

common.init:

compile-lucene-core:

init:

compile-test:
     [echo] Building spatial...

check-queries-uptodate:

jar-queries:

common.init:

compile-lucene-core:

init:

clover.setup:

clover.info:
     [echo] 
     [echo]       Clover not found. Code coverage reports disabled.
     [echo]   	

clover:

common.compile-core:

compile-core:

compile-test-framework:

common.compile-test:

test-contrib:
     [echo] Building demo...

common.init:

compile-lucene-core:

contrib-build.init:

check-lucene-core-uptodate:

jar-lucene-core:

init:

test:
     [echo] Building demo...

common.init:

compile-lucene-core:

contrib-build.init:

check-lucene-core-uptodate:

jar-lucene-core:

init:

compile-test:
     [echo] Building demo...

check-analyzers-common-uptodate:

jar-analyzers-common:

check-queryparser-uptodate:

jar-queryparser:

common.init:

compile-lucene-core:

contrib-build.init:

check-lucene-core-uptodate:

jar-lucene-core:

init:

clover.setup:

clover.info:
     [echo] 
     [echo]       Clover not found. Code coverage reports disabled.
     [echo]   	

clover:

common.compile-core:

compile-core:

compile-test-framework:

common.compile-test:

compile-tools:

init:

compile-core:

validate:

junit-mkdir:

junit-sequential:

junit-parallel:
   [junit4] <JUnit4> says hello. Random seed: deadbeef
   [junit4] Expected execution time on slave 0:     0.97s
   [junit4] Executing 1 suite with 1 JVM.
   [junit4] OK      0.86s | TestDemo.testIndexSearch
   [junit4]   1> Indexing to directory 'c:\Work\lucene-solr\lucene\build\contrib\demo\test\ContribDemoTest2013320133tmp'...
   [junit4]   1> adding C:\Work\lucene-solr\lucene\build\contrib\demo\classes\test\org\apache\lucene\demo\test-files\docs\apache1.0.txt
   [junit4]   1> adding C:\Work\lucene-solr\lucene\build\contrib\demo\classes\test\org\apache\lucene\demo\test-files\docs\apache1.1.txt
   [junit4]   1> adding C:\Work\lucene-solr\lucene\build\contrib\demo\classes\test\org\apache\lucene\demo\test-files\docs\apache2.0.txt
   [junit4]   1> adding C:\Work\lucene-solr\lucene\build\contrib\demo\classes\test\org\apache\lucene\demo\test-files\docs\cpl1.0.txt
   [junit4]   1> adding C:\Work\lucene-solr\lucene\build\contrib\demo\classes\test\org\apache\lucene\demo\test-files\docs\epl1.0.txt
   [junit4]   1> adding C:\Work\lucene-solr\lucene\build\contrib\demo\classes\test\org\apache\lucene\demo\test-files\docs\freebsd.txt
   [junit4]   1> adding C:\Work\lucene-solr\lucene\build\contrib\demo\classes\test\org\apache\lucene\demo\test-files\docs\gpl1.0.txt
   [junit4]   1> adding C:\Work\lucene-solr\lucene\build\contrib\demo\classes\test\org\apache\lucene\demo\test-files\docs\gpl2.0.txt
   [junit4]   1> adding C:\Work\lucene-solr\lucene\build\contrib\demo\classes\test\org\apache\lucene\demo\test-files\docs\gpl3.0.txt
   [junit4]   1> adding C:\Work\lucene-solr\lucene\build\contrib\demo\classes\test\org\apache\lucene\demo\test-files\docs\lgpl2.1.txt
   [junit4]   1> adding C:\Work\lucene-solr\lucene\build\contrib\demo\classes\test\org\apache\lucene\demo\test-files\docs\lgpl3.txt
   [junit4]   1> adding C:\Work\lucene-solr\lucene\build\contrib\demo\classes\test\org\apache\lucene\demo\test-files\docs\lpgl2.0.txt
   [junit4]   1> adding C:\Work\lucene-solr\lucene\build\contrib\demo\classes\test\org\apache\lucene\demo\test-files\docs\mit.txt
   [junit4]   1> adding C:\Work\lucene-solr\lucene\build\contrib\demo\classes\test\org\apache\lucene\demo\test-files\docs\mozilla1.1.txt
   [junit4]   1> adding C:\Work\lucene-solr\lucene\build\contrib\demo\classes\test\org\apache\lucene\demo\test-files\docs\mozilla_eula_firefox3.txt
   [junit4]   1> adding C:\Work\lucene-solr\lucene\build\contrib\demo\classes\test\org\apache\lucene\demo\test-files\docs\mozilla_eula_thunderbird2.txt
   [junit4]   1> 299 total milliseconds
   [junit4]   1>
   [junit4] Slave 0:     0.28 ..     1.45 =     1.18s
   [junit4] Execution time total: 1.47 sec.
   [junit4] Tests summary: 1 suite, 1 test

common.test:
     [echo] Building highlighter...

common.init:

compile-lucene-core:

init:

test:
     [echo] Building highlighter...

common.init:

compile-lucene-core:

init:

compile-test:
     [echo] Building highlighter...

check-memory-uptodate:

jar-memory:

common.init:

compile-lucene-core:

init:

clover.setup:

clover.info:
     [echo] 
     [echo]       Clover not found. Code coverage reports disabled.
     [echo]   	

clover:

common.compile-core:

compile-core:

compile-test-framework:

common.compile-test:

compile-tools:

init:

compile-core:

validate:

junit-mkdir:

junit-sequential:

junit-parallel:
   [junit4] <JUnit4> says hello. Random seed: deadbeef
   [junit4] Expected execution time on slave 2:     1.43s
   [junit4] Expected execution time on slave 3:     1.43s
   [junit4] Expected execution time on slave 0:     1.43s
   [junit4] Expected execution time on slave 1:     1.51s
   [junit4] Executing 15 suites with 4 JVMs.
   [junit4] OK      0.04s S0 | BreakIteratorBoundaryScannerTest.testOutOfRange
   [junit4] OK      0.00s S0 | BreakIteratorBoundaryScannerTest.testWordBoundary
   [junit4] OK      0.00s S0 | BreakIteratorBoundaryScannerTest.testSentenceBoundary
   [junit4] OK      0.00s S0 | BreakIteratorBoundaryScannerTest.testLineBoundary
   [junit4] OK      0.30s S3 | ScoreOrderFragmentsBuilderTest.test3Frags
   [junit4] OK      0.01s S3 | FieldQueryTest.testQueryPhraseMap2PhrasesFields
   [junit4] OK      0.00s S3 | FieldQueryTest.testQueryPhraseMap2Phrases
   [junit4] OK      0.00s S3 | FieldQueryTest.testFlattenDisjunctionMaxQuery
   [junit4] OK      0.00s S3 | FieldQueryTest.testExpand
   [junit4] OK      0.00s S3 | FieldQueryTest.testSearchPhrase
   [junit4] OK      0.00s S3 | FieldQueryTest.testExpandNotFieldMatch
   [junit4] OK      0.00s S3 | FieldQueryTest.testFlattenTermAndPhrase2gram
   [junit4] OK      0.00s S3 | FieldQueryTest.testQueryPhraseMapOverlapPhrases
   [junit4] OK      0.04s S3 | FieldQueryTest.testRangeQuery
   [junit4] OK      0.00s S3 | FieldQueryTest.testGetFieldTermMap
   [junit4] OK      0.00s S3 | FieldQueryTest.testQueryPhraseMapOverlapPhrases3
   [junit4] OK      0.00s S3 | FieldQueryTest.testFlattenBoolean
   [junit4] OK      0.00s S3 | FieldQueryTest.testGetRootMap
   [junit4] OK      0.03s S3 | FieldQueryTest.testHighlightQuery
   [junit4] OK      0.00s S3 | FieldQueryTest.testGetRootMapNotFieldMatch
   [junit4] OK      0.00s S3 | FieldQueryTest.testNoExpand
   [junit4] OK      0.00s S3 | FieldQueryTest.testQueryPhraseMapOverlap2gram
   [junit4] OK      0.00s S3 | FieldQueryTest.testQueryPhraseMap1Phrase
   [junit4] OK      0.00s S3 | FieldQueryTest.testQueryPhraseMap1PhraseAnother
   [junit4] OK      0.33s S1 | SimpleFragmentsBuilderTest.test2Frags
   [junit4] OK      0.00s S3 | FieldQueryTest.testFlatten1TermPhrase
   [junit4] OK      0.03s S1 | SimpleFragmentsBuilderTest.test1PhraseShortMV
   [junit4] OK      0.00s S3 | FieldQueryTest.testGetTermSet
   [junit4] OK      0.02s S1 | SimpleFragmentsBuilderTest.test1TermIndex
   [junit4] OK      0.00s S3 | FieldQueryTest.testQueryPhraseMap1Term
   [junit4] OK      0.03s S1 | SimpleFragmentsBuilderTest.test3Frags
   [junit4] OK      0.02s S3 | FieldQueryTest.testPrefixQuery
   [junit4] OK      0.02s S1 | SimpleFragmentsBuilderTest.testTagsAndEncoder
   [junit4] OK      0.00s S3 | FieldQueryTest.testQueryPhraseMapOverlapPhrases2
   [junit4] OK      0.03s S1 | SimpleFragmentsBuilderTest.test1PhraseLongMVB
   [junit4] OK      0.02s S3 | FieldQueryTest.testRegexpQuery
   [junit4] OK      0.03s S1 | SimpleFragmentsBuilderTest.test1PhraseLongMV
   [junit4] OK      0.00s S3 | FieldQueryTest.testSearchPhraseSlop
   [junit4] OK      0.00s S3 | FieldQueryTest.testFlattenTermAndPhrase
   [junit4] OK      0.02s S1 | SimpleFragmentsBuilderTest.test1StrMV
   [junit4] OK      0.02s S1 | SimpleFragmentsBuilderTest.testUnstoredField
   [junit4] OK      0.02s S1 | SimpleFragmentsBuilderTest.testMVSeparator
   [junit4] OK      0.00s S3 | SimpleBoundaryScannerTest.testFindStartOffset
   [junit4] OK      0.00s S3 | SimpleBoundaryScannerTest.testFindEndOffset
   [junit4] OK      0.34s S2 | SimpleFragListBuilderTest.testPhraseQuery
   [junit4] OK      0.02s S2 | SimpleFragListBuilderTest.test1TermIndex
   [junit4] OK      0.04s S2 | SimpleFragListBuilderTest.test2TermsIndex1Frag
   [junit4] OK      0.03s S2 | SimpleFragListBuilderTest.test2TermsIndex2Frags
   [junit4] OK      0.03s S2 | SimpleFragListBuilderTest.test1PhraseLongMVB
   [junit4] OK      0.03s S2 | SimpleFragListBuilderTest.testTooSmallFragSize
   [junit4] OK      0.02s S2 | SimpleFragListBuilderTest.test1PhraseLongMV
   [junit4] OK      0.01s S2 | SimpleFragListBuilderTest.testNullFieldFragList
   [junit4] OK      0.01s S2 | SimpleFragListBuilderTest.test1PhraseShortMV
   [junit4] OK      0.03s S2 | SimpleFragListBuilderTest.testPhraseQuerySlop
   [junit4] OK      0.04s S2 | SimpleFragListBuilderTest.test2TermsQuery
   [junit4] OK      0.02s S2 | SimpleFragListBuilderTest.testSmallerFragSizeThanPhraseQuery
   [junit4] OK      0.01s S2 | SimpleFragListBuilderTest.testSmallerFragSizeThanTermQuery
   [junit4] OK      0.08s S3 | HighlighterPhraseTest.testConcurrentPhrase
   [junit4] OK      0.03s S3 | HighlighterPhraseTest.testSparsePhraseWithNoPositions
   [junit4] OK      0.02s S3 | HighlighterPhraseTest.testSparsePhrase
   [junit4] OK      0.02s S3 | HighlighterPhraseTest.testSparseSpan
   [junit4] OK      0.02s S3 | HighlighterPhraseTest.testConcurrentSpan
   [junit4] OK      0.02s S3 | SingleFragListBuilderTest.testNullFieldFragList
   [junit4] OK      0.02s S3 | SingleFragListBuilderTest.testLongFieldFragList
   [junit4] OK      0.02s S3 | SingleFragListBuilderTest.testShortFieldFragList
   [junit4] OK      0.05s S2 | FieldTermStackTest.test1Term
   [junit4] OK      0.02s S2 | FieldTermStackTest.test1PhraseMVB
   [junit4] OK      0.02s S2 | FieldTermStackTest.test1Phrase
   [junit4] OK      0.02s S2 | FieldTermStackTest.test1TermB
   [junit4] OK      0.01s S2 | FieldTermStackTest.test2TermsB
   [junit4] OK      0.01s S2 | FieldTermStackTest.test2Terms
   [junit4] OK      0.04s S2 | FieldTermStackTest.testWildcard
   [junit4] OK      0.02s S2 | FieldTermStackTest.test1PhraseLongMV
   [junit4] OK      0.01s S2 | FieldTermStackTest.test1PhraseB
   [junit4] OK      0.02s S2 | FieldTermStackTest.test1PhraseShortMV
   [junit4] OK      0.00s S2 | OffsetLimitTokenFilterTest.testFilter
   [junit4] OK      0.06s S1 | IndexTimeSynonymTest.testFieldTermStackIndex1w2wSearch1term
   [junit4] OK      0.02s S1 | IndexTimeSynonymTest.testFieldTermStackIndex1wSearch2terms
   [junit4] OK      0.02s S1 | IndexTimeSynonymTest.testFieldTermStackIndex2w1wSearch1term1phrase
   [junit4] OK      0.06s S1 | IndexTimeSynonymTest.testFieldPhraseListIndex1w2wSearch1term1phrase
   [junit4] OK      0.02s S1 | IndexTimeSynonymTest.testFieldTermStackIndex1w2wSearch1term1phrase
   [junit4] OK      0.02s S1 | IndexTimeSynonymTest.testFieldTermStackIndex2w1wSearch1partial
   [junit4] OK      0.02s S1 | IndexTimeSynonymTest.testFieldPhraseListIndex2w1wSearch1term
   [junit4] OK      0.02s S1 | IndexTimeSynonymTest.testFieldTermStackIndex2w1wSearch1phrase
   [junit4] OK      0.02s S1 | IndexTimeSynonymTest.testFieldTermStackIndex2w1wSearch1term
   [junit4] OK      0.03s S1 | IndexTimeSynonymTest.testFieldPhraseListIndex2w1wSearch1phrase
   [junit4] OK      0.02s S1 | IndexTimeSynonymTest.testFieldPhraseListIndex2w1wSearch1term1phrase
   [junit4] OK      0.02s S1 | IndexTimeSynonymTest.testFieldTermStackIndex1wSearch1term
   [junit4] OK      0.05s S1 | IndexTimeSynonymTest.testFieldTermStackIndex1w2wSearch1partial
   [junit4] OK      0.02s S1 | IndexTimeSynonymTest.testFieldPhraseListIndex1w2wSearch1partial
   [junit4] OK      0.02s S1 | IndexTimeSynonymTest.testFieldPhraseListIndex1w2wSearch1phrase
   [junit4] OK      0.02s S1 | IndexTimeSynonymTest.testFieldTermStackIndex1w2wSearch1phrase
   [junit4] OK      0.02s S1 | IndexTimeSynonymTest.testFieldPhraseListIndex2w1wSearch1partial
   [junit4] OK      0.01s S1 | HighlightCustomQueryTest.testHighlightCustomQuery
   [junit4] OK      0.06s S2 | TokenSourcesTest.testOverlapWithPositionsAndOffset
   [junit4] OK      0.02s S2 | TokenSourcesTest.testOverlapWithPositionsAndOffsetExactPhrase
   [junit4] OK      0.02s S2 | TokenSourcesTest.testOverlapWithOffsetExactPhrase
   [junit4] OK      0.02s S2 | TokenSourcesTest.testOverlapWithOffset
   [junit4] OK      0.02s S3 | FieldPhraseListTest.test1PhraseLongMV
   [junit4] OK      0.01s S3 | FieldPhraseListTest.test2PhrasesOverlap
   [junit4] OK      0.01s S3 | FieldPhraseListTest.test2Terms1PhraseIndex
   [junit4] OK      0.03s S3 | FieldPhraseListTest.test1PhraseIndexB
   [junit4] OK      0.02s S3 | FieldPhraseListTest.test1PhraseIndex
   [junit4] OK      0.02s S3 | FieldPhraseListTest.test1PhraseShortMV
   [junit4] OK      0.02s S3 | FieldPhraseListTest.test1PhraseLongMVB
   [junit4] OK      0.06s S3 | FieldPhraseListTest.test2ConcatTermsIndexB
   [junit4] OK      0.02s S3 | FieldPhraseListTest.testPhraseSlop
   [junit4] OK      0.01s S3 | FieldPhraseListTest.testSearchLongestPhrase
   [junit4] OK      0.01s S3 | FieldPhraseListTest.test3TermsPhrase
   [junit4] OK      0.01s S3 | FieldPhraseListTest.test2TermsIndex
   [junit4] OK      0.05s S3 | FieldPhraseListTest.test1TermIndex
   [junit4] OK      0.27s S0 | HighlighterTest.testGetBestSingleFragmentWithWeights
   [junit4] OK      0.07s S0 | HighlighterTest.testRepeatingTermsInMultBooleans
   [junit4] OK      0.06s S0 | HighlighterTest.testQueryScorerMultiPhraseQueryHighlighting
   [junit4] OK      0.07s S0 | HighlighterTest.testGetFuzzyFragments
   [junit4] OK      0.03s S0 | HighlighterTest.testGetBestFragmentsSimpleQuery
   [junit4] OK      0.04s S0 | HighlighterTest.testSimpleQueryTermScorerHighlighter
   [junit4] OK      0.05s S0 | HighlighterTest.testGetRangeFragments
   [junit4] OK      0.04s S0 | HighlighterTest.testNumericRangeQuery
   [junit4] OK      0.07s S0 | HighlighterTest.testEncoding
   [junit4] OK      0.04s S0 | HighlighterTest.testNotSpanSimpleQuery
   [junit4] OK      0.06s S0 | HighlighterTest.testWeightedTermsWithDeletes
   [junit4] OK      0.03s S0 | HighlighterTest.testGetSimpleHighlight
   [junit4] OK      0.02s S0 | HighlighterTest.testMaxSizeHighlight
   [junit4] OK      0.03s S0 | HighlighterTest.testNoFragments
   [junit4] OK      0.02s S0 | HighlighterTest.testQueryScorerHits
   [junit4] OK      0.03s S0 | HighlighterTest.testGetWildCardFragments
   [junit4] OK      0.02s S0 | HighlighterTest.testSimpleSpanHighlighter
   [junit4] OK      0.02s S0 | HighlighterTest.testGetBestFragmentsQueryScorer
   [junit4] OK      0.02s S0 | HighlighterTest.testOverlapAnalyzer
   [junit4] OK      0.03s S0 | HighlighterTest.testSpanRegexQuery
   [junit4] OK      0.02s S0 | HighlighterTest.testSimpleQueryScorerPhraseHighlighting
   [junit4] OK      0.02s S0 | HighlighterTest.testGetBestFragmentsFilteredPhraseQuery
   [junit4] OK      0.02s S0 | HighlighterTest.testOffByOne
   [junit4] OK      0.02s S0 | HighlighterTest.testGetBestFragmentsWithOr
   [junit4] OK      0.03s S0 | HighlighterTest.testConstantScoreMultiTermQuery
   [junit4] OK      0.02s S0 | HighlighterTest.testGetBestFragmentsPhrase
   [junit4] OK      0.01s S0 | HighlighterTest.testFieldSpecificHighlighting
   [junit4] OK      0.02s S0 | HighlighterTest.testGetBestFragmentsMultiTerm
   [junit4] OK      0.02s S0 | HighlighterTest.testGetMidWildCardFragments
   [junit4] OK      0.02s S0 | HighlighterTest.testGetBestFragmentsFilteredQuery
   [junit4] OK      0.02s S0 | HighlighterTest.testMaxSizeEndHighlight
   [junit4] OK      0.01s S0 | HighlighterTest.testNearSpanSimpleQuery
   [junit4] OK      0.02s S0 | HighlighterTest.testUnRewrittenQuery
   [junit4] OK      0.02s S0 | HighlighterTest.testRegexQuery
   [junit4] OK      0.02s S0 | HighlighterTest.testSimpleQueryScorerPhraseHighlighting2
   [junit4] OK      0.01s S0 | HighlighterTest.testSimpleQueryScorerPhraseHighlighting3
   [junit4] OK      0.01s S0 | HighlighterTest.testQueryScorerMultiPhraseQueryHighlightingWithGap
   [junit4] OK      0.02s S0 | HighlighterTest.testSimpleSpanFragmenter
   [junit4] OK      0.08s S0 | HighlighterTest.testMaxSizeHighlightTruncates
   [junit4] OK      0.01s S0 | HighlighterTest.testSpanHighlighting
   [junit4] OK      0.02s S0 | HighlighterTest.testPosTermStdTerm
   [junit4] OK      0.02s S0 | HighlighterTest.testGetTextFragments
   [junit4] OK      0.02s S0 | HighlighterTest.testOverlapAnalyzer2
   [junit4] OK      0.02s S0 | HighlighterTest.testGetBestSingleFragment
   [junit4] OK      0.01s S0 | HighlighterTest.testHighlightingWithDefaultField
   [junit4] Slave 0:     0.38 ..     2.53 =     2.15s
   [junit4] Slave 1:     0.36 ..     1.79 =     1.43s
   [junit4] Slave 2:     0.41 ..     1.87 =     1.45s
   [junit4] Slave 3:     0.36 ..     1.92 =     1.57s
   [junit4] Execution time total: 2.55 sec.
   [junit4] Tests summary: 15 suites, 156 tests

common.test:
     [echo] Building memory...

common.init:

compile-lucene-core:

init:

test:
     [echo] Building memory...

common.init:

compile-lucene-core:

init:

compile-test:
     [echo] Building memory...

check-queryparser-uptodate:

jar-queryparser:

common.init:

compile-lucene-core:

init:

clover.setup:

clover.info:
     [echo] 
     [echo]       Clover not found. Code coverage reports disabled.
     [echo]   	

clover:

common.compile-core:

compile-core:

compile-test-framework:

common.compile-test:

compile-tools:

init:

compile-core:

validate:

junit-mkdir:

junit-sequential:

junit-parallel:
   [junit4] <JUnit4> says hello. Random seed: deadbeef
   [junit4] Expected execution time on slave 0:     4.90s
   [junit4] Executing 1 suite with 1 JVM.
   [junit4] OK      4.67s | MemoryIndexTest.testRandomQueries
   [junit4] OK      0.00s | MemoryIndexTest.testDocsEnumStart
   [junit4] OK      0.00s | MemoryIndexTest.testDocsAndPositionsEnumStart
   [junit4] Slave 0:     0.28 ..     5.28 =     5.01s
   [junit4] Execution time total: 5.32 sec.
   [junit4] Tests summary: 1 suite, 3 tests

common.test:
     [echo] Building misc...

common.init:

compile-lucene-core:

init:

test:
     [echo] Building misc...

common.init:

compile-lucene-core:

init:

compile-test:
     [echo] Building misc...

common.init:

compile-lucene-core:

init:

clover.setup:

clover.info:
     [echo] 
     [echo]       Clover not found. Code coverage reports disabled.
     [echo]   	

clover:

compile-core:

compile-test-framework:

common.compile-test:

compile-tools:

init:

compile-core:

validate:

junit-mkdir:

junit-sequential:

junit-parallel:
   [junit4] <JUnit4> says hello. Random seed: deadbeef
   [junit4] Expected execution time on slave 2:     0.77s
   [junit4] Expected execution time on slave 1:     0.88s
   [junit4] Expected execution time on slave 3:     0.95s
   [junit4] Expected execution time on slave 0:     1.46s
   [junit4] Executing 5 suites with 4 JVMs.
   [junit4] OK      0.41s S2 | TestMultiPassIndexSplitter.testSplitSeq
   [junit4]   2> Writing part 1 ...
   [junit4]   2> Writing part 2 ...
   [junit4]   2> Writing part 3 ...
   [junit4]   2> Done.
   [junit4]   2>
   [junit4] OK      0.16s S2 | TestMultiPassIndexSplitter.testSplitRR
   [junit4]   2> Writing part 1 ...
   [junit4]   2> Writing part 2 ...
   [junit4]   2> Writing part 3 ...
   [junit4]   2> Done.
   [junit4]   2>
   [junit4] OK      0.07s S3 | TestHighFreqTerms.testGetTermFreqOrdered
   [junit4] OK      0.00s S3 | TestHighFreqTerms.testGetTotalTermFreqBadTerm
   [junit4] OK      0.04s S3 | TestHighFreqTerms.testFirstTermHighestTotalTermFreq
   [junit4] OK      0.00s S3 | TestHighFreqTerms.testGetTotalTermFreq
   [junit4] OK      0.01s S3 | TestHighFreqTerms.testFirstTermHighestTotalTermFreqDifferentField
   [junit4] OK      0.02s S3 | TestHighFreqTerms.testOrderedByTermFreqDescending
   [junit4] OK      0.00s S3 | TestHighFreqTerms.testNumTerms
   [junit4] OK      0.02s S3 | TestHighFreqTerms.testGetHighFreqTerms
   [junit4] OK      0.00s S3 | TestHighFreqTerms.testFirstTermHighestDocFreq
   [junit4] OK      0.01s S3 | TestHighFreqTerms.testFirstTermHighestDocFreqAllFields
   [junit4] OK      0.00s S3 | TestHighFreqTerms.testOrderedByDocFreqDescending
   [junit4] OK      0.63s S1 | TestPKIndexSplitter.testSplit
   [junit4] OK      0.06s S2 | SweetSpotSimilarityTest.testSweetSpotTf
   [junit4] OK      0.02s S2 | SweetSpotSimilarityTest.testHyperbolicSweetSpot
   [junit4] OK      0.04s S2 | SweetSpotSimilarityTest.testSweetSpotComputeNorm
   [junit4] OK      1.20s S0 | TestIndexSplitter.test
   [junit4] Slave 0:     0.37 ..     1.89 =     1.52s
   [junit4] Slave 1:     0.38 ..     1.37 =     0.99s
   [junit4] Slave 2:     0.36 ..     1.51 =     1.15s
   [junit4] Slave 3:     0.37 ..     1.39 =     1.02s
   [junit4] Execution time total: 1.90 sec.
   [junit4] Tests summary: 5 suites, 18 tests

common.test:
     [echo] Building sandbox...

common.init:

compile-lucene-core:

init:

test:
     [echo] Building sandbox...

common.init:

compile-lucene-core:

init:

compile-test:
     [echo] Building sandbox...

common.init:

compile-lucene-core:

init:

clover.setup:

clover.info:
     [echo] 
     [echo]       Clover not found. Code coverage reports disabled.
     [echo]   	

clover:

compile-core:

compile-test-framework:

common.compile-test:

compile-tools:

init:

compile-core:

validate:

junit-mkdir:

junit-sequential:

junit-parallel:
   [junit4] <JUnit4> says hello. Random seed: deadbeef
   [junit4] Expected execution time on slave 1:     0.65s
   [junit4] Expected execution time on slave 2:     0.69s
   [junit4] Expected execution time on slave 3:     0.71s
   [junit4] Expected execution time on slave 0:     1.47s
   [junit4] Executing 6 suites with 4 JVMs.
   [junit4] OK      0.29s S3 | TestRegexQuery.testMatchAll
   [junit4] OK      0.34s S1 | DuplicateFilterTest.testNoFilter
   [junit4] OK      0.03s S3 | TestRegexQuery.testSpanRegex2
   [junit4] OK      0.07s S1 | DuplicateFilterTest.testKeepsFirstFilter
   [junit4] OK      0.02s S3 | TestRegexQuery.testJavaUtilCaseSensativeFail
   [junit4] OK      0.02s S3 | TestRegexQuery.testRegex1
   [junit4] OK      0.05s S1 | DuplicateFilterTest.testKeepsLastFilter
   [junit4] OK      0.02s S3 | TestRegexQuery.testJavaUtilCaseInsensative
   [junit4] OK      0.04s S1 | DuplicateFilterTest.testFastFilter
   [junit4] OK      0.03s S3 | TestRegexQuery.testJakartaCaseInsensative
   [junit4] OK      0.04s S1 | DuplicateFilterTest.testDefaultFilter
   [junit4] OK      0.02s S3 | TestRegexQuery.testRegex3
   [junit4] OK      0.02s S3 | TestRegexQuery.testJakartaCaseSensativeFail
   [junit4] OK      0.02s S3 | TestRegexQuery.testSpanRegex1
   [junit4] OK      0.02s S3 | TestRegexQuery.testEquals
   [junit4] OK      0.02s S3 | TestRegexQuery.testRegex2
   [junit4] OK      0.34s S2 | FuzzyLikeThisQueryTest.testNoMatchFirstWordBug
   [junit4] OK      0.03s S2 | FuzzyLikeThisQueryTest.testClosestEditDistanceMatchComesFirst
   [junit4] OK      0.04s S2 | FuzzyLikeThisQueryTest.testFuzzyLikeThisQueryEquals
   [junit4] OK      0.04s S2 | FuzzyLikeThisQueryTest.testMultiWord
   [junit4] OK      0.01s S2 | TestJakartaRegexpCapabilities.testGetPrefix
   [junit4] OK      0.00s S2 | TestJakartaRegexpCapabilities.testShakyPrefix
   [junit4] OK      0.05s S1 | TestSpanRegexQuery.testSpanRegex
   [junit4] OK      0.55s S0 | TestSlowCollationMethods.testRangeQuery
   [junit4] OK      0.14s S0 | TestSlowCollationMethods.testRangeFilter
   [junit4] OK      0.04s S0 | TestSlowCollationMethods.testSort
   [junit4] Slave 0:     0.40 ..     2.00 =     1.61s
   [junit4] Slave 1:     0.37 ..     1.43 =     1.06s
   [junit4] Slave 2:     0.38 ..     1.38 =     1.01s
   [junit4] Slave 3:     0.37 ..     1.35 =     0.98s
   [junit4] Execution time total: 2.01 sec.
   [junit4] Tests summary: 6 suites, 26 tests

common.test:
     [echo] Building spatial...

common.init:

compile-lucene-core:

init:

test:
     [echo] Building spatial...

common.init:

compile-lucene-core:

init:

compile-test:
     [echo] Building spatial...

check-queries-uptodate:

jar-queries:

common.init:

compile-lucene-core:

init:

clover.setup:

clover.info:
     [echo] 
     [echo]       Clover not found. Code coverage reports disabled.
     [echo]   	

clover:

common.compile-core:

compile-core:

compile-test-framework:

common.compile-test:

compile-tools:

init:

compile-core:

validate:

junit-mkdir:

junit-sequential:

junit-parallel:
   [junit4] <JUnit4> says hello. Random seed: deadbeef
   [junit4] Expected execution time on slave 2:     0.26s
   [junit4] Expected execution time on slave 3:     0.26s
   [junit4] Expected execution time on slave 1:     0.53s
   [junit4] Expected execution time on slave 0:     1.06s
   [junit4] Executing 6 suites with 4 JVMs.
   [junit4] OK      0.03s S3 | TestDistanceUnits.testFindDistanceUnit_unknownUnit
   [junit4] OK      0.00s S3 | TestDistanceUnits.testFindDistanceUnit
   [junit4] OK      0.00s S3 | TestDistanceUnits.testConvert
   [junit4] OK      0.02s S2 | TestGeoHashUtils.testDecodeImpreciseLongitudeLatitude
   [junit4] OK      0.00s S2 | TestGeoHashUtils.testDecodePreciseLongitudeLatitude
   [junit4] OK      0.00s S2 | TestGeoHashUtils.testDecodeEncode
   [junit4] OK      0.00s S2 | TestGeoHashUtils.testEncode
   [junit4] OK      0.00s S3 | SinusoidalProjectorTest.testProjection
   [junit4] OK      0.00s S2 | DistanceUtilsTest.testNormLatLon
   [junit4] OK      0.00s S2 | DistanceUtilsTest.testLatLonCorner
   [junit4] OK      0.00s S2 | DistanceUtilsTest.testHaversine
   [junit4] OK      0.00s S2 | DistanceUtilsTest.testParse
   [junit4] OK      0.00s S2 | DistanceUtilsTest.testVectorDistance
   [junit4] OK      0.00s S2 | DistanceUtilsTest.testBoxCorner
   [junit4] OK      0.00s S2 | DistanceUtilsTest.testPointBearing
   [junit4] OK      0.31s S1 | TestDistance.testLatLongFilterOnDeletedDocs
   [junit4] OK      0.53s S0 | TestCartesian.testPoleFlipping
   [junit4] OK      0.13s S0 | TestCartesian.testGeoHashRange
   [junit4] OK      0.09s S0 | TestCartesian.testDistances
   [junit4] OK      0.08s S0 | TestCartesian.testAntiM
   [junit4] OK      0.08s S0 | TestCartesian.testRange
   [junit4] Slave 0:     0.36 ..     1.57 =     1.21s
   [junit4] Slave 1:     0.41 ..     1.07 =     0.66s
   [junit4] Slave 2:     0.43 ..     0.92 =     0.49s
   [junit4] Slave 3:     0.36 ..     0.88 =     0.52s
   [junit4] Execution time total: 1.58 sec.
   [junit4] Tests summary: 6 suites, 21 tests

common.test:

test-backwards:

test:

BUILD SUCCESSFUL
Total time: 1 minute 57 seconds
