
junit-parallel:
   [junit4] <JUnit4> says hello. Random seed: deadbeef
   [junit4] Expected execution time on slave 0:    89.37s
   [junit4] Expected execution time on slave 1:    89.37s
   [junit4] Expected execution time on slave 2:    89.37s
   [junit4] Expected execution time on slave 3:    89.37s
   [junit4] Executing 284 suites with 4 JVMs.
   [junit4] Running org.apache.lucene.util.TestDoubleBarrelLRUCache
   [junit4] Tests run:   2, Failures:   0, Errors:   0, Skipped:   0, Time:  1.24s
   [junit4]  
   [junit4] Running org.apache.lucene.search.spans.TestPayloadSpans
   [junit4] Tests run:  10, Failures:   0, Errors:   0, Skipped:   0, Time:  2.55s
   [junit4]  
   [junit4] Running org.apache.lucene.util.automaton.TestDeterminism
   [junit4] Tests run:   2, Failures:   0, Errors:   0, Skipped:   0, Time:  1.42s
   [junit4]  
   [junit4] Running org.apache.lucene.search.spans.TestSpans
   [junit4] Tests run:  25, Failures:   0, Errors:   0, Skipped:   0, Time:  2.46s
   [junit4]  
   [junit4] Running org.apache.lucene.store.TestHugeRamFile
   [junit4] Tests run:   1, Failures:   0, Errors:   0, Skipped:   0, Time:  1.54s
   [junit4]  
   [junit4] Running org.apache.lucene.search.TestFieldCacheRewriteMethod
   [junit4] Tests run:   1, Failures:   0, Errors:   0, Skipped:   0, Time:  2.45s
   [junit4]  
   [junit4] Running org.apache.lucene.search.TestFuzzyQuery2
   [junit4] Tests run:   1, Failures:   0, Errors:   0, Skipped:   0, Time:  1.08s
   [junit4]  
   [junit4] Running org.apache.lucene.util.TestArrayUtil
   [junit4] Tests run:  11, Failures:   0, Errors:   0, Skipped:   0, Time:  2.72s
   [junit4]  
   [junit4] Running org.apache.lucene.index.TestDoc
   [junit4] Tests run:   1, Failures:   0, Errors:   0, Skipped:   0, Time:  0.52s
   [junit4]  
   [junit4] Running org.apache.lucene.index.TestCrash
   [junit4] Tests run:   5, Failures:   0, Errors:   0, Skipped:   0, Time:  1.41s
   [junit4]  
   [junit4] Running org.apache.lucene.search.TestSort
   [junit4] Tests run:  23, Failures:   0, Errors:   0, Skipped:   0, Time:  7.15s
   [junit4]  
   [junit4] Running org.apache.lucene.search.TestDisjunctionMaxQuery
   [junit4] Tests run:  10, Failures:   0, Errors:   0, Skipped:   0, Time:  2.16s
   [junit4]  
   [junit4] Running org.apache.lucene.search.TestRegexpRandom2
   [junit4] Tests run:   1, Failures:   0, Errors:   0, Skipped:   0, Time:  1.94s
   [junit4]  
   [junit4] Running org.apache.lucene.util.TestFixedBitSet
   [junit4] Tests run:   5, Failures:   0, Errors:   0, Skipped:   0, Time:  1.14s
   [junit4]  
   [junit4] Running org.apache.lucene.search.TestMultiThreadTermVectors
   [junit4] Tests run:   1, Failures:   0, Errors:   0, Skipped:   0, Time:  0.70s
   [junit4]  
   [junit4] Running org.apache.lucene.search.TestBooleanOr
   [junit4] Tests run:   5, Failures:   0, Errors:   0, Skipped:   0, Time:  0.82s
   [junit4]  
   [junit4] Running org.apache.lucene.codecs.lucene3x.TestTermInfosReaderIndex
   [junit4] Tests run:   3, Failures:   0, Errors:   0, Skipped:   0, Time:  0.70s
   [junit4]  
   [junit4] Running org.apache.lucene.search.TestPrefixRandom
   [junit4] Tests run:   1, Failures:   0, Errors:   0, Skipped:   0, Time:  0.54s
   [junit4]  
   [junit4] Running org.apache.lucene.search.TestCustomSearcherSort
   [junit4] Tests run:   2, Failures:   0, Errors:   0, Skipped:   0, Time:  0.72s
   [junit4]  
   [junit4] Running org.apache.lucene.index.TestDuelingCodecs
   [junit4] Tests run:   1, Failures:   0, Errors:   0, Skipped:   0, Time:  3.70s
   [junit4]  
   [junit4] Running org.apache.lucene.search.TestTimeLimitingCollector
   [junit4] Tests run:   6, Failures:   0, Errors:   0, Skipped:   0, Time:  6.55s
   [junit4]  
   [junit4] Running org.apache.lucene.search.TestPrefixInBooleanQuery
   [junit4] Tests run:   4, Failures:   0, Errors:   0, Skipped:   0, Time:  0.43s
   [junit4]  
   [junit4] Running org.apache.lucene.index.TestAddIndexes
   [junit4] Tests run:  21, Failures:   0, Errors:   0, Skipped:   0, Time:  7.43s
   [junit4]  
   [junit4] Running org.apache.lucene.index.TestForTooMuchCloning
   [junit4] Tests run:   1, Failures:   0, Errors:   0, Skipped:   0, Time:  1.66s
   [junit4]  
   [junit4] Running org.apache.lucene.search.TestTermVectors
   [junit4] Tests run:  11, Failures:   0, Errors:   0, Skipped:   0, Time:  0.78s
   [junit4]  
   [junit4] Running org.apache.lucene.index.TestFlushByRamOrCountsPolicy
   [junit4] Tests run:   5, Failures:   0, Errors:   0, Skipped:   0, Time:  4.97s
   [junit4]  
   [junit4] Running org.apache.lucene.search.TestFieldCacheRangeFilter
   [junit4] Tests run:   9, Failures:   0, Errors:   0, Skipped:   0, Time:  1.33s
   [junit4]  
   [junit4] Running org.apache.lucene.index.TestDirectoryReader
   [junit4] Tests run:  23, Failures:   0, Errors:   0, Skipped:   0, Time:  2.15s
   [junit4]  
   [junit4] Running org.apache.lucene.index.TestDocumentWriter
   [junit4] Tests run:   7, Failures:   0, Errors:   0, Skipped:   0, Time:  5.78s
   [junit4]  
   [junit4] Running org.apache.lucene.index.TestDocsAndPositions
   [junit4] Tests run:   6, Failures:   0, Errors:   0, Skipped:   0, Time:  2.16s
   [junit4]  
   [junit4] Running org.apache.lucene.search.spans.TestFieldMaskingSpanQuery
   [junit4] Tests run:  11, Failures:   0, Errors:   0, Skipped:   0, Time:  1.03s
   [junit4]  
   [junit4] Running org.apache.lucene.index.TestConsistentFieldNumbers
   [junit4] Tests run:   4, Failures:   0, Errors:   0, Skipped:   0, Time:  2.09s
   [junit4]  
   [junit4] Running org.apache.lucene.index.TestCodecs
   [junit4] Tests run:   3, Failures:   0, Errors:   0, Skipped:   0, Time:  0.14s
   [junit4]  
   [junit4] Running org.apache.lucene.util.TestCollectionUtil
   [junit4] Tests run:   5, Failures:   0, Errors:   0, Skipped:   0, Time:  1.77s
   [junit4]  
   [junit4] Running org.apache.lucene.index.TestSegmentTermDocs
   [junit4] Tests run:   5, Failures:   0, Errors:   0, Skipped:   0, Time:  1.28s
   [junit4]  
   [junit4] Running org.apache.lucene.search.TestSloppyPhraseQuery
   [junit4] Tests run:   9, Failures:   0, Errors:   0, Skipped:   0, Time:  2.95s
   [junit4]  
   [junit4] Running org.apache.lucene.index.TestSnapshotDeletionPolicy
   [junit4] Tests run:   8, Failures:   0, Errors:   0, Skipped:   0, Time:  2.03s
   [junit4]  
   [junit4] Running org.apache.lucene.index.TestStressNRT
   [junit4] Tests run:   1, Failures:   0, Errors:   0, Skipped:   0, Time:  1.41s
   [junit4]  
   [junit4] Running org.apache.lucene.index.TestSegmentReader
   [junit4] Tests run:   6, Failures:   0, Errors:   0, Skipped:   0, Time:  0.79s
   [junit4]  
   [junit4] Running org.apache.lucene.index.TestStressIndexing2
   [junit4] Tests run:   3, Failures:   0, Errors:   0, Skipped:   0, Time:  1.57s
   [junit4]  
   [junit4] Running org.apache.lucene.index.TestDocValuesIndexing
   [junit4] Tests run:  11, Failures:   0, Errors:   0, Skipped:   0, Time:  2.80s
   [junit4]  
   [junit4] Running org.apache.lucene.index.TestCustomNorms
   [junit4] Tests run:   2, Failures:   0, Errors:   0, Skipped:   0, Time:  1.36s
   [junit4]  
   [junit4] Running org.apache.lucene.search.spans.TestBasics
   [junit4] Tests run:  24, Failures:   0, Errors:   0, Skipped:   0, Time:  6.41s
   [junit4]  
   [junit4] Running org.apache.lucene.index.TestMaxTermFrequency
   [junit4] Tests run:   1, Failures:   0, Errors:   0, Skipped:   0, Time:  0.28s
   [junit4]  
   [junit4] Running org.apache.lucene.index.TestByteSlices
   [junit4] Tests run:   1, Failures:   0, Errors:   0, Skipped:   0, Time:  3.30s
   [junit4]  
   [junit4] Running org.apache.lucene.codecs.lucene3x.TestSurrogates
   [junit4] Tests run:   1, Failures:   0, Errors:   0, Skipped:   0, Time:  0.37s
   [junit4]  
   [junit4] Running org.apache.lucene.index.TestStressAdvance
   [junit4] Tests run:   1, Failures:   0, Errors:   0, Skipped:   0, Time:  5.80s
   [junit4]  
   [junit4] Running org.apache.lucene.index.TestNeverDelete
   [junit4] Tests run:   1, Failures:   0, Errors:   0, Skipped:   0, Time:  2.02s
   [junit4]  
   [junit4] Running org.apache.lucene.search.similarities.TestSimilarityBase
   [junit4] Tests run:  29, Failures:   0, Errors:   0, Skipped:   0, Time:  0.52s
   [junit4]  
   [junit4] Running org.apache.lucene.index.TestNorms
   [junit4] Tests run:   3, Failures:   0, Errors:   0, Skipped:   0, Time:  2.71s
   [junit4]  
   [junit4] Running org.apache.lucene.index.TestSegmentMerger
   [junit4] Tests run:   2, Failures:   0, Errors:   0, Skipped:   0, Time:  3.84s
   [junit4]  
   [junit4] Running org.apache.lucene.index.TestDeletionPolicy
   [junit4] Tests run:   6, Failures:   0, Errors:   0, Skipped:   0, Time:  4.47s
   [junit4]  
   [junit4] Running org.apache.lucene.index.TestAtomicUpdate
   [junit4] Tests run:   1, Failures:   0, Errors:   0, Skipped:   0, Time:  4.04s
   [junit4]  
   [junit4] Running org.apache.lucene.index.TestCompoundFile
   [junit4] Tests run:  17, Failures:   0, Errors:   0, Skipped:   0, Time:  1.32s
   [junit4]  
   [junit4] Running org.apache.lucene.index.TestPrefixCodedTerms
   [junit4] Tests run:   6, Failures:   0, Errors:   0, Skipped:   0, Time:  0.21s
   [junit4]  
   [junit4] Running org.apache.lucene.codecs.lucene40.TestBitVector
   [junit4] Tests run:   9, Failures:   0, Errors:   0, Skipped:   0, Time:  0.62s
   [junit4]  
   [junit4] Running org.apache.lucene.search.TestSearcherManager
   [junit4] Tests run:   4, Failures:   0, Errors:   0, Skipped:   0, Time:  2.76s
   [junit4]  
   [junit4] Running org.apache.lucene.index.TestIndexableField
   [junit4] Tests run:   1, Failures:   0, Errors:   0, Skipped:   0, Time:  0.67s
   [junit4]  
   [junit4] Running org.apache.lucene.search.payloads.TestPayloadNearQuery
   [junit4] Tests run:   7, Failures:   0, Errors:   0, Skipped:   0, Time:  0.44s
   [junit4]  
   [junit4] Running org.apache.lucene.index.TestRandomStoredFields
   [junit4] Tests run:   1, Failures:   0, Errors:   0, Skipped:   0, Time:  0.98s
   [junit4]  
   [junit4] Running org.apache.lucene.store.TestNRTCachingDirectory
   [junit4] Tests run:   5, Failures:   0, Errors:   0, Skipped:   0, Time:  5.53s
   [junit4]  
   [junit4] Running org.apache.lucene.index.TestNRTThreads
   [junit4] Tests run:   1, Failures:   0, Errors:   0, Skipped:   0, Time: 12.29s
   [junit4]  
   [junit4] Running org.apache.lucene.util.automaton.TestMinimize
   [junit4] Tests run:   3, Failures:   0, Errors:   0, Skipped:   0, Time:  5.79s
   [junit4]  
   [junit4] Running org.apache.lucene.search.TestPhraseQuery
   [junit4] Tests run:  17, Failures:   0, Errors:   0, Skipped:   0, Time:  1.37s
   [junit4]  
   [junit4] Running org.apache.lucene.index.TestOmitTf
   [junit4] Tests run:   6, Failures:   0, Errors:   0, Skipped:   0, Time:  0.39s
   [junit4]  
   [junit4] Running org.apache.lucene.store.TestWindowsMMap
   [junit4] Tests run:   1, Failures:   0, Errors:   0, Skipped:   0, Time:  0.10s
   [junit4]  
   [junit4] Running org.apache.lucene.index.TestIndexWriterWithThreads
   [junit4] Tests run:  11, Failures:   0, Errors:   0, Skipped:   0, Time:  9.13s
   [junit4]  
   [junit4] Running org.apache.lucene.search.TestNRTManager
   [junit4] Tests run:   2, Failures:   0, Errors:   0, Skipped:   0, Time:  1.81s
   [junit4]  
   [junit4] Running org.apache.lucene.util.automaton.TestUTF32ToUTF8
   [junit4] Tests run:   5, Failures:   0, Errors:   0, Skipped:   0, Time:  0.88s
   [junit4]  
   [junit4] Running org.apache.lucene.index.TestPersistentSnapshotDeletionPolicy
   [junit4] Tests run:  14, Failures:   0, Errors:   0, Skipped:   0, Time:  5.78s
   [junit4]  
   [junit4] Running org.apache.lucene.util.packed.TestPackedInts
   [junit4] Tests run:   8, Failures:   0, Errors:   0, Skipped:   0, Time:  5.17s
   [junit4]  
   [junit4] Running org.apache.lucene.index.TestIndexWriterMergePolicy
   [junit4] Tests run:   6, Failures:   0, Errors:   0, Skipped:   0, Time:  4.85s
   [junit4]  
   [junit4] Running org.apache.lucene.index.TestLongPostings
   [junit4] Tests run:   2, Failures:   0, Errors:   0, Skipped:   0, Time:  2.02s
   [junit4]  
   [junit4] Running org.apache.lucene.search.TestShardSearching
   [junit4] Tests run:   1, Failures:   0, Errors:   0, Skipped:   0, Time:  7.19s
   [junit4]  
   [junit4] Running org.apache.lucene.analysis.tokenattributes.TestCharTermAttributeImpl
   [junit4] Tests run:  12, Failures:   0, Errors:   0, Skipped:   0, Time:  1.13s
   [junit4]  
   [junit4] Running org.apache.lucene.index.TestIndexWriterOnDiskFull
   [junit4] Tests run:   4, Failures:   0, Errors:   0, Skipped:   0, Time:  1.39s
   [junit4]  
   [junit4] Running org.apache.lucene.search.TestNumericRangeQuery64
   [junit4] Tests run:  34, Failures:   0, Errors:   0, Skipped:   0, Time:  8.83s
   [junit4]  
   [junit4] Running org.apache.lucene.index.TestNRTReaderWithThreads
   [junit4] Tests run:   1, Failures:   0, Errors:   0, Skipped:   0, Time:  1.20s
   [junit4]  
   [junit4] Running org.apache.lucene.store.TestCopyBytes
   [junit4] Tests run:   2, Failures:   0, Errors:   0, Skipped:   0, Time:  0.42s
   [junit4]  
   [junit4] Running org.apache.lucene.search.TestMultiValuedNumericRangeQuery
   [junit4] Tests run:   1, Failures:   0, Errors:   0, Skipped:   0, Time:  0.63s
   [junit4]  
   [junit4] Running org.apache.lucene.util.fst.TestFSTs
   [junit4] Tests run:  12, Failures:   0, Errors:   0, Skipped:   0, Time: 12.85s
   [junit4]  
   [junit4] Running org.apache.lucene.store.TestMultiMMap
   [junit4] Tests run:   5, Failures:   0, Errors:   0, Skipped:   0, Time:  4.44s
   [junit4]  
   [junit4] Running org.apache.lucene.index.TestIndexWriterForceMerge
   [junit4] Tests run:   4, Failures:   0, Errors:   0, Skipped:   0, Time:  0.82s
   [junit4]  
   [junit4] Running org.apache.lucene.search.TestTermRangeFilter
   [junit4] Tests run:   3, Failures:   0, Errors:   0, Skipped:   0, Time:  0.42s
   [junit4]  
   [junit4] Running org.apache.lucene.search.TestQueryWrapperFilter
   [junit4] Tests run:   3, Failures:   0, Errors:   0, Skipped:   0, Time:  0.45s
   [junit4]  
   [junit4] Running org.apache.lucene.index.TestLazyProxSkipping
   [junit4] Tests run:   2, Failures:   0, Errors:   0, Skipped:   0, Time:  0.50s
   [junit4]  
   [junit4] Running org.apache.lucene.index.TestPayloadProcessorProvider
   [junit4] Tests run:   3, Failures:   0, Errors:   0, Skipped:   0, Time:  0.33s
   [junit4]  
   [junit4] Running org.apache.lucene.index.TestFieldsReader
   [junit4] Tests run:   4, Failures:   0, Errors:   0, Skipped:   0, Time:  1.06s
   [junit4]  
   [junit4] Running org.apache.lucene.util.TestPagedBytes
   [junit4] Tests run:   1, Failures:   0, Errors:   0, Skipped:   0, Time:  0.93s
   [junit4]  
   [junit4] Running org.apache.lucene.index.TestConcurrentMergeScheduler
   [junit4] Tests run:   4, Failures:   0, Errors:   0, Skipped:   0, Time:  1.71s
   [junit4]  
   [junit4] Running org.apache.lucene.search.TestScorerPerf
   [junit4] Tests run:   1, Failures:   0, Errors:   0, Skipped:   0, Time:  0.92s
   [junit4]  
   [junit4] Running org.apache.lucene.index.TestIndexWriterNRTIsCurrent
   [junit4] Tests run:   1, Failures:   0, Errors:   0, Skipped:   0, Time:  0.58s
   [junit4]  
   [junit4] Running org.apache.lucene.index.TestMultiLevelSkipList
   [junit4] Tests run:   1, Failures:   0, Errors:   0, Skipped:   0, Time:  0.09s
   [junit4]  
   [junit4] Running org.apache.lucene.index.TestIndexWriterDelete
   [junit4] Tests run:  18, Failures:   0, Errors:   0, Skipped:   0, Time:  2.76s
   [junit4]  
   [junit4] Running org.apache.lucene.analysis.TestToken
   [junit4] Tests run:  10, Failures:   0, Errors:   0, Skipped:   0, Time:  1.08s
   [junit4]  
   [junit4] Running org.apache.lucene.index.TestIndexWriterMerging
   [junit4] Tests run:   6, Failures:   0, Errors:   0, Skipped:   0, Time:  3.96s
   [junit4]  
   [junit4] Running org.apache.lucene.store.TestRAMDirectory
   [junit4] Tests run:   4, Failures:   0, Errors:   0, Skipped:   0, Time:  0.43s
   [junit4]  
   [junit4] Running org.apache.lucene.index.TestIndexWriterCommit
   [junit4] Tests run:  12, Failures:   0, Errors:   0, Skipped:   0, Time:  1.46s
   [junit4]  
   [junit4] Running org.apache.lucene.util.TestUnicodeUtil
   [junit4] Tests run:   4, Failures:   0, Errors:   0, Skipped:   0, Time:  0.23s
   [junit4]  
   [junit4] Running org.apache.lucene.search.spans.TestSpanExplanations
   [junit4] Tests run:  31, Failures:   0, Errors:   0, Skipped:   0, Time:  0.74s
   [junit4]  
   [junit4] Running org.apache.lucene.search.TestFilteredQuery
   [junit4] Tests run:   9, Failures:   0, Errors:   0, Skipped:   0, Time:  0.17s
   [junit4]  
   [junit4] Running org.apache.lucene.codecs.perfield.TestPerFieldPostingsFormat
   [junit4] Tests run:   3, Failures:   0, Errors:   0, Skipped:   0, Time:  0.16s
   [junit4]  
   [junit4] Running org.apache.lucene.index.TestMultiFields
   [junit4] Tests run:   2, Failures:   0, Errors:   0, Skipped:   0, Time:  0.25s
   [junit4]  
   [junit4] Running org.apache.lucene.search.TestMultiPhraseQuery
   [junit4] Tests run:  14, Failures:   0, Errors:   0, Skipped:   0, Time:  0.16s
   [junit4]  
   [junit4] Running org.apache.lucene.store.TestBufferedIndexInput
   [junit4] Tests run:   4, Failures:   0, Errors:   0, Skipped:   0, Time:  1.77s
   [junit4]  
   [junit4] Running org.apache.lucene.index.TestTieredMergePolicy
   [junit4] Tests run:   3, Failures:   0, Errors:   0, Skipped:   0, Time:  1.69s
   [junit4]  
   [junit4] Running org.apache.lucene.index.TestStressIndexing
   [junit4] Tests run:   1, Failures:   0, Errors:   0, Skipped:   0, Time:  1.57s
   [junit4]  
   [junit4] Running org.apache.lucene.store.TestLockFactory
   [junit4] Tests run:   9, Failures:   0, Errors:   0, Skipped:   0, Time:  1.04s
   [junit4]  
   [junit4] Running org.apache.lucene.index.TestBackwardsCompatibility
   [junit4] Tests run:  13, Failures:   0, Errors:   0, Skipped:   0, Time:  7.84s
   [junit4]  
   [junit4] Running org.apache.lucene.index.TestIndexWriterReader
   [junit4] IGNOR/A 0.22s S1 | TestIndexWriterReader.testNoTermsIndex
   [junit4]    > Throwable #1: org.junit.internal.AssumptionViolatedException: got: <org.apache.lucene.util.InternalAssumptionViolatedException: failed assumption: PreFlex codec does not support ReaderTermsIndexDivisor!>, expected: null
   [junit4]   2> NOTE: Assume failed in 'testNoTermsIndex(org.apache.lucene.index.TestIndexWriterReader)' (ignored): got: <org.apache.lucene.util.InternalAssumptionViolatedException: failed assumption: PreFlex codec does not support ReaderTermsIndexDivisor!>, expected: null
   [junit4]   2>
   [junit4] Tests run:  20, Failures:   0, Errors:   0, Skipped:   1, Time: 17.25s
   [junit4]  
   [junit4] Running org.apache.lucene.analysis.TestMockAnalyzer
   [junit4] Tests run:   9, Failures:   0, Errors:   0, Skipped:   0, Time:  1.53s
   [junit4]  
   [junit4] Running org.apache.lucene.search.TestSimpleExplanations
   [junit4] Tests run:  69, Failures:   0, Errors:   0, Skipped:   0, Time:  1.50s
   [junit4]  
   [junit4] Running org.apache.lucene.util.TestWeakIdentityMap
   [junit4] Tests run:   2, Failures:   0, Errors:   0, Skipped:   0, Time:  0.86s
   [junit4]  
   [junit4] Running org.apache.lucene.index.TestIndexWriterUnicode
   [junit4] Tests run:   5, Failures:   0, Errors:   0, Skipped:   0, Time:  2.43s
   [junit4]  
   [junit4] Running org.apache.lucene.util.automaton.TestLevenshteinAutomata
   [junit4] Tests run:   4, Failures:   0, Errors:   0, Skipped:   0, Time:  0.81s
   [junit4]  
   [junit4] Running org.apache.lucene.search.TestBoolean2
   [junit4] Tests run:  11, Failures:   0, Errors:   0, Skipped:   0, Time:  2.57s
   [junit4]  
   [junit4] Running org.apache.lucene.index.TestFlex
   [junit4] Tests run:   2, Failures:   0, Errors:   0, Skipped:   0, Time:  0.09s
   [junit4]  
   [junit4] Running org.apache.lucene.index.TestCrashCausesCorruptIndex
   [junit4] Tests run:   1, Failures:   0, Errors:   0, Skipped:   0, Time:  0.14s
   [junit4]  
   [junit4] Running org.apache.lucene.search.TestRegexpRandom
   [junit4] Tests run:   1, Failures:   0, Errors:   0, Skipped:   0, Time:  0.05s
   [junit4]  
   [junit4] Running org.apache.lucene.index.TestSizeBoundedForceMerge
   [junit4] Tests run:  11, Failures:   0, Errors:   0, Skipped:   0, Time:  0.06s
   [junit4]  
   [junit4] Running org.apache.lucene.search.TestBooleanQuery
   [junit4] Tests run:   5, Failures:   0, Errors:   0, Skipped:   0, Time:  0.05s
   [junit4]  
   [junit4] Running org.apache.lucene.util.TestSentinelIntSet
   [junit4] Tests run:   2, Failures:   0, Errors:   0, Skipped:   0, Time:  0.11s
   [junit4]  
   [junit4] Running org.apache.lucene.search.TestFuzzyQuery
   [junit4] Tests run:   7, Failures:   0, Errors:   0, Skipped:   0, Time:  0.06s
   [junit4]  
   [junit4] Running org.apache.lucene.util.TestNumericUtils
   [junit4] Tests run:  12, Failures:   0, Errors:   0, Skipped:   0, Time:  1.39s
   [junit4]  
   [junit4] Running org.apache.lucene.index.TestTypePromotion
   [junit4] IGNOR/A 0.05s S3 | TestTypePromotion.testSortedPromoteBytes
   [junit4]    > Throwable #1: org.junit.internal.AssumptionViolatedException: got: <org.apache.lucene.util.InternalAssumptionViolatedException: failed assumption: cannot work with preflex codec>, expected: null
   [junit4]   2> NOTE: Assume failed in 'testSortedPromoteBytes(org.apache.lucene.index.TestTypePromotion)' (ignored): got: <org.apache.lucene.util.InternalAssumptionViolatedException: failed assumption: cannot work with preflex codec>, expected: null
   [junit4]   2>
   [junit4] IGNOR/A 0.01s S3 | TestTypePromotion.testPromotFloatingPoint
   [junit4]    > Throwable #1: org.junit.internal.AssumptionViolatedException: got: <org.apache.lucene.util.InternalAssumptionViolatedException: failed assumption: cannot work with preflex codec>, expected: null
   [junit4]   2> NOTE: Assume failed in 'testPromotFloatingPoint(org.apache.lucene.index.TestTypePromotion)' (ignored): got: <org.apache.lucene.util.InternalAssumptionViolatedException: failed assumption: cannot work with preflex codec>, expected: null
   [junit4]   2>
   [junit4] IGNOR/A 0.01s S3 | TestTypePromotion.testMergeIncompatibleTypes
   [junit4]    > Throwable #1: org.junit.internal.AssumptionViolatedException: got: <org.apache.lucene.util.InternalAssumptionViolatedException: failed assumption: cannot work with preflex codec>, expected: null
   [junit4]   2> NOTE: Assume failed in 'testMergeIncompatibleTypes(org.apache.lucene.index.TestTypePromotion)' (ignored): got: <org.apache.lucene.util.InternalAssumptionViolatedException: failed assumption: cannot work with preflex codec>, expected: null
   [junit4]   2>
   [junit4] IGNOR/A 0.01s S3 | TestTypePromotion.testPromoteBytes
   [junit4]    > Throwable #1: org.junit.internal.AssumptionViolatedException: got: <org.apache.lucene.util.InternalAssumptionViolatedException: failed assumption: cannot work with preflex codec>, expected: null
   [junit4]   2> NOTE: Assume failed in 'testPromoteBytes(org.apache.lucene.index.TestTypePromotion)' (ignored): got: <org.apache.lucene.util.InternalAssumptionViolatedException: failed assumption: cannot work with preflex codec>, expected: null
   [junit4]   2>
   [junit4] IGNOR/A 0.01s S3 | TestTypePromotion.testPromotInteger
   [junit4]    > Throwable #1: org.junit.internal.AssumptionViolatedException: got: <org.apache.lucene.util.InternalAssumptionViolatedException: failed assumption: cannot work with preflex codec>, expected: null
   [junit4]   2> NOTE: Assume failed in 'testPromotInteger(org.apache.lucene.index.TestTypePromotion)' (ignored): got: <org.apache.lucene.util.InternalAssumptionViolatedException: failed assumption: cannot work with preflex codec>, expected: null
   [junit4]   2>
   [junit4] Tests run:   5, Failures:   0, Errors:   0, Skipped:   5, Time:  0.08s
   [junit4]  
   [junit4] Running org.apache.lucene.search.TestWildcard
   [junit4] Tests run:   8, Failures:   0, Errors:   0, Skipped:   0, Time:  0.11s
   [junit4]  
   [junit4] Running org.apache.lucene.search.TestTermRangeQuery
   [junit4] Tests run:   7, Failures:   0, Errors:   0, Skipped:   0, Time:  0.15s
   [junit4]  
   [junit4] Running org.apache.lucene.index.TestNoDeletionPolicy
   [junit4] Tests run:   4, Failures:   0, Errors:   0, Skipped:   0, Time:  0.06s
   [junit4]  
   [junit4] Running org.apache.lucene.index.TestBinaryTerms
   [junit4] Tests run:   1, Failures:   0, Errors:   0, Skipped:   0, Time:  0.02s
   [junit4]  
   [junit4] Running org.apache.lucene.index.TestSameTokenSamePosition
   [junit4] Tests run:   2, Failures:   0, Errors:   0, Skipped:   0, Time:  0.02s
   [junit4]  
   [junit4] Running org.apache.lucene.store.TestFileSwitchDirectory
   [junit4] Tests run:   4, Failures:   0, Errors:   0, Skipped:   0, Time:  0.05s
   [junit4]  
   [junit4] Running org.apache.lucene.codecs.lucene40.TestReuseDocsEnum
   [junit4] Tests run:   3, Failures:   0, Errors:   0, Skipped:   0, Time:  0.41s
   [junit4]  
   [junit4] Running org.apache.lucene.util.TestSmallFloat
   [junit4] Tests run:   2, Failures:   0, Errors:   0, Skipped:   0, Time:  0.12s
   [junit4]  
   [junit4] Running org.apache.lucene.codecs.appending.TestAppendingCodec
   [junit4] Tests run:   2, Failures:   0, Errors:   0, Skipped:   0, Time:  0.02s
   [junit4]  
   [junit4] Running org.apache.lucene.store.TestDirectory
   [junit4] Tests run:   7, Failures:   0, Errors:   0, Skipped:   0, Time:  0.03s
   [junit4]  
   [junit4] Running org.apache.lucene.index.TestIndexWriterExceptions
   [junit4] Tests run:  22, Failures:   0, Errors:   0, Skipped:   0, Time:  4.26s
   [junit4]  
   [junit4] Running org.apache.lucene.search.TestDateFilter
   [junit4] Tests run:   2, Failures:   0, Errors:   0, Skipped:   0, Time:  0.07s
   [junit4]  
   [junit4] Running org.apache.lucene.document.TestDateTools
   [junit4] Tests run:   5, Failures:   0, Errors:   0, Skipped:   0, Time:  0.01s
   [junit4]  
   [junit4] Running org.apache.lucene.util.TestSetOnce
   [junit4] Tests run:   4, Failures:   0, Errors:   0, Skipped:   0, Time:  0.02s
   [junit4]  
   [junit4] Running org.apache.lucene.search.TestMatchAllDocsQuery
   [junit4] Tests run:   2, Failures:   0, Errors:   0, Skipped:   0, Time:  0.02s
   [junit4]  
   [junit4] Running org.apache.lucene.index.TestIsCurrent
   [junit4] Tests run:   2, Failures:   0, Errors:   0, Skipped:   0, Time:  0.01s
   [junit4]  
   [junit4] Running org.apache.lucene.search.TestFieldCacheTermsFilter
   [junit4] Tests run:   1, Failures:   0, Errors:   0, Skipped:   0, Time:  0.01s
   [junit4]  
   [junit4] Running org.apache.lucene.codecs.pulsing.TestPulsingReuse
   [junit4] Tests run:   2, Failures:   0, Errors:   0, Skipped:   0, Time:  0.02s
   [junit4]  
   [junit4] Running org.apache.lucene.index.TestIndexWriterLockRelease
   [junit4] Tests run:   1, Failures:   0, Errors:   0, Skipped:   0, Time:  0.01s
   [junit4]  
   [junit4] Running org.apache.lucene.codecs.intblock.TestIntBlockCodec
   [junit4] Tests run:   2, Failures:   0, Errors:   0, Skipped:   0, Time:  0.01s
   [junit4]  
   [junit4] Running org.apache.lucene.index.TestIndexWriterConfig
   [junit4] Tests run:   6, Failures:   0, Errors:   0, Skipped:   0, Time:  0.01s
   [junit4]  
   [junit4] Running org.apache.lucene.index.TestFieldInfos
   [junit4] Tests run:   2, Failures:   0, Errors:   0, Skipped:   0, Time:  0.01s
   [junit4]  
   [junit4] Running org.apache.lucene.search.TestPositiveScoresOnlyCollector
   [junit4] Tests run:   1, Failures:   0, Errors:   0, Skipped:   0, Time:  0.01s
   [junit4]  
   [junit4] Running org.apache.lucene.index.TestOmitNorms
   [junit4] Tests run:   5, Failures:   0, Errors:   0, Skipped:   0, Time:  0.57s
   [junit4]  
   [junit4] Running org.apache.lucene.index.TestNewestSegment
   [junit4] Tests run:   1, Failures:   0, Errors:   0, Skipped:   0, Time:  0.01s
   [junit4]  
   [junit4] Running org.apache.lucene.codecs.pulsing.Test10KPulsings
   [junit4] IGNORED 0.00s S0 | Test10KPulsings.alwaysIgnoredTestMethod
   [junit4] Tests run:   1, Failures:   0, Errors:   0, Skipped:   1, Time:  0.00s
   [junit4]  
   [junit4] Running org.apache.lucene.util.TestIOUtils
   [junit4] Tests run:   1, Failures:   0, Errors:   0, Skipped:   0, Time:  0.00s
   [junit4]  
   [junit4] Running org.apache.lucene.store.TestByteArrayDataInput
   [junit4] Tests run:   1, Failures:   0, Errors:   0, Skipped:   0, Time:  0.00s
   [junit4]  
   [junit4] Running org.apache.lucene.util.TestVersionComparator
   [junit4] Tests run:   1, Failures:   0, Errors:   0, Skipped:   0, Time:  0.00s
   [junit4]  
   [junit4] Running org.apache.lucene.index.Test2BPostings
   [junit4] IGNORED 0.00s S0 | Test2BPostings.alwaysIgnoredTestMethod
   [junit4] Tests run:   1, Failures:   0, Errors:   0, Skipped:   1, Time:  0.00s
   [junit4]  
   [junit4] Running org.apache.lucene.index.TestParallelCompositeReader
   [junit4] Tests run:   6, Failures:   0, Errors:   0, Skipped:   0, Time:  0.15s
   [junit4]  
   [junit4] Running org.apache.lucene.search.TestFieldCache
   [junit4] Tests run:   5, Failures:   0, Errors:   0, Skipped:   0, Time:  0.62s
   [junit4]  
   [junit4] Running org.apache.lucene.codecs.lucene40.values.TestDocValues
   [junit4] Tests run:  14, Failures:   0, Errors:   0, Skipped:   0, Time:  0.23s
   [junit4]  
   [junit4] Running org.apache.lucene.index.TestPostingsOffsets
   [junit4] Tests run:   4, Failures:   0, Errors:   0, Skipped:   0, Time:  0.28s
   [junit4]  
   [junit4] Running org.apache.lucene.search.TestTopDocsMerge
   [junit4] Tests run:   1, Failures:   0, Errors:   0, Skipped:   0, Time:  4.50s
   [junit4]  
   [junit4] Running org.apache.lucene.search.TestAutomatonQuery
   [junit4] Tests run:   6, Failures:   0, Errors:   0, Skipped:   0, Time:  0.10s
   [junit4]  
   [junit4] Running org.apache.lucene.util.TestIndexableBinaryStringTools
   [junit4] Tests run:   5, Failures:   0, Errors:   0, Skipped:   0, Time:  0.17s
   [junit4]  
   [junit4] Running org.apache.lucene.util.automaton.TestCompiledAutomaton
   [junit4] Tests run:   2, Failures:   0, Errors:   0, Skipped:   0, Time:  0.13s
   [junit4]  
   [junit4] Running org.apache.lucene.index.TestSumDocFreq
   [junit4] Tests run:   1, Failures:   0, Errors:   0, Skipped:   0, Time:  0.10s
   [junit4]  
   [junit4] Running org.apache.lucene.util.TestFieldCacheSanityChecker
   [junit4] Tests run:   3, Failures:   0, Errors:   0, Skipped:   0, Time:  0.66s
   [junit4]  
   [junit4] Running org.apache.lucene.search.similarities.TestSimilarity2
   [junit4] Tests run:   7, Failures:   0, Errors:   0, Skipped:   0, Time:  0.09s
   [junit4]  
   [junit4] Running org.apache.lucene.index.TestPayloads
   [junit4] Tests run:   5, Failures:   0, Errors:   0, Skipped:   0, Time:  0.12s
   [junit4]  
   [junit4] Running org.apache.lucene.search.payloads.TestPayloadExplanations
   [junit4] Tests run:   5, Failures:   0, Errors:   0, Skipped:   0, Time:  0.20s
   [junit4]  
   [junit4] Running org.apache.lucene.search.TestBooleanMinShouldMatch
   [junit4] Tests run:  15, Failures:   0, Errors:   0, Skipped:   0, Time:  0.86s
   [junit4]  
   [junit4] Running org.apache.lucene.search.TestWildcardRandom
   [junit4] Tests run:   1, Failures:   0, Errors:   0, Skipped:   0, Time:  0.07s
   [junit4]  
   [junit4] Running org.apache.lucene.util.TestBytesRefHash
   [junit4] Tests run:   7, Failures:   0, Errors:   0, Skipped:   0, Time:  0.05s
   [junit4]  
   [junit4] Running org.apache.lucene.search.spans.TestSpanExplanationsOfNonMatches
   [junit4] Tests run:  31, Failures:   0, Errors:   0, Skipped:   0, Time:  0.03s
   [junit4]  
   [junit4] Running org.apache.lucene.index.TestParallelReaderEmptyIndex
   [junit4] Tests run:   2, Failures:   0, Errors:   0, Skipped:   0, Time:  0.03s
   [junit4]  
   [junit4] Running org.apache.lucene.search.TestFilteredSearch
   [junit4] Tests run:   1, Failures:   0, Errors:   0, Skipped:   0, Time:  0.02s
   [junit4]  
   [junit4] Running org.apache.lucene.index.TestParallelTermEnum
   [junit4] Tests run:   1, Failures:   0, Errors:   0, Skipped:   0, Time:  0.01s
   [junit4]  
   [junit4] Running org.apache.lucene.TestMergeSchedulerExternal
   [junit4] Tests run:   2, Failures:   0, Errors:   0, Skipped:   0, Time:  0.26s
   [junit4]  
   [junit4] Running org.apache.lucene.index.TestDocCount
   [junit4] Tests run:   1, Failures:   0, Errors:   0, Skipped:   0, Time:  0.06s
   [junit4]  
   [junit4] Running org.apache.lucene.search.TestBooleanScorer
   [junit4] Tests run:   3, Failures:   0, Errors:   0, Skipped:   0, Time:  0.02s
   [junit4]  
   [junit4] Running org.apache.lucene.util.TestRecyclingByteBlockAllocator
   [junit4] Tests run:   3, Failures:   0, Errors:   0, Skipped:   0, Time:  0.03s
   [junit4]  
   [junit4] Running org.apache.lucene.index.TestCheckIndex
   [junit4] Tests run:   2, Failures:   0, Errors:   0, Skipped:   0, Time:  0.03s
   [junit4]  
   [junit4] Running org.apache.lucene.util.TestSortedVIntList
   [junit4] Tests run:  19, Failures:   0, Errors:   0, Skipped:   0, Time:  0.02s
   [junit4]  
   [junit4] Running org.apache.lucene.TestDemo
   [junit4] Tests run:   1, Failures:   0, Errors:   0, Skipped:   0, Time:  0.01s
   [junit4]  
   [junit4] Running org.apache.lucene.search.TestNot
   [junit4] Tests run:   1, Failures:   0, Errors:   0, Skipped:   0, Time:  0.01s
   [junit4]  
   [junit4] Running org.apache.lucene.index.TestRollingUpdates
   [junit4] Tests run:   2, Failures:   0, Errors:   0, Skipped:   0, Time:  0.52s
   [junit4]  
   [junit4] Running org.apache.lucene.store.TestLock
   [junit4] Tests run:   1, Failures:   0, Errors:   0, Skipped:   0, Time:  0.01s
   [junit4]  
   [junit4] Running org.apache.lucene.document.TestBinaryDocument
   [junit4] Tests run:   2, Failures:   0, Errors:   0, Skipped:   0, Time:  0.01s
   [junit4]  
   [junit4] Running org.apache.lucene.search.TestSimilarity
   [junit4] Tests run:   1, Failures:   0, Errors:   0, Skipped:   0, Time:  0.01s
   [junit4]  
   [junit4] Running org.apache.lucene.index.TestRollback
   [junit4] Tests run:   1, Failures:   0, Errors:   0, Skipped:   0, Time:  0.01s
   [junit4]  
   [junit4] Running org.apache.lucene.search.TestPrefixQuery
   [junit4] Tests run:   1, Failures:   0, Errors:   0, Skipped:   0, Time:  0.01s
   [junit4]  
   [junit4] Running org.apache.lucene.index.TestReaderClosed
   [junit4] Tests run:   1, Failures:   0, Errors:   0, Skipped:   0, Time:  0.01s
   [junit4]  
   [junit4] Running org.apache.lucene.index.TestNoMergePolicy
   [junit4] Tests run:   4, Failures:   0, Errors:   0, Skipped:   0, Time:  0.01s
   [junit4]  
   [junit4] Running org.apache.lucene.index.TestDocumentsWriterDeleteQueue
   [junit4] Tests run:   5, Failures:   0, Errors:   0, Skipped:   0, Time:  0.12s
   [junit4]  
   [junit4] Running org.apache.lucene.search.TestScoreCachingWrappingScorer
   [junit4] Tests run:   1, Failures:   0, Errors:   0, Skipped:   0, Time:  0.01s
   [junit4]  
   [junit4] Running org.apache.lucene.index.TestNoMergeScheduler
   [junit4] Tests run:   3, Failures:   0, Errors:   0, Skipped:   0, Time:  0.01s
   [junit4]  
   [junit4] Running org.apache.lucene.search.TestNGramPhraseQuery
   [junit4] Tests run:   1, Failures:   0, Errors:   0, Skipped:   0, Time:  0.01s
   [junit4]  
   [junit4] Running org.apache.lucene.index.TestIndexCommit
   [junit4] Tests run:   1, Failures:   0, Errors:   0, Skipped:   0, Time:  0.00s
   [junit4]  
   [junit4] Running org.apache.lucene.index.TestIndexWriterOnJRECrash
   [junit4] IGNORED 0.00s S0 | TestIndexWriterOnJRECrash.alwaysIgnoredTestMethod
   [junit4] Tests run:   1, Failures:   0, Errors:   0, Skipped:   1, Time:  0.00s
   [junit4]  
   [junit4] Running org.apache.lucene.util.TestBitUtil
   [junit4] Tests run:   2, Failures:   0, Errors:   0, Skipped:   0, Time:  0.01s
   [junit4]  
   [junit4] Running org.apache.lucene.codecs.lucene3x.TestImpersonation
   [junit4] Tests run:   1, Failures:   0, Errors:   0, Skipped:   0, Time:  0.00s
   [junit4]  
   [junit4] Running org.apache.lucene.util.junitcompat.TestJUnitRuleOrder
   [junit4] Tests run:   1, Failures:   0, Errors:   0, Skipped:   0, Time:  0.01s
   [junit4]  
   [junit4] Running org.apache.lucene.index.TestOmitPositions
   [junit4] Tests run:   3, Failures:   0, Errors:   0, Skipped:   0, Time:  0.47s
   [junit4]  
   [junit4] Running org.apache.lucene.index.TestDocTermOrds
   [junit4] Tests run:   3, Failures:   0, Errors:   0, Skipped:   0, Time:  0.27s
   [junit4]  
   [junit4] Running org.apache.lucene.index.TestTermVectorsWriter
   [junit4] Tests run:  13, Failures:   0, Errors:   0, Skipped:   0, Time:  0.46s
   [junit4]  
   [junit4] Running org.apache.lucene.TestExternalCodecs
   [junit4] Tests run:   1, Failures:   0, Errors:   0, Skipped:   0, Time:  0.16s
   [junit4]  
   [junit4] Running org.apache.lucene.index.TestMixedCodecs
   [junit4] Tests run:   1, Failures:   0, Errors:   0, Skipped:   0, Time:  2.17s
   [junit4]  
   [junit4] Running org.apache.lucene.index.TestTransactionRollback
   [junit4] Tests run:   2, Failures:   0, Errors:   0, Skipped:   0, Time:  0.44s
   [junit4]  
   [junit4] Running org.apache.lucene.util.automaton.TestSpecialOperations
   [junit4] Tests run:   1, Failures:   0, Errors:   0, Skipped:   0, Time:  0.13s
   [junit4]  
   [junit4] Running org.apache.lucene.search.TestNumericRangeQuery32
   [junit4] Tests run:  27, Failures:   0, Errors:   0, Skipped:   0, Time:  4.37s
   [junit4]  
   [junit4] Running org.apache.lucene.search.spans.TestNearSpansOrdered
   [junit4] Tests run:  10, Failures:   0, Errors:   0, Skipped:   0, Time:  0.30s
   [junit4]  
   [junit4] Running org.apache.lucene.index.TestTermsEnum2
   [junit4] Tests run:   4, Failures:   0, Errors:   0, Skipped:   0, Time:  0.30s
   [junit4]  
   [junit4] Running org.apache.lucene.index.TestDirectoryReaderReopen
   [junit4] Tests run:   5, Failures:   0, Errors:   0, Skipped:   0, Time:  2.48s
   [junit4]  
   [junit4] Running org.apache.lucene.search.spans.TestSpanMultiTermQueryWrapper
   [junit4] Tests run:   4, Failures:   0, Errors:   0, Skipped:   0, Time:  0.07s
   [junit4]  
   [junit4] Running org.apache.lucene.search.TestTopDocsCollector
   [junit4] Tests run:   8, Failures:   0, Errors:   0, Skipped:   0, Time:  0.04s
   [junit4]  
   [junit4] Running org.apache.lucene.index.TestTermVectorsReader
   [junit4] Tests run:   6, Failures:   0, Errors:   0, Skipped:   0, Time:  0.28s
   [junit4]  
   [junit4] Running org.apache.lucene.search.TestComplexExplanationsOfNonMatches
   [junit4] Tests run:  22, Failures:   0, Errors:   0, Skipped:   0, Time:  0.07s
   [junit4]  
   [junit4] Running org.apache.lucene.index.TestPerSegmentDeletes
   [junit4] Tests run:   1, Failures:   0, Errors:   0, Skipped:   0, Time:  0.06s
   [junit4]  
   [junit4] Running org.apache.lucene.analysis.TestCachingTokenFilter
   [junit4] Tests run:   1, Failures:   0, Errors:   0, Skipped:   0, Time:  0.01s
   [junit4]  
   [junit4] Running org.apache.lucene.search.TestElevationComparator
   [junit4] Tests run:   1, Failures:   0, Errors:   0, Skipped:   0, Time:  0.02s
   [junit4]  
   [junit4] Running org.apache.lucene.index.TestIndexFileDeleter
   [junit4] Tests run:   1, Failures:   0, Errors:   0, Skipped:   0, Time:  0.07s
   [junit4]  
   [junit4] Running org.apache.lucene.index.TestSegmentTermEnum
   [junit4] Tests run:   2, Failures:   0, Errors:   0, Skipped:   0, Time:  0.03s
   [junit4]  
   [junit4] Running org.apache.lucene.search.TestConstantScoreQuery
   [junit4] Tests run:   3, Failures:   0, Errors:   0, Skipped:   0, Time:  0.02s
   [junit4]  
   [junit4] Running org.apache.lucene.search.TestPositionIncrement
   [junit4] Tests run:   2, Failures:   0, Errors:   0, Skipped:   0, Time:  0.02s
   [junit4]  
   [junit4] Running org.apache.lucene.search.TestAutomatonQueryUnicode
   [junit4] Tests run:   1, Failures:   0, Errors:   0, Skipped:   0, Time:  0.01s
   [junit4]  
   [junit4] Running org.apache.lucene.search.TestComplexExplanations
   [junit4] Tests run:  22, Failures:   0, Errors:   0, Skipped:   0, Time:  1.17s
   [junit4]  
   [junit4] Running org.apache.lucene.search.TestPhrasePrefixQuery
   [junit4] Tests run:   1, Failures:   0, Errors:   0, Skipped:   0, Time:  0.01s
   [junit4]  
   [junit4] Running org.apache.lucene.search.TestDocIdSet
   [junit4] Tests run:   2, Failures:   0, Errors:   0, Skipped:   0, Time:  0.01s
   [junit4]  
   [junit4] Running org.apache.lucene.search.TestExplanations
   [junit4] Tests run:   1, Failures:   0, Errors:   0, Skipped:   0, Time:  0.01s
   [junit4]  
   [junit4] Running org.apache.lucene.index.TestTermsEnum
   [junit4] IGNOR/A 0.01s S1 | TestTermsEnum.testIntersectRandom
   [junit4]    > Throwable #1: org.junit.internal.AssumptionViolatedException: got: <false>, expected: is <true>
   [junit4]   2> NOTE: A test method in TestTermsEnum was ignored, as it uses too much memory with SimpleText.
   [junit4]   2> NOTE: Assume failed in 'testIntersectRandom(org.apache.lucene.index.TestTermsEnum)' (ignored): got: <false>, expected: is <true>
   [junit4]   2>
   [junit4] IGNOR/A 0.01s S1 | TestTermsEnum.testEasy
   [junit4]    > Throwable #1: org.junit.internal.AssumptionViolatedException: got: <false>, expected: is <true>
   [junit4]   2> NOTE: A test method in TestTermsEnum was ignored, as it uses too much memory with SimpleText.
   [junit4]   2> NOTE: Assume failed in 'testEasy(org.apache.lucene.index.TestTermsEnum)' (ignored): got: <false>, expected: is <true>
   [junit4]   2>
   [junit4] IGNOR/A 0.01s S1 | TestTermsEnum.testFloorBlocks
   [junit4]    > Throwable #1: org.junit.internal.AssumptionViolatedException: got: <false>, expected: is <true>
   [junit4]   2> NOTE: A test method in TestTermsEnum was ignored, as it uses too much memory with SimpleText.
   [junit4]   2> NOTE: Assume failed in 'testFloorBlocks(org.apache.lucene.index.TestTermsEnum)' (ignored): got: <false>, expected: is <true>
   [junit4]   2>
   [junit4] IGNOR/A 0.01s S1 | TestTermsEnum.testZeroTerms
   [junit4]    > Throwable #1: org.junit.internal.AssumptionViolatedException: got: <false>, expected: is <true>
   [junit4]   2> NOTE: A test method in TestTermsEnum was ignored, as it uses too much memory with SimpleText.
   [junit4]   2> NOTE: Assume failed in 'testZeroTerms(org.apache.lucene.index.TestTermsEnum)' (ignored): got: <false>, expected: is <true>
   [junit4]   2>
   [junit4] IGNOR/A 0.01s S1 | TestTermsEnum.testRandomTerms
   [junit4]    > Throwable #1: org.junit.internal.AssumptionViolatedException: got: <false>, expected: is <true>
   [junit4]   2> NOTE: A test method in TestTermsEnum was ignored, as it uses too much memory with SimpleText.
   [junit4]   2> NOTE: Assume failed in 'testRandomTerms(org.apache.lucene.index.TestTermsEnum)' (ignored): got: <false>, expected: is <true>
   [junit4]   2>
   [junit4] IGNOR/A 0.01s S1 | TestTermsEnum.test
   [junit4]    > Throwable #1: org.junit.internal.AssumptionViolatedException: got: <false>, expected: is <true>
   [junit4]   2> NOTE: A test method in TestTermsEnum was ignored, as it uses too much memory with SimpleText.
   [junit4]   2> NOTE: Assume failed in 'test(org.apache.lucene.index.TestTermsEnum)' (ignored): got: <false>, expected: is <true>
   [junit4]   2>
   [junit4] Tests run:   6, Failures:   0, Errors:   0, Skipped:   6, Time:  0.04s
   [junit4]  
   [junit4] Running org.apache.lucene.search.TestDocBoost
   [junit4] Tests run:   1, Failures:   0, Errors:   0, Skipped:   0, Time:  0.02s
   [junit4]  
   [junit4] Running org.apache.lucene.search.TestSimilarityProvider
   [junit4] Tests run:   1, Failures:   0, Errors:   0, Skipped:   0, Time:  0.05s
   [junit4]  
   [junit4] Running org.apache.lucene.util.TestTwoPhaseCommitTool
   [junit4] Tests run:   4, Failures:   0, Errors:   0, Skipped:   0, Time:  0.01s
   [junit4]  
   [junit4] Running org.apache.lucene.search.MultiCollectorTest
   [junit4] Tests run:   3, Failures:   0, Errors:   0, Skipped:   0, Time:  0.01s
   [junit4]  
   [junit4] Running org.apache.lucene.util.TestNamedSPILoader
   [junit4] Tests run:   3, Failures:   0, Errors:   0, Skipped:   0, Time:  0.00s
   [junit4]  
   [junit4] Running org.apache.lucene.util.TestBytesRef
   [junit4] Tests run:   3, Failures:   0, Errors:   0, Skipped:   0, Time:  0.00s
   [junit4]  
   [junit4] Running org.apache.lucene.index.TestIndexInput
   [junit4] Tests run:   2, Failures:   0, Errors:   0, Skipped:   0, Time:  0.00s
   [junit4]  
   [junit4] Running org.apache.lucene.util.TestVirtualMethod
   [junit4] Tests run:   2, Failures:   0, Errors:   0, Skipped:   0, Time:  0.01s
   [junit4]  
   [junit4] Running org.apache.lucene.index.TestTerm
   [junit4] Tests run:   1, Failures:   0, Errors:   0, Skipped:   0, Time:  0.00s
   [junit4]  
   [junit4] Running org.apache.lucene.util.TestByteBlockPool
   [junit4] Tests run:   1, Failures:   0, Errors:   0, Skipped:   0, Time:  0.00s
   [junit4]  
   [junit4] Running org.apache.lucene.index.Test2BTerms
   [junit4] IGNORED 0.00s S0 | Test2BTerms.alwaysIgnoredTestMethod
   [junit4] Tests run:   1, Failures:   0, Errors:   0, Skipped:   1, Time:  0.00s
   [junit4]  
   [junit4] Running org.apache.lucene.util.automaton.TestDeterminizeLexicon
   [junit4] Tests run:   1, Failures:   0, Errors:   0, Skipped:   0, Time:  0.63s
   [junit4]  
   [junit4] Running org.apache.lucene.index.TestFilterAtomicReader
   [junit4] Tests run:   2, Failures:   0, Errors:   0, Skipped:   0, Time:  0.02s
   [junit4]  
   [junit4] Running org.apache.lucene.document.TestDocument
   [junit4] Tests run:   9, Failures:   0, Errors:   0, Skipped:   0, Time:  0.04s
   [junit4]  
   [junit4] Running org.apache.lucene.util.junitcompat.TestReproduceMessage
   [junit4] IGNORED 0.00s S0 | TestReproduceMessage.testAssumeAfterClass
   [junit4] IGNORED 0.00s S0 | TestReproduceMessage.testAssumeInitializer
   [junit4] IGNORED 0.00s S0 | TestReproduceMessage.testAssumeBeforeClass
   [junit4] IGNORED 0.00s S0 | TestReproduceMessage.testFailureBeforeClass
   [junit4] IGNORED 0.00s S0 | TestReproduceMessage.testFailureInitializer
   [junit4] IGNORED 0.00s S0 | TestReproduceMessage.testFailureAfterClass
   [junit4] IGNORED 0.00s S0 | TestReproduceMessage.testErrorBeforeClass
   [junit4] IGNORED 0.00s S0 | TestReproduceMessage.testErrorInitializer
   [junit4] IGNORED 0.00s S0 | TestReproduceMessage.testErrorAfterClass
   [junit4] Tests run:  21, Failures:   0, Errors:   0, Skipped:   9, Time:  0.14s
   [junit4]  
   [junit4] Running org.apache.lucene.search.payloads.TestPayloadTermQuery
   [junit4] Tests run:   6, Failures:   0, Errors:   0, Skipped:   0, Time:  0.28s
   [junit4]  
   [junit4] Running org.apache.lucene.search.TestMultiTermConstantScore
   [junit4] Tests run:   7, Failures:   0, Errors:   0, Skipped:   0, Time:  0.30s
   [junit4]  
   [junit4] Running org.apache.lucene.search.TestSimpleExplanationsOfNonMatches
   [junit4] Tests run:  69, Failures:   0, Errors:   0, Skipped:   0, Time:  0.10s
   [junit4]  
   [junit4] Running org.apache.lucene.util.automaton.TestBasicOperations
   [junit4] Tests run:   7, Failures:   0, Errors:   0, Skipped:   0, Time:  0.43s
   [junit4]  
   [junit4] Running org.apache.lucene.TestSearchForDuplicates
   [junit4] Tests run:   1, Failures:   0, Errors:   0, Skipped:   0, Time:  0.08s
   [junit4]  
   [junit4] Running org.apache.lucene.search.TestSearchAfter
   [junit4] Tests run:   1, Failures:   0, Errors:   0, Skipped:   0, Time:  0.13s
   [junit4]  
   [junit4] Running org.apache.lucene.index.TestThreadedForceMerge
   [junit4] Tests run:   1, Failures:   0, Errors:   0, Skipped:   0, Time:  0.56s
   [junit4]  
   [junit4] Running org.apache.lucene.search.TestCachingWrapperFilter
   [junit4] Tests run:   5, Failures:   0, Errors:   0, Skipped:   0, Time:  0.12s
   [junit4]  
   [junit4] Running org.apache.lucene.search.spans.TestSpansAdvanced
   [junit4] Tests run:   1, Failures:   0, Errors:   0, Skipped:   0, Time:  0.03s
   [junit4]  
   [junit4] Running org.apache.lucene.search.spans.TestSpansAdvanced2
   [junit4] Tests run:   4, Failures:   0, Errors:   0, Skipped:   0, Time:  0.50s
   [junit4]  
   [junit4] Running org.apache.lucene.search.TestRegexpQuery
   [junit4] Tests run:   7, Failures:   0, Errors:   0, Skipped:   0, Time:  0.12s
   [junit4]  
   [junit4] Running org.apache.lucene.TestSearch
   [junit4] Tests run:   1, Failures:   0, Errors:   0, Skipped:   0, Time:  0.02s
   [junit4]  
   [junit4] Running org.apache.lucene.search.TestFieldValueFilter
   [junit4] Tests run:   2, Failures:   0, Errors:   0, Skipped:   0, Time:  0.02s
   [junit4]  
   [junit4] Running org.apache.lucene.search.TestDocValuesScoring
   [junit4] Tests run:   1, Failures:   0, Errors:   0, Skipped:   0, Time:  0.07s
   [junit4]  
   [junit4] Running org.apache.lucene.util.TestPriorityQueue
   [junit4] Tests run:   4, Failures:   0, Errors:   0, Skipped:   0, Time:  0.02s
   [junit4]  
   [junit4] Running org.apache.lucene.search.TestMultiTermQueryRewrites
   [junit4] Tests run:   3, Failures:   0, Errors:   0, Skipped:   0, Time:  0.02s
   [junit4]  
   [junit4] Running org.apache.lucene.util.TestOpenBitSet
   [junit4] Tests run:   4, Failures:   0, Errors:   0, Skipped:   0, Time:  1.45s
   [junit4]  
   [junit4] Running org.apache.lucene.index.TestUniqueTermCount
   [junit4] Tests run:   1, Failures:   0, Errors:   0, Skipped:   0, Time:  0.10s
   [junit4]  
   [junit4] Running org.apache.lucene.search.TestSubScorerFreqs
   [junit4] Tests run:   3, Failures:   0, Errors:   0, Skipped:   0, Time:  0.02s
   [junit4]  
   [junit4] Running org.apache.lucene.search.TestTermScorer
   [junit4] Tests run:   3, Failures:   0, Errors:   0, Skipped:   0, Time:  0.05s
   [junit4]  
   [junit4] Running org.apache.lucene.search.TestDateSort
   [junit4] Tests run:   1, Failures:   0, Errors:   0, Skipped:   0, Time:  0.01s
   [junit4]  
   [junit4] Running org.apache.lucene.util.TestCharsRef
   [junit4] Tests run:   3, Failures:   0, Errors:   0, Skipped:   0, Time:  0.01s
   [junit4]  
   [junit4] Running org.apache.lucene.search.TestCachingCollector
   [junit4] Tests run:   5, Failures:   0, Errors:   0, Skipped:   0, Time:  0.02s
   [junit4]  
   [junit4] Running org.apache.lucene.search.spans.TestSpanFirstQuery
   [junit4] Tests run:   1, Failures:   0, Errors:   0, Skipped:   0, Time:  0.02s
   [junit4]  
   [junit4] Running org.apache.lucene.util.TestAttributeSource
   [junit4] Tests run:   5, Failures:   0, Errors:   0, Skipped:   0, Time:  0.01s
   [junit4]  
   [junit4] Running org.apache.lucene.search.TestPrefixFilter
   [junit4] Tests run:   1, Failures:   0, Errors:   0, Skipped:   0, Time:  0.01s
   [junit4]  
   [junit4] Running org.apache.lucene.analysis.TestNumericTokenStream
   [junit4] Tests run:   4, Failures:   0, Errors:   0, Skipped:   0, Time:  0.00s
   [junit4]  
   [junit4] Running org.apache.lucene.search.TestTopScoreDocCollector
   [junit4] Tests run:   1, Failures:   0, Errors:   0, Skipped:   0, Time:  0.01s
   [junit4]  
   [junit4] Running org.apache.lucene.analysis.TestMockCharFilter
   [junit4] Tests run:   1, Failures:   0, Errors:   0, Skipped:   0, Time:  0.00s
   [junit4]  
   [junit4] Running org.apache.lucene.analysis.tokenattributes.TestSimpleAttributeImpl
   [junit4] Tests run:   1, Failures:   0, Errors:   0, Skipped:   0, Time:  0.00s
   [junit4]  
   [junit4] Running org.apache.lucene.TestAssertions
   [junit4] Tests run:   1, Failures:   0, Errors:   0, Skipped:   0, Time:  0.00s
   [junit4]  
   [junit4] Running org.apache.lucene.index.TestTermdocPerf
   [junit4] Tests run:   1, Failures:   0, Errors:   0, Skipped:   0, Time:  0.00s
   [junit4]  
   [junit4] Running org.apache.lucene.util.TestCloseableThreadLocal
   [junit4] Tests run:   3, Failures:   0, Errors:   0, Skipped:   0, Time:  0.01s
   [junit4]  
   [junit4] Running org.apache.lucene.util.TestRamUsageEstimator
   [junit4] Tests run:   1, Failures:   0, Errors:   0, Skipped:   0, Time:  0.00s
   [junit4]  
   [junit4] Running org.apache.lucene.util.TestVersion
   [junit4] Tests run:   1, Failures:   0, Errors:   0, Skipped:   0, Time:  0.00s
   [junit4]  
   [junit4] Running org.apache.lucene.util.junitcompat.TestSetupTeardownChaining
   [junit4] Tests run:   2, Failures:   0, Errors:   0, Skipped:   0, Time:  0.01s
   [junit4]  
   [junit4] Running org.apache.lucene.index.TestParallelAtomicReader
   [junit4] Tests run:   6, Failures:   0, Errors:   0, Skipped:   0, Time:  0.08s
   [junit4]  
   [junit4] Running org.apache.lucene.search.TestSearchWithThreads
   [junit4] Tests run:   1, Failures:   0, Errors:   0, Skipped:   0, Time:  1.77s
   [junit4]  
   [junit4] Running org.apache.lucene.index.TestTransactions
   [junit4] Tests run:   1, Failures:   0, Errors:   0, Skipped:   0, Time:  0.77s
   [junit4]  
   [junit4] Running org.apache.lucene.index.TestForceMergeForever
   [junit4] Tests run:   1, Failures:   0, Errors:   0, Skipped:   0, Time:  0.19s
   [junit4]  
   [junit4] Running org.apache.lucene.index.TestIndexWriter
   [junit4] Tests run:  44, Failures:   0, Errors:   0, Skipped:   0, Time:  3.51s
   [junit4]  
   [junit4] Slave 0:     0.47 ..    81.83 =    81.36s
   [junit4] Slave 1:     0.47 ..    84.37 =    83.89s
   [junit4] Slave 2:     0.54 ..    81.92 =    81.38s
   [junit4] Slave 3:     0.47 ..    84.75 =    84.28s
   [junit4] Execution time total: 1 minute 24 seconds
   [junit4] Tests summary: 284 suites, 1587 tests, 25 ignored (12 assumptions)

test:

compile-lucene-core:

jflex-uptodate-check:

jflex-notice:

javacc-uptodate-check:

javacc-notice:

init:

clover.setup:

clover.info:
     [echo] 
     [echo]       Clover not found. Code coverage reports disabled.
     [echo]   	

clover:

common.compile-core:
    [javac] Compiling 1 source file to c:\Work\lucene-solr\lucene\build\core\classes\java
    [javac] warning: [options] bootstrap class path not set in conjunction with -source 1.6
    [javac] 1 warning

compile-core:

compile-test-framework:

init:

compile-lucene-core:

compile-core:

compile-test:
     [echo] Building demo...

common.init:

compile-lucene-core:

contrib-build.init:

check-lucene-core-uptodate:

jar-lucene-core:

jflex-uptodate-check:

jflex-notice:

javacc-uptodate-check:

javacc-notice:

init:

clover.setup:

clover.info:
     [echo] 
     [echo]       Clover not found. Code coverage reports disabled.
     [echo]   	

clover:

common.compile-core:
    [javac] Compiling 1 source file to c:\Work\lucene-solr\lucene\build\core\classes\java
    [javac] warning: [options] bootstrap class path not set in conjunction with -source 1.6
    [javac] 1 warning

compile-core:

jar-core:
      [jar] Building jar: c:\Work\lucene-solr\lucene\build\core\lucene-core-4.0-SNAPSHOT.jar

init:

compile-test:
     [echo] Building demo...

check-analyzers-common-uptodate:

jar-analyzers-common:

check-queryparser-uptodate:

jar-queryparser:

common.init:

compile-lucene-core:

contrib-build.init:

check-lucene-core-uptodate:

jar-lucene-core:

init:

clover.setup:

clover.info:
     [echo] 
     [echo]       Clover not found. Code coverage reports disabled.
     [echo]   	

clover:

common.compile-core:
    [mkdir] Created dir: c:\Work\lucene-solr\lucene\build\contrib\demo\classes\java
    [javac] Compiling 3 source files to c:\Work\lucene-solr\lucene\build\contrib\demo\classes\java
    [javac] warning: [options] bootstrap class path not set in conjunction with -source 1.6
    [javac] c:\Work\lucene-solr\lucene\contrib\demo\src\java\org\apache\lucene\demo\xmlparser\FormBasedXmlQueryDemo.java:86: warning: [rawtypes] found raw type: Enumeration
    [javac]     Enumeration pNames = request.getParameterNames();
    [javac]     ^
    [javac]   missing type arguments for generic class Enumeration<E>
    [javac]   where E is a type-variable:
    [javac]     E extends Object declared in interface Enumeration
    [javac] Note: Some input files use or override a deprecated API.
    [javac] Note: Recompile with -Xlint:deprecation for details.
    [javac] 2 warnings
     [copy] Copying 6 files to c:\Work\lucene-solr\lucene\build\contrib\demo\classes\java

compile-core:

compile-test-framework:

common.compile-test:
    [mkdir] Created dir: c:\Work\lucene-solr\lucene\build\contrib\demo\classes\test
    [javac] Compiling 1 source file to c:\Work\lucene-solr\lucene\build\contrib\demo\classes\test
    [javac] warning: [options] bootstrap class path not set in conjunction with -source 1.6
    [javac] 1 warning
     [copy] Copying 16 files to c:\Work\lucene-solr\lucene\build\contrib\demo\classes\test
     [echo] Building highlighter...

common.init:

compile-lucene-core:

init:

compile-test:
     [echo] Building highlighter...

check-memory-uptodate:

jar-memory:
     [echo] Building memory...

check-queryparser-uptodate:

jar-queryparser:

common.init:

compile-lucene-core:

init:

clover.setup:

clover.info:
     [echo] 
     [echo]       Clover not found. Code coverage reports disabled.
     [echo]   	

clover:

common.compile-core:
    [mkdir] Created dir: c:\Work\lucene-solr\lucene\build\contrib\memory\classes\java
    [javac] Compiling 2 source files to c:\Work\lucene-solr\lucene\build\contrib\memory\classes\java
    [javac] warning: [options] bootstrap class path not set in conjunction with -source 1.6
    [javac] c:\Work\lucene-solr\lucene\contrib\memory\src\java\org\apache\lucene\index\memory\MemoryIndex.java:525: warning: [rawtypes] found raw type: Entry
    [javac]     Map.Entry<K,V>[] entries = new Map.Entry[size];
    [javac]                                       ^
    [javac]   missing type arguments for generic class Entry<K,V>
    [javac]   where K,V are type-variables:
    [javac]     K extends Object declared in interface Entry
    [javac]     V extends Object declared in interface Entry
    [javac] 2 warnings

compile-core:

jar-core:
      [jar] Building jar: c:\Work\lucene-solr\lucene\build\contrib\memory\lucene-memory-4.0-SNAPSHOT.jar

common.init:

compile-lucene-core:

init:

clover.setup:

clover.info:
     [echo] 
     [echo]       Clover not found. Code coverage reports disabled.
     [echo]   	

clover:

common.compile-core:
    [mkdir] Created dir: c:\Work\lucene-solr\lucene\build\contrib\highlighter\classes\java
    [javac] Compiling 41 source files to c:\Work\lucene-solr\lucene\build\contrib\highlighter\classes\java
    [javac] warning: [options] bootstrap class path not set in conjunction with -source 1.6
    [javac] c:\Work\lucene-solr\lucene\contrib\highlighter\src\java\org\apache\lucene\search\highlight\WeightedSpanTermExtractor.java:173: warning: [rawtypes] found raw type: List
    [javac]         final List<SpanQuery>[] disjunctLists = new List[maxPosition + 1];
    [javac]                                                     ^
    [javac]   missing type arguments for generic class List<E>
    [javac]   where E is a type-variable:
    [javac]     E extends Object declared in interface List
    [javac] 2 warnings

compile-core:

compile-test-framework:

common.compile-test:
    [mkdir] Created dir: c:\Work\lucene-solr\lucene\build\contrib\highlighter\classes\test
    [javac] Compiling 16 source files to c:\Work\lucene-solr\lucene\build\contrib\highlighter\classes\test
    [javac] warning: [options] bootstrap class path not set in conjunction with -source 1.6
    [javac] Note: Some input files use or override a deprecated API.
    [javac] Note: Recompile with -Xlint:deprecation for details.
    [javac] 1 warning
     [echo] Building memory...

common.init:

compile-lucene-core:

init:

compile-test:
     [echo] Building memory...

check-queryparser-uptodate:

jar-queryparser:

common.init:

compile-lucene-core:

init:

clover.setup:

clover.info:
     [echo] 
     [echo]       Clover not found. Code coverage reports disabled.
     [echo]   	

clover:

common.compile-core:

compile-core:

compile-test-framework:

common.compile-test:
    [mkdir] Created dir: c:\Work\lucene-solr\lucene\build\contrib\memory\classes\test
    [javac] Compiling 1 source file to c:\Work\lucene-solr\lucene\build\contrib\memory\classes\test
    [javac] warning: [options] bootstrap class path not set in conjunction with -source 1.6
    [javac] Note: c:\Work\lucene-solr\lucene\contrib\memory\src\test\org\apache\lucene\index\memory\MemoryIndexTest.java uses or overrides a deprecated API.
    [javac] Note: Recompile with -Xlint:deprecation for details.
    [javac] 1 warning
     [copy] Copying 2 files to c:\Work\lucene-solr\lucene\build\contrib\memory\classes\test
     [echo] Building misc...

common.init:

compile-lucene-core:

init:

compile-test:
     [echo] Building misc...

common.init:

compile-lucene-core:

init:

clover.setup:

clover.info:
     [echo] 
     [echo]       Clover not found. Code coverage reports disabled.
     [echo]   	

clover:

compile-core:
    [mkdir] Created dir: c:\Work\lucene-solr\lucene\build\contrib\misc\classes\java
    [javac] Compiling 14 source files to c:\Work\lucene-solr\lucene\build\contrib\misc\classes\java
    [javac] warning: [options] bootstrap class path not set in conjunction with -source 1.6
    [javac] Note: Some input files use or override a deprecated API.
    [javac] Note: Recompile with -Xlint:deprecation for details.
    [javac] 1 warning

compile-test-framework:

common.compile-test:
    [mkdir] Created dir: c:\Work\lucene-solr\lucene\build\contrib\misc\classes\test
    [javac] Compiling 5 source files to c:\Work\lucene-solr\lucene\build\contrib\misc\classes\test
    [javac] warning: [options] bootstrap class path not set in conjunction with -source 1.6
    [javac] Note: Some input files use or override a deprecated API.
    [javac] Note: Recompile with -Xlint:deprecation for details.
    [javac] 1 warning
     [echo] Building sandbox...

common.init:

compile-lucene-core:

init:

compile-test:
     [echo] Building sandbox...

common.init:

compile-lucene-core:

init:

clover.setup:

clover.info:
     [echo] 
     [echo]       Clover not found. Code coverage reports disabled.
     [echo]   	

clover:

compile-core:
    [mkdir] Created dir: c:\Work\lucene-solr\lucene\build\contrib\sandbox\classes\java
    [javac] Compiling 12 source files to c:\Work\lucene-solr\lucene\build\contrib\sandbox\classes\java
    [javac] warning: [options] bootstrap class path not set in conjunction with -source 1.6
    [javac] c:\Work\lucene-solr\lucene\contrib\sandbox\src\java\org\apache\lucene\sandbox\queries\SlowCollatedStringComparator.java:93: warning: [rawtypes] found raw type: FieldComparator
    [javac]   public FieldComparator setNextReader(AtomicReaderContext context) throws IOException {
    [javac]          ^
    [javac]   missing type arguments for generic class FieldComparator<T>
    [javac]   where T is a type-variable:
    [javac]     T extends Object declared in class FieldComparator
    [javac] 2 warnings

compile-test-framework:

common.compile-test:
    [mkdir] Created dir: c:\Work\lucene-solr\lucene\build\contrib\sandbox\classes\test
    [javac] Compiling 6 source files to c:\Work\lucene-solr\lucene\build\contrib\sandbox\classes\test
    [javac] warning: [options] bootstrap class path not set in conjunction with -source 1.6
    [javac] Note: Some input files use or override a deprecated API.
    [javac] Note: Recompile with -Xlint:deprecation for details.
    [javac] 1 warning
     [echo] Building spatial...

common.init:

compile-lucene-core:

init:

compile-test:
     [echo] Building spatial...

check-queries-uptodate:

jar-queries:

common.init:

compile-lucene-core:

init:

clover.setup:

clover.info:
     [echo] 
     [echo]       Clover not found. Code coverage reports disabled.
     [echo]   	

clover:

common.compile-core:
    [mkdir] Created dir: c:\Work\lucene-solr\lucene\build\contrib\spatial\classes\java
    [javac] Compiling 28 source files to c:\Work\lucene-solr\lucene\build\contrib\spatial\classes\java
    [javac] warning: [options] bootstrap class path not set in conjunction with -source 1.6
    [javac] c:\Work\lucene-solr\lucene\contrib\spatial\src\java\org\apache\lucene\spatial\tier\DistanceFieldComparatorSource.java:52: warning: [rawtypes] found raw type: FieldComparator
    [javac]   public FieldComparator newComparator(String fieldname, int numHits,
    [javac]          ^
    [javac]   missing type arguments for generic class FieldComparator<T>
    [javac]   where T is a type-variable:
    [javac]     T extends Object declared in class FieldComparator
    [javac] c:\Work\lucene-solr\lucene\contrib\spatial\src\java\org\apache\lucene\spatial\tier\DistanceFieldComparatorSource.java:108: warning: [rawtypes] found raw type: FieldComparator
    [javac]     public FieldComparator setNextReader(AtomicReaderContext context)
    [javac]            ^
    [javac]   missing type arguments for generic class FieldComparator<T>
    [javac]   where T is a type-variable:
    [javac]     T extends Object declared in class FieldComparator
    [javac] Note: c:\Work\lucene-solr\lucene\contrib\spatial\src\java\org\apache\lucene\spatial\tier\CartesianPolyFilterBuilder.java uses or overrides a deprecated API.
    [javac] Note: Recompile with -Xlint:deprecation for details.
    [javac] 3 warnings

compile-core:

compile-test-framework:

common.compile-test:
    [mkdir] Created dir: c:\Work\lucene-solr\lucene\build\contrib\spatial\classes\test
    [javac] Compiling 6 source files to c:\Work\lucene-solr\lucene\build\contrib\spatial\classes\test
    [javac] warning: [options] bootstrap class path not set in conjunction with -source 1.6
    [javac] Note: Some input files use or override a deprecated API.
    [javac] Note: Recompile with -Xlint:deprecation for details.
    [javac] 1 warning

test-contrib:
     [echo] Building demo...

common.init:

compile-lucene-core:

contrib-build.init:

check-lucene-core-uptodate:

jar-lucene-core:

init:

test:
     [echo] Building demo...

common.init:

compile-lucene-core:

contrib-build.init:

check-lucene-core-uptodate:

jar-lucene-core:

init:

compile-test:
     [echo] Building demo...

check-analyzers-common-uptodate:

jar-analyzers-common:

check-queryparser-uptodate:

jar-queryparser:

common.init:

compile-lucene-core:

contrib-build.init:

check-lucene-core-uptodate:

jar-lucene-core:

init:

clover.setup:

clover.info:
     [echo] 
     [echo]       Clover not found. Code coverage reports disabled.
     [echo]   	

clover:

common.compile-core:

compile-core:

compile-test-framework:

common.compile-test:

compile-tools:

init:

compile-core:

validate:

junit-mkdir:
    [mkdir] Created dir: c:\Work\lucene-solr\lucene\build\contrib\demo\test

junit-sequential:

junit-parallel:
   [junit4] <JUnit4> says hello. Random seed: deadbeef
   [junit4] Expected execution time on slave 0:     0.97s
   [junit4] Executing 1 suite with 1 JVM.
   [junit4] Running org.apache.lucene.demo.TestDemo
   [junit4] Tests run:   1, Failures:   0, Errors:   0, Skipped:   0, Time:  0.54s
   [junit4]  
   [junit4] Slave 0:     0.29 ..     1.03 =     0.74s
   [junit4] Execution time total: 1.04 sec.
   [junit4] Tests summary: 1 suite, 1 test

common.test:
     [echo] Building highlighter...

common.init:

compile-lucene-core:

init:

test:
     [echo] Building highlighter...

common.init:

compile-lucene-core:

init:

compile-test:
     [echo] Building highlighter...

check-memory-uptodate:

jar-memory:

common.init:

compile-lucene-core:

init:

clover.setup:

clover.info:
     [echo] 
     [echo]       Clover not found. Code coverage reports disabled.
     [echo]   	

clover:

common.compile-core:

compile-core:

compile-test-framework:

common.compile-test:

compile-tools:

init:

compile-core:

validate:

junit-mkdir:
    [mkdir] Created dir: c:\Work\lucene-solr\lucene\build\contrib\highlighter\test

junit-sequential:

junit-parallel:
   [junit4] <JUnit4> says hello. Random seed: deadbeef
   [junit4] Expected execution time on slave 2:     1.43s
   [junit4] Expected execution time on slave 3:     1.43s
   [junit4] Expected execution time on slave 0:     1.43s
   [junit4] Expected execution time on slave 1:     1.51s
   [junit4] Executing 15 suites with 4 JVMs.
   [junit4] Running org.apache.lucene.search.vectorhighlight.BreakIteratorBoundaryScannerTest
   [junit4] Tests run:   4, Failures:   0, Errors:   0, Skipped:   0, Time:  0.27s
   [junit4]  
   [junit4] Running org.apache.lucene.search.vectorhighlight.ScoreOrderFragmentsBuilderTest
   [junit4] Tests run:   1, Failures:   0, Errors:   0, Skipped:   0, Time:  0.53s
   [junit4]  
   [junit4] Running org.apache.lucene.search.vectorhighlight.SimpleFragmentsBuilderTest
   [junit4] Tests run:  10, Failures:   0, Errors:   0, Skipped:   0, Time:  0.67s
   [junit4]  
   [junit4] Running org.apache.lucene.search.vectorhighlight.FieldQueryTest
   [junit4] Tests run:  27, Failures:   0, Errors:   0, Skipped:   0, Time:  0.28s
   [junit4]  
   [junit4] Running org.apache.lucene.search.vectorhighlight.SimpleBoundaryScannerTest
   [junit4] Tests run:   2, Failures:   0, Errors:   0, Skipped:   0, Time:  0.01s
   [junit4]  
   [junit4] Running org.apache.lucene.search.vectorhighlight.SimpleFragListBuilderTest
   [junit4] Tests run:  13, Failures:   0, Errors:   0, Skipped:   0, Time:  0.89s
   [junit4]  
   [junit4] Running org.apache.lucene.search.highlight.HighlighterPhraseTest
   [junit4] Tests run:   5, Failures:   0, Errors:   0, Skipped:   0, Time:  0.23s
   [junit4]  
   [junit4] Running org.apache.lucene.search.vectorhighlight.IndexTimeSynonymTest
   [junit4] Tests run:  17, Failures:   0, Errors:   0, Skipped:   0, Time:  0.39s
   [junit4]  
   [junit4] Running org.apache.lucene.search.vectorhighlight.SingleFragListBuilderTest
   [junit4] Tests run:   3, Failures:   0, Errors:   0, Skipped:   0, Time:  0.08s
   [junit4]  
   [junit4] Running org.apache.lucene.search.highlight.OffsetLimitTokenFilterTest
   [junit4] Tests run:   1, Failures:   0, Errors:   0, Skipped:   0, Time:  0.01s
   [junit4]  
   [junit4] Running org.apache.lucene.search.vectorhighlight.FieldTermStackTest
   [junit4] Tests run:  10, Failures:   0, Errors:   0, Skipped:   0, Time:  0.35s
   [junit4]  
   [junit4] Running org.apache.lucene.search.highlight.custom.HighlightCustomQueryTest
   [junit4] Tests run:   1, Failures:   0, Errors:   0, Skipped:   0, Time:  0.02s
   [junit4]  
   [junit4] Running org.apache.lucene.search.highlight.TokenSourcesTest
   [junit4] Tests run:   4, Failures:   0, Errors:   0, Skipped:   0, Time:  0.09s
   [junit4]  
   [junit4] Running org.apache.lucene.search.vectorhighlight.FieldPhraseListTest
   [junit4] Tests run:  13, Failures:   0, Errors:   0, Skipped:   0, Time:  0.24s
   [junit4]  
   [junit4] Running org.apache.lucene.search.highlight.HighlighterTest
   [junit4] Tests run:  45, Failures:   0, Errors:   0, Skipped:   0, Time:  1.44s
   [junit4]  
   [junit4] Slave 0:     0.40 ..     2.32 =     1.92s
   [junit4] Slave 1:     0.42 ..     1.94 =     1.52s
   [junit4] Slave 2:     0.41 ..     1.85 =     1.44s
   [junit4] Slave 3:     0.37 ..     1.89 =     1.52s
   [junit4] Execution time total: 2.35 sec.
   [junit4] Tests summary: 15 suites, 156 tests

common.test:
     [echo] Building memory...

common.init:

compile-lucene-core:

init:

test:
     [echo] Building memory...

common.init:

compile-lucene-core:

init:

compile-test:
     [echo] Building memory...

check-queryparser-uptodate:

jar-queryparser:

common.init:

compile-lucene-core:

init:

clover.setup:

clover.info:
     [echo] 
     [echo]       Clover not found. Code coverage reports disabled.
     [echo]   	

clover:

common.compile-core:

compile-core:

compile-test-framework:

common.compile-test:

compile-tools:

init:

compile-core:

validate:

junit-mkdir:
    [mkdir] Created dir: c:\Work\lucene-solr\lucene\build\contrib\memory\test

junit-sequential:

junit-parallel:
   [junit4] <JUnit4> says hello. Random seed: deadbeef
   [junit4] Expected execution time on slave 0:     4.90s
   [junit4] Executing 1 suite with 1 JVM.
   [junit4] Running org.apache.lucene.index.memory.MemoryIndexTest
   [junit4] Tests run:   3, Failures:   0, Errors:   0, Skipped:   0, Time:  4.85s
   [junit4]  
   [junit4] Slave 0:     0.28 ..     5.30 =     5.03s
   [junit4] Execution time total: 5.32 sec.
   [junit4] Tests summary: 1 suite, 3 tests

common.test:
     [echo] Building misc...

common.init:

compile-lucene-core:

init:

test:
     [echo] Building misc...

common.init:

compile-lucene-core:

init:

compile-test:
     [echo] Building misc...

common.init:

compile-lucene-core:

init:

clover.setup:

clover.info:
     [echo] 
     [echo]       Clover not found. Code coverage reports disabled.
     [echo]   	

clover:

compile-core:

compile-test-framework:

common.compile-test:

compile-tools:

init:

compile-core:

validate:

junit-mkdir:
    [mkdir] Created dir: c:\Work\lucene-solr\lucene\build\contrib\misc\test

junit-sequential:

junit-parallel:
   [junit4] <JUnit4> says hello. Random seed: deadbeef
   [junit4] Expected execution time on slave 2:     0.77s
   [junit4] Expected execution time on slave 1:     0.88s
   [junit4] Expected execution time on slave 3:     0.95s
   [junit4] Expected execution time on slave 0:     1.46s
   [junit4] Executing 5 suites with 4 JVMs.
   [junit4] Running org.apache.lucene.misc.TestHighFreqTerms
   [junit4] Tests run:  11, Failures:   0, Errors:   0, Skipped:   0, Time:  0.82s
   [junit4]  
   [junit4] Running org.apache.lucene.index.TestMultiPassIndexSplitter
   [junit4] Tests run:   2, Failures:   0, Errors:   0, Skipped:   0, Time:  0.91s
   [junit4]  
   [junit4] Running org.apache.lucene.index.TestPKIndexSplitter
   [junit4] Tests run:   1, Failures:   0, Errors:   0, Skipped:   0, Time:  0.99s
   [junit4]  
   [junit4] Running org.apache.lucene.misc.SweetSpotSimilarityTest
   [junit4] Tests run:   3, Failures:   0, Errors:   0, Skipped:   0, Time:  0.13s
   [junit4]  
   [junit4] Running org.apache.lucene.index.TestIndexSplitter
   [junit4] Tests run:   1, Failures:   0, Errors:   0, Skipped:   0, Time:  1.53s
   [junit4]  
   [junit4] Slave 0:     0.38 ..     2.04 =     1.66s
   [junit4] Slave 1:     0.42 ..     1.53 =     1.11s
   [junit4] Slave 2:     0.37 ..     1.50 =     1.13s
   [junit4] Slave 3:     0.38 ..     1.62 =     1.24s
   [junit4] Execution time total: 2.05 sec.
   [junit4] Tests summary: 5 suites, 18 tests

common.test:
     [echo] Building sandbox...

common.init:

compile-lucene-core:

init:

test:
     [echo] Building sandbox...

common.init:

compile-lucene-core:

init:

compile-test:
     [echo] Building sandbox...

common.init:

compile-lucene-core:

init:

clover.setup:

clover.info:
     [echo] 
     [echo]       Clover not found. Code coverage reports disabled.
     [echo]   	

clover:

compile-core:

compile-test-framework:

common.compile-test:

compile-tools:

init:

compile-core:

validate:

junit-mkdir:
    [mkdir] Created dir: c:\Work\lucene-solr\lucene\build\contrib\sandbox\test

junit-sequential:

junit-parallel:
   [junit4] <JUnit4> says hello. Random seed: deadbeef
   [junit4] Expected execution time on slave 1:     0.65s
   [junit4] Expected execution time on slave 2:     0.69s
   [junit4] Expected execution time on slave 3:     0.71s
   [junit4] Expected execution time on slave 0:     1.47s
   [junit4] Executing 6 suites with 4 JVMs.
   [junit4] Running org.apache.lucene.sandbox.queries.FuzzyLikeThisQueryTest
   [junit4] Tests run:   4, Failures:   0, Errors:   0, Skipped:   0, Time:  0.65s
   [junit4]  
   [junit4] Running org.apache.lucene.sandbox.queries.DuplicateFilterTest
   [junit4] Tests run:   5, Failures:   0, Errors:   0, Skipped:   0, Time:  0.74s
   [junit4]  
   [junit4] Running org.apache.lucene.sandbox.queries.regex.TestRegexQuery
   [junit4] Tests run:  11, Failures:   0, Errors:   0, Skipped:   0, Time:  0.72s
   [junit4]  
   [junit4] Running org.apache.lucene.sandbox.queries.regex.TestJakartaRegexpCapabilities
   [junit4] Tests run:   2, Failures:   0, Errors:   0, Skipped:   0, Time:  0.03s
   [junit4]  
   [junit4] Running org.apache.lucene.sandbox.queries.regex.TestSpanRegexQuery
   [junit4] Tests run:   1, Failures:   0, Errors:   0, Skipped:   0, Time:  0.07s
   [junit4]  
   [junit4] Running org.apache.lucene.sandbox.queries.TestSlowCollationMethods
   [junit4] Tests run:   3, Failures:   0, Errors:   0, Skipped:   0, Time:  1.65s
   [junit4]  
   [junit4] Slave 0:     0.37 ..     2.13 =     1.77s
   [junit4] Slave 1:     0.38 ..     1.33 =     0.96s
   [junit4] Slave 2:     0.41 ..     1.40 =     0.99s
   [junit4] Slave 3:     0.41 ..     1.37 =     0.96s
   [junit4] Execution time total: 2.15 sec.
   [junit4] Tests summary: 6 suites, 26 tests

common.test:
     [echo] Building spatial...

common.init:

compile-lucene-core:

init:

test:
     [echo] Building spatial...

common.init:

compile-lucene-core:

init:

compile-test:
     [echo] Building spatial...

check-queries-uptodate:

jar-queries:

common.init:

compile-lucene-core:

init:

clover.setup:

clover.info:
     [echo] 
     [echo]       Clover not found. Code coverage reports disabled.
     [echo]   	

clover:

common.compile-core:

compile-core:

compile-test-framework:

common.compile-test:

compile-tools:

init:

compile-core:

validate:

junit-mkdir:
    [mkdir] Created dir: c:\Work\lucene-solr\lucene\build\contrib\spatial\test

junit-sequential:

junit-parallel:
   [junit4] <JUnit4> says hello. Random seed: deadbeef
   [junit4] Expected execution time on slave 2:     0.26s
   [junit4] Expected execution time on slave 3:     0.26s
   [junit4] Expected execution time on slave 1:     0.53s
   [junit4] Expected execution time on slave 0:     1.06s
   [junit4] Executing 6 suites with 4 JVMs.
   [junit4] Running org.apache.lucene.spatial.geometry.TestDistanceUnits
   [junit4] Tests run:   3, Failures:   0, Errors:   0, Skipped:   0, Time:  0.25s
   [junit4]  
   [junit4] Running org.apache.lucene.spatial.geohash.TestGeoHashUtils
   [junit4] Tests run:   4, Failures:   0, Errors:   0, Skipped:   0, Time:  0.27s
   [junit4]  
   [junit4] Running org.apache.lucene.spatial.tier.projections.SinusoidalProjectorTest
   [junit4] Tests run:   1, Failures:   0, Errors:   0, Skipped:   0, Time:  0.02s
   [junit4]  
   [junit4] Running org.apache.lucene.spatial.DistanceUtilsTest
   [junit4] Tests run:   7, Failures:   0, Errors:   0, Skipped:   0, Time:  0.02s
   [junit4]  
   [junit4] Running org.apache.lucene.spatial.tier.TestDistance
   [junit4] Tests run:   1, Failures:   0, Errors:   0, Skipped:   0, Time:  0.52s
   [junit4]  
   [junit4] Running org.apache.lucene.spatial.tier.TestCartesian
   [junit4] Tests run:   5, Failures:   0, Errors:   0, Skipped:   0, Time:  1.08s
   [junit4]  
   [junit4] Slave 0:     0.38 ..     1.59 =     1.21s
   [junit4] Slave 1:     0.35 ..     0.98 =     0.63s
   [junit4] Slave 2:     0.38 ..     0.92 =     0.54s
   [junit4] Slave 3:     0.37 ..     0.91 =     0.55s
   [junit4] Execution time total: 1.60 sec.
   [junit4] Tests summary: 6 suites, 21 tests

common.test:

test-backwards:

test:

BUILD SUCCESSFUL
Total time: 1 minute 55 seconds
